______________________________________________________________________________________________________________________________________________________________________________________________________________________________________________________

Blood Bowl - 2023/05/15 18:12:32
______________________________________________________________________________________________________________________________________________________________________________________________________________________________________________________

 | 
 |  +- Base game init
 |  | 
 |  | 
 |  |  +- Removing logs
 |  |  | 
 |  |  | Removing log C:/Users/joshu/Documents/BloodBowl2/CEGUI.log
 |  |  | Removing log C:/Users/joshu/Documents/BloodBowl2/Management.log
 |  |  | 
 |  |  +- Removing logs
 |  | 
 |  | 
 |  +- Base game init
 | 
 | File not found  : Graphics.csv
 | File not found  : Graphics.csv
 | File not found  : Graphics.csv
 | Dynamic threaded !
 | 
 |  +- Register game systems
 |  | 
 |  | Command line : -security
 |  | Parsed !
 |  | 
 |  +- Register game systems
 | 
 | PreInitialize game systems
 | Initialize game systems
 | 
 |  +- Init Working directory
 |  | 
 |  | 
 |  +- Init Working directory : Ok
 | 
 | 
 |  +- Init Data & Big files
 |  | 
 |  | File not found (packaged) : ThrownObjects.xml
 |  | File not found (packaged) : ThrownObjects.xml
 |  | File not found (packaged) : ThrownObjects.xml
 |  | File not found (packaged) : AI.xml
 |  | File not found (packaged) : AI.xml
 |  | File not found (packaged) : AI.xml
 |  | File not found (packaged) : SharedAnimations.xml
 |  | File not found (packaged) : SharedAnimations.xml
 |  | File not found (packaged) : SharedAnimations.xml
 |  | File not found (packaged) : Team.xml
 |  | File not found (packaged) : Team.xml
 |  | File not found (packaged) : Team.xml
 |  | File not found (packaged) : Comment.xml
 |  | File not found (packaged) : Comment.xml
 |  | File not found (packaged) : Comment.xml
 |  | File not found (packaged) : Campaign.xml
 |  | File not found (packaged) : Campaign.xml
 |  | File not found (packaged) : Campaign.xml
 |  | File not found (packaged) : Championship.xml
 |  | File not found (packaged) : Championship.xml
 |  | File not found (packaged) : Championship.xml
 |  | File not found (packaged) : Rule.xml
 |  | File not found (packaged) : Rule.xml
 |  | File not found (packaged) : Rule.xml
 |  | File not found (packaged) : Team.xml
 |  | File not found (packaged) : Team.xml
 |  | File not found (packaged) : Team.xml
 |  | File not found (packaged) : Character.xml
 |  | File not found (packaged) : Character.xml
 |  | File not found (packaged) : Character.xml
 |  | File not found (packaged) : Match.xml
 |  | File not found (packaged) : Match.xml
 |  | File not found (packaged) : Match.xml
 |  | File not found (packaged) : Sponsor.xml
 |  | File not found (packaged) : Sponsor.xml
 |  | File not found (packaged) : Sponsor.xml
 |  | File not found (packaged) : RaceInfo.xml
 |  | File not found (packaged) : RaceInfo.xml
 |  | File not found (packaged) : RaceInfo.xml
 |  | File not found (packaged) : DarkElf_optim.xml
 |  | File not found (packaged) : DarkElf_optim.xml
 |  | File not found (packaged) : DarkElf_optim.xml
 |  | File not found (packaged) : Version.xml
 |  | File not found (packaged) : Version.xml
 |  | File not found (packaged) : Version.xml
 |  | 
 |  +- Init Data & Big files : Ok
 | 
 | 
 |  +- Init Product
 |  | 
 |  | File not found (packaged) : Autorun.xml
 |  | File not found (packaged) : Autorun.xml
 |  | File not found (packaged) : Autorun.xml
 |  | 
 |  +- Init Product : Ok
 | 
 | 
 |  +- Init Languages
 |  | 
 |  | 
 |  +- Init Languages : Ok
 | 
 | 
 |  +- Init UserData
 |  | 
 |  | Initializing user data
 |  | Create dir : C:/Users/joshu/Documents/BloodBowl2/Cache/DB
 |  | 
 |  |  +- Initialize options system
 |  |  | 
 |  |  | Selected configuration preset : 4
 |  |  | 
 |  |  |  +- Initialize user-config
 |  |  |  | 
 |  |  |  | 
 |  |  |  |  +- Fill user-config supported options
 |  |  |  |  | 
 |  |  |  |  | Language
 |  |  |  |  | Video/Resolution
 |  |  |  |  | Video/Frequency
 |  |  |  |  | Video/Adapter
 |  |  |  |  | Renderer/Multisampling
 |  |  |  |  | Renderer/Anisotropy
 |  |  |  |  | Textures/Quality
 |  |  |  |  | Video/Shaders
 |  |  |  |  | Shadows/Quality
 |  |  |  |  | Sound/Volumes/FX
 |  |  |  |  | Sound/Volumes/Music
 |  |  |  |  | Sound/Volumes/Comments
 |  |  |  |  | Sound/Hardware
 |  |  |  |  | PostProcess/Glow/Enable
 |  |  |  |  | Cinematics/RealMode
 |  |  |  |  | Cinematics/Enable
 |  |  |  |  | Field/Animated
 |  |  |  |  | Field/DetailsLevel
 |  |  |  |  | Fur/Enable
 |  |  |  |  | Grass/Enable
 |  |  |  |  | Portrait3D/Enable
 |  |  |  |  | Spectator/Enable
 |  |  |  |  | Renderer/NbBackBuffers
 |  |  |  |  | Controls/Mode
 |  |  |  |  | Controls/Gamepad/JoystickSensitivity
 |  |  |  |  | Subtitles/Enable
 |  |  |  |  | CenterCameraOnAction/Enable
 |  |  |  |  | Ball
 |  |  |  |  | AiDifficulty
 |  |  |  |  | LogType
 |  |  |  |  | Skills/Pass
 |  |  |  |  | Skills/Dodge
 |  |  |  |  | Skills/Tackle
 |  |  |  |  | Skills/Fend
 |  |  |  |  | Skills/Tentacles
 |  |  |  |  | Skills/BreakTackle
 |  |  |  |  | ProbaFormat
 |  |  |  |  | 
 |  |  |  |  +- Fill user-config supported options
 |  |  |  | 
 |  |  |  | 
 |  |  |  |  +- Loaded user config file : 
 |  |  |  |  | 
|	<Options>
|	|	<Language>English</Language>
|	|	<SoundLanguage>English</SoundLanguage>
|	|	<Video>
|	|	|	<Resolution>(1920,1080)</Resolution>
|	|	|	<Depth>32</Depth>
|	|	|	<Frequency>75</Frequency>
|	|	|	<Adapter>0</Adapter>
|	|	|	<Fullscreen>0</Fullscreen>
|	|	|	<Shaders>2</Shaders>
|	|	</Video>
|	|	<Renderer>
|	|	|	<QualityLevel>4</QualityLevel>
|	|	|	<MultiSampling>2</MultiSampling>
|	|	|	<NbBackBuffers>1</NbBackBuffers>
|	|	|	<Anisotropy>4</Anisotropy>
|	|	</Renderer>
|	|	<Gui>
|	|	|	<IngameLogMinAlpha>0.0</IngameLogMinAlpha>
|	|	|	<Background3D>0</Background3D>
|	|	</Gui>
|	|	<Sound>
|	|	|	<Volumes>
|	|	|	|	<Music>0.7</Music>
|	|	|	|	<Comments>0.7</Comments>
|	|	|	|	<FX>0.7</FX>
|	|	|	</Volumes>
|	|	|	<Hardware>0</Hardware>
|	|	</Sound>
|	|	<Cinematics>
|	|	|	<RealMode>2</RealMode>
|	|	|	<Enable>1</Enable>
|	|	|	<DefaultCamera>CameraMatchCorner</DefaultCamera>
|	|	</Cinematics>
|	|	<InstantReplays>
|	|	|	<Enable>1</Enable>
|	|	</InstantReplays>
|	|	<Shadows>
|	|	|	<Quality>2</Quality>
|	|	</Shadows>
|	|	<Textures>
|	|	|	<Quality>2</Quality>
|	|	</Textures>
|	|	<Fur>
|	|	|	<Enable>1</Enable>
|	|	</Fur>
|	|	<PostProcess>
|	|	|	<Glow>
|	|	|	|	<Enable>1</Enable>
|	|	|	</Glow>
|	|	|	<Polish>
|	|	|	|	<Enable>1</Enable>
|	|	|	</Polish>
|	|	</PostProcess>
|	|	<Grass>
|	|	|	<Enable>1</Enable>
|	|	</Grass>
|	|	<Portrait3D>
|	|	|	<Enable>1</Enable>
|	|	</Portrait3D>
|	|	<Field>
|	|	|	<Animated>1</Animated>
|	|	|	<DetailsLevel>1</DetailsLevel>
|	|	</Field>
|	|	<Minimap>
|	|	|	<Rotate>1</Rotate>
|	|	</Minimap>
|	|	<Spectator>
|	|	|	<Enable>1</Enable>
|	|	</Spectator>
|	|	<Shapes>1</Shapes>
|	|	<Controls>
|	|	|	<Mode>0</Mode>
|	|	|	<Gamepad>
|	|	|	|	<JoystickSensitivity>0.7</JoystickSensitivity>
|	|	|	|	<Vibrations>
|	|	|	|	|	<Enable>0</Enable>
|	|	|	|	</Vibrations>
|	|	|	</Gamepad>
|	|	|	<MouseMode>1</MouseMode>
|	|	</Controls>
|	|	<GamepadCaption>
|	|	|	<Enable>1</Enable>
|	|	</GamepadCaption>
|	|	<VoiceChat>
|	|	|	<Enable>1</Enable>
|	|	|	<Microphone>0</Microphone>
|	|	|	<Opponent>0</Opponent>
|	|	</VoiceChat>
|	|	<Chat>
|	|	|	<Mute>0</Mute>
|	|	</Chat>
|	|	<FirstLaunch>1</FirstLaunch>
|	|	<Subtitles>
|	|	|	<Enable>1</Enable>
|	|	</Subtitles>
|	|	<EnableActionCamera>1</EnableActionCamera>
|	|	<CenterCameraOnAction>
|	|	|	<Enable>1</Enable>
|	|	</CenterCameraOnAction>
|	|	<AiDifficulty>1</AiDifficulty>
|	|	<LogType></LogType>
|	|	<AsusAura>0</AsusAura>
|	|	<Ball></Ball>
|	|	<Skills>
|	|	|	<Pass>0</Pass>
|	|	|	<Dodge>0</Dodge>
|	|	|	<Tackle>0</Tackle>
|	|	|	<Fend>0</Fend>
|	|	|	<Tentacles>0</Tentacles>
|	|	|	<BreakTackle>0</BreakTackle>
|	|	</Skills>
|	|	<ProbaFormat>0</ProbaFormat>
|	</Options>
 |  |  |  |  | 
 |  |  |  |  +- Loaded user config file : 
 |  |  |  | 
 |  |  |  | 
 |  |  |  +- Initialize user-config
 |  |  | 
 |  |  | 
 |  |  |  +- Find available video modes
 |  |  |  | 
 |  |  |  | F (1280x0720x32) 050Hz
 |  |  |  | F (1280x0720x32) 059Hz
 |  |  |  | F (1280x0720x32) 060Hz
 |  |  |  | F (1280x0720x32) 120Hz
 |  |  |  | F (1280x0720x32) 144Hz
 |  |  |  | F (1280x0720x32) 240Hz
 |  |  |  | F (1280x0768x32) 120Hz
 |  |  |  | F (1280x0768x32) 144Hz
 |  |  |  | F (1280x0768x32) 240Hz
 |  |  |  | F (1280x0800x32) 120Hz
 |  |  |  | F (1280x0800x32) 144Hz
 |  |  |  | F (1280x0800x32) 240Hz
 |  |  |  | F (1280x0960x32) 120Hz
 |  |  |  | F (1280x0960x32) 144Hz
 |  |  |  | F (1280x0960x32) 240Hz
 |  |  |  | F (1280x1024x32) 060Hz
 |  |  |  | F (1280x1024x32) 075Hz
 |  |  |  | F (1280x1024x32) 120Hz
 |  |  |  | F (1280x1024x32) 144Hz
 |  |  |  | F (1280x1024x32) 240Hz
 |  |  |  | F (1360x0768x32) 050Hz
 |  |  |  | F (1360x0768x32) 059Hz
 |  |  |  | F (1360x0768x32) 060Hz
 |  |  |  | F (1360x0768x32) 119Hz
 |  |  |  | F (1360x0768x32) 120Hz
 |  |  |  | F (1360x0768x32) 144Hz
 |  |  |  | F (1360x0768x32) 240Hz
 |  |  |  | F (1366x0768x32) 050Hz
 |  |  |  | F (1366x0768x32) 059Hz
 |  |  |  | F (1366x0768x32) 060Hz
 |  |  |  | F (1366x0768x32) 119Hz
 |  |  |  | F (1366x0768x32) 120Hz
 |  |  |  | F (1366x0768x32) 144Hz
 |  |  |  | F (1366x0768x32) 240Hz
 |  |  |  | F (1440x1080x32) 050Hz
 |  |  |  | F (1440x1080x32) 059Hz
 |  |  |  | F (1440x1080x32) 060Hz
 |  |  |  | F (1440x1080x32) 119Hz
 |  |  |  | F (1440x1080x32) 120Hz
 |  |  |  | F (1440x1080x32) 144Hz
 |  |  |  | F (1440x1080x32) 240Hz
 |  |  |  | F (1600x0900x32) 050Hz
 |  |  |  | F (1600x0900x32) 059Hz
 |  |  |  | F (1600x0900x32) 060Hz
 |  |  |  | F (1600x0900x32) 119Hz
 |  |  |  | F (1600x0900x32) 120Hz
 |  |  |  | F (1600x0900x32) 144Hz
 |  |  |  | F (1600x0900x32) 240Hz
 |  |  |  | F (1600x1024x32) 050Hz
 |  |  |  | F (1600x1024x32) 059Hz
 |  |  |  | F (1600x1024x32) 060Hz
 |  |  |  | F (1600x1024x32) 119Hz
 |  |  |  | F (1600x1024x32) 120Hz
 |  |  |  | F (1600x1024x32) 144Hz
 |  |  |  | F (1600x1024x32) 240Hz
 |  |  |  | F (1680x1050x32) 050Hz
 |  |  |  | F (1680x1050x32) 059Hz
 |  |  |  | F (1680x1050x32) 060Hz
 |  |  |  | F (1680x1050x32) 119Hz
 |  |  |  | F (1680x1050x32) 120Hz
 |  |  |  | F (1680x1050x32) 144Hz
 |  |  |  | F (1680x1050x32) 240Hz
 |  |  |  | F (1920x1080x32) 050Hz
 |  |  |  | F (1920x1080x32) 059Hz
 |  |  |  | F (1920x1080x32) 060Hz
 |  |  |  | F (1920x1080x32) 119Hz
 |  |  |  | F (1920x1080x32) 120Hz
 |  |  |  | F (1920x1080x32) 144Hz
 |  |  |  | F (1920x1080x32) 240Hz
 |  |  |  | F (3840x2160x32) 050Hz
 |  |  |  | F (3840x2160x32) 059Hz
 |  |  |  | F (3840x2160x32) 060Hz
 |  |  |  | F (3840x2160x32) 119Hz
 |  |  |  | F (3840x2160x32) 120Hz
 |  |  |  | F (3840x2160x32) 144Hz
 |  |  |  | F (3840x2160x32) 240Hz
 |  |  |  | 
 |  |  |  +- Find available video modes
 |  |  | 
 |  |  | Desired  video mode : W (1920x1080x32) 075Hz
 |  |  | Selected video mode : F (1920x1080x32) 060Hz
 |  |  | 
 |  |  |  +- Fill user-config supported options
 |  |  |  | 
 |  |  |  | Language
 |  |  |  | Video/Resolution
 |  |  |  | Video/Frequency
 |  |  |  | Video/Adapter
 |  |  |  | Renderer/Multisampling
 |  |  |  | Renderer/Anisotropy
 |  |  |  | Textures/Quality
 |  |  |  | Video/Shaders
 |  |  |  | Shadows/Quality
 |  |  |  | Sound/Volumes/FX
 |  |  |  | Sound/Volumes/Music
 |  |  |  | Sound/Volumes/Comments
 |  |  |  | Sound/Hardware
 |  |  |  | PostProcess/Glow/Enable
 |  |  |  | Cinematics/RealMode
 |  |  |  | Cinematics/Enable
 |  |  |  | Field/Animated
 |  |  |  | Field/DetailsLevel
 |  |  |  | Fur/Enable
 |  |  |  | Grass/Enable
 |  |  |  | Portrait3D/Enable
 |  |  |  | Spectator/Enable
 |  |  |  | Renderer/NbBackBuffers
 |  |  |  | Controls/Mode
 |  |  |  | Controls/Gamepad/JoystickSensitivity
 |  |  |  | Subtitles/Enable
 |  |  |  | CenterCameraOnAction/Enable
 |  |  |  | Ball
 |  |  |  | AiDifficulty
 |  |  |  | LogType
 |  |  |  | Skills/Pass
 |  |  |  | Skills/Dodge
 |  |  |  | Skills/Tackle
 |  |  |  | Skills/Fend
 |  |  |  | Skills/Tentacles
 |  |  |  | Skills/BreakTackle
 |  |  |  | ProbaFormat
 |  |  |  | 
 |  |  |  +- Fill user-config supported options
 |  |  | 
 |  |  | 
 |  |  +- Initialize options system
 |  | 
 |  | File not found  : Recent.xml
 |  | File not found  : Recent.xml
 |  | File not found  : Recent.xml
 |  | 
 |  +- Init UserData : Ok
 | 
 | 
 |  +- Init Command-line
 |  | 
 |  | Command line : -security
 |  | Parsed !
 |  | 
 |  +- Init Command-line : Ok
 | 
 | 
 |  +- Init Window properties
 |  | 
 |  | 
 |  +- Init Window properties : Ok
 | 
 | 
 |  +- Init DBTool
 |  | 
 |  | 
 |  +- Init DBTool : Ok
 | 
 | 
 |  +- Init Inputs
 |  | 
 |  | 
 |  |  +- Input contexts
 |  |  | 
 |  |  | WARNING : Syntax error in Virtual input key declaration, expecting "("
 |  |  | DEBUG
 |  |  | VIDEO
 |  |  | GLOBAL
 |  |  | GLOBALMAC
 |  |  | CONSOLE
 |  |  | WARNING : Unused input syntax STATE in Key STATE(SINGLE,KEY_RCONTROL)
 |  |  | WARNING : Syntax error in Virtual input key declaration, expecting "("
 |  |  | WARNING : Syntax error in Virtual input key declaration, expecting "("
 |  |  | WARNING : Syntax error in Virtual input key declaration, expecting "("
 |  |  | WARNING : Syntax error in Virtual input key declaration, expecting "("
 |  |  | MATCH
 |  |  | MATCHGAMEPLAY
 |  |  | MATCHGAMEPLAYPAD
 |  |  | MATCHGAMEPLAYPADPLAYER2
 |  |  | MATCHGAMEPLAYWIZARD
 |  |  | POSTMATCH
 |  |  | GUI
 |  |  | GUITRIGGER
 |  |  | GUIPAD
 |  |  | WARNING : Unused input syntax CONTINUOUS,475,190 in Key CONTINUOUS,475,190(SINGLE,0#PAD_LEFT)
 |  |  | WARNING : Unused input syntax CONTINUOUS,475,190 in Key CONTINUOUS,475,190(SINGLE,0#PAD_RIGHT)
 |  |  | WARNING : Unused input syntax CONTINUOUS,475,190 in Key CONTINUOUS,475,190(SINGLE,0#PAD_UP)
 |  |  | WARNING : Unused input syntax CONTINUOUS,475,190 in Key CONTINUOUS,475,190(SINGLE,0#PAD_DOWN)
 |  |  | GUIPADNAV
 |  |  | GUIPADNAVSTICK
 |  |  | GUIPADPLAYER2
 |  |  | WARNING : Unused input syntax CONTINUOUS,475,190 in Key CONTINUOUS,475,190(SINGLE,1#PAD_LEFT)
 |  |  | WARNING : Unused input syntax CONTINUOUS,475,190 in Key CONTINUOUS,475,190(SINGLE,1#PAD_RIGHT)
 |  |  | WARNING : Unused input syntax CONTINUOUS,475,190 in Key CONTINUOUS,475,190(SINGLE,1#PAD_UP)
 |  |  | WARNING : Unused input syntax CONTINUOUS,475,190 in Key CONTINUOUS,475,190(SINGLE,1#PAD_DOWN)
 |  |  | GUIPADPLAYER2NAV
 |  |  | GUIPADPLAYER2NAVSTICK
 |  |  | USERJOINPS4
 |  |  | USERREMOVEPS4
 |  |  | USERJOINXBOXONE
 |  |  | USERREMOVEXBOXONE
 |  |  | USERJOINPC
 |  |  | USERREMOVEPC
 |  |  | GUIMOUSE
 |  |  | GUIKEYBOARD
 |  |  | CONTROLLERDISCONNECTIONPC
 |  |  | WARNING : Syntax error in Virtual input key declaration, expecting "("
 |  |  | WARNING : Unused input syntax CONTINUOUS,5 in Key CONTINUOUS,5(SINGLE,0#PAD_LSTICK_LEFT)|CONTINUOUS,5(SINGLE,0#PAD_LSTICK_UPLEFT)|CONTINUOUS,5(SINGLE,0#PAD_LSTICK_DOWNLEFT)
 |  |  | WARNING : Unused input syntax CONTINUOUS,5 in Key CONTINUOUS,5(SINGLE,0#PAD_LSTICK_UPLEFT)|CONTINUOUS,5(SINGLE,0#PAD_LSTICK_DOWNLEFT)
 |  |  | WARNING : Unused input syntax CONTINUOUS,5 in Key CONTINUOUS,5(SINGLE,0#PAD_LSTICK_DOWNLEFT)
 |  |  | WARNING : Unused input syntax CONTINUOUS,5 in Key CONTINUOUS,5(SINGLE,0#PAD_LSTICK_RIGHT)|CONTINUOUS,5(SINGLE,0#PAD_LSTICK_UPRIGHT)|CONTINUOUS,5(SINGLE,0#PAD_LSTICK_DOWNRIGHT)
 |  |  | WARNING : Unused input syntax CONTINUOUS,5 in Key CONTINUOUS,5(SINGLE,0#PAD_LSTICK_UPRIGHT)|CONTINUOUS,5(SINGLE,0#PAD_LSTICK_DOWNRIGHT)
 |  |  | WARNING : Unused input syntax CONTINUOUS,5 in Key CONTINUOUS,5(SINGLE,0#PAD_LSTICK_DOWNRIGHT)
 |  |  | WARNING : Unused input syntax CONTINUOUS,5 in Key CONTINUOUS,5(SINGLE,0#PAD_LSTICK_UP)|CONTINUOUS,5(SINGLE,0#PAD_LSTICK_UPRIGHT)|CONTINUOUS,5(SINGLE,0#PAD_LSTICK_UPLEFT)
 |  |  | WARNING : Unused input syntax CONTINUOUS,5 in Key CONTINUOUS,5(SINGLE,0#PAD_LSTICK_UPRIGHT)|CONTINUOUS,5(SINGLE,0#PAD_LSTICK_UPLEFT)
 |  |  | WARNING : Unused input syntax CONTINUOUS,5 in Key CONTINUOUS,5(SINGLE,0#PAD_LSTICK_UPLEFT)
 |  |  | WARNING : Unused input syntax CONTINUOUS,5 in Key CONTINUOUS,5(SINGLE,0#PAD_LSTICK_DOWN)|CONTINUOUS,5(SINGLE,0#PAD_LSTICK_DOWNRIGHT)|CONTINUOUS,5(SINGLE,0#PAD_LSTICK_DOWNLEFT)
 |  |  | WARNING : Unused input syntax CONTINUOUS,5 in Key CONTINUOUS,5(SINGLE,0#PAD_LSTICK_DOWNRIGHT)|CONTINUOUS,5(SINGLE,0#PAD_LSTICK_DOWNLEFT)
 |  |  | WARNING : Unused input syntax CONTINUOUS,5 in Key CONTINUOUS,5(SINGLE,0#PAD_LSTICK_DOWNLEFT)
 |  |  | CAMERA
 |  |  | CAMERAGAMEPLAY
 |  |  | CAMERAGAMEPLAYPAD
 |  |  | CAMERAGAMEPLAYPADZOOM
 |  |  | CAMERAGAMEPLAYPADPLAYER2
 |  |  | CAMERAGAMEPLAYPADZOOMPLAYER2
 |  |  | STORY
 |  |  | 
 |  |  +- Input contexts
 |  | 
 |  | 
 |  +- Init Inputs : Ok
 | 
 | 
 |  +- Init VideoPlayer
 |  | 
 |  | 
 |  +- Init VideoPlayer : Ok
 | 
 | 
 |  +- Init Scripting
 |  | 
 |  | Run script : Data/Scripts/Init.lua
 |  | Game pre-initialization script
 |  | 
 |  +- Init Scripting : Ok
 | 
 | 
 |  +- Init Random generators
 |  | 
 |  | Randomize async randoms
 |  | 
 |  +- Init Random generators : Ok
 | 
 | 
 |  +- Init Process properties
 |  | 
 |  | 
 |  |  +- Process
 |  |  | 
 |  |  | No special scheduling needs.
 |  |  | 
 |  |  +- Process
 |  | 
 |  | 
 |  +- Init Process properties : Ok
 | 
 | 
 |  +- Init Database
 |  | 
 |  | 
 |  |  +- Init database
 |  |  | 
 |  |  | Open database C:/Users/joshu/Documents/BloodBowl2/DB/Rules.db
 |  |  | DB Opened : C:/Users/joshu/Documents/BloodBowl2/DB/Rules.db
 |  |  | 
 |  |  +- Init database
 |  | 
 |  | 
 |  +- Init Database : Ok
 | 
 | 
 |  +- Init Sound
 |  | 
 |  | 
 |  +- Init Sound : Ok
 | 
 | 
 |  +- Init Renderer
 |  | 
 |  | Init CyaEngine
 |  | CyaEngine intialized!
 |  | Init CyaCamera
 |  | 
 |  +- Init Renderer : Ok
 | 
 | 
 |  +- Init Gui
 |  | 
 |  | 
 |  |  +- Init GUI system
 |  |  | 
 |  |  | Create inputs
 |  |  | Create Script Module
 |  |  | Create CEGUI script module
 |  |  | Create CEGUI resources provider
 |  |  | 
 |  |  |  +- Init core settings
 |  |  |  | 
 |  |  |  | 
 |  |  |  +- Init core settings
 |  |  | 
 |  |  | Create CEGUI system
 |  |  | Load base settings
 |  |  | 
 |  |  |  +- Init settings
 |  |  |  | 
 |  |  |  | Multiple-click timeout : 0.200000 s
 |  |  |  | 
 |  |  |  +- Init settings
 |  |  | 
 |  |  | Setup layout schema
 |  |  | Create root window
 |  |  | 
 |  |  |  +- Init scheme
 |  |  |  | 
 |  |  |  | Scheme loaded : Data/Gui/Schemes/GameLook.scheme
 |  |  |  | 
 |  |  |  +- Init scheme
 |  |  | 
 |  |  | 
 |  |  |  +- Adding window renderer factories
 |  |  |  | 
 |  |  |  | WindowRendererFactory added: Game/TooltipArrow
 |  |  |  | WindowRendererFactory added: Game/CyaStepperNum
 |  |  |  | WindowRendererFactory added: Game/CyaStepperText
 |  |  |  | WindowRendererFactory added: Game/CyaSlider
 |  |  |  | WindowRendererFactory added: Game/Animation
 |  |  |  | WindowRendererFactory added: Game/Button
 |  |  |  | WindowRendererFactory added: Game/ChromeHTML
 |  |  |  | WindowRendererFactory added: Game/Default
 |  |  |  | WindowRendererFactory added: Game/Editbox
 |  |  |  | WindowRendererFactory added: Game/FrameWindow
 |  |  |  | WindowRendererFactory added: Game/ItemEntry
 |  |  |  | WindowRendererFactory added: Game/ItemListbox
 |  |  |  | WindowRendererFactory added: Game/Listbox
 |  |  |  | WindowRendererFactory added: Game/ListHeader
 |  |  |  | WindowRendererFactory added: Game/ListHeaderSegment
 |  |  |  | WindowRendererFactory added: Game/ScrollablePane
 |  |  |  | WindowRendererFactory added: Game/Menubar
 |  |  |  | WindowRendererFactory added: Game/MenuItem
 |  |  |  | WindowRendererFactory added: Game/MultiColumnList
 |  |  |  | WindowRendererFactory added: Game/MultiLineEditbox
 |  |  |  | WindowRendererFactory added: Game/PopupMenu
 |  |  |  | WindowRendererFactory added: Game/ProgressBar
 |  |  |  | WindowRendererFactory added: Game/Scrollbar
 |  |  |  | WindowRendererFactory added: Game/Slider
 |  |  |  | WindowRendererFactory added: Game/Static
 |  |  |  | WindowRendererFactory added: Game/StaticImage
 |  |  |  | WindowRendererFactory added: Game/StaticText
 |  |  |  | WindowRendererFactory added: Game/SystemButton
 |  |  |  | WindowRendererFactory added: Game/TabButton
 |  |  |  | WindowRendererFactory added: Game/TabControl
 |  |  |  | WindowRendererFactory added: Game/Titlebar
 |  |  |  | WindowRendererFactory added: Game/ToggleButton
 |  |  |  | WindowRendererFactory added: Game/Tooltip
 |  |  |  | WindowRendererFactory added: Game/Tree
 |  |  |  | 
 |  |  |  +- Adding window renderer factories
 |  |  | 
 |  |  | 
 |  |  |  +- Init fonts
 |  |  |  | 
 |  |  |  | Font loaded Data/Gui/Fonts/English/Book.font
 |  |  |  | Font loaded Data/Gui/Fonts/English/Button1.font
 |  |  |  | Font loaded Data/Gui/Fonts/English/Button2.font
 |  |  |  | Font loaded Data/Gui/Fonts/English/Button3.font
 |  |  |  | Font loaded Data/Gui/Fonts/English/CardCaracTitle.font
 |  |  |  | Font loaded Data/Gui/Fonts/English/CardCaracValue.font
 |  |  |  | Font loaded Data/Gui/Fonts/English/CardHeader.font
 |  |  |  | Font loaded Data/Gui/Fonts/English/CardMatchName.font
 |  |  |  | Font loaded Data/Gui/Fonts/English/CardNumber.font
 |  |  |  | Font loaded Data/Gui/Fonts/English/CardRole.font
 |  |  |  | Font loaded Data/Gui/Fonts/English/CardStadiumHeader.font
 |  |  |  | Font loaded Data/Gui/Fonts/English/Copyright.font
 |  |  |  | Font loaded Data/Gui/Fonts/English/EventNewsFeed.font
 |  |  |  | Font loaded Data/Gui/Fonts/English/EventTitle.font
 |  |  |  | Font loaded Data/Gui/Fonts/English/Header.font
 |  |  |  | Font loaded Data/Gui/Fonts/English/InGameCoachName.font
 |  |  |  | Font loaded Data/Gui/Fonts/English/InGameScore.font
 |  |  |  | Font loaded Data/Gui/Fonts/English/InGameTeamName.font
 |  |  |  | Font loaded Data/Gui/Fonts/English/InGameTimer.font
 |  |  |  | Font loaded Data/Gui/Fonts/English/InGameTurn.font
 |  |  |  | Font loaded Data/Gui/Fonts/English/InGameTurnover.font
 |  |  |  | Font loaded Data/Gui/Fonts/English/InGameTurnValue.font
 |  |  |  | Font loaded Data/Gui/Fonts/English/InGameTurnValueSelected.font
 |  |  |  | Font loaded Data/Gui/Fonts/English/JingleTitle.font
 |  |  |  | Font loaded Data/Gui/Fonts/English/Error.font
 |  |  |  | Font loaded Data/Gui/Fonts/English/Narrative.font
 |  |  |  | Font loaded Data/Gui/Fonts/English/NewsFeed.font
 |  |  |  | Font loaded Data/Gui/Fonts/English/PlayerCardCaracTitle.font
 |  |  |  | Font loaded Data/Gui/Fonts/English/PlayerCardCaracValue.font
 |  |  |  | Font loaded Data/Gui/Fonts/English/PlayerCardHeader.font
 |  |  |  | Font loaded Data/Gui/Fonts/English/PlayerCardNumber.font
 |  |  |  | Font loaded Data/Gui/Fonts/English/PlayerCardRole.font
 |  |  |  | Font loaded Data/Gui/Fonts/English/PopupHeader.font
 |  |  |  | Font loaded Data/Gui/Fonts/English/ScoreCard.font
 |  |  |  | Font loaded Data/Gui/Fonts/English/Subtitle1.font
 |  |  |  | Font loaded Data/Gui/Fonts/English/Subtitle2.font
 |  |  |  | Font loaded Data/Gui/Fonts/English/Subtitle3.font
 |  |  |  | Font loaded Data/Gui/Fonts/English/Subtitles.font
 |  |  |  | Font loaded Data/Gui/Fonts/English/Text1.font
 |  |  |  | Font loaded Data/Gui/Fonts/English/Text2.font
 |  |  |  | Font loaded Data/Gui/Fonts/English/Text3.font
 |  |  |  | Font loaded Data/Gui/Fonts/English/Text4.font
 |  |  |  | Font loaded Data/Gui/Fonts/English/Title1.font
 |  |  |  | Font loaded Data/Gui/Fonts/English/Title2.font
 |  |  |  | Font loaded Data/Gui/Fonts/English/TMPCardCaracTitleSmall.font
 |  |  |  | Font loaded Data/Gui/Fonts/English/TMPCardCaracValueSmall.font
 |  |  |  | Font loaded Data/Gui/Fonts/English/TMPCardHeaderSmall.font
 |  |  |  | Font loaded Data/Gui/Fonts/English/TMPCardNumberSmall.font
 |  |  |  | Font loaded Data/Gui/Fonts/English/TMPCardRoleSmall.font
 |  |  |  | Font loaded Data/Gui/Fonts/English/Value1.font
 |  |  |  | Font loaded Data/Gui/Fonts/English/Value2.font
 |  |  |  | Font loaded Data/Gui/Fonts/English/Value3.font
 |  |  |  | Font loaded Data/Gui/Fonts/English/Value4.font
 |  |  |  | Font loaded Data/Gui/Fonts/English/Value5.font
 |  |  |  | 
 |  |  |  +- Init fonts
 |  |  | 
 |  |  | 
 |  |  |  +- Init pages
 |  |  |  | 
 |  |  |  | 
 |  |  |  +- Init pages
 |  |  | 
 |  |  | 
 |  |  |  +- Init navs
 |  |  |  | 
 |  |  |  | 
 |  |  |  +- Init navs
 |  |  | 
 |  |  | 
 |  |  +- Init GUI system
 |  | 
 |  | 
 |  +- Init Gui : Ok
 | 
 | 
 |  +- Init Net
 |  | 
 |  | 
 |  +- Init Net : Ok
 | 
 | 
 |  +- Init Game-Center
 |  | 
 |  | 
 |  +- Init Game-Center : Ok
 | 
 | 
 |  +- Init Actors
 |  | 
 |  | Executable version : 3.0.219.2
 |  | Loading sound bank set: Common
 |  | Loading sound bank set: Common -- : GUI
 |  | Loading sound bank set: Common -- : Voice_Option
 |  | Loading sound bank set: Common -- : Music
 |  | Loading sound bank set: Common -- : Comments_Common
 |  | 
 |  |  +- Steam DLC Package
 |  |  | 
 |  |  | Name : Blood Bowl 2 - Lizardmen Appid : 382210 Available : 1 Installed : 1
 |  |  | 
 |  |  +- Steam DLC Package
 |  | 
 |  | 
 |  |  +- Steam DLC Package
 |  |  | 
 |  |  | Name : Blood Bowl 2 - Wood Elves Appid : 382910 Available : 1 Installed : 1
 |  |  | 
 |  |  +- Steam DLC Package
 |  | 
 |  | 
 |  |  +- Steam DLC Package
 |  |  | 
 |  |  | Name : Blood Bowl 2 - Norse Appid : 401590 Available : 1 Installed : 1
 |  |  | 
 |  |  +- Steam DLC Package
 |  | 
 |  | 
 |  |  +- Steam DLC Package
 |  |  | 
 |  |  | Name : Blood Bowl 2 - Undead Appid : 497170 Available : 1 Installed : 1
 |  |  | 
 |  |  +- Steam DLC Package
 |  | 
 |  | 
 |  |  +- Steam DLC Package
 |  |  | 
 |  |  | Name : Blood Bowl 2 - Necromantic Appid : 523980 Available : 1 Installed : 1
 |  |  | 
 |  |  +- Steam DLC Package
 |  | 
 |  | 
 |  |  +- Steam DLC Package
 |  |  | 
 |  |  | Name : Blood Bowl 2 - Nurgle Appid : 547570 Available : 1 Installed : 1
 |  |  | 
 |  |  +- Steam DLC Package
 |  | 
 |  | 
 |  |  +- Steam DLC Package
 |  |  | 
 |  |  | Name : Blood Bowl 2 - Chaos Dwarfs Appid : 571760 Available : 1 Installed : 1
 |  |  | 
 |  |  +- Steam DLC Package
 |  | 
 |  | 
 |  |  +- Steam DLC Package
 |  |  | 
 |  |  | Name : Blood Bowl 2 - Khemri Appid : 571761 Available : 1 Installed : 1
 |  |  | 
 |  |  +- Steam DLC Package
 |  | 
 |  | 
 |  |  +- Steam DLC Package
 |  |  | 
 |  |  | Name : Blood Bowl 2 - Official Expansion Appid : 672830 Available : 1 Installed : 1
 |  |  | 
 |  |  +- Steam DLC Package
 |  | 
 |  | 
 |  |  +- Steam DLC Package
 |  |  | 
 |  |  | Name : Blood Bowl 2 - Amazons Appid : 686390 Available : 1 Installed : 1
 |  |  | 
 |  |  +- Steam DLC Package
 |  | 
 |  | 
 |  |  +- Steam DLC Package
 |  |  | 
 |  |  | Name : Blood Bowl 2 - Elven Union Appid : 686400 Available : 1 Installed : 1
 |  |  | 
 |  |  +- Steam DLC Package
 |  | 
 |  | 
 |  |  +- Steam DLC Package
 |  |  | 
 |  |  | Name : Blood Bowl 2 - Goblins Appid : 686401 Available : 1 Installed : 1
 |  |  | 
 |  |  +- Steam DLC Package
 |  | 
 |  | 
 |  |  +- Steam DLC Package
 |  |  | 
 |  |  | Name : Blood Bowl 2 - Halflings Appid : 686402 Available : 1 Installed : 1
 |  |  | 
 |  |  +- Steam DLC Package
 |  | 
 |  | 
 |  |  +- Steam DLC Package
 |  |  | 
 |  |  | Name : Blood Bowl 2 - Ogres Appid : 686403 Available : 1 Installed : 1
 |  |  | 
 |  |  +- Steam DLC Package
 |  | 
 |  | 
 |  |  +- Steam DLC Package
 |  |  | 
 |  |  | Name : Blood Bowl 2 - Underworld Denizens Appid : 686404 Available : 1 Installed : 1
 |  |  | 
 |  |  +- Steam DLC Package
 |  | 
 |  | 
 |  |  +- Steam DLC Package
 |  |  | 
 |  |  | Name : Blood Bowl 2 - Vampires Appid : 686405 Available : 1 Installed : 1
 |  |  | 
 |  |  +- Steam DLC Package
 |  | 
 |  | 
 |  |  +- Steam DLC Package
 |  |  | 
 |  |  | Name : Blood Bowl 2 - Kislev Circus Appid : 686410 Available : 1 Installed : 1
 |  |  | 
 |  |  +- Steam DLC Package
 |  | 
 |  | 
 |  |  +- Steam DLC Package
 |  |  | 
 |  |  | Name : Blood Bowl 2 - DEATH ZONE Appid : 1300450 Available : 1 Installed : 1
 |  |  | 
 |  |  +- Steam DLC Package
 |  | 
 |  | LeaveLobby
 |  | Apply server config : Prod
 |  | 
 |  +- Init Actors : Ok
 | 
 | 
 |  +- Init Post-init script
 |  | 
 |  | Game post-initialization script
 |  | 
 |  +- Init Post-init script : Ok
 | 
 | 
 |  +- Init Timing
 |  | 
 |  | Timer reset
 |  | 
 |  +- Init Timing : Ok
 | 
 | 
 |  +- Empty.world
 |  | 
 |  | World...........: 3D/Stadium/Empty/Empty.world
 |  | Post-process....: 0
 |  | Light...........: -
 |  | Light...........: -
 |  | Light...........: -
 |  | Probe...........: -
 |  | Probe...........: -
 |  | 
 |  +- Empty.world
 | 
 | Unloading sound bank set: Viewer
 | Unloading sound bank set: Match
 | Unloading sound bank set: MatchWeatherNice
 | Unloading sound bank set: MatchWeatherVerySunny
 | Unloading sound bank set: MatchWeatherSwelteringHeat
 | Unloading sound bank set: MatchWeatherPouringRain
 | Unloading sound bank set: MatchWeatherBlizzard
 | Unloading sound bank set: MatchRace
 | Unloading sound bank set: MatchStadium
 | Unloading sound bank set: CampaignMatch
 | Unloading sound bank set: CampaignCutscene
 | Loading sound bank set: Menu
 | Loading sound bank set: Menu -- : GUI_Menu
 | Loading sound bank set: Menu -- : Ambiance_Menu
 | Loading sound bank set: Menu -- : Comments_Menu
 | 
 |  +- CabalStudio_Scene_01.world
 |  | 
 |  | World...........: 3D/Scenes/CabalStudio_Scene_01.world
 |  | Post-process....: 1
 |  | Light...........: -
 |  | Light...........: -
 |  | Light...........: -
 |  | Light...........: -
 |  | Light...........: -
 |  | Light...........: -
 |  | Light...........: -
 |  | Light...........: -
 |  | Light...........: -
 |  | Light...........: -
 |  | Light...........: -
 |  | Light...........: -
 |  | Light...........: -
 |  | Light...........: -
 |  | Light...........: -
 |  | Light...........: -
 |  | Light...........: -
 |  | Light...........: -
 |  | Light...........: -
 |  | Probe...........: -
 |  | Probe...........: -
 |  | Probe...........: -
 |  | 
 |  +- CabalStudio_Scene_01.world
 | 
 | 
 |  +- Bestiary.world
 |  | 
 |  | World...........: 3D/Stadium/Bestiary/Bestiary.world
 |  | Custom-object...: -
 |  | Post-process....: 2
 |  | Light...........: -
 |  | Light...........: -
 |  | Probe...........: -
 |  | Probe...........: -
 |  | Probe...........: -
 |  | Spectator generated : 0
 |  | StopWaiting : lock not found "__bestiary_reload__"
 |  | 
 |  +- Bestiary.world
 | 
 | Added lock "GenerateSystemInfoReport", total 1 locks
 | Removed lock "GenerateSystemInfoReport", total 0 locks
 | Version : 3.0.219.2
 | File not found  : Recent.xml
 | File not found  : Recent.xml
 | File not found  : Recent.xml
 | GUI click event : system page : CreateAccount
 | Added lock "CreateAccount", total 1 locks
 | Lobby Server ResponseCreateAccount Returned Error :LoginAlreadyUsed
 | Removed lock "CreateAccount", total 0 locks
 | Added lock "CreateAccount", total 1 locks
 | Lobby Server ResponseCreateAccount Returned Error :LoginAlreadyUsed
 | Removed lock "CreateAccount", total 0 locks
 | StopWaiting : lock not found "..\..\BB\Src\BB\Game\Actors\Gui\Menus\StateGuiMenuCreateAccount.cpp"
 | Version : 3.0.219.2
 | File not found  : Recent.xml
 | File not found  : Recent.xml
 | File not found  : Recent.xml
 | Added lock "LOCK_LOGIN", total 1 locks
 | Starting service LocalGameServer-1 on EmbeddedGameService.GameService
 | Starting service AILocalServer on EmbeddedAIService.AIService
 | [PROF] CreateUserProfile 0
 | [PROF] UpdateManagementDB 3
 | [PROF] CleanupDbBeforeLogin 0
 | Databases : C:/Users/joshu/Documents/BloodBowl2/Profiles/19E2D397987B4751DBC1F54D5AB80B96/ManagementLocal/Management.db C:/Users/joshu/Documents/BloodBowl2/Profiles/19E2D397987B4751DBC1F54D5AB80B96/ManagementLocal/ManagementOnline_Prod.db C:/Users/joshu/Documents/BloodBowl2/Campaign/Campaign.db
 | [PROF] EnsureUserProfile 3
 | Starting service Management on EmbeddedBBLobby.BBLobby
 | 
 |  +- Steam DLC Package
 |  | 
 |  | Name : Blood Bowl 2 - Lizardmen Appid : 382210 Available : 1 Installed : 1
 |  | 
 |  +- Steam DLC Package
 | 
 | 
 |  +- Steam DLC Package
 |  | 
 |  | Name : Blood Bowl 2 - Wood Elves Appid : 382910 Available : 1 Installed : 1
 |  | 
 |  +- Steam DLC Package
 | 
 | 
 |  +- Steam DLC Package
 |  | 
 |  | Name : Blood Bowl 2 - Norse Appid : 401590 Available : 1 Installed : 1
 |  | 
 |  +- Steam DLC Package
 | 
 | 
 |  +- Steam DLC Package
 |  | 
 |  | Name : Blood Bowl 2 - Undead Appid : 497170 Available : 1 Installed : 1
 |  | 
 |  +- Steam DLC Package
 | 
 | 
 |  +- Steam DLC Package
 |  | 
 |  | Name : Blood Bowl 2 - Necromantic Appid : 523980 Available : 1 Installed : 1
 |  | 
 |  +- Steam DLC Package
 | 
 | 
 |  +- Steam DLC Package
 |  | 
 |  | Name : Blood Bowl 2 - Nurgle Appid : 547570 Available : 1 Installed : 1
 |  | 
 |  +- Steam DLC Package
 | 
 | 
 |  +- Steam DLC Package
 |  | 
 |  | Name : Blood Bowl 2 - Chaos Dwarfs Appid : 571760 Available : 1 Installed : 1
 |  | 
 |  +- Steam DLC Package
 | 
 | 
 |  +- Steam DLC Package
 |  | 
 |  | Name : Blood Bowl 2 - Khemri Appid : 571761 Available : 1 Installed : 1
 |  | 
 |  +- Steam DLC Package
 | 
 | 
 |  +- Steam DLC Package
 |  | 
 |  | Name : Blood Bowl 2 - Official Expansion Appid : 672830 Available : 1 Installed : 1
 |  | 
 |  +- Steam DLC Package
 | 
 | 
 |  +- Steam DLC Package
 |  | 
 |  | Name : Blood Bowl 2 - Amazons Appid : 686390 Available : 1 Installed : 1
 |  | 
 |  +- Steam DLC Package
 | 
 | 
 |  +- Steam DLC Package
 |  | 
 |  | Name : Blood Bowl 2 - Elven Union Appid : 686400 Available : 1 Installed : 1
 |  | 
 |  +- Steam DLC Package
 | 
 | 
 |  +- Steam DLC Package
 |  | 
 |  | Name : Blood Bowl 2 - Goblins Appid : 686401 Available : 1 Installed : 1
 |  | 
 |  +- Steam DLC Package
 | 
 | 
 |  +- Steam DLC Package
 |  | 
 |  | Name : Blood Bowl 2 - Halflings Appid : 686402 Available : 1 Installed : 1
 |  | 
 |  +- Steam DLC Package
 | 
 | 
 |  +- Steam DLC Package
 |  | 
 |  | Name : Blood Bowl 2 - Ogres Appid : 686403 Available : 1 Installed : 1
 |  | 
 |  +- Steam DLC Package
 | 
 | 
 |  +- Steam DLC Package
 |  | 
 |  | Name : Blood Bowl 2 - Underworld Denizens Appid : 686404 Available : 1 Installed : 1
 |  | 
 |  +- Steam DLC Package
 | 
 | 
 |  +- Steam DLC Package
 |  | 
 |  | Name : Blood Bowl 2 - Vampires Appid : 686405 Available : 1 Installed : 1
 |  | 
 |  +- Steam DLC Package
 | 
 | 
 |  +- Steam DLC Package
 |  | 
 |  | Name : Blood Bowl 2 - Kislev Circus Appid : 686410 Available : 1 Installed : 1
 |  | 
 |  +- Steam DLC Package
 | 
 | 
 |  +- Steam DLC Package
 |  | 
 |  | Name : Blood Bowl 2 - DEATH ZONE Appid : 1300450 Available : 1 Installed : 1
 |  | 
 |  +- Steam DLC Package
 | 
 | File not found  : Recent.xml
 | File not found  : Recent.xml
 | File not found  : Recent.xml
 | Starting service LocalGameServer-1 on EmbeddedGameService.GameService
 | [Info] - StartEmbeddedService: LocalGameServer-1 already started (persistent mode), everything's fine
 | Starting service AILocalServer on EmbeddedAIService.AIService
 | [Info] - StartEmbeddedService: AILocalServer already started (persistent mode), everything's fine
 | Removed lock "LOCK_LOGIN", total 0 locks
 | File not found  : Tutorial.xml
 | File not found  : Tutorial.xml
 | File not found  : Tutorial.xml
 | Loading Scenario: Data/Tutorial/Tutorial.xml
 | MESSAGE : Main
 | Added lock "CStateGuiMenuMainLayout::Wait", total 1 locks
 | Removed lock "CStateGuiMenuMainLayout::Wait", total 0 locks
 | StopWaiting : lock not found "CStateGuiMenuMainLayout::Wait"
 | MESSAGE : CoachPlaceCoach
 | Added lock "GetCoachOverview", total 1 locks
 | Removed lock "GetCoachOverview", total 0 locks
 | MESSAGE : CoachPlaceCoachGeneral
 | StopWaiting : lock not found "GetCoachOverview"
 | StopWaiting : lock not found "..\..\BB\Src\BB\Game\Actors\Gui\Menus\StateGuiMenuCoachPlaceCoach.cpp"
 | MESSAGE : CoachPlaceTeam
 | MESSAGE : ..\..\BB\Src\BB\Game\Actors\Gui\Menus\StateGuiMenuCoachPlaceTeam.cpp(3285) : idTeam is 2
 | Added lock "GetTeamRosters", total 1 locks
 | MESSAGE : CoachPlaceTeamGeneral
 | Removed lock "GetTeamRosters", total 0 locks
 | Added lock "BeastReadyCallback", total 1 locks
 | Added lock "team_overview_sponsor_loading", total 2 locks
 | Removed lock "team_overview_sponsor_loading", total 1 locks
 | Removed lock "BeastReadyCallback", total 0 locks
 | MESSAGE : CoachPlaceTeamRoster
 | Added lock "PlayerPortaits", total 1 locks
 | Added lock "CMultiRequestWaiter::CheckWaitMsg", total 2 locks
 | Added lock "CStateGuiMenuCreateTeamStaffLayout::SendInitialRequests", total 3 locks
 | Added lock "PlayerPortaits", total 3 locks
 | Added lock "CStateGuiMenuCreateTeamStaffLayout::SendInitialRequests", total 3 locks
 | Removed lock "CMultiRequestWaiter::CheckWaitMsg", total 2 locks
 | Removed lock "CStateGuiMenuCreateTeamStaffLayout::SendInitialRequests", total 1 locks
 | StopWaiting : lock not found "CStateGuiMenuCreateTeamStaffLayout::SendInitialRequests"
 | Removed lock "PlayerPortaits", total 0 locks
 | StopWaiting : lock not found "PlayerPortaits"
 | MESSAGE : CoachPlaceCoach
 | Added lock "GetCoachOverview", total 1 locks
 | Removed lock "GetCoachOverview", total 0 locks
 | MESSAGE : CoachPlaceCoachGeneral
 | StopWaiting : lock not found "GetCoachOverview"
 | StopWaiting : lock not found "..\..\BB\Src\BB\Game\Actors\Gui\Menus\StateGuiMenuCoachPlaceCoach.cpp"
 | MESSAGE : Main
 | Added lock "CStateGuiMenuMainLayout::Wait", total 1 locks
 | Removed lock "CStateGuiMenuMainLayout::Wait", total 0 locks
 | Added lock "SelectCampaignSaveSlot", total 1 locks
 | Removed lock "SelectCampaignSaveSlot", total 0 locks
 | Run script : Data/Story/Reikland/Global/Script/Default.lua
 | Story => Loading script: Global
 | File not found (packaged) : .xml
 | File not found (packaged) : .xml
 | File not found (packaged) : .xml
 | Default log : Init ***********
 | Unloading sound bank set: Viewer
 | Unloading sound bank set: Match
 | Unloading sound bank set: MatchWeatherNice
 | Unloading sound bank set: MatchWeatherVerySunny
 | Unloading sound bank set: MatchWeatherSwelteringHeat
 | Unloading sound bank set: MatchWeatherPouringRain
 | Unloading sound bank set: MatchWeatherBlizzard
 | Unloading sound bank set: MatchRace
 | Unloading sound bank set: MatchStadium
 | Unloading sound bank set: CampaignMatch
 | Unloading sound bank set: CampaignCutscene
 | Loading sound bank set: Menu
 | Loading sound bank set: Campaign
 | Loading sound bank set: Campaign -- : Campaign
 | Loading sound bank set: CampaignMenu
 | Loading sound bank set: CampaignMenu -- : Comments_Campaign_Menu
 | Loading sound bank set: CampaignMenu -- : Campaign_SFX
 | Added lock "STORY_SERVER_WAITING", total 1 locks
 | Loading Scenario: Data/Tutorial/Tutorial.xml
 | Default log : IsReady
 | Loading Scenario: Data/Story/Reikland/Global/Scenario/CampaignGlobal.xml
 | Story => Stop script: Global
 | Run script : Data/Story/Reikland/Match1/Script/Match1.lua
 | Story => Loading script: Match1
 | File not found (packaged) : .xml
 | File not found (packaged) : .xml
 | File not found (packaged) : .xml
 | Script 1 log : IsReady called CStateStoryNew 
 | StopWaiting : lock not found "CStateGuiMenuMainLayout::Wait"
 | MESSAGE : Campaign
 | Launch Action : CStateStoryWaitScenario : Match1_OutGameOnStart
 | Removed lock "STORY_SERVER_WAITING", total 0 locks
 | Loading Scenario: Data/Story/Reikland/Match1/Scenario/Match1_OutGameOnStart.xml
 | Script 1 log : IsReady called CStateStoryWaitScenario Match1_OutGameOnStart
 | Script 1 log : OnScenarioDone called : 'Match1_OutGameOnStart'
 | Launch Action : CStateStoryCutsceneSequence : SequenceCampaignIntro
 | Script 1 log : IsReady called CStateStoryCutsceneSequence SequenceCampaignIntro
 | Script 1 log : OutGameOnCutscene called
 | Launch Action : CStateStoryWaitScenario : Match1_OutGameOnCutscene
 | Script 1 log : IsReady called CStateStoryWaitScenario Match1_OutGameOnCutscene
 | Script 1 log : OnScenarioDone called : 'Match1_OutGameOnCutscene'
 | Launch Action : CStateStoryGui : CStateGuiMenuCampaignMain
 | MESSAGE : ..\..\BB\Src\BB\Game\Actors\Story\ActorStoryServerHelper.cpp(1776) : idTeam is 23899528
 | MESSAGE : CampaignMain
 | Script 1 log : IsReady called CStateStoryGui 
 | Script 1 log : OnGui called -- Wait user choice
 | Launch Action : CStateStorySave : 
 | Added lock "STORY_SERVER_WAITING", total 1 locks
 | Added lock "STORY_SAVING", total 2 locks
 | Removed lock "STORY_SAVING", total 1 locks
 | Script 1 log : IsReady called CStateStorySave 
 | Script 1 log : OutGameOnSave called
 | Removed lock "STORY_SERVER_WAITING", total 0 locks
 | Added lock "STORY_SERVER_WAITING", total 1 locks
 | Added lock "STORY_SAVING", total 2 locks
 | Removed lock "STORY_SAVING", total 1 locks
 | Story => Stop script: Match1
 | Unloading sound bank set: Viewer
 | Unloading sound bank set: Match
 | Unloading sound bank set: MatchWeatherNice
 | Unloading sound bank set: MatchWeatherVerySunny
 | Unloading sound bank set: MatchWeatherSwelteringHeat
 | Unloading sound bank set: MatchWeatherPouringRain
 | Unloading sound bank set: MatchWeatherBlizzard
 | Unloading sound bank set: MatchRace
 | Unloading sound bank set: MatchStadium
 | Unloading sound bank set: Campaign
 | Unloading sound bank set: Campaign -- : Campaign
 | [AK] Unload bank : Campaign
 | Unloading sound bank set: CampaignMenu
 | Unloading sound bank set: CampaignMenu -- : Comments_Campaign_Menu
 | [AK] Unload bank : Comments_Campaign_Menu
 | Unloading sound bank set: CampaignMenu -- : Campaign_SFX
 | [AK] Unload bank : Campaign_SFX
 | Unloading sound bank set: CampaignMatch
 | Unloading sound bank set: CampaignCutscene
 | Loading sound bank set: Menu
 | Removed lock "STORY_SERVER_WAITING", total 0 locks
 | Loading Scenario: Data/Tutorial/Tutorial.xml
 | MESSAGE : Main
 | Added lock "CStateGuiMenuMainLayout::Wait", total 1 locks
 | Removed lock "CStateGuiMenuMainLayout::Wait", total 0 locks
 | StopWaiting : lock not found "CStateGuiMenuMainLayout::Wait"
 | MESSAGE : CoachPlaceCoach
 | Added lock "GetCoachOverview", total 1 locks
 | Removed lock "GetCoachOverview", total 0 locks
 | MESSAGE : CoachPlaceCoachGeneral
 | StopWaiting : lock not found "GetCoachOverview"
 | StopWaiting : lock not found "..\..\BB\Src\BB\Game\Actors\Gui\Menus\StateGuiMenuCoachPlaceCoach.cpp"
 | MESSAGE : CoachPlaceTeam
 | MESSAGE : ..\..\BB\Src\BB\Game\Actors\Gui\Menus\StateGuiMenuCoachPlaceTeam.cpp(3285) : idTeam is 2
 | Added lock "GetTeamRosters", total 1 locks
 | MESSAGE : CoachPlaceTeamGeneral
 | Removed lock "GetTeamRosters", total 0 locks
 | Added lock "BeastReadyCallback", total 1 locks
 | Added lock "team_overview_sponsor_loading", total 2 locks
 | Removed lock "team_overview_sponsor_loading", total 1 locks
 | Removed lock "BeastReadyCallback", total 0 locks
 | MESSAGE : CoachPlaceTeamRoster
 | Added lock "PlayerPortaits", total 1 locks
 | Added lock "CMultiRequestWaiter::CheckWaitMsg", total 2 locks
 | Added lock "CStateGuiMenuCreateTeamStaffLayout::SendInitialRequests", total 3 locks
 | Added lock "PlayerPortaits", total 3 locks
 | Added lock "CStateGuiMenuCreateTeamStaffLayout::SendInitialRequests", total 3 locks
 | Removed lock "CMultiRequestWaiter::CheckWaitMsg", total 2 locks
 | Removed lock "CStateGuiMenuCreateTeamStaffLayout::SendInitialRequests", total 1 locks
 | StopWaiting : lock not found "CStateGuiMenuCreateTeamStaffLayout::SendInitialRequests"
 | Removed lock "PlayerPortaits", total 0 locks
 | StopWaiting : lock not found "PlayerPortaits"
 | MESSAGE : CoachPlacePlayer
 | MESSAGE : ..\..\BB\Src\BB\Game\Actors\Gui\Menus\StateGuiMenuCoachPlacePlayer.cpp(467) : idTeam is 1769036152
 | Added lock "CMultiRequestWaiter::CheckWaitMsg", total 1 locks
 | Added lock "RetrieveTeamAndPlayerInfo", total 2 locks
 | Removed lock "CMultiRequestWaiter::CheckWaitMsg", total 1 locks
 | Removed lock "RetrieveTeamAndPlayerInfo", total 0 locks
 | MESSAGE : CoachPlacePlayerGeneral
 | Added lock "GetTeamRosters", total 1 locks
 | Removed lock "GetTeamRosters", total 0 locks
 | StopWaiting : lock not found "GetTeamRosters"
 | MESSAGE : CoachPlacePlayerStatistics
 | MESSAGE : CoachPlacePlayerGeneral
 | Added lock "GetTeamRosters", total 1 locks
 | Removed lock "GetTeamRosters", total 0 locks
 | MESSAGE : CoachPlaceTeam
 | MESSAGE : ..\..\BB\Src\BB\Game\Actors\Gui\Menus\StateGuiMenuCoachPlaceTeam.cpp(3285) : idTeam is 2
 | Added lock "GetTeamRosters", total 1 locks
 | MESSAGE : CoachPlaceTeamRoster
 | Removed lock "GetTeamRosters", total 0 locks
 | Added lock "PlayerPortaits", total 1 locks
 | Added lock "PlayerPortaits", total 1 locks
 | Added lock "CMultiRequestWaiter::CheckWaitMsg", total 2 locks
 | Added lock "CStateGuiMenuCreateTeamStaffLayout::SendInitialRequests", total 3 locks
 | Removed lock "CMultiRequestWaiter::CheckWaitMsg", total 2 locks
 | Removed lock "CStateGuiMenuCreateTeamStaffLayout::SendInitialRequests", total 1 locks
 | Removed lock "PlayerPortaits", total 0 locks
 | StopWaiting : lock not found "PlayerPortaits"
 | MESSAGE : CoachPlaceRoster
 | Added lock "GetTeamRosters", total 1 locks
 | Removed lock "GetTeamRosters", total 0 locks
 | MESSAGE : CoachPlaceRosterBuy
 | StopWaiting : lock not found "..\..\BB\Src\BB\Game\Actors\Gui\Menus\StateGuiMenuCoachPlaceRoster.cpp"
 | MESSAGE : CoachPlacePlayer
 | MESSAGE : CoachPlacePlayerGeneral
 | Added lock "GetTeamRosters", total 1 locks
 | Added lock "LoadAllHead", total 2 locks
 | Removed lock "LoadAllHead", total 1 locks
 | Removed lock "GetTeamRosters", total 0 locks
 | MESSAGE : CoachPlaceRoster
 | Added lock "GetTeamRosters", total 1 locks
 | Removed lock "GetTeamRosters", total 0 locks
 | MESSAGE : CoachPlaceRosterBuy
 | StopWaiting : lock not found "..\..\BB\Src\BB\Game\Actors\Gui\Menus\StateGuiMenuCoachPlaceRoster.cpp"
 | MESSAGE : CoachPlaceTeam
 | MESSAGE : ..\..\BB\Src\BB\Game\Actors\Gui\Menus\StateGuiMenuCoachPlaceTeam.cpp(3285) : idTeam is 2
 | Added lock "GetTeamRosters", total 1 locks
 | MESSAGE : CoachPlaceTeamRoster
 | Removed lock "GetTeamRosters", total 0 locks
 | Added lock "PlayerPortaits", total 1 locks
 | Added lock "PlayerPortaits", total 1 locks
 | Added lock "CMultiRequestWaiter::CheckWaitMsg", total 2 locks
 | Added lock "CStateGuiMenuCreateTeamStaffLayout::SendInitialRequests", total 3 locks
 | Removed lock "CMultiRequestWaiter::CheckWaitMsg", total 2 locks
 | Removed lock "CStateGuiMenuCreateTeamStaffLayout::SendInitialRequests", total 1 locks
 | Removed lock "PlayerPortaits", total 0 locks
 | StopWaiting : lock not found "PlayerPortaits"
 | MESSAGE : CoachPlacePlayer
 | MESSAGE : ..\..\BB\Src\BB\Game\Actors\Gui\Menus\StateGuiMenuCoachPlacePlayer.cpp(467) : idTeam is 1810127192
 | Added lock "CMultiRequestWaiter::CheckWaitMsg", total 1 locks
 | Added lock "RetrieveTeamAndPlayerInfo", total 2 locks
 | Removed lock "CMultiRequestWaiter::CheckWaitMsg", total 1 locks
 | Removed lock "RetrieveTeamAndPlayerInfo", total 0 locks
 | MESSAGE : CoachPlacePlayerGeneral
 | Added lock "GetTeamRosters", total 1 locks
 | Removed lock "GetTeamRosters", total 0 locks
 | StopWaiting : lock not found "GetTeamRosters"
 | MESSAGE : CoachPlaceTeam
 | MESSAGE : ..\..\BB\Src\BB\Game\Actors\Gui\Menus\StateGuiMenuCoachPlaceTeam.cpp(3285) : idTeam is 2
 | Added lock "GetTeamRosters", total 1 locks
 | MESSAGE : CoachPlaceTeamRoster
 | Removed lock "GetTeamRosters", total 0 locks
 | Added lock "PlayerPortaits", total 1 locks
 | Added lock "PlayerPortaits", total 1 locks
 | Added lock "CMultiRequestWaiter::CheckWaitMsg", total 2 locks
 | Added lock "CStateGuiMenuCreateTeamStaffLayout::SendInitialRequests", total 3 locks
 | Removed lock "CMultiRequestWaiter::CheckWaitMsg", total 2 locks
 | Removed lock "CStateGuiMenuCreateTeamStaffLayout::SendInitialRequests", total 1 locks
 | Removed lock "PlayerPortaits", total 0 locks
 | StopWaiting : lock not found "PlayerPortaits"
 | MESSAGE : CoachPlaceCoach
 | Added lock "GetCoachOverview", total 1 locks
 | Removed lock "GetCoachOverview", total 0 locks
 | MESSAGE : CoachPlaceCoachGeneral
 | StopWaiting : lock not found "GetCoachOverview"
 | StopWaiting : lock not found "..\..\BB\Src\BB\Game\Actors\Gui\Menus\StateGuiMenuCoachPlaceCoach.cpp"
 | MESSAGE : Main
 | Added lock "CStateGuiMenuMainLayout::Wait", total 1 locks
 | Removed lock "CStateGuiMenuMainLayout::Wait", total 0 locks
 | StopWaiting : lock not found "CStateGuiMenuMainLayout::Wait"
