[2023-05-15 18:12:36,535][DEBUG] SetDirs(C:/Users/joshu/Documents/BloodBowl2,Data)
[2023-05-15 18:13:58,052][INFO] [EmbeddedMessageService::0::LocalGameServer-1] Server Starting
[2023-05-15 18:13:58,052][INFO] [EmbeddedMessageService::0::LocalGameServer-1] Started looping call :GameUpdater
[2023-05-15 18:13:58,052][INFO] [EmbeddedMessageService::0::LocalGameServer-1] Started looping call :ClientKeepAlive
[2023-05-15 18:13:58,052][INFO] [EmbeddedMessageService::0::LocalGameServer-1] Server Started
[2023-05-15 18:13:58,052][INFO] EmbeddedServerScheduler.RegisterService(LocalGameServer-1) 
[2023-05-15 18:13:58,056][INFO] Using CythonAStar
[2023-05-15 18:13:58,059][INFO] AI Paths : ['Data/ScriptServices/AIServer.zip/BuiltinIAs/TypeIAs']
[2023-05-15 18:13:58,072][INFO] Loaded Dwarf
[2023-05-15 18:13:58,072][INFO] Loaded Orc
[2023-05-15 18:13:58,075][INFO] Loaded CampaignMatch1
[2023-05-15 18:13:58,075][INFO] Loaded CampaignMatch10
[2023-05-15 18:13:58,075][INFO] Loaded CampaignMatch11
[2023-05-15 18:13:58,075][INFO] Loaded CampaignMatch12
[2023-05-15 18:13:58,075][INFO] Loaded CampaignMatch13
[2023-05-15 18:13:58,075][INFO] Loaded CampaignMatch14
[2023-05-15 18:13:58,075][INFO] Loaded CampaignMatch15
[2023-05-15 18:13:58,075][INFO] Loaded CampaignMatch2
[2023-05-15 18:13:58,075][INFO] Loaded CampaignMatch3
[2023-05-15 18:13:58,075][INFO] Loaded CampaignMatch4
[2023-05-15 18:13:58,075][INFO] Loaded CampaignMatch5
[2023-05-15 18:13:58,075][INFO] Loaded CampaignMatch6
[2023-05-15 18:13:58,075][INFO] Loaded CampaignMatch7
[2023-05-15 18:13:58,075][INFO] Loaded CampaignMatch8
[2023-05-15 18:13:58,075][INFO] Loaded CampaignMatch9
[2023-05-15 18:13:58,075][INFO] Loaded Skaven
[2023-05-15 18:13:58,075][INFO] Loaded Human
[2023-05-15 18:13:58,075][INFO] Loaded Bretonnia
[2023-05-15 18:13:58,076][INFO] Loaded Goblin
[2023-05-15 18:13:58,076][INFO] Loaded LizardMan
[2023-05-15 18:13:58,076][INFO] Loaded Chaos
[2023-05-15 18:13:58,076][INFO] Loaded HighElf
[2023-05-15 18:13:58,076][INFO] Loaded DarkElf
[2023-05-15 18:13:58,076][INFO] Loaded WoodElf
[2023-05-15 18:13:58,078][INFO] [EmbeddedMessageService::1::AILocalServer] Server Starting
[2023-05-15 18:13:58,078][INFO] [EmbeddedMessageService::1::AILocalServer] Started looping call :ClientKeepAlive
[2023-05-15 18:13:58,078][INFO] [EmbeddedMessageService::1::AILocalServer] Started looping call :AIUpdater
[2023-05-15 18:13:58,078][INFO] [EmbeddedMessageService::1::AILocalServer] Server Started
[2023-05-15 18:13:58,078][INFO] EmbeddedServerScheduler.RegisterService(AILocalServer) 
[2023-05-15 18:13:58,078][DEBUG] Check/Create User Profile - Login : TIKI47
[2023-05-15 18:13:58,079][DEBUG] _Copy(Data/DB/Management.db,C:/Users/joshu/Documents/BloodBowl2/Profiles/19E2D397987B4751DBC1F54D5AB80B96/ManagementLocal/ManagementOnline_Prod.db)
[2023-05-15 18:13:58,084][DEBUG] _Copy(Data/DB/Management.db,C:/Users/joshu/Documents/BloodBowl2/Campaign/Campaign.db)
[2023-05-15 18:13:58,086][DEBUG] >>> COMPUTE MD5S
[2023-05-15 18:13:58,092][DEBUG] >>> HASH Achievements.json 2ddac83c68370025e774bd27e6d5394c
[2023-05-15 18:13:58,095][DEBUG] >>> HASH Challenge.json ec3e3cdbb870cd1a7d4927af8f277be3
[2023-05-15 18:13:58,101][DEBUG] >>> HASH Config.json f855793c424e6f02af741f3bc2d6735b
[2023-05-15 18:13:58,140][DEBUG] >>> HASH Locas.json 1305c3ca288d3d42cbe6d86d9fc74861
[2023-05-15 18:13:58,144][DEBUG] >>> HASH OfficialLeagues.json fc35fc3ad7b118095e89056096cc5812
[2023-05-15 18:13:58,148][DEBUG] >>> HASH OfficialSoloLeagues.json a31835b1566fd96039201bdbe0d5a7db
[2023-05-15 18:13:58,184][DEBUG] >>> HASH PredefinedTeams.all.json 662247fadca023076ce2e6bf0e1b7c0f
[2023-05-15 18:13:58,266][DEBUG] >>> HASH PredefinedTeams.json 885809befb30f679e1797aba7e8e9e02
[2023-05-15 18:13:58,302][DEBUG] >>> HASH PredefinedTeams.nodlc.json 39db39f538685a19d9f05305e1eb4dde
[2023-05-15 18:13:58,503][DEBUG] >>> HASH Rules.json 73ef958f5b695d82895f06d81ccceec0
[2023-05-15 18:13:58,507][DEBUG] >>> HASH RulesSchema.json 74b4c1e6d383823b584f4a44f2ddb8e6
[2023-05-15 18:13:58,520][DEBUG] >>> HASH ShopData.json 7890dff208e542b1e9512f580618ed9b
[2023-05-15 18:13:58,520][DEBUG] Updating profile TIKI47
[2023-05-15 18:13:58,520][DEBUG] Updating db file C:/Users/joshu/Documents/BloodBowl2/Profiles/19E2D397987B4751DBC1F54D5AB80B96/ManagementLocal/Management.db
[2023-05-15 18:13:58,520][DEBUG] Updating db file C:/Users/joshu/Documents/BloodBowl2/Profiles/19E2D397987B4751DBC1F54D5AB80B96/ManagementLocal/ManagementOnline_Prod.db
[2023-05-15 18:13:58,520][DEBUG] UpdateManagementDb C:/Users/joshu/Documents/BloodBowl2/Profiles/19E2D397987B4751DBC1F54D5AB80B96/ManagementLocal/ManagementOnline_Prod.db
[2023-05-15 18:13:58,520][DEBUG] UpdateDbFile(C:/Users/joshu/Documents/BloodBowl2/Profiles/19E2D397987B4751DBC1F54D5AB80B96/ManagementLocal/ManagementOnline_Prod.db) for TIKI47
[2023-05-15 18:13:58,559][INFO] [2023-05-15 18:13:58.559000] C:/Users/joshu/Documents/BloodBowl2/Profiles/19E2D397987B4751DBC1F54D5AB80B96/PatchQuery.log : Applying {'obj': <GameScripts.Patchs.Patch_0-0-7-8.Patch instance at 0x53486788>, 'targets': ['Local', 'Test', 'Beta'], 'file': "<module 'GameScripts.Patchs.Patch_0-0-7-8' from 'Data\\ScriptServices\\Management\\GameScripts.zip\\GameScripts\\Patchs\\Patch_0-0-7-8.pyc'>"} <GameScripts.Patchs.Patch_0-0-7-8.Patch instance at 0x53486788>
[2023-05-15 18:13:58,559][INFO] [2023-05-15 18:13:58.559000] C:/Users/joshu/Documents/BloodBowl2/Profiles/19E2D397987B4751DBC1F54D5AB80B96/PatchQuery.log : Start Patching
[2023-05-15 18:13:58,559][INFO] [2023-05-15 18:13:58.559000] C:/Users/joshu/Documents/BloodBowl2/Profiles/19E2D397987B4751DBC1F54D5AB80B96/PatchError.log : Start Patching
[2023-05-15 18:13:58,559][INFO] [2023-05-15 18:13:58.559000] C:/Users/joshu/Documents/BloodBowl2/Profiles/19E2D397987B4751DBC1F54D5AB80B96/PatchQuery.log : <module 'GameScripts.Patchs.Patch_0-0-7-8' from 'Data\ScriptServices\Management\GameScripts.zip\GameScripts\Patchs\Patch_0-0-7-8.pyc'>
[2023-05-15 18:13:58,563][INFO] [2023-05-15 18:13:58.564000] C:/Users/joshu/Documents/BloodBowl2/Profiles/19E2D397987B4751DBC1F54D5AB80B96/PatchQuery.log : Updated DbVersion to 0.0.7.8
[2023-05-15 18:13:58,565][INFO] [2023-05-15 18:13:58.565000] C:/Users/joshu/Documents/BloodBowl2/Profiles/19E2D397987B4751DBC1F54D5AB80B96/PatchQuery.log : Applying {'obj': <GameScripts.Patchs.Patch_0-0-7-9.Patch instance at 0x53486800>, 'targets': ['Local', 'Test', 'Beta'], 'file': "<module 'GameScripts.Patchs.Patch_0-0-7-9' from 'Data\\ScriptServices\\Management\\GameScripts.zip\\GameScripts\\Patchs\\Patch_0-0-7-9.pyc'>"} <GameScripts.Patchs.Patch_0-0-7-9.Patch instance at 0x53486800>
[2023-05-15 18:13:58,565][INFO] [2023-05-15 18:13:58.565000] C:/Users/joshu/Documents/BloodBowl2/Profiles/19E2D397987B4751DBC1F54D5AB80B96/PatchQuery.log : <module 'GameScripts.Patchs.Patch_0-0-7-9' from 'Data\ScriptServices\Management\GameScripts.zip\GameScripts\Patchs\Patch_0-0-7-9.pyc'>
[2023-05-15 18:13:58,569][INFO] [2023-05-15 18:13:58.569000] C:/Users/joshu/Documents/BloodBowl2/Profiles/19E2D397987B4751DBC1F54D5AB80B96/PatchQuery.log : Updated DbVersion to 0.0.7.9
[2023-05-15 18:13:58,569][INFO] [2023-05-15 18:13:58.569000] C:/Users/joshu/Documents/BloodBowl2/Profiles/19E2D397987B4751DBC1F54D5AB80B96/PatchQuery.log : Applying {'obj': <GameScripts.Patchs.Patch_0-0-8-0.Patch instance at 0x53486878>, 'targets': ['Local', 'Test'], 'file': "<module 'GameScripts.Patchs.Patch_0-0-8-0' from 'Data\\ScriptServices\\Management\\GameScripts.zip\\GameScripts\\Patchs\\Patch_0-0-8-0.pyc'>"} <GameScripts.Patchs.Patch_0-0-8-0.Patch instance at 0x53486878>
[2023-05-15 18:13:58,569][INFO] [2023-05-15 18:13:58.569000] C:/Users/joshu/Documents/BloodBowl2/Profiles/19E2D397987B4751DBC1F54D5AB80B96/PatchQuery.log : <module 'GameScripts.Patchs.Patch_0-0-8-0' from 'Data\ScriptServices\Management\GameScripts.zip\GameScripts\Patchs\Patch_0-0-8-0.pyc'>
[2023-05-15 18:13:58,579][INFO] [2023-05-15 18:13:58.580000] C:/Users/joshu/Documents/BloodBowl2/Profiles/19E2D397987B4751DBC1F54D5AB80B96/PatchQuery.log : Updated DbVersion to 0.0.8.0
[2023-05-15 18:13:58,581][INFO] [2023-05-15 18:13:58.581000] C:/Users/joshu/Documents/BloodBowl2/Profiles/19E2D397987B4751DBC1F54D5AB80B96/PatchQuery.log : Applying {'obj': <GameScripts.Patchs.Patch_0-0-8-1.Patch instance at 0x534868F0>, 'targets': ['Local', 'Test', 'Beta'], 'file': "<module 'GameScripts.Patchs.Patch_0-0-8-1' from 'Data\\ScriptServices\\Management\\GameScripts.zip\\GameScripts\\Patchs\\Patch_0-0-8-1.pyc'>"} <GameScripts.Patchs.Patch_0-0-8-1.Patch instance at 0x534868F0>
[2023-05-15 18:13:58,581][INFO] [2023-05-15 18:13:58.581000] C:/Users/joshu/Documents/BloodBowl2/Profiles/19E2D397987B4751DBC1F54D5AB80B96/PatchQuery.log : <module 'GameScripts.Patchs.Patch_0-0-8-1' from 'Data\ScriptServices\Management\GameScripts.zip\GameScripts\Patchs\Patch_0-0-8-1.pyc'>
[2023-05-15 18:13:58,585][INFO] [2023-05-15 18:13:58.585000] C:/Users/joshu/Documents/BloodBowl2/Profiles/19E2D397987B4751DBC1F54D5AB80B96/PatchQuery.log : Updated DbVersion to 0.0.8.1
[2023-05-15 18:13:58,585][INFO] [2023-05-15 18:13:58.586000] C:/Users/joshu/Documents/BloodBowl2/Profiles/19E2D397987B4751DBC1F54D5AB80B96/PatchQuery.log : Applying {'obj': <GameScripts.Patchs.Patch_0-0-8-2.Patch instance at 0x53486968>, 'targets': ['Local', 'Test', 'Beta'], 'file': "<module 'GameScripts.Patchs.Patch_0-0-8-2' from 'Data\\ScriptServices\\Management\\GameScripts.zip\\GameScripts\\Patchs\\Patch_0-0-8-2.pyc'>"} <GameScripts.Patchs.Patch_0-0-8-2.Patch instance at 0x53486968>
[2023-05-15 18:13:58,585][INFO] [2023-05-15 18:13:58.586000] C:/Users/joshu/Documents/BloodBowl2/Profiles/19E2D397987B4751DBC1F54D5AB80B96/PatchQuery.log : <module 'GameScripts.Patchs.Patch_0-0-8-2' from 'Data\ScriptServices\Management\GameScripts.zip\GameScripts\Patchs\Patch_0-0-8-2.pyc'>
[2023-05-15 18:13:58,589][INFO] [2023-05-15 18:13:58.590000] C:/Users/joshu/Documents/BloodBowl2/Profiles/19E2D397987B4751DBC1F54D5AB80B96/PatchQuery.log : Updated DbVersion to 0.0.8.2
[2023-05-15 18:13:58,591][INFO] [2023-05-15 18:13:58.591000] C:/Users/joshu/Documents/BloodBowl2/Profiles/19E2D397987B4751DBC1F54D5AB80B96/PatchQuery.log : =======> Patch done from 0.0.7.7 to 0.0.8.2
[2023-05-15 18:13:58,591][DEBUG] [DB-PATCH] C:/Users/joshu/Documents/BloodBowl2/Profiles/19E2D397987B4751DBC1F54D5AB80B96/ManagementLocal/ManagementOnline_Prod.db : 0.0.7.7 to 0.0.8.2
[2023-05-15 18:13:58,592][DEBUG] No DataLoaded entry in config table
[2023-05-15 18:13:58,592][DEBUG] Create DataLoaded entry in config table {}
[2023-05-15 18:13:58,592][DEBUG] Config.json not yet loaded in the database ([])
[2023-05-15 18:13:58,592][DEBUG] Processing Config Table Import
[2023-05-15 18:13:58,602][DEBUG] No DataLoaded entry in config table
[2023-05-15 18:13:58,602][DEBUG] Create DataLoaded entry in config table {}
[2023-05-15 18:13:58,602][DEBUG] >>> GET HASH Config.json
[2023-05-15 18:13:58,602][DEBUG] Read DataLoaded entry in config table {u'Config.json': u'f855793c424e6f02af741f3bc2d6735b'}
[2023-05-15 18:13:58,602][DEBUG] PredefinedTeams.json not yet loaded in the database ([u'Config.json'])
[2023-05-15 18:13:58,602][DEBUG] Processing Predefined Teams Import
[2023-05-15 18:13:58,624][DEBUG] loader.PushRowsToDb()
[2023-05-15 18:13:58,878][DEBUG] Read DataLoaded entry in config table {u'Config.json': u'f855793c424e6f02af741f3bc2d6735b'}
[2023-05-15 18:13:58,878][DEBUG] >>> GET HASH PredefinedTeams.json
[2023-05-15 18:13:58,880][DEBUG] Read DataLoaded entry in config table {u'PredefinedTeams.json': u'885809befb30f679e1797aba7e8e9e02', u'Config.json': u'f855793c424e6f02af741f3bc2d6735b'}
[2023-05-15 18:13:58,880][DEBUG] RulesSchema.json not yet loaded in the database ([u'PredefinedTeams.json', u'Config.json'])
[2023-05-15 18:13:58,887][DEBUG] Read DataLoaded entry in config table {u'PredefinedTeams.json': u'885809befb30f679e1797aba7e8e9e02', u'Config.json': u'f855793c424e6f02af741f3bc2d6735b'}
[2023-05-15 18:13:58,887][DEBUG] >>> GET HASH RulesSchema.json
[2023-05-15 18:13:58,887][DEBUG] Processing Rules Tables Import
[2023-05-15 18:13:59,733][DEBUG] Read DataLoaded entry in config table {u'PredefinedTeams.json': u'885809befb30f679e1797aba7e8e9e02', u'RulesSchema.json': u'74b4c1e6d383823b584f4a44f2ddb8e6', u'Config.json': u'f855793c424e6f02af741f3bc2d6735b'}
[2023-05-15 18:13:59,733][DEBUG] >>> GET HASH Rules.json
[2023-05-15 18:13:59,736][DEBUG] Read DataLoaded entry in config table {u'RulesSchema.json': u'74b4c1e6d383823b584f4a44f2ddb8e6', u'PredefinedTeams.json': u'885809befb30f679e1797aba7e8e9e02', u'Config.json': u'f855793c424e6f02af741f3bc2d6735b', u'Rules.json': u'73ef958f5b695d82895f06d81ccceec0'}
[2023-05-15 18:13:59,736][DEBUG] Locas.json not yet loaded in the database ([u'RulesSchema.json', u'PredefinedTeams.json', u'Config.json', u'Rules.json'])
[2023-05-15 18:13:59,736][DEBUG] Processing Loca Table Import
[2023-05-15 18:13:59,852][DEBUG] Read DataLoaded entry in config table {u'RulesSchema.json': u'74b4c1e6d383823b584f4a44f2ddb8e6', u'PredefinedTeams.json': u'885809befb30f679e1797aba7e8e9e02', u'Config.json': u'f855793c424e6f02af741f3bc2d6735b', u'Rules.json': u'73ef958f5b695d82895f06d81ccceec0'}
[2023-05-15 18:13:59,852][DEBUG] >>> GET HASH Locas.json
[2023-05-15 18:13:59,854][DEBUG] Read DataLoaded entry in config table {u'Locas.json': u'1305c3ca288d3d42cbe6d86d9fc74861', u'PredefinedTeams.json': u'885809befb30f679e1797aba7e8e9e02', u'RulesSchema.json': u'74b4c1e6d383823b584f4a44f2ddb8e6', u'Config.json': u'f855793c424e6f02af741f3bc2d6735b', u'Rules.json': u'73ef958f5b695d82895f06d81ccceec0'}
[2023-05-15 18:13:59,854][DEBUG] Achievements.json not yet loaded in the database ([u'Locas.json', u'PredefinedTeams.json', u'RulesSchema.json', u'Config.json', u'Rules.json'])
[2023-05-15 18:13:59,854][DEBUG] Processing Achs Table Import
[2023-05-15 18:13:59,857][DEBUG] Read DataLoaded entry in config table {u'Locas.json': u'1305c3ca288d3d42cbe6d86d9fc74861', u'PredefinedTeams.json': u'885809befb30f679e1797aba7e8e9e02', u'RulesSchema.json': u'74b4c1e6d383823b584f4a44f2ddb8e6', u'Config.json': u'f855793c424e6f02af741f3bc2d6735b', u'Rules.json': u'73ef958f5b695d82895f06d81ccceec0'}
[2023-05-15 18:13:59,857][DEBUG] >>> GET HASH Achievements.json
[2023-05-15 18:13:59,857][DEBUG] Read DataLoaded entry in config table {u'PredefinedTeams.json': u'885809befb30f679e1797aba7e8e9e02', u'Rules.json': u'73ef958f5b695d82895f06d81ccceec0', u'RulesSchema.json': u'74b4c1e6d383823b584f4a44f2ddb8e6', u'Locas.json': u'1305c3ca288d3d42cbe6d86d9fc74861', u'Achievements.json': u'2ddac83c68370025e774bd27e6d5394c', u'Config.json': u'f855793c424e6f02af741f3bc2d6735b'}
[2023-05-15 18:13:59,857][DEBUG] Challenge.json not yet loaded in the database ([u'PredefinedTeams.json', u'Rules.json', u'RulesSchema.json', u'Locas.json', u'Achievements.json', u'Config.json'])
[2023-05-15 18:13:59,857][DEBUG] Processing Challenge List Table Import
[2023-05-15 18:13:59,858][DEBUG] Read DataLoaded entry in config table {u'PredefinedTeams.json': u'885809befb30f679e1797aba7e8e9e02', u'Rules.json': u'73ef958f5b695d82895f06d81ccceec0', u'RulesSchema.json': u'74b4c1e6d383823b584f4a44f2ddb8e6', u'Locas.json': u'1305c3ca288d3d42cbe6d86d9fc74861', u'Achievements.json': u'2ddac83c68370025e774bd27e6d5394c', u'Config.json': u'f855793c424e6f02af741f3bc2d6735b'}
[2023-05-15 18:13:59,858][DEBUG] >>> GET HASH Challenge.json
[2023-05-15 18:13:59,859][DEBUG] Updating db file C:/Users/joshu/Documents/BloodBowl2/Campaign/Campaign.db
[2023-05-15 18:13:59,859][DEBUG] UpdateManagementDb C:/Users/joshu/Documents/BloodBowl2/Campaign/Campaign.db
[2023-05-15 18:13:59,859][DEBUG] UpdateDbFile(C:/Users/joshu/Documents/BloodBowl2/Campaign/Campaign.db) for TIKI47
[2023-05-15 18:13:59,892][INFO] [2023-05-15 18:13:59.893000] C:/Users/joshu/Documents/BloodBowl2/Profiles/19E2D397987B4751DBC1F54D5AB80B96/PatchQuery.log : Applying {'obj': <GameScripts.Patchs.Patch_0-0-7-8.Patch instance at 0x53486D78>, 'targets': ['Local', 'Test', 'Beta'], 'file': "<module 'GameScripts.Patchs.Patch_0-0-7-8' from 'Data\\ScriptServices\\Management\\GameScripts.zip\\GameScripts\\Patchs\\Patch_0-0-7-8.pyc'>"} <GameScripts.Patchs.Patch_0-0-7-8.Patch instance at 0x53486D78>
[2023-05-15 18:13:59,892][INFO] [2023-05-15 18:13:59.893000] C:/Users/joshu/Documents/BloodBowl2/Profiles/19E2D397987B4751DBC1F54D5AB80B96/PatchQuery.log : Start Patching
[2023-05-15 18:13:59,892][INFO] [2023-05-15 18:13:59.893000] C:/Users/joshu/Documents/BloodBowl2/Profiles/19E2D397987B4751DBC1F54D5AB80B96/PatchError.log : Start Patching
[2023-05-15 18:13:59,892][INFO] [2023-05-15 18:13:59.893000] C:/Users/joshu/Documents/BloodBowl2/Profiles/19E2D397987B4751DBC1F54D5AB80B96/PatchQuery.log : <module 'GameScripts.Patchs.Patch_0-0-7-8' from 'Data\ScriptServices\Management\GameScripts.zip\GameScripts\Patchs\Patch_0-0-7-8.pyc'>
[2023-05-15 18:13:59,898][INFO] [2023-05-15 18:13:59.898000] C:/Users/joshu/Documents/BloodBowl2/Profiles/19E2D397987B4751DBC1F54D5AB80B96/PatchQuery.log : Updated DbVersion to 0.0.7.8
[2023-05-15 18:13:59,898][INFO] [2023-05-15 18:13:59.899000] C:/Users/joshu/Documents/BloodBowl2/Profiles/19E2D397987B4751DBC1F54D5AB80B96/PatchQuery.log : Applying {'obj': <GameScripts.Patchs.Patch_0-0-7-9.Patch instance at 0x53486DC8>, 'targets': ['Local', 'Test', 'Beta'], 'file': "<module 'GameScripts.Patchs.Patch_0-0-7-9' from 'Data\\ScriptServices\\Management\\GameScripts.zip\\GameScripts\\Patchs\\Patch_0-0-7-9.pyc'>"} <GameScripts.Patchs.Patch_0-0-7-9.Patch instance at 0x53486DC8>
[2023-05-15 18:13:59,898][INFO] [2023-05-15 18:13:59.899000] C:/Users/joshu/Documents/BloodBowl2/Profiles/19E2D397987B4751DBC1F54D5AB80B96/PatchQuery.log : <module 'GameScripts.Patchs.Patch_0-0-7-9' from 'Data\ScriptServices\Management\GameScripts.zip\GameScripts\Patchs\Patch_0-0-7-9.pyc'>
[2023-05-15 18:13:59,903][INFO] [2023-05-15 18:13:59.903000] C:/Users/joshu/Documents/BloodBowl2/Profiles/19E2D397987B4751DBC1F54D5AB80B96/PatchQuery.log : Updated DbVersion to 0.0.7.9
[2023-05-15 18:13:59,903][INFO] [2023-05-15 18:13:59.903000] C:/Users/joshu/Documents/BloodBowl2/Profiles/19E2D397987B4751DBC1F54D5AB80B96/PatchQuery.log : Applying {'obj': <GameScripts.Patchs.Patch_0-0-8-0.Patch instance at 0x53486E18>, 'targets': ['Local', 'Test'], 'file': "<module 'GameScripts.Patchs.Patch_0-0-8-0' from 'Data\\ScriptServices\\Management\\GameScripts.zip\\GameScripts\\Patchs\\Patch_0-0-8-0.pyc'>"} <GameScripts.Patchs.Patch_0-0-8-0.Patch instance at 0x53486E18>
[2023-05-15 18:13:59,903][INFO] [2023-05-15 18:13:59.903000] C:/Users/joshu/Documents/BloodBowl2/Profiles/19E2D397987B4751DBC1F54D5AB80B96/PatchQuery.log : <module 'GameScripts.Patchs.Patch_0-0-8-0' from 'Data\ScriptServices\Management\GameScripts.zip\GameScripts\Patchs\Patch_0-0-8-0.pyc'>
[2023-05-15 18:13:59,914][INFO] [2023-05-15 18:13:59.914000] C:/Users/joshu/Documents/BloodBowl2/Profiles/19E2D397987B4751DBC1F54D5AB80B96/PatchQuery.log : Updated DbVersion to 0.0.8.0
[2023-05-15 18:13:59,914][INFO] [2023-05-15 18:13:59.914000] C:/Users/joshu/Documents/BloodBowl2/Profiles/19E2D397987B4751DBC1F54D5AB80B96/PatchQuery.log : Applying {'obj': <GameScripts.Patchs.Patch_0-0-8-1.Patch instance at 0x53486DF0>, 'targets': ['Local', 'Test', 'Beta'], 'file': "<module 'GameScripts.Patchs.Patch_0-0-8-1' from 'Data\\ScriptServices\\Management\\GameScripts.zip\\GameScripts\\Patchs\\Patch_0-0-8-1.pyc'>"} <GameScripts.Patchs.Patch_0-0-8-1.Patch instance at 0x53486DF0>
[2023-05-15 18:13:59,914][INFO] [2023-05-15 18:13:59.915000] C:/Users/joshu/Documents/BloodBowl2/Profiles/19E2D397987B4751DBC1F54D5AB80B96/PatchQuery.log : <module 'GameScripts.Patchs.Patch_0-0-8-1' from 'Data\ScriptServices\Management\GameScripts.zip\GameScripts\Patchs\Patch_0-0-8-1.pyc'>
[2023-05-15 18:13:59,918][INFO] [2023-05-15 18:13:59.919000] C:/Users/joshu/Documents/BloodBowl2/Profiles/19E2D397987B4751DBC1F54D5AB80B96/PatchQuery.log : Updated DbVersion to 0.0.8.1
[2023-05-15 18:13:59,920][INFO] [2023-05-15 18:13:59.920000] C:/Users/joshu/Documents/BloodBowl2/Profiles/19E2D397987B4751DBC1F54D5AB80B96/PatchQuery.log : Applying {'obj': <GameScripts.Patchs.Patch_0-0-8-2.Patch instance at 0x53486FA8>, 'targets': ['Local', 'Test', 'Beta'], 'file': "<module 'GameScripts.Patchs.Patch_0-0-8-2' from 'Data\\ScriptServices\\Management\\GameScripts.zip\\GameScripts\\Patchs\\Patch_0-0-8-2.pyc'>"} <GameScripts.Patchs.Patch_0-0-8-2.Patch instance at 0x53486FA8>
[2023-05-15 18:13:59,920][INFO] [2023-05-15 18:13:59.920000] C:/Users/joshu/Documents/BloodBowl2/Profiles/19E2D397987B4751DBC1F54D5AB80B96/PatchQuery.log : <module 'GameScripts.Patchs.Patch_0-0-8-2' from 'Data\ScriptServices\Management\GameScripts.zip\GameScripts\Patchs\Patch_0-0-8-2.pyc'>
[2023-05-15 18:13:59,924][INFO] [2023-05-15 18:13:59.925000] C:/Users/joshu/Documents/BloodBowl2/Profiles/19E2D397987B4751DBC1F54D5AB80B96/PatchQuery.log : Updated DbVersion to 0.0.8.2
[2023-05-15 18:13:59,924][INFO] [2023-05-15 18:13:59.925000] C:/Users/joshu/Documents/BloodBowl2/Profiles/19E2D397987B4751DBC1F54D5AB80B96/PatchQuery.log : =======> Patch done from 0.0.7.7 to 0.0.8.2
[2023-05-15 18:13:59,924][DEBUG] [DB-PATCH] C:/Users/joshu/Documents/BloodBowl2/Campaign/Campaign.db : 0.0.7.7 to 0.0.8.2
[2023-05-15 18:13:59,927][DEBUG] No DataLoaded entry in config table
[2023-05-15 18:13:59,927][DEBUG] Create DataLoaded entry in config table {}
[2023-05-15 18:13:59,927][DEBUG] Config.json not yet loaded in the database ([])
[2023-05-15 18:13:59,927][DEBUG] Processing Config Table Import
[2023-05-15 18:13:59,937][DEBUG] No DataLoaded entry in config table
[2023-05-15 18:13:59,937][DEBUG] Create DataLoaded entry in config table {}
[2023-05-15 18:13:59,937][DEBUG] >>> GET HASH Config.json
[2023-05-15 18:13:59,937][DEBUG] Read DataLoaded entry in config table {u'Config.json': u'f855793c424e6f02af741f3bc2d6735b'}
[2023-05-15 18:13:59,937][DEBUG] PredefinedTeams.json not yet loaded in the database ([u'Config.json'])
[2023-05-15 18:13:59,937][DEBUG] Processing Predefined Teams Import
[2023-05-15 18:13:59,959][DEBUG] loader.PushRowsToDb()
[2023-05-15 18:14:00,232][DEBUG] Read DataLoaded entry in config table {u'Config.json': u'f855793c424e6f02af741f3bc2d6735b'}
[2023-05-15 18:14:00,232][DEBUG] >>> GET HASH PredefinedTeams.json
[2023-05-15 18:14:00,233][DEBUG] Read DataLoaded entry in config table {u'PredefinedTeams.json': u'885809befb30f679e1797aba7e8e9e02', u'Config.json': u'f855793c424e6f02af741f3bc2d6735b'}
[2023-05-15 18:14:00,233][DEBUG] RulesSchema.json not yet loaded in the database ([u'PredefinedTeams.json', u'Config.json'])
[2023-05-15 18:14:00,242][DEBUG] Read DataLoaded entry in config table {u'PredefinedTeams.json': u'885809befb30f679e1797aba7e8e9e02', u'Config.json': u'f855793c424e6f02af741f3bc2d6735b'}
[2023-05-15 18:14:00,242][DEBUG] >>> GET HASH RulesSchema.json
[2023-05-15 18:14:00,242][DEBUG] Processing Rules Tables Import
[2023-05-15 18:14:01,079][DEBUG] Read DataLoaded entry in config table {u'PredefinedTeams.json': u'885809befb30f679e1797aba7e8e9e02', u'RulesSchema.json': u'74b4c1e6d383823b584f4a44f2ddb8e6', u'Config.json': u'f855793c424e6f02af741f3bc2d6735b'}
[2023-05-15 18:14:01,079][DEBUG] >>> GET HASH Rules.json
[2023-05-15 18:14:01,082][DEBUG] Read DataLoaded entry in config table {u'RulesSchema.json': u'74b4c1e6d383823b584f4a44f2ddb8e6', u'PredefinedTeams.json': u'885809befb30f679e1797aba7e8e9e02', u'Config.json': u'f855793c424e6f02af741f3bc2d6735b', u'Rules.json': u'73ef958f5b695d82895f06d81ccceec0'}
[2023-05-15 18:14:01,082][DEBUG] Locas.json not yet loaded in the database ([u'RulesSchema.json', u'PredefinedTeams.json', u'Config.json', u'Rules.json'])
[2023-05-15 18:14:01,082][DEBUG] Processing Loca Table Import
[2023-05-15 18:14:01,206][DEBUG] Read DataLoaded entry in config table {u'RulesSchema.json': u'74b4c1e6d383823b584f4a44f2ddb8e6', u'PredefinedTeams.json': u'885809befb30f679e1797aba7e8e9e02', u'Config.json': u'f855793c424e6f02af741f3bc2d6735b', u'Rules.json': u'73ef958f5b695d82895f06d81ccceec0'}
[2023-05-15 18:14:01,207][DEBUG] >>> GET HASH Locas.json
[2023-05-15 18:14:01,207][DEBUG] Read DataLoaded entry in config table {u'Locas.json': u'1305c3ca288d3d42cbe6d86d9fc74861', u'PredefinedTeams.json': u'885809befb30f679e1797aba7e8e9e02', u'RulesSchema.json': u'74b4c1e6d383823b584f4a44f2ddb8e6', u'Config.json': u'f855793c424e6f02af741f3bc2d6735b', u'Rules.json': u'73ef958f5b695d82895f06d81ccceec0'}
[2023-05-15 18:14:01,207][DEBUG] Achievements.json not yet loaded in the database ([u'Locas.json', u'PredefinedTeams.json', u'RulesSchema.json', u'Config.json', u'Rules.json'])
[2023-05-15 18:14:01,207][DEBUG] Processing Achs Table Import
[2023-05-15 18:14:01,210][DEBUG] Read DataLoaded entry in config table {u'Locas.json': u'1305c3ca288d3d42cbe6d86d9fc74861', u'PredefinedTeams.json': u'885809befb30f679e1797aba7e8e9e02', u'RulesSchema.json': u'74b4c1e6d383823b584f4a44f2ddb8e6', u'Config.json': u'f855793c424e6f02af741f3bc2d6735b', u'Rules.json': u'73ef958f5b695d82895f06d81ccceec0'}
[2023-05-15 18:14:01,210][DEBUG] >>> GET HASH Achievements.json
[2023-05-15 18:14:01,210][DEBUG] Read DataLoaded entry in config table {u'PredefinedTeams.json': u'885809befb30f679e1797aba7e8e9e02', u'Rules.json': u'73ef958f5b695d82895f06d81ccceec0', u'RulesSchema.json': u'74b4c1e6d383823b584f4a44f2ddb8e6', u'Locas.json': u'1305c3ca288d3d42cbe6d86d9fc74861', u'Achievements.json': u'2ddac83c68370025e774bd27e6d5394c', u'Config.json': u'f855793c424e6f02af741f3bc2d6735b'}
[2023-05-15 18:14:01,210][DEBUG] Challenge.json not yet loaded in the database ([u'PredefinedTeams.json', u'Rules.json', u'RulesSchema.json', u'Locas.json', u'Achievements.json', u'Config.json'])
[2023-05-15 18:14:01,210][DEBUG] Processing Challenge List Table Import
[2023-05-15 18:14:01,211][DEBUG] Read DataLoaded entry in config table {u'PredefinedTeams.json': u'885809befb30f679e1797aba7e8e9e02', u'Rules.json': u'73ef958f5b695d82895f06d81ccceec0', u'RulesSchema.json': u'74b4c1e6d383823b584f4a44f2ddb8e6', u'Locas.json': u'1305c3ca288d3d42cbe6d86d9fc74861', u'Achievements.json': u'2ddac83c68370025e774bd27e6d5394c', u'Config.json': u'f855793c424e6f02af741f3bc2d6735b'}
[2023-05-15 18:14:01,211][DEBUG] >>> GET HASH Challenge.json
[2023-05-15 18:14:01,213][DEBUG] Path : C:/Users/joshu/Documents/BloodBowl2/Profiles/19E2D397987B4751DBC1F54D5AB80B96/ManagementLocal/ManagementOnline_Prod.db
[2023-05-15 18:14:01,216][DEBUG] Path : C:/Users/joshu/Documents/BloodBowl2/Campaign/Campaign.db
[2023-05-15 18:14:01,280][INFO] BB-Lobby Messages serialization uses : BBMessages.MessageElementTree2
[2023-05-15 18:14:01,282][INFO] Lobby    Messages serialization uses : Messages.MessageElementTree2
[2023-05-15 18:14:01,282][INFO] DB uses Guid
[2023-05-15 18:14:01,282][INFO] Setting DB guid : 758e11107bbfecbfcadebc820ccb49ed
[2023-05-15 18:14:01,362][INFO] Mounting Gdk Package File Data\Packages\_Data_Game_0.cpk
[2023-05-15 18:14:01,362][INFO] Package File Data\Packages\_Data_Game_0.cpk - GZip Format
[2023-05-15 18:14:01,365][INFO] Mounted Gdk Package File Data\Packages\_Data_Game_0.cpk
[2023-05-15 18:14:01,368][INFO] GetDirectoryContent From Package : ./Data/Race
[2023-05-15 18:14:01,368][INFO] Loading : chaos.xml
[2023-05-15 18:14:01,368][INFO] GetFileData From Package : ./Data/Race/chaos.xml
[2023-05-15 18:14:01,371][INFO] Loading : mercenaryaristo.xml
[2023-05-15 18:14:01,371][INFO] GetFileData From Package : ./Data/Race/mercenaryaristo.xml
[2023-05-15 18:14:01,372][INFO] Loading : chaosdwarf.xml
[2023-05-15 18:14:01,372][INFO] GetFileData From Package : ./Data/Race/chaosdwarf.xml
[2023-05-15 18:14:01,375][INFO] Loading : mercenaryelf.xml
[2023-05-15 18:14:01,375][INFO] GetFileData From Package : ./Data/Race/mercenaryelf.xml
[2023-05-15 18:14:01,375][INFO] Loading : khemri.xml
[2023-05-15 18:14:01,377][INFO] GetFileData From Package : ./Data/Race/khemri.xml
[2023-05-15 18:14:01,377][INFO] Loading : mercenarygoodguys.xml
[2023-05-15 18:14:01,378][INFO] GetFileData From Package : ./Data/Race/mercenarygoodguys.xml
[2023-05-15 18:14:01,378][INFO] Loading : kislev.xml
[2023-05-15 18:14:01,378][INFO] GetFileData From Package : ./Data/Race/kislev.xml
[2023-05-15 18:14:01,381][INFO] Loading : woodelf.xml
[2023-05-15 18:14:01,381][INFO] GetFileData From Package : ./Data/Race/woodelf.xml
[2023-05-15 18:14:01,382][INFO] Loading : dwarf.xml
[2023-05-15 18:14:01,382][INFO] GetFileData From Package : ./Data/Race/dwarf.xml
[2023-05-15 18:14:01,384][INFO] Loading : highelf.xml
[2023-05-15 18:14:01,384][INFO] GetFileData From Package : ./Data/Race/highelf.xml
[2023-05-15 18:14:01,387][INFO] Loading : goblin.xml
[2023-05-15 18:14:01,387][INFO] GetFileData From Package : ./Data/Race/goblin.xml
[2023-05-15 18:14:01,388][INFO] Loading : extra.xml
[2023-05-15 18:14:01,388][INFO] GetFileData From Package : ./Data/Race/extra.xml
[2023-05-15 18:14:01,388][ERROR] Airoster : File extra.xml No logo element
[2023-05-15 18:14:01,388][ERROR] Airoster : No prebuild team for race : Extra
[2023-05-15 18:14:01,388][INFO] Loading : common.xml
[2023-05-15 18:14:01,390][INFO] GetFileData From Package : ./Data/Race/common.xml
[2023-05-15 18:14:01,390][ERROR] Airoster : File common.xml No logo element
[2023-05-15 18:14:01,390][INFO] Airoster : Skipping : common
[2023-05-15 18:14:01,390][INFO] Loading : nurgle.xml
[2023-05-15 18:14:01,390][INFO] GetFileData From Package : ./Data/Race/nurgle.xml
[2023-05-15 18:14:01,392][INFO] Loading : proelf.xml
[2023-05-15 18:14:01,392][INFO] GetFileData From Package : ./Data/Race/proelf.xml
[2023-05-15 18:14:01,394][INFO] Loading : darkelf.xml
[2023-05-15 18:14:01,394][INFO] GetFileData From Package : ./Data/Race/darkelf.xml
[2023-05-15 18:14:01,395][INFO] Loading : mercenaryundead.xml
[2023-05-15 18:14:01,395][INFO] GetFileData From Package : ./Data/Race/mercenaryundead.xml
[2023-05-15 18:14:01,397][INFO] Loading : bretonnia.xml
[2023-05-15 18:14:01,397][INFO] GetFileData From Package : ./Data/Race/bretonnia.xml
[2023-05-15 18:14:01,398][INFO] Loading : undead.xml
[2023-05-15 18:14:01,398][INFO] GetFileData From Package : ./Data/Race/undead.xml
[2023-05-15 18:14:01,400][INFO] Loading : item.xml
[2023-05-15 18:14:01,400][INFO] GetFileData From Package : ./Data/Race/item.xml
[2023-05-15 18:14:01,400][ERROR] Airoster : File item.xml No logo element
[2023-05-15 18:14:01,401][INFO] Airoster : Skipping : item
[2023-05-15 18:14:01,401][INFO] Loading : orc.xml
[2023-05-15 18:14:01,401][INFO] GetFileData From Package : ./Data/Race/orc.xml
[2023-05-15 18:14:01,401][INFO] Loading : mercenarystunty.xml
[2023-05-15 18:14:01,401][INFO] GetFileData From Package : ./Data/Race/mercenarystunty.xml
[2023-05-15 18:14:01,404][INFO] Loading : mercenaryeasterners.xml
[2023-05-15 18:14:01,404][INFO] GetFileData From Package : ./Data/Race/mercenaryeasterners.xml
[2023-05-15 18:14:01,404][ERROR] Airoster Race : MercenaryEasterners Failed Element :Player
[2023-05-15 18:14:01,404][ERROR] Airoster Race : MercenaryEasterners Failed Element :Player
[2023-05-15 18:14:01,404][INFO] Loading : starplayer.xml
[2023-05-15 18:14:01,405][INFO] GetFileData From Package : ./Data/Race/starplayer.xml
[2023-05-15 18:14:01,417][ERROR] Airoster : File starplayer.xml No logo element
[2023-05-15 18:14:01,417][ERROR] Airoster : No prebuild team for race : StarPlayer
[2023-05-15 18:14:01,418][INFO] Loading : halfling.xml
[2023-05-15 18:14:01,418][INFO] GetFileData From Package : ./Data/Race/halfling.xml
[2023-05-15 18:14:01,420][INFO] Loading : slaanesh.xml
[2023-05-15 18:14:01,420][INFO] GetFileData From Package : ./Data/Race/slaanesh.xml
[2023-05-15 18:14:01,421][INFO] Airoster : Skipping : slaanesh
[2023-05-15 18:14:01,421][INFO] Loading : mercenarychaos.xml
[2023-05-15 18:14:01,421][INFO] GetFileData From Package : ./Data/Race/mercenarychaos.xml
[2023-05-15 18:14:01,423][INFO] Loading : mercenaryexplorers.xml
[2023-05-15 18:14:01,423][INFO] GetFileData From Package : ./Data/Race/mercenaryexplorers.xml
[2023-05-15 18:14:01,424][INFO] Loading : mercenarychaosgods.xml
[2023-05-15 18:14:01,424][INFO] GetFileData From Package : ./Data/Race/mercenarychaosgods.xml
[2023-05-15 18:14:01,424][INFO] Loading : underworld.xml
[2023-05-15 18:14:01,424][INFO] GetFileData From Package : ./Data/Race/underworld.xml
[2023-05-15 18:14:01,427][INFO] Loading : khorne.xml
[2023-05-15 18:14:01,428][INFO] GetFileData From Package : ./Data/Race/khorne.xml
[2023-05-15 18:14:01,430][INFO] Airoster : Skipping : khorne
[2023-05-15 18:14:01,430][INFO] Loading : human.xml
[2023-05-15 18:14:01,430][INFO] GetFileData From Package : ./Data/Race/human.xml
[2023-05-15 18:14:01,431][INFO] Loading : neutre.xml
[2023-05-15 18:14:01,431][INFO] GetFileData From Package : ./Data/Race/neutre.xml
[2023-05-15 18:14:01,431][INFO] Airoster : Skipping : neutre
[2023-05-15 18:14:01,431][INFO] Loading : vampire.xml
[2023-05-15 18:14:01,431][INFO] GetFileData From Package : ./Data/Race/vampire.xml
[2023-05-15 18:14:01,433][INFO] Loading : mercenarysavage.xml
[2023-05-15 18:14:01,433][INFO] GetFileData From Package : ./Data/Race/mercenarysavage.xml
[2023-05-15 18:14:01,434][ERROR] Airoster Race : MercenarySavage Failed Element :Player
[2023-05-15 18:14:01,434][INFO] Loading : norse.xml
[2023-05-15 18:14:01,434][INFO] GetFileData From Package : ./Data/Race/norse.xml
[2023-05-15 18:14:01,437][INFO] Loading : skaven.xml
[2023-05-15 18:14:01,437][INFO] GetFileData From Package : ./Data/Race/skaven.xml
[2023-05-15 18:14:01,440][INFO] Loading : lizardman.xml
[2023-05-15 18:14:01,440][INFO] GetFileData From Package : ./Data/Race/lizardman.xml
[2023-05-15 18:14:01,441][INFO] Loading : necromantic.xml
[2023-05-15 18:14:01,441][INFO] GetFileData From Package : ./Data/Race/necromantic.xml
[2023-05-15 18:14:01,443][INFO] Loading : ogre.xml
[2023-05-15 18:14:01,443][INFO] GetFileData From Package : ./Data/Race/ogre.xml
[2023-05-15 18:14:01,444][INFO] Loading : amazon.xml
[2023-05-15 18:14:01,444][INFO] GetFileData From Package : ./Data/Race/amazon.xml
[2023-05-15 18:14:01,446][INFO] Loading : allstars.xml
[2023-05-15 18:14:01,446][INFO] GetFileData From Package : ./Data/Race/allstars.xml
[2023-05-15 18:14:01,447][ERROR] Airoster : File allstars.xml No logo element
[2023-05-15 18:14:01,447][ERROR] Airoster : No prebuild team for race : AllStars
[2023-05-15 18:14:01,447][INFO] Loading : mercenaryhuman.xml
[2023-05-15 18:14:01,447][INFO] GetFileData From Package : ./Data/Race/mercenaryhuman.xml
[2023-05-15 18:14:01,500][INFO] PyLobby Starting
[2023-05-15 18:14:01,500][INFO] [EmbeddedMessageService::2::Management] Server Starting
[2023-05-15 18:14:01,500][INFO] [EmbeddedMessageService::2::Management] Started looping call :ParamsUpdater
[2023-05-15 18:14:01,500][INFO] [EmbeddedMessageService::2::Management] Started looping call :ReloadConfig
[2023-05-15 18:14:01,500][INFO] [EmbeddedMessageService::2::Management] Started looping call :ClientKeepAlive
[2023-05-15 18:14:01,500][INFO] [EmbeddedMessageService::2::Management] Started looping call :ReliableNotifications.Notifier
[2023-05-15 18:14:01,502][INFO] [EmbeddedMessageService::2::Management] Server Started
[2023-05-15 18:14:01,502][INFO] Server Started on port : 1337
[2023-05-15 18:14:01,502][INFO] DB Main Database Config : SqlLite Connection - Path : C:/Users/joshu/Documents/BloodBowl2/Profiles/19E2D397987B4751DBC1F54D5AB80B96/ManagementLocal/ManagementOnline_Prod.db
[2023-05-15 18:14:01,502][INFO] EmbeddedServerScheduler.RegisterService(Management) 
[2023-05-15 18:14:01,596][INFO] User : TIKI47 (358539) has loggued
[2023-05-15 18:14:01,792][INFO] AiRosters.DLCOwnedRaces: [1L, 4L, 2L, 3L, 15L, 9L, 24L, 8L, 7L, 5L, 12L, 10L, 17L, 18L, 16L, 21L, 13L, 20L, 25L, 6L, 11L, 22L, 19L, 14L, 30L, 38L, 33L, 42L, 32L, 41L, 40L, 36L, 34L, 35L, 37L, 39L]
