[5728] [NRM] [VoiceChat] [External(0)] [External()] [2023-11-13T03:24:28.928Z]: ==[VC] Client initialized
[5728] [NRM] [VoiceChat] [External(0)] [External()] [2023-11-13T03:24:30.678Z]: ==[VC] Devices started
[5728] [NRM] [VoiceChat] [External(0)] [External()] [2023-11-13T03:24:30.680Z]: ==[VC] SetTargetOutputDevice LG-BDHT (NVIDIA High Definition Audio)
[5728] [NRM] [VoiceChat] [External(0)] [External()] [2023-11-13T03:24:30.681Z]: ==[VC] SetTargetInputDevice Headset Microphone (CORSAIR VOID ELITE Wireless Gaming Headset)
[5728] [NRM] [VoiceChat] [External(0)] [External()] [2023-11-13T03:24:30.681Z]: ==[VC] Client started
[5728] [NRM] [VoiceChat] [External(0)] [External()] [2023-11-13T03:24:30.775Z]: #=[VC] ResponseGetOutputDevices 01 0(0:811c9dc5) (Default System Device|Default System Device) ({0.0.0.00000000}.{9e9886f4-f8d5-4a3e-99d9-5faf8651f18d}|LG-BDHT (NVIDIA High Definition Audio)) ({0.0.0.00000000}.{9e9886f4-f8d5-4a3e-99d9-5faf8651f18d}|LG-BDHT (NVIDIA High Definition Audio)) ({0.0.0.00000000}.{6b3f00ee-40e2-4f83-8003-f20266d269fd}|Headset Earphone (CORSAIR VOID ELITE Wireless Gaming Headset))
[5728] [NRM] [VoiceChat] [External(0)] [External()] [2023-11-13T03:24:30.775Z]: ==[VC] Output devices added [(Default Communication Device|Default Communication Device),(Default System Device|Default System Device),(No Device|No Device),({0.0.0.00000000}.{6b3f00ee-40e2-4f83-8003-f20266d269fd}|Headset Earphone (CORSAIR VOID ELITE Wireless Gaming Headset)),({0.0.0.00000000}.{7c81aa41-1945-4ae8-b5da-f60140e110a7}|27GN7 (NVIDIA High Definition Audio)),({0.0.0.00000000}.{9e9886f4-f8d5-4a3e-99d9-5faf8651f18d}|LG-BDHT (NVIDIA High Definition Audio))]
[5728] [NRM] [VoiceChat] [External(0)] [External()] [2023-11-13T03:24:30.777Z]: ==[VC] SetTargetOutputDevice LG-BDHT (NVIDIA High Definition Audio)
[5728] [NRM] [VoiceChat] [External(0)] [External()] [2023-11-13T03:24:30.779Z]: ==[VC] SetTargetInputDevice Headset Microphone (CORSAIR VOID ELITE Wireless Gaming Headset)
[5728] [NRM] [VoiceChat] [External(0)] [External()] [2023-11-13T03:24:30.779Z]: ==[VC] New active output device (Default System Device|Default System Device)
[5728] [NRM] [VoiceChat] [External(0)] [External()] [2023-11-13T03:24:30.809Z]: #=[VC] ResponseGetInputDevices 01 0(0:811c9dc5) (Default System Device|Default System Device) ({0.0.1.00000000}.{bb24f033-ab6f-46f5-89c0-e79d40d5f3b8}|Headset Microphone (CORSAIR VOID ELITE Wireless Gaming Headset)) ({0.0.1.00000000}.{bb24f033-ab6f-46f5-89c0-e79d40d5f3b8}|Headset Microphone (CORSAIR VOID ELITE Wireless Gaming Headset)) ({0.0.1.00000000}.{bb24f033-ab6f-46f5-89c0-e79d40d5f3b8}|Headset Microphone (CORSAIR VOID ELITE Wireless Gaming Headset))
[5728] [NRM] [VoiceChat] [External(0)] [External()] [2023-11-13T03:24:30.809Z]: ==[VC] Input devices added [(Default Communication Device|Default Communication Device),(Default System Device|Default System Device),(No Device|No Device),({0.0.1.00000000}.{413a4cfa-7d75-4000-90e7-38f7be1ed710}|Microphone (Razer Seiren X)),({0.0.1.00000000}.{bb24f033-ab6f-46f5-89c0-e79d40d5f3b8}|Headset Microphone (CORSAIR VOID ELITE Wireless Gaming Headset))]
[5728] [NRM] [VoiceChat] [External(0)] [External()] [2023-11-13T03:24:30.811Z]: ==[VC] SetTargetOutputDevice LG-BDHT (NVIDIA High Definition Audio)
[5728] [NRM] [VoiceChat] [External(0)] [External()] [2023-11-13T03:24:30.812Z]: ==[VC] SetTargetInputDevice Headset Microphone (CORSAIR VOID ELITE Wireless Gaming Headset)
[5728] [NRM] [VoiceChat] [External(0)] [External()] [2023-11-13T03:24:30.812Z]: ==[VC] New active input device (Default System Device|Default System Device)
[5728] [NRM] [VoiceChat] [External(0)] [External()] [2023-11-13T03:24:30.892Z]: #=[VC] ResponseGetOutputDevices 01 0(0:811c9dc5) (Default System Device|Default System Device) ({0.0.0.00000000}.{9e9886f4-f8d5-4a3e-99d9-5faf8651f18d}|LG-BDHT (NVIDIA High Definition Audio)) ({0.0.0.00000000}.{9e9886f4-f8d5-4a3e-99d9-5faf8651f18d}|LG-BDHT (NVIDIA High Definition Audio)) ({0.0.0.00000000}.{6b3f00ee-40e2-4f83-8003-f20266d269fd}|Headset Earphone (CORSAIR VOID ELITE Wireless Gaming Headset))
[5728] [NRM] [VoiceChat] [External(0)] [External()] [2023-11-13T03:24:30.930Z]: #=[VC] ResponseGetInputDevices 01 0(0:811c9dc5) (Default System Device|Default System Device) ({0.0.1.00000000}.{bb24f033-ab6f-46f5-89c0-e79d40d5f3b8}|Headset Microphone (CORSAIR VOID ELITE Wireless Gaming Headset)) ({0.0.1.00000000}.{bb24f033-ab6f-46f5-89c0-e79d40d5f3b8}|Headset Microphone (CORSAIR VOID ELITE Wireless Gaming Headset)) ({0.0.1.00000000}.{bb24f033-ab6f-46f5-89c0-e79d40d5f3b8}|Headset Microphone (CORSAIR VOID ELITE Wireless Gaming Headset))
[5728] [NRM] [VoiceChat] [External(0)] [External()] [2023-11-13T03:24:30.978Z]: ==[VC] RequestSetActiveOutputDevice ({0.0.0.00000000}.{9e9886f4-f8d5-4a3e-99d9-5faf8651f18d}|LG-BDHT (NVIDIA High Definition Audio))
[5728] [NRM] [VoiceChat] [External(0)] [External()] [2023-11-13T03:24:30.978Z]: ==[VC] RequestSetActiveInputDevice ({0.0.1.00000000}.{bb24f033-ab6f-46f5-89c0-e79d40d5f3b8}|Headset Microphone (CORSAIR VOID ELITE Wireless Gaming Headset))
[5728] [NRM] [VoiceChat] [External(0)] [External()] [2023-11-13T03:24:31.012Z]: #=[VC] ResponseSetActiveOutputDevice 02 0(0:811c9dc5) 
[5728] [NRM] [VoiceChat] [External(0)] [External()] [2023-11-13T03:24:31.012Z]: ==[VC] New active output device ({0.0.0.00000000}.{9e9886f4-f8d5-4a3e-99d9-5faf8651f18d}|LG-BDHT (NVIDIA High Definition Audio))
[5728] [NRM] [VoiceChat] [External(0)] [External()] [2023-11-13T03:24:31.012Z]: #=[VC] ResponseSetActiveInputDevice 02 0(0:811c9dc5) 
[5728] [NRM] [VoiceChat] [External(0)] [External()] [2023-11-13T03:24:31.012Z]: ==[VC] New active input device ({0.0.1.00000000}.{bb24f033-ab6f-46f5-89c0-e79d40d5f3b8}|Headset Microphone (CORSAIR VOID ELITE Wireless Gaming Headset))
[5728] [NRM] [VoiceChat] [External(0)] [External()] [2023-11-13T03:24:36.779Z]: #=[VC] Auto-Join Enabled Flags 0000 -> 0005
[5728] [NRM] [VoiceChat] [External(0)] [External()] [2023-11-13T03:24:36.779Z]: #=[VC] Channel Enabled Flags 0000 -> 0005
[5728] [NRM] [VoiceChat] [External(0)] [External()] [2023-11-13T03:32:35.614Z]: #=[VC] Auto-Join Enabled Flags 0005 -> 0000
[5728] [NRM] [VoiceChat] [External(0)] [External()] [2023-11-13T03:32:35.614Z]: #=[VC] Channel Enabled Flags 0005 -> 0000
[5728] [NRM] [VoiceChat] [External(0)] [External()] [2023-11-13T03:32:36.112Z]: ==[VC] Request stop
[5728] [NRM] [VoiceChat] [External(0)] [External()] [2023-11-13T03:32:36.112Z]: ==[VC] Cancel all queued trackers 0
[5728] [NRM] [VoiceChat] [External(0)] [External()] [2023-11-13T03:32:36.118Z]: ==[VC] Stop complete
