Log: Log file open, 28/10/2023 13:21:45
Log: GPsyonixBuildID 231010.63095.433650
Log: Command line: -AUTH_LOGIN=unused -AUTH_PASSWORD=e19edd1d9e0043c28e11577500af6cbf -AUTH_TYPE=exchangecode -epicapp=Sugar -epicenv=Prod -EpicPortal  -epicusername="TIKI_THEGREAT" -epicuserid=8b0842d692fa4376be289341c7d7187a -epiclocale=en -epicsandboxid=9773aa1aa54f4f7b80e44bef04986cea
Init: WinSock: version 1.1 (2.2), MaxSocks=32767, MaxUdp=65467
Log:  ... running in INSTALLED mode
Init: Language extension: INT
Init: Language extension: INT
DevConfig: GConfig::LoadFile associated file:  ..\..\TAGame\Config\TAUI.ini
Init: Version: 231010.63095.433650
Init: Compiled (64-bit): Oct 10 2023 18:07:06
Init: Command line: -AUTH_LOGIN=unused -AUTH_PASSWORD=e19edd1d9e0043c28e11577500af6cbf -AUTH_TYPE=exchangecode -epicapp=Sugar -epicenv=Prod -EpicPortal  -epicusername="TIKI_THEGREAT" -epicuserid=8b0842d692fa4376be289341c7d7187a -epiclocale=en -epicsandboxid=9773aa1aa54f4f7b80e44bef04986cea
Init: Base directory: C:\Program Files\Epic Games\rocketleague\Binaries\Win64\
[0001.02] Log: Purging 30-day cache '..\..\TAGame\Cache\WebCache\*.*'...
[0001.02] Log: Purging 7-day cache '..\..\TAGame\Logs\*.dmp'...
[0001.02] Log: Purging 3-day cache '..\..\TAGame\Logs\*.log'...
[0001.03] Init: Computer: DESKTOP-PD8JD65
[0001.03] Init: User: joshu
[0001.03] Init: CPU Page size=4096, Processors=24
[0001.03] Init: High frequency timer resolution =10.000000 MHz
[0001.03] Init: Memory total: Physical=63.9GB (64GB approx) Pagefile=67.9GB Virtual=131072.0GB
[0001.03] Init: Presizing for 138000 objects not considered by GC, pre-allocating 0 bytes.
[0001.03] Init: Object subsystem initialized
[0001.07] Log: Using feature set PrimeUpdate46
[0001.08] Log: FOnlineSubsystemEOS: EOS version = 1.13.0-24551320
[0001.08] DevOnline: EOS Platform CacheDirectory=C:\Users\joshu\AppData\Local\Rocket League\
[0001.81] Log: Found D3D11 adapter 0: NVIDIA GeForce RTX 3070 Ti
[0001.81] Log: Adapter has 8031MB of dedicated video memory, 0MB of dedicated system memory, and 32723MB of shared system memory
[0001.97] Log: Found D3D11 adapter 1: NVIDIA GeForce RTX 3070 Ti
[0001.97] Log: Adapter has 8031MB of dedicated video memory, 0MB of dedicated system memory, and 32723MB of shared system memory
[0002.01] Log: Found D3D11 adapter 2: Microsoft Basic Render Driver
[0002.01] Log: Adapter has 0MB of dedicated video memory, 0MB of dedicated system memory, and 32723MB of shared system memory
[0002.01] Log: Shader platform (RHI): PC-D3D-SM5
[0002.05] Breadcrumbs: Startup_PreInit: 2.054
[0002.07] Breadcrumbs: Startup_LoadGlobalShaders: 0.014
[0005.21] Log: ProductDatabase_TA::InitProductLabels  0.01 sec total.
[0005.25] Log: ProductDatabase_TA::UpdateAvailableProducts  0.04 sec total.
[0005.25] Breadcrumbs: Startup_LoadScriptPackages: 3.187
[0005.72] Breadcrumbs: Startup_LoadNonNativePackages: 0.470
[0005.73] Log: 142267 objects as part of root set at end of initial load.
[0005.73] Log: 0 out of 0 bytes used by permanent object pool.
[0005.73] Log: ShaderCache load stats: AccumLoadSeconds=(2.179) ShadersLoaded=(370260) Duplicates=(22208)
[0005.73] Log: Initializing Engine...
[0005.73] Log: BuildID: 973704684 from GPsyonixBuildID
[0005.82] SystemSettings: Loading PC Settings
[0005.83] Breadcrumbs: Startup_BuildGuidCache: 0.102
[0005.85] Log: Running hardware survey...
[0005.85] Log: Wwise(R) SDK Version 2019.1.1 Build 6977. Copyright (c) 2006-2012 Audiokinetic Inc. / All Rights Reserved.
[0006.77] Log: OS: Microsoft Windows 11 Pro  (22621)
[0006.77] Log: WinSAT: 9.4 [9.5 CPU, 9.9 2D, 9.9 3D, 9.5 Mem, 9.4 Disk]
[0006.77] Log: Processor: AMD Ryzen 9 5900X 12-Core Processor             (AMD64 Family 25 Model 33 Stepping 2) 12 Cores, 24 Threads
[0006.77] Log: Memory: 16.00GB
[0006.77] Log: Memory: 16.00GB
[0006.77] Log: Memory: 16.00GB
[0006.77] Log: Memory: 16.00GB
[0006.77] Log: VideoController: NVIDIA GeForce RTX 3070 Ti (31.0.15.3758)
[0006.77] Log: VideoController: Citrix Indirect Display Adapter (12.40.44.247)
[0006.77] Log: Network Adapter: Realtek Gaming 2.5GbE Family Controller
[0006.77] Log: Disk C: 841.27GB free of 1862.34GB
[0006.77] Log: Disk D: 318.71GB free of 1862.98GB
[0006.77] Log: Sound Device: USB Audio Device
[0006.77] Log: Sound Device: CORSAIR VOID ELITE Wireless Gaming Headset
[0006.77] Log: Sound Device: Sonic Studio Virtual Mixer
[0006.77] Log: Sound Device: NVIDIA Virtual Audio Device (Wave Extensible) (WDM)
[0006.77] Log: Sound Device: Realtek High Definition Audio
[0006.77] Log: Sound Device: USB Audio Device
[0006.77] Log: Sound Device: NVIDIA High Definition Audio
[0006.77] Log: Hardware survey complete in 0.53 seconds.
[0006.77] Breadcrumbs: Startup_ClientInit: 0.940
[0007.63] Log: Detected 1 GPUs for rendering
[0007.66] Breadcrumbs: Startup_CreateViewport: 0.891
[0007.66] DevOnline: Created named interface (RecentPlayersList) of type (Engine.OnlineRecentPlayersList)
[0007.74] EOSGameClips: EOSGameClips: Activate called successfully.
[0007.74] EOSGameClips: EOSGameClips: Audio initialized successfully.
[0007.74] EOSGameClips: EOSGameClips: Subscribed to game clips status events successfully.
[0007.74] EOSGameClips: EOSGameClips: Subscribed to user status events successfully.
[0007.74] EOSGameClips: EOSGameClips: Successfully initialized!
[0007.74] ScriptLog: PsyNet using environment DBE_Production Prod
[0007.74] EngagementEvents: Apply  called. Number of engagement events =  0
[0007.74] EngagementEvents: EngagementEventIcons disabled
[0007.74] PsyNet: PsyNetConnection_X_0 disabled OSCS_ServiceUnavailable
[0007.74] PsyNetStaticData: HandleCacheExpired
[0007.74] PsyNetStaticData: HandleGetURL URL=(https://config.psynet.gg/v2/Config/BattleCars/973704684/Prod/Epic/INT/)
[0007.74] PsyNetStaticData: Blocking sync start
[0007.74] DevOnline: WebRequest_X_0 SEND: https://config.psynet.gg/v2/Config/BattleCars/973704684/Prod/Epic/INT/
[0007.91] DevOnline: WebRequest_X_0 RECV: 304 
[0007.92] PsyNetStaticData: Blocking sync complete. Elapsed=0.1735
[0007.92] PsyNetStaticData: HandleDataChanged
[0007.92] EngagementEvents: Apply  called. Number of engagement events =  1
[0007.92] EngagementEvents: Engagement Event: Start Time =  1695754800  End Time =  1696986000
[0007.92] EngagementEvents: UpdateEventsCurrentTime  NextEventTime =  0
[0007.96] Log: ProductDatabase_TA::UpdateAvailableProducts  0.04 sec total.
[0008.58] Log: ProductDatabase_TA::InitProductLabels  0.01 sec total.
[0008.58] PsyNet: PsyNetConnection_X_0 enabled
[0008.60] PsyNetStaticData: UpdateCacheTimerEnabled CacheTimer.bEnabled=(True)
[0008.60] EOSGameClips: Construct Constructed EOSGameClipsManager_TA. Self=(EOSGameClipsManager_TA_0)
[0008.60] AuthPsyNetVerbose: New auth error. Error 'OSCS_NotConnected'
[0008.60] AuthPsyNetVerbose: OnlinePlayerAuthentication_TA_0 None Unknown|0|0 Logout
[0008.60] PsyNet: PsyNetConnection_X_1 disabled OSCS_NotConnected
[0008.60] AuthPsyNetVerbose: PsyNet connection status changed. Error 'OSCS_NotConnected'
[0008.60] AuthPsyNetVerbose: New auth error. Error 'OSCS_NotConnected'
[0008.60] AuthPsyNetVerbose: OnlinePlayerAuthentication_TA_0 LoggedOut Unknown|0|0 Logout
[0008.60] AuthPlatformCritical: Initiating auth. Player num '0', Name '', Password length '0'
[0008.60] ScriptLog: HandleBlockListStatusCreated Status=(PlatformBlockListStatus_0) ControllerId=(0)
[0008.60] AuthEpicCritical: Sending Eos login request with Credentials '{Version '3', Id Length '2', Token Length '32', Type 'EOS_LCT_ExchangeCode', SystemAuthCredentialsOptions null? 'Null', ExternalType 'EOS_ECT_EPIC'}'
[0008.60] SaveGame: Load Player.ControllerId=(0) SaveFileName=(..\..\TAGame\SaveDataEpic\DBE_Production\8b0842d692fa4376be289341c7d7187a.save)
[0008.60] Breadcrumbs: Startup_InitOnlineSubsystem: 0.947
[0008.61] DevNet: Browse: MENU_Main_p
[0008.62] Log: LoadMap: MENU_Main_p
[0008.62] Exit: XAudio2 Device shut down.
[0008.64] Log: Fully load package: ..\..\TAGame\CookedPCConsole\GameInfo_GFxMenu_SF.upk
[0008.65] Log: Fully load package: ..\..\TAGame\CookedPCConsole\GFxSounds_MainMenu_SF.upk
[0008.65] Log: Fully load package: ..\..\TAGame\CookedPCConsole\GFX_StartMenu_SF.upk
[0008.74] Log: Fully load package: ..\..\TAGame\CookedPCConsole\GFX_MainMenu_SF.upk
[0008.80] Log: Game class is 'GameInfo_GFxMenu_TA'
[0008.83] Log: Bringing World menu_main_p.TheWorld up for play (0) at 2023.10.28-13.21.53
[0008.83] Log: Flushing async loaders.
[0008.99] Log: Flushed async loaders.
[0008.99] Log: Bringing up level for play took: 0.180484
[0009.28] Log: ########### Finished loading level: 0.662336 seconds
[0009.29] Breadcrumbs: Startup_Browse: 0.683
[0009.29] Log: Initializing Engine Completed
[0009.29] Breadcrumbs: Startup_Total: 9.289
[0009.31] DevOnline: EOSSDK-LogEOSGameClips: Probing for recording system availability.
[0009.31] DevOnline: WebRequest_X_1 SEND: https://rl-cdn.psyonix.com/SpecialEvent/Images/HauntedHallows/2023/RL_HH2023_Event-Screen_logo_V3_as780.png
[0009.32] DevOnline: WebRequest_X_2 SEND: https://rl-cdn.psyonix.com/SpecialEvent/Images/HauntedHallows/2023/RL_HH2023_Event-Screen_asfd879.jpg
[0009.32] DevOnline: WebRequest_X_3 SEND: https://rl-cdn.psyonix.com/LogoImages/S12/Logo_Season_12_INT.png
[0009.33] SaveGame: HandleDataLoaded Result.Code=(BasicLoadResult_Success)
[0009.33] ScriptLog: NetworkSave_TA_0 ApplySettings ReplicationRate=60 NetSpeed=15000 InputRate=60
[0009.56] SaveData: Profile_TA_0 OnLoaded LocalID=(0)
[0009.56] ScriptLog: GetDLCProducts, UnlockedDLCList=
[0009.57] ScriptLog: GetDLCProducts, UnlockedDLCList=
[0009.57] SaveGame: LocalPlayer_TA_0 HandleSaveDataLoaded 
[0009.60] FTECritical: [GFx] Changed active tutorial from 'null' to 'NONE'. Tutorial active? 'false', New checkpoint active? 'false'
[0009.60] FTEVerbose: Checkpoint 'None' attempted completion while the FTE isn't active!
[0009.60] FTECritical: [GFx] Changed active tutorial from 'null' to 'NONE'. Tutorial active? 'false', New checkpoint active? 'false'
[0009.60] FTEVerbose: Checkpoint 'None' attempted completion while the FTE isn't active!
[0009.63] Log: Flushing async loaders.
[0009.85] Log: Flushed async loaders.
[0009.87] Warning: Warning, Material Ball_Football.TranslucentMaterials.Mat_Football_Translucent missing bUsedWithStaticLighting=True!
[0009.99] Log: Detected new XInput controller 0
[0010.00] DevOnline: EOSSDK-LogEOSGameClips: Recording supported and available.
[0010.00] DevOnline: EOSSDK-LogEOSGameClips: Recording availability changed from 'Pending' to 'Available'.
[0010.00] EOSGameClips: EOSGameClips: Availability changed from Pending to Available.
[0010.30] DevOnline: WebRequest_X_1 RECV: 304 
[0010.30] DevOnline: WebRequest_X_2 RECV: 304 
[0010.30] DevOnline: WebRequest_X_3 RECV: 304 
[0010.45] DevOnline: EOSSDK-LogEOSAnalytics: EOS SDK Analytics disabled for route [1].
[0011.12] AuthEpicCritical: Eos login result 'EOS_Success' for player '0'
[0011.31] AuthEpicCritical: Connect login result 'EOS_Success' for player '8b0842d692fa4376be289341c7d7187a', local num '0'
[0011.31] AuthPlatformCritical: Login status changed for player '0' to 'LS_LoggedIn'
[0011.32] AuthPlatformVerbose: Login attempt concluded
[0011.32] AuthEpicVerbose: Requesting cabined status for player '0'
[0011.32] DevOnline: WebRequest_X_4 SEND: https://api.epicgames.dev/epic/id/v1/accounts?accountId=8b0842d692fa4376be289341c7d7187a
[0011.32] PsyNet: PsyNetConnection_X_1 enabled
[0011.32] AuthPsyNetVerbose: PsyNet connection status changed. Error 'None'
[0011.32] AuthPsyNetVerbose: Transitioning to state 'RequestAuthCode'
[0011.32] AuthPsyNetCritical: Requesting auth ticket from platform for 'Epic|8b0842d692fa4376be289341c7d7187a|0'
[0011.32] AuthPsyNetCritical: Platform auth ticket completed with success 'True'
[0011.32] AuthPsyNetVerbose: Transitioning to state 'SendLoginRequest'
[0011.32] AuthPsyNetCritical: Sending login RPC for player '8b0842d692fa4376be289341c7d7187a' Auth ticket required? 'True'
[0011.32] AuthPsyNetCritical: Primary player ID? 'Epic|8b0842d692fa4376be289341c7d7187a|0' Logging In PlayerID '8b0842d692fa4376be289341c7d7187a'
[0011.32] AuthPsyNetVerbose: OnlinePlayerAuthentication_TA_0 SendLoginRequest Epic|8b0842d692fa4376be289341c7d7187a|0 HandleLoginStatusChanged LS_LoggedIn Epic|8b0842d692fa4376be289341c7d7187a|0
[0011.32] Party: HandleLocalPlayerLoginStatusChanged PlayerName=TIKI_THEGREAT PlayerID=Epic|8b0842d692fa4376be289341c7d7187a|0 LoginStatus=LS_LoggedIn IsPrimary=True IsInParty=False
[0011.32] PsyNet: HTTP send ID=PsyNetMessage_X_0 Message=PsyNetMessage_X_0
[0011.32] DevOnline: WebRequest_X_5 SEND: https://api.rlpp.psynet.gg/rpc/Auth/AuthPlayer/v2
[0011.45] ScriptLog: GetDLCProducts, UnlockedDLCList=
[0011.60] Log: Flushing async loaders.
[0011.62] Log: Flushed async loaders.
[0011.74] DevOnline: WebRequest_X_4 RECV: 200 
[0011.74] AuthEpicVerbose: Cabined request completed for user '0' with result 'False', Error 'None'
[0011.81] DevOnline: WebRequest_X_5 RECV: 200 
[0011.81] PsyNet: HTTP recv ID=PsyNetMessage_X_0 Message=PsyNetMessage_X_1
[0011.83] AuthPsyNetCritical: PsyNet auth RPC succeeded for player '8b0842d692fa4376be289341c7d7187a'
[0011.83] AuthPsyNetVerbose: Transitioning to state 'LoggedIn'
[0011.83] AuthPsyNetCritical: Login successful for player '8b0842d692fa4376be289341c7d7187a'
[0011.83] Auth: OnlinePlayer_TA_0 OnlinePlayerAuthentication_TA_0 HandleAuthLoginChange Auth.bLoggedIn=(True)
[0011.83] PsyNet: Enabling PerCon
[0011.83] PsyNet: PsyNetConnection_X_1 SetAuthorized bAuthorized=True
[0011.83] RankedReconnect: LocalPlayer_TA_0.CheckForRankedReconnect() bOpenedStartMenu=(False) IsMenuLevel=(True) bLoggedIn=(True) IsPrimaryPlayer=(True) RankedReconnectAvailable=(True) EpochTime=(1698523682) EpochNow=(1698524516) TimeSince=(834) ReconnectTimeoutSeconds=(900) Reservation=((ServerName="USE-6111761-42615119",Playlist=13,Region="USE",ReservationID="7B5A7F339B2B4C4FB61B04EA36119BE5",DSRToken="eyJ0eXAiOiJKV1QiLCJhbGciOiJIUzUxMiJ9.eyJqdGkiOiJEZEtZNEV4dSIsImlzcyI6IlBzeU5ldCIsInBsYXllcl9pZCI6IkVwaWN8OGIwODQyZDY5MmZhNDM3NmJlMjg5MzQxYzdkNzE4N2F8MCIsInNlcnZlcl9uYW1lIjoiVVNFLTYxMTE3NjEtNDI2MTUxMTkiLCJpYXQiOjE2OTg1MjM2NzYsIm5iZiI6MTY5ODUyMzY3NiwiZXhwIjoxNjk4NTM4MDc2fQ.WBrcTkoOxDn_oYxhekWmfm91_dipkDKs5mXzNafbX1BeIgJxkplvfALWTVI7AbVwrFpapJRcL7G6UqWwBdxFIg",JoinName="O046EPVI0C8G12N1",JoinPassword="79IXFZT6XVO1T358"))
[0012.03] PsyNet: PsyNetMessengerWebSocket_X_0 Connected
[0012.03] PsyNet: PsyNetConnection_X_1 UpdateConnectionState bConnected=(True) bFreshConnection=(True)
[0012.03] DevOnline: WebRequest_X_6 SEND: https://api.kws.ol.epicgames.com/v1/epic-settings/public/users/8b0842d692fa4376be289341c7d7187a/values?game=rl
[0012.03] DevOnline: WebRequest_X_7 SEND: https://api.epicgames.dev/epic/friends/v1/8b0842d692fa4376be289341c7d7187a/blocklist
[0012.03] DevOnline: PlayerDataStorage_QueryFileList: Beginning to query files. User=(8b0842d692fa4376be289341c7d7187a)
[0012.03] PsyNetBeaconDetail_X: PsyNetBeacon_X_0 SetPsyNetConnection InPsyNetConnection=(PsyNetConnection_X_1)
[0012.03] PsyNet: PsyNetConnection_X_1 UpdateConnectionState bPerConConnected=(True)
[0012.15] DevOnline: WebRequest_X_7 RECV: 200 
[0012.16] ScriptLog: HandleStatusChanged PrimaryStatus.DownloadStatus=(EB_Success) ControllerId=(0)
[0012.20] DevOnline: PlayerDataStorage_QueryFileList: Finished querying files. User=(8b0842d692fa4376be289341c7d7187a) Success=(1)
[0012.20] DevOnline: PlayerDataStorage_ReadFile: Beginning to download file. User=(8b0842d692fa4376be289341c7d7187a) FileName=(RLSaveData)
[0012.23] ScriptLog: ListenForBlockListDownloaded PrimaryStatus=(PlatformBlockListStatus_0) PrimaryStatus.DownloadStatus=(EB_Success)
[0012.28] EOSVoice: HandleFriendsListChanged
[0012.29] DevOnline: WebRequest_X_8 SEND: https://rl-cdn.psyonix.com/Playlists/Images/Limited_Events_BG_haunted-heatseeker.jpg
[0012.29] DevOnline: WebRequest_X_9 SEND: https://rl-cdn.psyonix.com/Playlists/Images/rl_ltm_heatseeker2022_playlist.png
[0012.33] DevOnline: WebRequest_X_8 RECV: 304 
[0012.33] DevOnline: WebRequest_X_9 RECV: 304 
[0012.36] DevOnline: WebRequest_X_6 RECV: 200 
[0012.36] EOSPermissions: NS=profile SN=p2p-trading PL=null EL=null DV=0 IV=0
[0012.36] EOSPermissions: NS=profile SN=require-pin-to-add-friend PL=False EL=null DV=False IV=False
[0012.36] EOSPermissions: NS=prm SN=marketing PL=null EL=True DV=True IV=True
[0012.36] EOSPermissions: NS=chat SN=voice PL=null EL=null DV=0 IV=0
[0012.36] EOSPermissions: NS=chat SN=text PL=null EL=null DV=0 IV=0
[0012.36] DevOnline: WebRequest_X_10 SEND: https://api.epicgames.dev/epic/friends/v1/8b0842d692fa4376be289341c7d7187a/outgoing
[0012.36] DevOnline: WebRequest_X_11 SEND: https://rl-cdn.psyonix.com/ChallengeIcons/Challenge_Play.jpg
[0012.36] DevOnline: WebRequest_X_12 SEND: https://rl-cdn.psyonix.com/ChallengeIcons/Challenge_Shot.jpg
[0012.36] DevOnline: WebRequest_X_13 SEND: https://rl-cdn.psyonix.com/ChallengeIcons/Challenge_Save.jpg
[0012.36] DevOnline: WebRequest_X_14 SEND: https://rl-cdn.psyonix.com/ChallengeIcons/Challenge_Center.jpg
[0012.36] DevOnline: WebRequest_X_15 SEND: https://rl-cdn.psyonix.com/ChallengeIcons/Challenge_Win.jpg
[0012.36] DevOnline: WebRequest_X_16 SEND: https://rl-cdn.psyonix.com/ChallengeIcons/Challenge_AerialGoal.jpg
[0012.36] DevOnline: WebRequest_X_17 SEND: https://rl-cdn.psyonix.com/ChallengeIcons/Challenge_SAG.jpg
[0012.36] DevOnline: WebRequest_X_18 SEND: https://rl-cdn.psyonix.com/ChallengeIcons/Challenge_Clear.jpg
[0012.36] DevOnline: WebRequest_X_19 SEND: https://rl-cdn.psyonix.com/ChallengeIcons/Challenge_Goal.jpg
[0012.37] DevOnline: WebRequest_X_20 SEND: https://rl-cdn.psyonix.com/ChallengeBanners/NUX_Popup_Octane.png
[0012.37] DevOnline: WebRequest_X_21 SEND: https://rl-cdn.psyonix.com/SpecialEvent/Images/HauntedHallows/2023/RL_Haunted_Hallows_WIDGET_ART_acsh07d8.png
[0012.38] DevOnline: WebRequest_X_22 SEND: https://rl-cdn.psyonix.com/SpecialEvent/Images/HauntedHallows/2023/RL_hh_2023_EventDash_awecf90n8.png
[0012.38] DevOnline: WebRequest_X_23 SEND: https://rl-cdn.psyonix.com/ChallengeBanners/Season_imagery_Reward.png
[0012.38] DevOnline: WebRequest_X_24 SEND: https://rl-cdn.psyonix.com/ChallengeBanners/rl_s12_dash.png
[0012.42] DevOnline: WebRequest_X_11 RECV: 304 
[0012.42] DevOnline: WebRequest_X_12 RECV: 304 
[0012.44] ScriptLog: RegionPinger_X_0 PingRegions ("148.72.133.156:2207","109.200.217.242:12320","209.191.164.201:2287","43.239.136.104:22097","213.179.201.103:29816","103.194.166.121:16341","185.179.203.18:19923","109.200.213.171:12905","185.179.201.79:25835","108.181.136.13:2087","3.111.38.247:8683")
[0012.49] DevOnline: WebRequest_X_10 RECV: 200 
[0012.49] DevOnline: WebRequest_X_13 RECV: 304 
[0012.50] DevOnline: WebRequest_X_14 RECV: 304 
[0012.50] DevOnline: WebRequest_X_15 RECV: 304 
[0012.50] DevOnline: WebRequest_X_16 RECV: 304 
[0012.50] DevOnline: WebRequest_X_17 RECV: 304 
[0012.52] DevOnline: WebRequest_X_18 RECV: 304 
[0012.52] DevOnline: WebRequest_X_20 RECV: 304 
[0012.52] DevOnline: WebRequest_X_22 RECV: 304 
[0012.52] DevOnline: WebRequest_X_23 RECV: 304 
[0012.52] DevOnline: WebRequest_X_24 RECV: 304 
[0012.80] DevOnline: WebRequest_X_19 RECV: 304 
[0012.80] DevOnline: WebRequest_X_21 RECV: 304 
[0013.06] DevOnline: PlayerDataStorage_ReadFile: File download complete. User=(8b0842d692fa4376be289341c7d7187a) FileName=(RLSaveData) Success=(1)
[0013.06] EOSSync: HandleFileReadComplete LocalSaveTick: 416
[0013.06] EOSSync: HandleFileReadComplete OnlineSaveTick: 417
[0013.06] ScriptLog: NetworkSave_TA_1 ApplySettings ReplicationRate=60 NetSpeed=15000 InputRate=60
[0013.10] Log: FSaveDataExportTask(0) wrote 543010 bytes to memory
[0013.10] Log: SaveGameDataAsync game thread time: 3 ms
[0013.10] ScriptLog: NewProductIDs128: 
[0013.10] ScriptLog: GetDLCProducts, UnlockedDLCList=
[0013.10] AuthEpicVerbose: Epic save data loaded
[0013.10] AuthEpicVerbose: [GFx] Epic login changed. m_uiState:StartMenu bPromptParentalConsent:false bPromptToChoosePrimaryAccount:false bEpicSaveDataLoaded:true bPlatformLinked:true
[0013.10] ScriptLog: GetDLCProducts, UnlockedDLCList=
[0013.11] DevOnline: WebRequest_X_25 SEND: https://rl-cdn.psyonix.com/Legal/PC/EULA/INT.txt
[0013.11] DevOnline: WebRequest_X_26 SEND: https://rl-cdn.psyonix.com/Legal/PC/PrivacyPolicy/INT.txt
[0013.11] Log: Deleting old save file ..\..\TAGame\SaveDataEpic\DBE_Production\8b0842d692fa4376be289341c7d7187a_2.save
[0013.11] Log: SaveDataExport(0): Finished - File:[..\..\TAGame\SaveDataEpic\DBE_Production\8b0842d692fa4376be289341c7d7187a_1.save] Result:[1]
[0013.15] DevOnline: WebRequest_X_25 RECV: 304 
[0013.15] DevOnline: WebRequest_X_26 RECV: 304 
[0013.75] Matchmaking: All Regions Pinged: USE (0.0833),EU (0.1667),USW (0.0333),ASC (0.2128),ASM (0.1961),JPN (0.2128),ME (0.3167),OCE (0.1667),SAF (0.3128),SAM (0.1961),IND (0.2794)
[0013.75] Log: FCacheExportTask(..\..\TAGame\Cache\RegionCache.cache) wrote 1069 bytes to memory
[0014.40] EOSVoice: HandleFriendsListChanged
[0017.99] EngagementEvents: UpdateEventsCurrentTime  NextEventTime =  0
[0030.18] Log: Assigning XInput controller to 0
[0030.38] Legacy: State Set
[0030.38] FTEVerbose: [GFx] Checking FTE progress: Shown login flow 'false', Legal modal valid? 'true', Online? 'true', Cabined state '0', Legacy state '3'
[0030.38] FTEDev: Trying to start FTE Group Prime_InitialStartup which is already completed and cannot be restarted CurrentActiveGroup.bCanBeDoneAgain=(False) bIgnoreCompletion=(False)
[0030.38] AuthEpicVerbose: [GFx] Showing login flow. Platform linked? 'true' Prompt for epic link? 'false' Prompt for primary? 'false' Prompt for parental consent? 'false' Epic data loaded? 'true' Showing epic flow? 'false'
[0030.38] AuthEpicVerbose: [GFx] Epic flow completed 'false'
[0030.38] FTE: Starting Group:Prime_LegalText at Checkpoint:FTE_PrimaryPlayerIsXboxGuest
[0030.38] FTEDev: Trying to start FTE Group Prime_CarSelect while another Group Prime_LegalText is active
[0030.38] FTEVerbose: [GFx] Checking FTE progress: Shown login flow 'true', Legal modal valid? 'true', Online? 'true', Cabined state '0', Legacy state '3'
[0030.38] FTEDev: Trying to start FTE Group Prime_InitialStartup while another Group Prime_LegalText is active
[0030.38] FTE: CompleteCheckpoint GroupName=(Prime_LegalText) CheckpointName=(FTE_PrimaryPlayerIsXboxGuest)
[0030.38] FTE: Moving to Checkpoint:FTE_PrivacyPolicy
[0030.38] FTEVerbose: [GFx] Checking FTE progress: Shown login flow 'true', Legal modal valid? 'true', Online? 'true', Cabined state '0', Legacy state '3'
[0030.38] FTEDev: Trying to start FTE Group Prime_InitialStartup while another Group Prime_LegalText is active
[0030.38] FTE: CompleteCheckpoint GroupName=(Prime_LegalText) CheckpointName=(FTE_PrivacyPolicy)
[0030.38] FTE: Moving to Checkpoint:FTE_EulaText
[0030.38] FTEVerbose: [GFx] Checking FTE progress: Shown login flow 'true', Legal modal valid? 'true', Online? 'true', Cabined state '0', Legacy state '3'
[0030.38] FTEDev: Trying to start FTE Group Prime_InitialStartup while another Group Prime_LegalText is active
[0030.38] FTE: CompleteCheckpoint GroupName=(Prime_LegalText) CheckpointName=(FTE_EulaText)
[0030.38] FTE: CompleteActiveGroup GroupName:Prime_LegalText
[0030.40] FTEVerbose: [GFx] Checking FTE progress: Shown login flow 'true', Legal modal valid? 'true', Online? 'true', Cabined state '0', Legacy state '3'
[0030.40] FTEDev: Trying to start FTE Group Prime_InitialStartup which is already completed and cannot be restarted CurrentActiveGroup.bCanBeDoneAgain=(False) bIgnoreCompletion=(False)
[0030.40] FTEDev: Group Prime_CarSelect Is not meant for users of type FTESave.LegacyGroupType=(LGT_LegacyUser)
[0030.40] FTEVerbose: [GFx] Checking FTE progress: Shown login flow 'true', Legal modal valid? 'true', Online? 'true', Cabined state '0', Legacy state '3'
[0030.40] FTEDev: Trying to start FTE Group Prime_InitialStartup which is already completed and cannot be restarted CurrentActiveGroup.bCanBeDoneAgain=(False) bIgnoreCompletion=(False)
[0030.40] FTEDev: Group Prime_CarSelect Is not meant for users of type FTESave.LegacyGroupType=(LGT_LegacyUser)
[0030.40] FTEDev: Group Prime_FreeToPlayTutorial_1 Is not meant for users of type FTESave.LegacyGroupType=(LGT_LegacyUser)
[0030.40] FTECritical: [GFx] Changed active tutorial from 'null' to 'NONE'. Tutorial active? 'false', New checkpoint active? 'false'
[0030.40] FTEVerbose: Checkpoint 'None' attempted completion while the FTE isn't active!
[0030.40] FTECritical: [GFx] Changed active tutorial from 'null' to 'NONE'. Tutorial active? 'false', New checkpoint active? 'false'
[0030.40] FTEVerbose: Checkpoint 'None' attempted completion while the FTE isn't active!
[0030.40] FTEVerbose: [GFx] Checking FTE progress: Shown login flow 'true', Legal modal valid? 'true', Online? 'true', Cabined state '0', Legacy state '3'
[0030.40] FTEDev: Trying to start FTE Group Prime_InitialStartup which is already completed and cannot be restarted CurrentActiveGroup.bCanBeDoneAgain=(False) bIgnoreCompletion=(False)
[0030.40] FTEDev: Group Prime_CarSelect Is not meant for users of type FTESave.LegacyGroupType=(LGT_LegacyUser)
[0030.40] FTEDev: Group Prime_FreeToPlayTutorial_1 Is not meant for users of type FTESave.LegacyGroupType=(LGT_LegacyUser)
[0030.42] EngagementEvents: UpdateEventsCurrentTime  NextEventTime =  0
[0030.42] AuthEpicVerbose: [GFx] Epic login changed. m_uiState:MainMenu bPromptParentalConsent:false bPromptToChoosePrimaryAccount:false bEpicSaveDataLoaded:false bPlatformLinked:false
[0030.42] FTEDev: Group Prime_MatchComplete Is not meant for users of type FTESave.LegacyGroupType=(LGT_LegacyUser)
[0030.45] RankedReconnect: LocalPlayer_TA_0.CheckForRankedReconnect() bOpenedStartMenu=(True) IsMenuLevel=(True) bLoggedIn=(True) IsPrimaryPlayer=(True) RankedReconnectAvailable=(True) EpochTime=(1698523682) EpochNow=(1698524535) TimeSince=(853) ReconnectTimeoutSeconds=(900) Reservation=((ServerName="USE-6111761-42615119",Playlist=13,Region="USE",ReservationID="7B5A7F339B2B4C4FB61B04EA36119BE5",DSRToken="eyJ0eXAiOiJKV1QiLCJhbGciOiJIUzUxMiJ9.eyJqdGkiOiJEZEtZNEV4dSIsImlzcyI6IlBzeU5ldCIsInBsYXllcl9pZCI6IkVwaWN8OGIwODQyZDY5MmZhNDM3NmJlMjg5MzQxYzdkNzE4N2F8MCIsInNlcnZlcl9uYW1lIjoiVVNFLTYxMTE3NjEtNDI2MTUxMTkiLCJpYXQiOjE2OTg1MjM2NzYsIm5iZiI6MTY5ODUyMzY3NiwiZXhwIjoxNjk4NTM4MDc2fQ.WBrcTkoOxDn_oYxhekWmfm91_dipkDKs5mXzNafbX1BeIgJxkplvfALWTVI7AbVwrFpapJRcL7G6UqWwBdxFIg",JoinName="O046EPVI0C8G12N1",JoinPassword="79IXFZT6XVO1T358"))
[0030.45] RankedReconnect: RankedReconnectSave_TA_0.ClearRankedReconnect()
[0030.45] MTX: ConditionalClaimEntitlements bAllowEntitlements=(True) bClaimingEntitlements=(False) bEntitlementsDirty=(True) PsyNetConnected=(True) SplitscreenID=(0) bMtxCodeExpired=(False)
[0030.45] MTX: HandleMtxCode bSuccess=True
[0030.46] EngagementEvents: UpdateEventsCurrentTime  NextEventTime =  0
[0030.49] Log: FSaveDataExportTask(0) wrote 542243 bytes to memory
[0030.49] Log: SaveGameDataAsync game thread time: 4 ms
[0030.49] DevOnline: WebRequest_X_27 SEND: https://rl-cdn.psyonix.com/Blog/Images/RL_HH2023-shop-tab_tri-panel.png
[0030.50] DevOnline: WebRequest_X_28 SEND: https://rl-cdn.psyonix.com/Blog/Images/RL_HH2023-challenge-rewards_tri-panel.png
[0030.50] Log: Deleting old save file ..\..\TAGame\SaveDataEpic\DBE_Production\8b0842d692fa4376be289341c7d7187a.save
[0030.50] Log: SaveDataExport(0): Finished - File:[..\..\TAGame\SaveDataEpic\DBE_Production\8b0842d692fa4376be289341c7d7187a_2.save] Result:[1]
[0030.50] DevOnline: WebRequest_X_29 SEND: https://rl-cdn.psyonix.com/Blog/Images/RL_HH2023-key-art_tri-panel.png
[0030.55] DevOnline: WebRequest_X_27 RECV: 304 
[0030.55] DevOnline: WebRequest_X_28 RECV: 304 
[0030.55] DevOnline: WebRequest_X_29 RECV: 304 
[0030.80] MTX: HandleClaimSuccess Products=0
[0036.92] EngagementEvents: UpdateEventsCurrentTime  NextEventTime =  0
[0039.00] Online: TryToPlayOnline ControllerID=(-1)
[0039.02] Online: HandlePrivilegeCheckFinished PrivilegeCheck.bHasRestriction=(False)
[0039.02] Online: HandlePrivilegeCheck PrivilegeCheck.bHasRestriction=(False)
[0039.03] EngagementEvents: UpdateEventsCurrentTime  NextEventTime =  0
[0047.27] EngagementEvents: UpdateEventsCurrentTime  NextEventTime =  0
[0047.90] EngagementEvents: UpdateEventsCurrentTime  NextEventTime =  0
[0049.68] Online: TryToPlayOnline ControllerID=(-1)
[0049.70] Online: HandlePrivilegeCheckFinished PrivilegeCheck.bHasRestriction=(False)
[0049.70] Online: HandlePrivilegeCheck PrivilegeCheck.bHasRestriction=(False)
[0049.80] EngagementEvents: UpdateEventsCurrentTime  NextEventTime =  0
[0050.18] DevOnline: WebRequest_X_30 SEND: https://rl-cdn.psyonix.com/ShopImages/NBC/RL_HH2023_Bundle_thumbnail_fasd1.jpg
[0050.18] DevOnline: WebRequest_X_31 SEND: https://rl-cdn.psyonix.com/ShopImages/NBC/RL_HH2023_Jack_Bundle_Thumbnail_wef87a0d9.jpg
[0050.18] DevOnline: WebRequest_X_32 SEND: https://rl-cdn.psyonix.com/ShopImages/NBC/RL_HH2023_Oogie_Boogie_Bundle_thumbnail_sd780vf.jpg
[0050.18] DevOnline: WebRequest_X_33 SEND: https://rl-cdn.psyonix.com/ShopImages/NBC/RL_HH2023_Sandy_Claws_Bundle_Thumbnail_sda78h0.jpg
[0050.19] DevOnline: WebRequest_X_34 SEND: https://rl-cdn.psyonix.com/ShopImages/NBC/RL_HH2023_Sally_Bundle_Thumbnail_as856.jpg
[0050.19] DevOnline: WebRequest_X_35 SEND: https://rl-cdn.psyonix.com/ShopImages/NBC/RL_HH2023_Jack_GE_Bundle_Thumbnail_sanupdi.jpg
[0050.19] DevOnline: WebRequest_X_36 SEND: https://rl-cdn.psyonix.com/ShopImages/NBC/rl_HH_Theme_Bundle_thumbnail_sda987.jpg
[0050.23] DevOnline: WebRequest_X_30 RECV: 304 
[0050.23] DevOnline: WebRequest_X_32 RECV: 304 
[0050.23] DevOnline: WebRequest_X_33 RECV: 304 
[0050.23] DevOnline: WebRequest_X_34 RECV: 304 
[0050.23] DevOnline: WebRequest_X_35 RECV: 304 
[0050.23] DevOnline: WebRequest_X_36 RECV: 304 
[0050.23] DevOnline: WebRequest_X_37 SEND: https://rl-cdn.psyonix.com/ShopImages/CreditBundles/rl_radreptile_thumbnail_as5f4gd.jpg
[0050.23] DevOnline: WebRequest_X_38 SEND: https://rl-cdn.psyonix.com/ShopImages/CreditBundles/rl_violetvalor_thumbnail_a78s.jpg
[0050.25] DevOnline: WebRequest_X_31 RECV: 304 
[0050.28] DevOnline: WebRequest_X_37 RECV: 304 
[0050.28] DevOnline: WebRequest_X_38 RECV: 304 
[0054.20] EngagementEvents: UpdateEventsCurrentTime  NextEventTime =  0
[0055.13] Online: TryToPlayOnline ControllerID=(-1)
[0055.15] Online: HandlePrivilegeCheckFinished PrivilegeCheck.bHasRestriction=(False)
[0055.15] Online: HandlePrivilegeCheck PrivilegeCheck.bHasRestriction=(False)
[0055.19] EngagementEvents: UpdateEventsCurrentTime  NextEventTime =  0
[0057.24] EngagementEvents: UpdateEventsCurrentTime  NextEventTime =  0
[0058.13] EngagementEvents: UpdateEventsCurrentTime  NextEventTime =  0
[0061.44] Online: TryToPlayOnline ControllerID=(-1)
[0061.45] Online: HandlePrivilegeCheckFinished PrivilegeCheck.bHasRestriction=(False)
[0061.45] Online: HandlePrivilegeCheck PrivilegeCheck.bHasRestriction=(False)
[0063.42] Online: TryToPlayOnline ControllerID=(-1)
[0063.44] Online: HandlePrivilegeCheckFinished PrivilegeCheck.bHasRestriction=(False)
[0063.44] Online: HandlePrivilegeCheck PrivilegeCheck.bHasRestriction=(False)
[0063.44] EngagementEvents: UpdateEventsCurrentTime  NextEventTime =  0
[0067.20] EngagementEvents: UpdateEventsCurrentTime  NextEventTime =  0
[0068.19] EngagementEvents: UpdateEventsCurrentTime  NextEventTime =  0
[0069.60] DevOnline: WebRequest_X_39 SEND: https://datarouter.ol.epicgames.com/datarouter/api/v1/public/data?AppID=RocketLeague.Release&AppVersion=973704684&AppEnvironment=Prod&UploadType=eteventstream&UserID=|8b0842d692fa4376be289341c7d7187a|||Epic|8b0842d692fa4376be289341c7d7187a|0&SessionID=D0B6969A4EE2DD54FD3F119504F839B4
[0070.04] DevOnline: WebRequest_X_39 RECV: 204 
[0071.54] EngagementEvents: UpdateEventsCurrentTime  NextEventTime =  0
[0072.34] EngagementEvents: UpdateEventsCurrentTime  NextEventTime =  0
[0080.34] Online: TryToPlayOnline ControllerID=(-1)
[0080.35] Online: HandlePrivilegeCheckFinished PrivilegeCheck.bHasRestriction=(False)
[0080.35] Online: HandlePrivilegeCheck PrivilegeCheck.bHasRestriction=(False)
[0080.41] EngagementEvents: UpdateEventsCurrentTime  NextEventTime =  0
[0085.15] Loadout: Could not find package for asset title_generic_T_SF
[0096.66] PsyNet: PsyNetServiceProvider_X_1 ExecuteService Complete, Service=Challenges/PlayerProgress 
[0096.68] PsyNet: PsyNetServiceProvider_X_1 ExecuteService Complete, Service=Reward/RewardResult 
[0096.68] ScriptLog: GetDLCProducts, UnlockedDLCList=
[0096.68] ScriptLog: GetDLCProducts, UnlockedDLCList=
[0096.69] Log: FSaveDataExportTask(0) wrote 502435 bytes to memory
[0096.69] Log: SaveGameDataAsync game thread time: 3 ms
[0096.73] Log: Deleting old save file ..\..\TAGame\SaveDataEpic\DBE_Production\8b0842d692fa4376be289341c7d7187a_1.save
[0096.73] Log: SaveDataExport(0): Finished - File:[..\..\TAGame\SaveDataEpic\DBE_Production\8b0842d692fa4376be289341c7d7187a.save] Result:[1]
[0100.82] Log: FSaveDataExportTask(0) wrote 502435 bytes to memory
[0100.82] Log: SaveGameDataAsync game thread time: 4 ms
[0100.83] Log: Deleting old save file ..\..\TAGame\SaveDataEpic\DBE_Production\8b0842d692fa4376be289341c7d7187a_2.save
[0100.83] Log: SaveDataExport(0): Finished - File:[..\..\TAGame\SaveDataEpic\DBE_Production\8b0842d692fa4376be289341c7d7187a_1.save] Result:[1]
[0102.98] PsyNet: PsyNetServiceProvider_X_1 ExecuteService Complete, Service=Challenges/PlayerProgress 
[0103.00] PsyNet: PsyNetServiceProvider_X_1 ExecuteService Complete, Service=Reward/RewardResult 
[0104.69] Log: FSaveDataExportTask(0) wrote 502435 bytes to memory
[0104.69] Log: SaveGameDataAsync game thread time: 3 ms
[0104.70] Log: Deleting old save file ..\..\TAGame\SaveDataEpic\DBE_Production\8b0842d692fa4376be289341c7d7187a.save
[0104.70] Log: SaveDataExport(0): Finished - File:[..\..\TAGame\SaveDataEpic\DBE_Production\8b0842d692fa4376be289341c7d7187a_2.save] Result:[1]
[0109.18] PsyNet: PsyNetServiceProvider_X_1 ExecuteService Complete, Service=Reward/RewardResult 
[0109.18] ScriptLog: GetDLCProducts, UnlockedDLCList=
[0109.20] PsyNet: PsyNetServiceProvider_X_1 ExecuteService Complete, Service=Challenges/PlayerProgress 
[0109.21] Log: FSaveDataExportTask(0) wrote 503722 bytes to memory
[0109.21] Log: SaveGameDataAsync game thread time: 3 ms
[0109.23] Log: Deleting old save file ..\..\TAGame\SaveDataEpic\DBE_Production\8b0842d692fa4376be289341c7d7187a_1.save
[0109.23] Log: SaveDataExport(0): Finished - File:[..\..\TAGame\SaveDataEpic\DBE_Production\8b0842d692fa4376be289341c7d7187a.save] Result:[1]
[0114.23] Log: FSaveDataExportTask(0) wrote 503722 bytes to memory
[0114.23] Log: SaveGameDataAsync game thread time: 3 ms
[0114.24] Log: Deleting old save file ..\..\TAGame\SaveDataEpic\DBE_Production\8b0842d692fa4376be289341c7d7187a_2.save
[0114.24] Log: SaveDataExport(0): Finished - File:[..\..\TAGame\SaveDataEpic\DBE_Production\8b0842d692fa4376be289341c7d7187a_1.save] Result:[1]
[0116.19] PsyNet: PsyNetServiceProvider_X_1 ExecuteService Complete, Service=Challenges/PlayerProgress 
[0116.21] PsyNet: PsyNetServiceProvider_X_1 ExecuteService Complete, Service=Reward/RewardResult 
[0117.22] Log: FSaveDataExportTask(0) wrote 503722 bytes to memory
[0117.22] Log: SaveGameDataAsync game thread time: 3 ms
[0117.24] Log: Deleting old save file ..\..\TAGame\SaveDataEpic\DBE_Production\8b0842d692fa4376be289341c7d7187a.save
[0117.24] Log: SaveDataExport(0): Finished - File:[..\..\TAGame\SaveDataEpic\DBE_Production\8b0842d692fa4376be289341c7d7187a_2.save] Result:[1]
[0119.21] PsyNet: PsyNetServiceProvider_X_1 ExecuteService Complete, Service=Reward/RewardResult 
[0119.21] ScriptLog: GetDLCProducts, UnlockedDLCList=
[0119.22] PsyNet: PsyNetServiceProvider_X_1 ExecuteService Complete, Service=Challenges/PlayerProgress 
[0120.24] Log: FSaveDataExportTask(0) wrote 504137 bytes to memory
[0120.24] Log: SaveGameDataAsync game thread time: 3 ms
[0120.26] Log: Deleting old save file ..\..\TAGame\SaveDataEpic\DBE_Production\8b0842d692fa4376be289341c7d7187a_1.save
[0120.26] Log: SaveDataExport(0): Finished - File:[..\..\TAGame\SaveDataEpic\DBE_Production\8b0842d692fa4376be289341c7d7187a.save] Result:[1]
[0122.51] PsyNet: PsyNetServiceProvider_X_1 ExecuteService Complete, Service=Reward/RewardResult 
[0122.51] ScriptLog: GetDLCProducts, UnlockedDLCList=
[0122.52] PsyNet: PsyNetServiceProvider_X_1 ExecuteService Complete, Service=Challenges/PlayerProgress 
[0123.24] Log: FSaveDataExportTask(0) wrote 504552 bytes to memory
[0123.24] Log: SaveGameDataAsync game thread time: 3 ms
[0123.26] Log: Deleting old save file ..\..\TAGame\SaveDataEpic\DBE_Production\8b0842d692fa4376be289341c7d7187a_2.save
[0123.26] Log: SaveDataExport(0): Finished - File:[..\..\TAGame\SaveDataEpic\DBE_Production\8b0842d692fa4376be289341c7d7187a_1.save] Result:[1]
[0126.24] Log: FSaveDataExportTask(0) wrote 504552 bytes to memory
[0126.24] Log: SaveGameDataAsync game thread time: 3 ms
[0126.26] Log: Deleting old save file ..\..\TAGame\SaveDataEpic\DBE_Production\8b0842d692fa4376be289341c7d7187a.save
[0126.26] Log: SaveDataExport(0): Finished - File:[..\..\TAGame\SaveDataEpic\DBE_Production\8b0842d692fa4376be289341c7d7187a_2.save] Result:[1]
[0127.64] EngagementEvents: UpdateEventsCurrentTime  NextEventTime =  0
[0129.56] Online: TryToPlayOnline ControllerID=(-1)
[0129.57] Online: HandlePrivilegeCheckFinished PrivilegeCheck.bHasRestriction=(False)
[0129.57] Online: HandlePrivilegeCheck PrivilegeCheck.bHasRestriction=(False)
[0129.60] EngagementEvents: UpdateEventsCurrentTime  NextEventTime =  0
[0129.76] DevOnline: WebRequest_X_40 SEND: https://datarouter.ol.epicgames.com/datarouter/api/v1/public/data?AppID=RocketLeague.Release&AppVersion=973704684&AppEnvironment=Prod&UploadType=eteventstream&UserID=|8b0842d692fa4376be289341c7d7187a|||Epic|8b0842d692fa4376be289341c7d7187a|0&SessionID=D0B6969A4EE2DD54FD3F119504F839B4
[0129.86] DevOnline: WebRequest_X_40 RECV: 204 
[0150.37] Log: Flushing async loaders.
[0150.37] Log: Flushed async loaders.
[0150.42] Log: Flushing async loaders.
[0150.43] Log: Flushed async loaders.
[0154.28] Log: Flushing async loaders.
[0154.29] Log: Flushed async loaders.
[0161.89] Loadout: Could not find package for asset title_generic_T_SF
[0161.89] Loadout: Could not find package for asset title_generic_T_SF
[0161.89] Loadout: Could not find package for asset title_generic_T_SF
[0164.19] EngagementEvents: UpdateEventsCurrentTime  NextEventTime =  0
[0169.33] EngagementEvents: UpdateEventsCurrentTime  NextEventTime =  0
[0170.66] DevOnline: PlayerDataStorage_WriteFile: Beginning to upload file. User=(8b0842d692fa4376be289341c7d7187a) FileName=(RLSaveData)
[0170.66] EngagementEvents: UpdateEventsCurrentTime  NextEventTime =  0
[0172.38] DevOnline: PlayerDataStorage_WriteFile: File upload complete. User=(8b0842d692fa4376be289341c7d7187a) FileName=(RLSaveData) Success=(1)
[0174.70] Online: TryToUsePsyNet ControllerID=(0)
[0174.71] Online: HandlePrivilegeCheckFinished PrivilegeCheck.bHasRestriction=(False)
[0174.71] Online: HandlePrivilegeCheck PrivilegeCheck.bHasRestriction=(False)
[0174.77] EngagementEvents: UpdateEventsCurrentTime  NextEventTime =  0
[0177.40] ScriptWarning: ScriptWarning, Accessed None 'Menu'
	GFxData_MTXGarage_TA Transient.GFxData_MTXGarage_TA_0
	Function TAGame.GFxData_MTXGarage_TA:OnExitDisplay:007D
Script call stack:
	Function TAGame.GFxData_MTXGarage_TA:OnExitDisplay

[0177.40] ScriptWarning: ScriptWarning, Accessed None 'Menu'
	GFxData_MTXGarage_TA Transient.GFxData_MTXGarage_TA_0
	Function TAGame.GFxData_MTXGarage_TA:OnExitDisplay:00B3
Script call stack:
	Function TAGame.GFxData_MTXGarage_TA:OnExitDisplay

[0177.40] EngagementEvents: UpdateEventsCurrentTime  NextEventTime =  0
[0178.33] Online: TryToUsePsyNet ControllerID=(0)
[0178.34] Online: HandlePrivilegeCheckFinished PrivilegeCheck.bHasRestriction=(False)
[0178.34] Online: HandlePrivilegeCheck PrivilegeCheck.bHasRestriction=(False)
[0178.38] EngagementEvents: UpdateEventsCurrentTime  NextEventTime =  0
[0178.55] Warning: Skipping instancing group - an Actor may only be connected to one Group! [StaticMeshActor_257]
[0179.73] EngagementEvents: UpdateEventsCurrentTime  NextEventTime =  0
[0182.26] Online: TryToUsePsyNet ControllerID=(0)
[0182.27] Online: HandlePrivilegeCheckFinished PrivilegeCheck.bHasRestriction=(False)
[0182.27] Online: HandlePrivilegeCheck PrivilegeCheck.bHasRestriction=(False)
[0182.31] EngagementEvents: UpdateEventsCurrentTime  NextEventTime =  0
[0186.21] EngagementEvents: UpdateEventsCurrentTime  NextEventTime =  0
[0188.97] Online: TryToUsePsyNet ControllerID=(0)
[0188.99] Online: HandlePrivilegeCheckFinished PrivilegeCheck.bHasRestriction=(False)
[0188.99] Online: HandlePrivilegeCheck PrivilegeCheck.bHasRestriction=(False)
[0189.01] EngagementEvents: UpdateEventsCurrentTime  NextEventTime =  0
[0189.06] Log: Flushing async loaders.
[0189.06] Log: Flushed async loaders.
[0189.10] Log: Flushing async loaders.
[0189.11] Log: Flushed async loaders.
[0189.60] DevOnline: WebRequest_X_41 SEND: https://datarouter.ol.epicgames.com/datarouter/api/v1/public/data?AppID=RocketLeague.Release&AppVersion=973704684&AppEnvironment=Prod&UploadType=eteventstream&UserID=|8b0842d692fa4376be289341c7d7187a|||Epic|8b0842d692fa4376be289341c7d7187a|0&SessionID=D0B6969A4EE2DD54FD3F119504F839B4
[0189.72] DevOnline: WebRequest_X_41 RECV: 204 
[0193.22] MTXGarage: HandleUnlockContainerResponse  ((LowerBits=34282328652))
[0193.22] MTXGarage: RevealContainerUnlocks dropped (LowerBits=34282359767) Product(2767)
[0193.23] ScriptLog: GetDLCProducts, UnlockedDLCList=
[0193.24] Log: FSaveDataExportTask(0) wrote 504718 bytes to memory
[0193.24] Log: SaveGameDataAsync game thread time: 3 ms
[0193.25] Warning: Skipping instancing group - an Actor may only be connected to one Group! [StaticMeshActor_257]
[0193.27] Log: Deleting old save file ..\..\TAGame\SaveDataEpic\DBE_Production\8b0842d692fa4376be289341c7d7187a_1.save
[0193.27] Log: SaveDataExport(0): Finished - File:[..\..\TAGame\SaveDataEpic\DBE_Production\8b0842d692fa4376be289341c7d7187a.save] Result:[1]
[0201.70] Log: FSaveDataExportTask(0) wrote 504502 bytes to memory
[0201.70] Log: SaveGameDataAsync game thread time: 3 ms
[0201.71] Log: Deleting old save file ..\..\TAGame\SaveDataEpic\DBE_Production\8b0842d692fa4376be289341c7d7187a_2.save
[0201.71] Log: SaveDataExport(0): Finished - File:[..\..\TAGame\SaveDataEpic\DBE_Production\8b0842d692fa4376be289341c7d7187a_1.save] Result:[1]
[0205.45] EngagementEvents: UpdateEventsCurrentTime  NextEventTime =  0
[0206.25] Online: TryToUsePsyNet ControllerID=(0)
[0206.26] Online: HandlePrivilegeCheckFinished PrivilegeCheck.bHasRestriction=(False)
[0206.26] Online: HandlePrivilegeCheck PrivilegeCheck.bHasRestriction=(False)
[0206.28] EngagementEvents: UpdateEventsCurrentTime  NextEventTime =  0
[0206.34] Log: Flushing async loaders.
[0206.35] Log: Flushed async loaders.
[0206.39] Log: Flushing async loaders.
[0206.40] Log: Flushed async loaders.
[0208.99] MTXGarage: HandleUnlockContainerResponse  ((LowerBits=34282319517))
[0208.99] MTXGarage: RevealContainerUnlocks dropped (LowerBits=34282366461) Product(524)
[0209.01] ScriptLog: GetDLCProducts, UnlockedDLCList=
[0209.03] Log: FSaveDataExportTask(0) wrote 504718 bytes to memory
[0209.03] Log: SaveGameDataAsync game thread time: 3 ms
[0209.05] Log: Deleting old save file ..\..\TAGame\SaveDataEpic\DBE_Production\8b0842d692fa4376be289341c7d7187a.save
[0209.05] Log: SaveDataExport(0): Finished - File:[..\..\TAGame\SaveDataEpic\DBE_Production\8b0842d692fa4376be289341c7d7187a_2.save] Result:[1]
[0217.02] Log: FSaveDataExportTask(0) wrote 504502 bytes to memory
[0217.02] Log: SaveGameDataAsync game thread time: 3 ms
[0217.03] Log: Deleting old save file ..\..\TAGame\SaveDataEpic\DBE_Production\8b0842d692fa4376be289341c7d7187a_1.save
[0217.03] Log: SaveDataExport(0): Finished - File:[..\..\TAGame\SaveDataEpic\DBE_Production\8b0842d692fa4376be289341c7d7187a.save] Result:[1]
[0219.27] EngagementEvents: UpdateEventsCurrentTime  NextEventTime =  0
[0230.67] EngagementEvents: UpdateEventsCurrentTime  NextEventTime =  0
[0232.20] DevOnline: PlayerDataStorage_WriteFile: Beginning to upload file. User=(8b0842d692fa4376be289341c7d7187a) FileName=(RLSaveData)
[0232.20] EngagementEvents: UpdateEventsCurrentTime  NextEventTime =  0
[0233.88] DevOnline: PlayerDataStorage_WriteFile: File upload complete. User=(8b0842d692fa4376be289341c7d7187a) FileName=(RLSaveData) Success=(1)
[0249.60] DevOnline: WebRequest_X_42 SEND: https://datarouter.ol.epicgames.com/datarouter/api/v1/public/data?AppID=RocketLeague.Release&AppVersion=973704684&AppEnvironment=Prod&UploadType=eteventstream&UserID=|8b0842d692fa4376be289341c7d7187a|||Epic|8b0842d692fa4376be289341c7d7187a|0&SessionID=D0B6969A4EE2DD54FD3F119504F839B4
[0249.70] DevOnline: WebRequest_X_42 RECV: 204 
[0274.93] EngagementEvents: UpdateEventsCurrentTime  NextEventTime =  0
[0278.68] EngagementEvents: UpdateEventsCurrentTime  NextEventTime =  0
[0286.07] EngagementEvents: UpdateEventsCurrentTime  NextEventTime =  0
[0287.63] EngagementEvents: UpdateEventsCurrentTime  NextEventTime =  0
[0306.06] Log: UParticleSystemComponent::Warmup() ParticleSystemComponent menu_main_p.TheWorld:PersistentLevel.CarPreviewActor_TA_0.ParticleSystemComponent_620 has a null Template
[0306.06] Log: UParticleSystemComponent::Warmup() ParticleSystemComponent menu_main_p.TheWorld:PersistentLevel.CarPreviewActor_TA_0.ParticleSystemComponent_621 has a null Template
[0306.06] Log: UParticleSystemComponent::Warmup() ParticleSystemComponent menu_main_p.TheWorld:PersistentLevel.CarPreviewActor_TA_0.ParticleSystemComponent_622 has a null Template
[0306.06] Log: UParticleSystemComponent::Warmup() ParticleSystemComponent menu_main_p.TheWorld:PersistentLevel.CarPreviewActor_TA_0.ParticleSystemComponent_623 has a null Template
[0309.60] DevOnline: WebRequest_X_43 SEND: https://datarouter.ol.epicgames.com/datarouter/api/v1/public/data?AppID=RocketLeague.Release&AppVersion=973704684&AppEnvironment=Prod&UploadType=eteventstream&UserID=|8b0842d692fa4376be289341c7d7187a|||Epic|8b0842d692fa4376be289341c7d7187a|0&SessionID=D0B6969A4EE2DD54FD3F119504F839B4
[0309.70] DevOnline: WebRequest_X_43 RECV: 204 
[0310.90] PsyNetStaticData: HandleCacheExpired
[0310.92] DevOnline: WebRequest_X_44 SEND: https://config.psynet.gg/v2/Config/BattleCars/973704684/Prod/Epic/INT/
[0311.10] DevOnline: WebRequest_X_44 RECV: 304 
[0369.61] DevOnline: WebRequest_X_45 SEND: https://datarouter.ol.epicgames.com/datarouter/api/v1/public/data?AppID=RocketLeague.Release&AppVersion=973704684&AppEnvironment=Prod&UploadType=eteventstream&UserID=|8b0842d692fa4376be289341c7d7187a|||Epic|8b0842d692fa4376be289341c7d7187a|0&SessionID=D0B6969A4EE2DD54FD3F119504F839B4
[0369.71] DevOnline: WebRequest_X_45 RECV: 204 
[0429.62] DevOnline: WebRequest_X_46 SEND: https://datarouter.ol.epicgames.com/datarouter/api/v1/public/data?AppID=RocketLeague.Release&AppVersion=973704684&AppEnvironment=Prod&UploadType=eteventstream&UserID=|8b0842d692fa4376be289341c7d7187a|||Epic|8b0842d692fa4376be289341c7d7187a|0&SessionID=D0B6969A4EE2DD54FD3F119504F839B4
[0429.72] DevOnline: WebRequest_X_46 RECV: 204 
[0489.60] DevOnline: WebRequest_X_47 SEND: https://datarouter.ol.epicgames.com/datarouter/api/v1/public/data?AppID=RocketLeague.Release&AppVersion=973704684&AppEnvironment=Prod&UploadType=eteventstream&UserID=|8b0842d692fa4376be289341c7d7187a|||Epic|8b0842d692fa4376be289341c7d7187a|0&SessionID=D0B6969A4EE2DD54FD3F119504F839B4
[0489.70] DevOnline: WebRequest_X_47 RECV: 204 
[0524.39] ScriptWarning: ScriptWarning, AntennaComponent_TA_2 Hat_HT_b_SK Could not find skel control single bone Bend02
	AntennaComponent_TA menu_main_p.TheWorld:PersistentLevel.CarPreviewActor_TA_0.AntennaComponent_TA_2
	Function TAGame.AntennaComponent_TA:InitAntenna:0190
Script call stack:
	Function TAGame.ProductLoader_TA:HandleAssetLoaded
	Function TAGame.ProductLoader_TA:OnAllAssetsLoaded
	Function TAGame.CarPreviewActor_TA:HandleAllProductsLoaded
	Function TAGame.CarPreviewActor_TA:InitComponents
	Function TAGame.CarMeshComponent_TA:SetLoadout
	Function TAGame.CarMeshComponent_TA:InitAttachments
	Function TAGame.CarMeshComponentBase_TA:AttachOrnament
	Function TAGame.AntennaComponent_TA:InitAntenna

[0524.39] ScriptWarning: ScriptWarning, AntennaComponent_TA_2 Hat_HT_b_SK Could not find skel control single bone Bend03
	AntennaComponent_TA menu_main_p.TheWorld:PersistentLevel.CarPreviewActor_TA_0.AntennaComponent_TA_2
	Function TAGame.AntennaComponent_TA:InitAntenna:0190
Script call stack:
	Function TAGame.ProductLoader_TA:HandleAssetLoaded
	Function TAGame.ProductLoader_TA:OnAllAssetsLoaded
	Function TAGame.CarPreviewActor_TA:HandleAllProductsLoaded
	Function TAGame.CarPreviewActor_TA:InitComponents
	Function TAGame.CarMeshComponent_TA:SetLoadout
	Function TAGame.CarMeshComponent_TA:InitAttachments
	Function TAGame.CarMeshComponentBase_TA:AttachOrnament
	Function TAGame.AntennaComponent_TA:InitAntenna

[0524.39] ScriptWarning: ScriptWarning, AntennaComponent_TA_2 Hat_HT_b_SK Could not find skel control single bone Bend04
	AntennaComponent_TA menu_main_p.TheWorld:PersistentLevel.CarPreviewActor_TA_0.AntennaComponent_TA_2
	Function TAGame.AntennaComponent_TA:InitAntenna:0190
Script call stack:
	Function TAGame.ProductLoader_TA:HandleAssetLoaded
	Function TAGame.ProductLoader_TA:OnAllAssetsLoaded
	Function TAGame.CarPreviewActor_TA:HandleAllProductsLoaded
	Function TAGame.CarPreviewActor_TA:InitComponents
	Function TAGame.CarMeshComponent_TA:SetLoadout
	Function TAGame.CarMeshComponent_TA:InitAttachments
	Function TAGame.CarMeshComponentBase_TA:AttachOrnament
	Function TAGame.AntennaComponent_TA:InitAntenna

[0536.39] EngagementEvents: UpdateEventsCurrentTime  NextEventTime =  0
[0537.57] EngagementEvents: UpdateEventsCurrentTime  NextEventTime =  0
[0539.44] Log: Closing by request
[0539.44] Log: appRequestExit(0)
[0539.62] DevOnline: PlayerDataStorage_WriteFile: Beginning to upload file. User=(8b0842d692fa4376be289341c7d7187a) FileName=(RLSaveData)
[0539.62] Matchmaking: OnlineGameMatchmaking_X_0 OnlineGameMatchmaking_X -> None
[0539.62] Matchmaking: OnlineGameTourMatchmaking_TA_0 OnlineGameTourMatchmaking_TA -> None
[0539.62] DevOnline: PsyNet Flush Start TimeoutSeconds=0.500000
[0539.62] DevOnline: PsyNet Flush End
[0539.63] Exit: Preparing to exit.
[0539.74] Exit: Game engine shut down
[0539.82] Exit: Windows client shut down
[0539.83] Exit: AK Audio shut down.
[0544.91] Exit: Object subsystem successfully closed.
[0544.91] DevOnline: EOSSDK-LogEOSUI: Social Overlay: browser was closed. Reopening...
[0545.78] Exit: Exiting.
[0545.78] Log: Log file closed, 28/10/2023 13:30:50
