Log: Log file open, 25/10/2023 16:03:26
Log: GPsyonixBuildID 231010.63095.433650
Log: Command line: -AUTH_LOGIN=unused -AUTH_PASSWORD=332f9d17c3814473a9590afcc2b44f85 -AUTH_TYPE=exchangecode -epicapp=Sugar -epicenv=Prod -EpicPortal  -epicusername="TIKI_THEGREAT" -epicuserid=8b0842d692fa4376be289341c7d7187a -epiclocale=en -epicsandboxid=9773aa1aa54f4f7b80e44bef04986cea
Init: WinSock: version 1.1 (2.2), MaxSocks=32767, MaxUdp=65467
Log:  ... running in INSTALLED mode
Init: Language extension: INT
Init: Language extension: INT
DevConfig: GConfig::LoadFile associated file:  ..\..\TAGame\Config\TAUI.ini
Init: Version: 231010.63095.433650
Init: Compiled (64-bit): Oct 10 2023 18:07:06
Init: Command line: -AUTH_LOGIN=unused -AUTH_PASSWORD=332f9d17c3814473a9590afcc2b44f85 -AUTH_TYPE=exchangecode -epicapp=Sugar -epicenv=Prod -EpicPortal  -epicusername="TIKI_THEGREAT" -epicuserid=8b0842d692fa4376be289341c7d7187a -epiclocale=en -epicsandboxid=9773aa1aa54f4f7b80e44bef04986cea
Init: Base directory: C:\Program Files\Epic Games\rocketleague\Binaries\Win64\
[0001.34] Log: Purging 30-day cache '..\..\TAGame\Cache\WebCache\*.*'...
[0001.57] Log: Purging 3-day cache '..\..\TAGame\Logs\*.log'...
[0001.58] Init: Computer: DESKTOP-PD8JD65
[0001.58] Init: User: joshu
[0001.58] Init: CPU Page size=4096, Processors=24
[0001.58] Init: High frequency timer resolution =10.000000 MHz
[0001.58] Init: Memory total: Physical=63.9GB (64GB approx) Pagefile=67.9GB Virtual=131072.0GB
[0001.58] Init: Presizing for 138000 objects not considered by GC, pre-allocating 0 bytes.
[0001.58] Init: Object subsystem initialized
[0001.71] Log: Using feature set PrimeUpdate46
[0001.75] Log: FOnlineSubsystemEOS: EOS version = 1.13.0-24551320
[0001.75] DevOnline: EOS Platform CacheDirectory=C:\Users\joshu\AppData\Local\Rocket League\
[0003.00] Log: Found D3D11 adapter 0: NVIDIA GeForce RTX 3070 Ti
[0003.00] Log: Adapter has 8031MB of dedicated video memory, 0MB of dedicated system memory, and 32723MB of shared system memory
[0003.16] Log: Found D3D11 adapter 1: NVIDIA GeForce RTX 3070 Ti
[0003.16] Log: Adapter has 8031MB of dedicated video memory, 0MB of dedicated system memory, and 32723MB of shared system memory
[0003.19] Log: Found D3D11 adapter 2: Microsoft Basic Render Driver
[0003.19] Log: Adapter has 0MB of dedicated video memory, 0MB of dedicated system memory, and 32723MB of shared system memory
[0003.19] Log: Shader platform (RHI): PC-D3D-SM5
[0003.28] Breadcrumbs: Startup_PreInit: 3.278
[0003.30] Breadcrumbs: Startup_LoadGlobalShaders: 0.023
[0007.41] Log: ProductDatabase_TA::InitProductLabels  0.01 sec total.
[0007.45] Log: ProductDatabase_TA::UpdateAvailableProducts  0.04 sec total.
[0007.46] Breadcrumbs: Startup_LoadScriptPackages: 4.161
[0007.99] Breadcrumbs: Startup_LoadNonNativePackages: 0.528
[0007.99] Log: 142267 objects as part of root set at end of initial load.
[0007.99] Log: 0 out of 0 bytes used by permanent object pool.
[0007.99] Log: ShaderCache load stats: AccumLoadSeconds=(2.736) ShadersLoaded=(370260) Duplicates=(22208)
[0007.99] Log: Initializing Engine...
[0007.99] Log: BuildID: 973704684 from GPsyonixBuildID
[0008.09] SystemSettings: Loading PC Settings
[0008.10] Breadcrumbs: Startup_BuildGuidCache: 0.106
[0008.12] Log: Running hardware survey...
[0008.12] Log: Wwise(R) SDK Version 2019.1.1 Build 6977. Copyright (c) 2006-2012 Audiokinetic Inc. / All Rights Reserved.
[0008.93] Log: OS: Microsoft Windows 11 Pro  (22621)
[0008.93] Log: WinSAT: 9.4 [9.5 CPU, 9.9 2D, 9.9 3D, 9.5 Mem, 9.4 Disk]
[0008.93] Log: Processor: AMD Ryzen 9 5900X 12-Core Processor             (AMD64 Family 25 Model 33 Stepping 2) 12 Cores, 24 Threads
[0008.93] Log: Memory: 16.00GB
[0008.93] Log: Memory: 16.00GB
[0008.93] Log: Memory: 16.00GB
[0008.93] Log: Memory: 16.00GB
[0008.93] Log: VideoController: NVIDIA GeForce RTX 3070 Ti (31.0.15.3758)
[0008.93] Log: VideoController: Citrix Indirect Display Adapter (12.40.44.247)
[0008.93] Log: Network Adapter: Realtek Gaming 2.5GbE Family Controller
[0008.93] Log: Disk C: 756.95GB free of 1862.34GB
[0008.93] Log: Disk D: 101.31GB free of 1862.98GB
[0008.93] Log: Sound Device: USB Audio Device
[0008.93] Log: Sound Device: CORSAIR VOID ELITE Wireless Gaming Headset
[0008.93] Log: Sound Device: Sonic Studio Virtual Mixer
[0008.93] Log: Sound Device: NVIDIA Virtual Audio Device (Wave Extensible) (WDM)
[0008.93] Log: Sound Device: Realtek High Definition Audio
[0008.93] Log: Sound Device: USB Audio Device
[0008.93] Log: Sound Device: NVIDIA High Definition Audio
[0008.93] Log: Hardware survey complete in 0.53 seconds.
[0008.93] Breadcrumbs: Startup_ClientInit: 0.838
[0009.92] Log: Detected 1 GPUs for rendering
[0010.10] Breadcrumbs: Startup_CreateViewport: 1.166
[0010.10] DevOnline: Created named interface (RecentPlayersList) of type (Engine.OnlineRecentPlayersList)
[0010.19] EOSGameClips: EOSGameClips: Activate called successfully.
[0010.19] EOSGameClips: EOSGameClips: Audio initialized successfully.
[0010.19] EOSGameClips: EOSGameClips: Subscribed to game clips status events successfully.
[0010.19] EOSGameClips: EOSGameClips: Subscribed to user status events successfully.
[0010.19] EOSGameClips: EOSGameClips: Successfully initialized!
[0010.19] ScriptLog: PsyNet using environment DBE_Production Prod
[0010.19] EngagementEvents: Apply  called. Number of engagement events =  0
[0010.19] EngagementEvents: EngagementEventIcons disabled
[0010.19] PsyNet: PsyNetConnection_X_0 disabled OSCS_ServiceUnavailable
[0010.19] PsyNetStaticData: HandleCacheExpired
[0010.19] PsyNetStaticData: HandleGetURL URL=(https://config.psynet.gg/v2/Config/BattleCars/973704684/Prod/Epic/INT/)
[0010.19] PsyNetStaticData: Blocking sync start
[0010.20] DevOnline: WebRequest_X_0 SEND: https://config.psynet.gg/v2/Config/BattleCars/973704684/Prod/Epic/INT/
[0010.49] DevOnline: WebRequest_X_0 RECV: 200 
[0010.49] Log: FCacheExportTask(..\..\TAGame\Cache\WebCache/aHR0cHM6Ly9jb25maWcucHN5bmV0LmdnL3YyL0NvbmZpZy9CYXR0bGVDYXJzLzk3MzcwNDY4NC9Qcm9kL0VwaWMvSU5ULw==) wrote 298547 bytes to memory
[0010.49] PsyNetStaticData: Blocking sync complete. Elapsed=0.2941
[0010.49] PsyNetStaticData: HandleDataChanged
[0010.50] EngagementEvents: Apply  called. Number of engagement events =  1
[0010.50] EngagementEvents: Engagement Event: Start Time =  1695754800  End Time =  1696986000
[0010.50] EngagementEvents: UpdateEventsCurrentTime  NextEventTime =  0
[0010.54] Log: ProductDatabase_TA::UpdateAvailableProducts  0.04 sec total.
[0011.13] Log: ProductDatabase_TA::InitProductLabels  0.01 sec total.
[0011.13] PsyNet: PsyNetConnection_X_0 enabled
[0011.14] PsyNetStaticData: UpdateCacheTimerEnabled CacheTimer.bEnabled=(True)
[0011.15] EOSGameClips: Construct Constructed EOSGameClipsManager_TA. Self=(EOSGameClipsManager_TA_0)
[0011.15] AuthPsyNetVerbose: New auth error. Error 'OSCS_NotConnected'
[0011.15] AuthPsyNetVerbose: OnlinePlayerAuthentication_TA_0 None Unknown|0|0 Logout
[0011.15] PsyNet: PsyNetConnection_X_1 disabled OSCS_NotConnected
[0011.15] AuthPsyNetVerbose: PsyNet connection status changed. Error 'OSCS_NotConnected'
[0011.15] AuthPsyNetVerbose: New auth error. Error 'OSCS_NotConnected'
[0011.15] AuthPsyNetVerbose: OnlinePlayerAuthentication_TA_0 LoggedOut Unknown|0|0 Logout
[0011.15] AuthPlatformCritical: Initiating auth. Player num '0', Name '', Password length '0'
[0011.15] ScriptLog: HandleBlockListStatusCreated Status=(PlatformBlockListStatus_0) ControllerId=(0)
[0011.15] AuthEpicCritical: Sending Eos login request with Credentials '{Version '3', Id Length '2', Token Length '32', Type 'EOS_LCT_ExchangeCode', SystemAuthCredentialsOptions null? 'Null', ExternalType 'EOS_ECT_EPIC'}'
[0011.15] SaveGame: Load Player.ControllerId=(0) SaveFileName=(..\..\TAGame\SaveDataEpic\DBE_Production\8b0842d692fa4376be289341c7d7187a.save)
[0011.16] Breadcrumbs: Startup_InitOnlineSubsystem: 1.059
[0011.17] DevNet: Browse: MENU_Main_p
[0011.17] Log: LoadMap: MENU_Main_p
[0011.17] Exit: XAudio2 Device shut down.
[0011.19] Log: Fully load package: ..\..\TAGame\CookedPCConsole\GameInfo_GFxMenu_SF.upk
[0011.34] Log: Fully load package: ..\..\TAGame\CookedPCConsole\GFxSounds_MainMenu_SF.upk
[0011.34] Log: Fully load package: ..\..\TAGame\CookedPCConsole\GFX_StartMenu_SF.upk
[0011.43] Log: Fully load package: ..\..\TAGame\CookedPCConsole\GFX_MainMenu_SF.upk
[0011.50] Log: Game class is 'GameInfo_GFxMenu_TA'
[0011.53] Log: Bringing World menu_main_p.TheWorld up for play (0) at 2023.10.25-16.03.36
[0011.53] Log: Flushing async loaders.
[0011.70] Log: Flushed async loaders.
[0011.70] Log: Bringing up level for play took: 0.194520
[0012.02] Log: ########### Finished loading level: 0.853037 seconds
[0012.03] Breadcrumbs: Startup_Browse: 0.873
[0012.03] Log: Initializing Engine Completed
[0012.03] Breadcrumbs: Startup_Total: 12.034
[0012.06] DevOnline: EOSSDK-LogEOSGameClips: Probing for recording system availability.
[0012.06] DevOnline: WebRequest_X_1 SEND: https://rl-cdn.psyonix.com/SpecialEvent/Images/HauntedHallows/2023/RL_HH2023_Event-Screen_logo_V3_as780.png
[0012.07] DevOnline: WebRequest_X_2 SEND: https://rl-cdn.psyonix.com/SpecialEvent/Images/HauntedHallows/2023/RL_HH2023_Event-Screen_asfd879.jpg
[0012.07] DevOnline: WebRequest_X_3 SEND: https://rl-cdn.psyonix.com/LogoImages/S12/Logo_Season_12_INT.png
[0012.08] SaveGame: HandleDataLoaded Result.Code=(BasicLoadResult_Success)
[0012.08] ScriptLog: NetworkSave_TA_0 ApplySettings ReplicationRate=60 NetSpeed=15000 InputRate=60
[0012.36] SaveData: Profile_TA_0 OnLoaded LocalID=(0)
[0012.36] ScriptLog: GetDLCProducts, UnlockedDLCList=
[0012.38] ScriptLog: GetDLCProducts, UnlockedDLCList=
[0012.38] SaveGame: LocalPlayer_TA_0 HandleSaveDataLoaded 
[0012.40] FTECritical: [GFx] Changed active tutorial from 'null' to 'NONE'. Tutorial active? 'false', New checkpoint active? 'false'
[0012.40] FTEVerbose: Checkpoint 'None' attempted completion while the FTE isn't active!
[0012.40] FTECritical: [GFx] Changed active tutorial from 'null' to 'NONE'. Tutorial active? 'false', New checkpoint active? 'false'
[0012.40] FTEVerbose: Checkpoint 'None' attempted completion while the FTE isn't active!
[0012.44] Log: Flushing async loaders.
[0012.77] Log: Flushed async loaders.
[0012.79] Warning: Warning, Material Ball_Football.TranslucentMaterials.Mat_Football_Translucent missing bUsedWithStaticLighting=True!
[0012.89] Log: Detected new XInput controller 0
[0012.90] DevOnline: EOSSDK-LogEOSGameClips: Recording supported and available.
[0012.90] DevOnline: EOSSDK-LogEOSGameClips: Recording availability changed from 'Pending' to 'Available'.
[0012.90] EOSGameClips: EOSGameClips: Availability changed from Pending to Available.
[0013.21] DevOnline: WebRequest_X_1 RECV: 304 
[0013.21] DevOnline: WebRequest_X_2 RECV: 304 
[0013.21] DevOnline: WebRequest_X_3 RECV: 304 
[0013.37] DevOnline: EOSSDK-LogEOSAnalytics: EOS SDK Analytics disabled for route [1].
[0013.99] AuthEpicCritical: Eos login result 'EOS_Success' for player '0'
[0014.19] AuthEpicCritical: Connect login result 'EOS_Success' for player '8b0842d692fa4376be289341c7d7187a', local num '0'
[0014.19] AuthPlatformCritical: Login status changed for player '0' to 'LS_LoggedIn'
[0014.19] AuthPlatformVerbose: Login attempt concluded
[0014.19] AuthEpicVerbose: Requesting cabined status for player '0'
[0014.19] DevOnline: WebRequest_X_4 SEND: https://api.epicgames.dev/epic/id/v1/accounts?accountId=8b0842d692fa4376be289341c7d7187a
[0014.19] PsyNet: PsyNetConnection_X_1 enabled
[0014.19] AuthPsyNetVerbose: PsyNet connection status changed. Error 'None'
[0014.19] AuthPsyNetVerbose: Transitioning to state 'RequestAuthCode'
[0014.19] AuthPsyNetCritical: Requesting auth ticket from platform for 'Epic|8b0842d692fa4376be289341c7d7187a|0'
[0014.19] AuthPsyNetCritical: Platform auth ticket completed with success 'True'
[0014.19] AuthPsyNetVerbose: Transitioning to state 'SendLoginRequest'
[0014.19] AuthPsyNetCritical: Sending login RPC for player '8b0842d692fa4376be289341c7d7187a' Auth ticket required? 'True'
[0014.19] AuthPsyNetCritical: Primary player ID? 'Epic|8b0842d692fa4376be289341c7d7187a|0' Logging In PlayerID '8b0842d692fa4376be289341c7d7187a'
[0014.19] AuthPsyNetVerbose: OnlinePlayerAuthentication_TA_0 SendLoginRequest Epic|8b0842d692fa4376be289341c7d7187a|0 HandleLoginStatusChanged LS_LoggedIn Epic|8b0842d692fa4376be289341c7d7187a|0
[0014.19] Party: HandleLocalPlayerLoginStatusChanged PlayerName=TIKI_THEGREAT PlayerID=Epic|8b0842d692fa4376be289341c7d7187a|0 LoginStatus=LS_LoggedIn IsPrimary=True IsInParty=False
[0014.19] PsyNet: HTTP send ID=PsyNetMessage_X_0 Message=PsyNetMessage_X_0
[0014.19] DevOnline: WebRequest_X_5 SEND: https://api.rlpp.psynet.gg/rpc/Auth/AuthPlayer/v2
[0014.33] ScriptLog: GetDLCProducts, UnlockedDLCList=
[0014.51] Log: Flushing async loaders.
[0014.54] Log: Flushed async loaders.
[0014.62] DevOnline: WebRequest_X_4 RECV: 200 
[0014.62] AuthEpicVerbose: Cabined request completed for user '0' with result 'False', Error 'None'
[0014.77] DevOnline: WebRequest_X_5 RECV: 200 
[0014.77] PsyNet: HTTP recv ID=PsyNetMessage_X_0 Message=PsyNetMessage_X_1
[0014.78] AuthPsyNetCritical: PsyNet auth RPC succeeded for player '8b0842d692fa4376be289341c7d7187a'
[0014.78] AuthPsyNetVerbose: Transitioning to state 'LoggedIn'
[0014.78] AuthPsyNetCritical: Login successful for player '8b0842d692fa4376be289341c7d7187a'
[0014.78] Auth: OnlinePlayer_TA_0 OnlinePlayerAuthentication_TA_0 HandleAuthLoginChange Auth.bLoggedIn=(True)
[0014.78] PsyNet: Enabling PerCon
[0014.78] PsyNet: PsyNetConnection_X_1 SetAuthorized bAuthorized=True
[0014.78] RankedReconnect: LocalPlayer_TA_0.CheckForRankedReconnect() bOpenedStartMenu=(False) IsMenuLevel=(True) bLoggedIn=(True) IsPrimaryPlayer=(True) RankedReconnectAvailable=(False) EpochTime=(0) EpochNow=(1698275019) TimeSince=(1698275019) ReconnectTimeoutSeconds=(900) Reservation=()
[0014.98] PsyNet: PsyNetMessengerWebSocket_X_0 Connected
[0014.98] PsyNet: PsyNetConnection_X_1 UpdateConnectionState bConnected=(True) bFreshConnection=(True)
[0014.98] DevOnline: WebRequest_X_6 SEND: https://api.kws.ol.epicgames.com/v1/epic-settings/public/users/8b0842d692fa4376be289341c7d7187a/values?game=rl
[0014.98] DevOnline: WebRequest_X_7 SEND: https://api.epicgames.dev/epic/friends/v1/8b0842d692fa4376be289341c7d7187a/blocklist
[0014.98] DevOnline: PlayerDataStorage_QueryFileList: Beginning to query files. User=(8b0842d692fa4376be289341c7d7187a)
[0014.98] PsyNetBeaconDetail_X: PsyNetBeacon_X_0 SetPsyNetConnection InPsyNetConnection=(PsyNetConnection_X_1)
[0014.98] PsyNet: PsyNetConnection_X_1 UpdateConnectionState bPerConConnected=(True)
[0015.10] DevOnline: WebRequest_X_7 RECV: 200 
[0015.11] ScriptLog: HandleStatusChanged PrimaryStatus.DownloadStatus=(EB_Success) ControllerId=(0)
[0015.13] DevOnline: PlayerDataStorage_QueryFileList: Finished querying files. User=(8b0842d692fa4376be289341c7d7187a) Success=(1)
[0015.13] DevOnline: PlayerDataStorage_ReadFile: Beginning to download file. User=(8b0842d692fa4376be289341c7d7187a) FileName=(RLSaveData)
[0015.16] ScriptLog: ListenForBlockListDownloaded PrimaryStatus=(PlatformBlockListStatus_0) PrimaryStatus.DownloadStatus=(EB_Success)
[0015.23] EOSVoice: HandleFriendsListChanged
[0015.24] DevOnline: WebRequest_X_8 SEND: https://rl-cdn.psyonix.com/Playlists/Images/Limited_Events_BG_haunted-heatseeker.jpg
[0015.24] DevOnline: WebRequest_X_9 SEND: https://rl-cdn.psyonix.com/Playlists/Images/rl_ltm_heatseeker2022_playlist.png
[0015.28] DevOnline: WebRequest_X_6 RECV: 200 
[0015.28] EOSPermissions: NS=profile SN=p2p-trading PL=null EL=null DV=0 IV=0
[0015.28] EOSPermissions: NS=profile SN=require-pin-to-add-friend PL=False EL=null DV=False IV=False
[0015.28] EOSPermissions: NS=prm SN=marketing PL=null EL=True DV=True IV=True
[0015.28] EOSPermissions: NS=chat SN=voice PL=null EL=null DV=0 IV=0
[0015.28] EOSPermissions: NS=chat SN=text PL=null EL=null DV=0 IV=0
[0015.28] DevOnline: WebRequest_X_10 SEND: https://api.epicgames.dev/epic/friends/v1/8b0842d692fa4376be289341c7d7187a/outgoing
[0015.28] DevOnline: WebRequest_X_8 RECV: 304 
[0015.28] DevOnline: WebRequest_X_9 RECV: 304 
[0015.32] DevOnline: WebRequest_X_11 SEND: https://rl-cdn.psyonix.com/ChallengeIcons/Challenge_Play.jpg
[0015.32] DevOnline: WebRequest_X_12 SEND: https://rl-cdn.psyonix.com/ChallengeIcons/Challenge_Shot.jpg
[0015.32] DevOnline: WebRequest_X_13 SEND: https://rl-cdn.psyonix.com/ChallengeIcons/Challenge_Save.jpg
[0015.32] DevOnline: WebRequest_X_14 SEND: https://rl-cdn.psyonix.com/ChallengeIcons/Challenge_Center.jpg
[0015.32] DevOnline: WebRequest_X_15 SEND: https://rl-cdn.psyonix.com/ChallengeIcons/Challenge_Win.jpg
[0015.32] DevOnline: WebRequest_X_16 SEND: https://rl-cdn.psyonix.com/ChallengeIcons/Challenge_AerialGoal.jpg
[0015.32] DevOnline: WebRequest_X_17 SEND: https://rl-cdn.psyonix.com/ChallengeIcons/Challenge_SAG.jpg
[0015.32] DevOnline: WebRequest_X_18 SEND: https://rl-cdn.psyonix.com/ChallengeIcons/Challenge_Clear.jpg
[0015.32] DevOnline: WebRequest_X_19 SEND: https://rl-cdn.psyonix.com/ChallengeIcons/Challenge_Goal.jpg
[0015.32] DevOnline: WebRequest_X_20 SEND: https://rl-cdn.psyonix.com/ChallengeBanners/NUX_Popup_Octane.png
[0015.32] DevOnline: WebRequest_X_21 SEND: https://rl-cdn.psyonix.com/SpecialEvent/Images/HauntedHallows/2023/RL_Haunted_Hallows_WIDGET_ART_acsh07d8.png
[0015.33] DevOnline: WebRequest_X_22 SEND: https://rl-cdn.psyonix.com/SpecialEvent/Images/HauntedHallows/2023/RL_hh_2023_EventDash_awecf90n8.png
[0015.33] DevOnline: WebRequest_X_23 SEND: https://rl-cdn.psyonix.com/ChallengeBanners/Season_imagery_Reward.png
[0015.34] DevOnline: WebRequest_X_24 SEND: https://rl-cdn.psyonix.com/ChallengeBanners/rl_s12_dash.png
[0015.38] DevOnline: WebRequest_X_11 RECV: 304 
[0015.38] DevOnline: WebRequest_X_12 RECV: 304 
[0015.38] DevOnline: WebRequest_X_13 RECV: 304 
[0015.39] ScriptLog: RegionPinger_X_0 PingRegions ("162.244.54.134:16891","109.200.205.17:29349","162.245.206.74:26123","34.126.100.152:3127","54.151.128.56:8867","13.112.27.76:7853","185.179.203.18:24300","3.27.124.180:8667","13.244.100.126:8667","185.41.141.77:19746","3.111.38.247:8851")
[0015.41] DevOnline: WebRequest_X_10 RECV: 200 
[0015.42] DevOnline: WebRequest_X_14 RECV: 304 
[0015.44] DevOnline: WebRequest_X_15 RECV: 304 
[0015.44] DevOnline: WebRequest_X_16 RECV: 304 
[0015.44] DevOnline: WebRequest_X_17 RECV: 304 
[0015.44] DevOnline: WebRequest_X_18 RECV: 304 
[0015.46] DevOnline: WebRequest_X_19 RECV: 304 
[0015.46] DevOnline: WebRequest_X_20 RECV: 304 
[0015.46] DevOnline: WebRequest_X_21 RECV: 304 
[0015.46] DevOnline: WebRequest_X_22 RECV: 304 
[0015.46] DevOnline: WebRequest_X_23 RECV: 304 
[0015.47] DevOnline: WebRequest_X_24 RECV: 304 
[0015.93] DevOnline: PlayerDataStorage_ReadFile: File download complete. User=(8b0842d692fa4376be289341c7d7187a) FileName=(RLSaveData) Success=(1)
[0015.93] EOSSync: HandleFileReadComplete LocalSaveTick: 43
[0015.93] EOSSync: HandleFileReadComplete OnlineSaveTick: 43
[0015.93] EOSSync: HandleFileReadComplete Local Save is up to date, keeping this file
[0015.94] ScriptLog: NewProductIDs128: 
[0015.94] ScriptLog: GetDLCProducts, UnlockedDLCList=
[0015.94] AuthEpicVerbose: Epic save data loaded
[0015.94] AuthEpicVerbose: [GFx] Epic login changed. m_uiState:StartMenu bPromptParentalConsent:false bPromptToChoosePrimaryAccount:false bEpicSaveDataLoaded:true bPlatformLinked:true
[0015.94] ScriptLog: GetDLCProducts, UnlockedDLCList=
[0015.94] DevOnline: WebRequest_X_25 SEND: https://rl-cdn.psyonix.com/Legal/PC/EULA/INT.txt
[0015.94] DevOnline: WebRequest_X_26 SEND: https://rl-cdn.psyonix.com/Legal/PC/PrivacyPolicy/INT.txt
[0015.99] DevOnline: WebRequest_X_25 RECV: 304 
[0016.00] DevOnline: WebRequest_X_26 RECV: 304 
[0016.65] Matchmaking: All Regions Pinged: USE (0.1000),EU (0.1667),USW (0.0333),ASC (0.2000),ASM (0.2000),JPN (0.1500),ME (0.2833),OCE (0.1833),SAF (0.3333),SAM (0.2000),IND (0.3000)
[0016.66] Log: FCacheExportTask(..\..\TAGame\Cache\RegionCache.cache) wrote 1069 bytes to memory
[0017.36] EOSVoice: HandleFriendsListChanged
[0020.89] EngagementEvents: UpdateEventsCurrentTime  NextEventTime =  0
[0025.89] Log: Assigning XInput controller to 0
[0026.04] Legacy: State Set
[0026.04] FTEVerbose: [GFx] Checking FTE progress: Shown login flow 'false', Legal modal valid? 'true', Online? 'true', Cabined state '0', Legacy state '3'
[0026.04] FTEDev: Trying to start FTE Group Prime_InitialStartup which is already completed and cannot be restarted CurrentActiveGroup.bCanBeDoneAgain=(False) bIgnoreCompletion=(False)
[0026.04] AuthEpicVerbose: [GFx] Showing login flow. Platform linked? 'true' Prompt for epic link? 'false' Prompt for primary? 'false' Prompt for parental consent? 'false' Epic data loaded? 'true' Showing epic flow? 'false'
[0026.04] AuthEpicVerbose: [GFx] Epic flow completed 'false'
[0026.04] FTE: Starting Group:Prime_LegalText at Checkpoint:FTE_PrimaryPlayerIsXboxGuest
[0026.04] FTEDev: Trying to start FTE Group Prime_CarSelect while another Group Prime_LegalText is active
[0026.04] FTEVerbose: [GFx] Checking FTE progress: Shown login flow 'true', Legal modal valid? 'true', Online? 'true', Cabined state '0', Legacy state '3'
[0026.04] FTEDev: Trying to start FTE Group Prime_InitialStartup while another Group Prime_LegalText is active
[0026.04] FTE: CompleteCheckpoint GroupName=(Prime_LegalText) CheckpointName=(FTE_PrimaryPlayerIsXboxGuest)
[0026.04] FTE: Moving to Checkpoint:FTE_PrivacyPolicy
[0026.04] FTEVerbose: [GFx] Checking FTE progress: Shown login flow 'true', Legal modal valid? 'true', Online? 'true', Cabined state '0', Legacy state '3'
[0026.04] FTEDev: Trying to start FTE Group Prime_InitialStartup while another Group Prime_LegalText is active
[0026.04] FTE: CompleteCheckpoint GroupName=(Prime_LegalText) CheckpointName=(FTE_PrivacyPolicy)
[0026.04] FTE: Moving to Checkpoint:FTE_EulaText
[0026.04] FTEVerbose: [GFx] Checking FTE progress: Shown login flow 'true', Legal modal valid? 'true', Online? 'true', Cabined state '0', Legacy state '3'
[0026.04] FTEDev: Trying to start FTE Group Prime_InitialStartup while another Group Prime_LegalText is active
[0026.04] FTE: CompleteCheckpoint GroupName=(Prime_LegalText) CheckpointName=(FTE_EulaText)
[0026.04] FTE: CompleteActiveGroup GroupName:Prime_LegalText
[0026.06] FTEVerbose: [GFx] Checking FTE progress: Shown login flow 'true', Legal modal valid? 'true', Online? 'true', Cabined state '0', Legacy state '3'
[0026.06] FTEDev: Trying to start FTE Group Prime_InitialStartup which is already completed and cannot be restarted CurrentActiveGroup.bCanBeDoneAgain=(False) bIgnoreCompletion=(False)
[0026.06] FTEDev: Group Prime_CarSelect Is not meant for users of type FTESave.LegacyGroupType=(LGT_LegacyUser)
[0026.06] FTEVerbose: [GFx] Checking FTE progress: Shown login flow 'true', Legal modal valid? 'true', Online? 'true', Cabined state '0', Legacy state '3'
[0026.06] FTEDev: Trying to start FTE Group Prime_InitialStartup which is already completed and cannot be restarted CurrentActiveGroup.bCanBeDoneAgain=(False) bIgnoreCompletion=(False)
[0026.06] FTEDev: Group Prime_CarSelect Is not meant for users of type FTESave.LegacyGroupType=(LGT_LegacyUser)
[0026.06] FTEDev: Group Prime_FreeToPlayTutorial_1 Is not meant for users of type FTESave.LegacyGroupType=(LGT_LegacyUser)
[0026.06] FTECritical: [GFx] Changed active tutorial from 'null' to 'NONE'. Tutorial active? 'false', New checkpoint active? 'false'
[0026.06] FTEVerbose: Checkpoint 'None' attempted completion while the FTE isn't active!
[0026.06] FTECritical: [GFx] Changed active tutorial from 'null' to 'NONE'. Tutorial active? 'false', New checkpoint active? 'false'
[0026.06] FTEVerbose: Checkpoint 'None' attempted completion while the FTE isn't active!
[0026.06] FTEVerbose: [GFx] Checking FTE progress: Shown login flow 'true', Legal modal valid? 'true', Online? 'true', Cabined state '0', Legacy state '3'
[0026.06] FTEDev: Trying to start FTE Group Prime_InitialStartup which is already completed and cannot be restarted CurrentActiveGroup.bCanBeDoneAgain=(False) bIgnoreCompletion=(False)
[0026.06] FTEDev: Group Prime_CarSelect Is not meant for users of type FTESave.LegacyGroupType=(LGT_LegacyUser)
[0026.06] FTEDev: Group Prime_FreeToPlayTutorial_1 Is not meant for users of type FTESave.LegacyGroupType=(LGT_LegacyUser)
[0026.07] EngagementEvents: UpdateEventsCurrentTime  NextEventTime =  0
[0026.07] AuthEpicVerbose: [GFx] Epic login changed. m_uiState:MainMenu bPromptParentalConsent:false bPromptToChoosePrimaryAccount:false bEpicSaveDataLoaded:false bPlatformLinked:false
[0026.07] FTEDev: Group Prime_MatchComplete Is not meant for users of type FTESave.LegacyGroupType=(LGT_LegacyUser)
[0026.10] RankedReconnect: LocalPlayer_TA_0.CheckForRankedReconnect() bOpenedStartMenu=(True) IsMenuLevel=(True) bLoggedIn=(True) IsPrimaryPlayer=(True) RankedReconnectAvailable=(False) EpochTime=(0) EpochNow=(1698275031) TimeSince=(1698275031) ReconnectTimeoutSeconds=(900) Reservation=()
[0026.10] MTX: ConditionalClaimEntitlements bAllowEntitlements=(True) bClaimingEntitlements=(False) bEntitlementsDirty=(True) PsyNetConnected=(True) SplitscreenID=(0) bMtxCodeExpired=(False)
[0026.10] MTX: HandleMtxCode bSuccess=True
[0026.12] EngagementEvents: UpdateEventsCurrentTime  NextEventTime =  0
[0026.15] Log: FSaveDataExportTask(0) wrote 426042 bytes to memory
[0026.15] Log: SaveGameDataAsync game thread time: 3 ms
[0026.15] DevOnline: WebRequest_X_27 SEND: https://rl-cdn.psyonix.com/Blog/Images/RL_HH2023-shop-tab_tri-panel.png
[0026.16] DevOnline: WebRequest_X_28 SEND: https://rl-cdn.psyonix.com/Blog/Images/RL_HH2023-challenge-rewards_tri-panel.png
[0026.16] Log: Deleting old save file ..\..\TAGame\SaveDataEpic\DBE_Production\8b0842d692fa4376be289341c7d7187a.save
[0026.16] Log: SaveDataExport(0): Finished - File:[..\..\TAGame\SaveDataEpic\DBE_Production\8b0842d692fa4376be289341c7d7187a_2.save] Result:[1]
[0026.16] DevOnline: WebRequest_X_29 SEND: https://rl-cdn.psyonix.com/Blog/Images/RL_HH2023-key-art_tri-panel.png
[0026.24] DevOnline: WebRequest_X_27 RECV: 304 
[0026.24] DevOnline: WebRequest_X_28 RECV: 304 
[0026.24] DevOnline: WebRequest_X_29 RECV: 304 
[0026.49] MTX: HandleClaimSuccess Products=0
[0030.58] EngagementEvents: UpdateEventsCurrentTime  NextEventTime =  0
[0030.64] Log: FSaveDataExportTask(0) wrote 426042 bytes to memory
[0030.64] Log: SaveGameDataAsync game thread time: 3 ms
[0030.65] Log: Deleting old save file ..\..\TAGame\SaveDataEpic\DBE_Production\8b0842d692fa4376be289341c7d7187a_1.save
[0030.65] Log: SaveDataExport(0): Finished - File:[..\..\TAGame\SaveDataEpic\DBE_Production\8b0842d692fa4376be289341c7d7187a.save] Result:[1]
[0030.65] Log: Flushing async loaders.
[0030.65] Log: Flushed async loaders.
[0030.69] Log: Flushing async loaders.
[0030.70] Log: Flushed async loaders.
[0047.84] MTXGarage: HandleUnlockContainerResponse  ((LowerBits=34217463411))
[0047.84] MTXGarage: RevealContainerUnlocks dropped (LowerBits=34217704309) Product(1656)
[0047.86] ScriptLog: GetDLCProducts, UnlockedDLCList=
[0047.87] Warning: Skipping instancing group - an Actor may only be connected to one Group! [StaticMeshActor_257]
[0047.88] Log: FSaveDataExportTask(0) wrote 426258 bytes to memory
[0047.88] Log: SaveGameDataAsync game thread time: 2 ms
[0047.89] Log: Deleting old save file ..\..\TAGame\SaveDataEpic\DBE_Production\8b0842d692fa4376be289341c7d7187a_2.save
[0047.89] Log: SaveDataExport(0): Finished - File:[..\..\TAGame\SaveDataEpic\DBE_Production\8b0842d692fa4376be289341c7d7187a_1.save] Result:[1]
[0058.36] Log: FSaveDataExportTask(0) wrote 426042 bytes to memory
[0058.36] Log: SaveGameDataAsync game thread time: 3 ms
[0058.37] Log: Deleting old save file ..\..\TAGame\SaveDataEpic\DBE_Production\8b0842d692fa4376be289341c7d7187a.save
[0058.37] Log: SaveDataExport(0): Finished - File:[..\..\TAGame\SaveDataEpic\DBE_Production\8b0842d692fa4376be289341c7d7187a_2.save] Result:[1]
[0064.10] EngagementEvents: UpdateEventsCurrentTime  NextEventTime =  0
[0067.03] EngagementEvents: UpdateEventsCurrentTime  NextEventTime =  0
[0072.51] DevOnline: WebRequest_X_30 SEND: https://datarouter.ol.epicgames.com/datarouter/api/v1/public/data?AppID=RocketLeague.Release&AppVersion=973704684&AppEnvironment=Prod&UploadType=eteventstream&UserID=|8b0842d692fa4376be289341c7d7187a|||Epic|8b0842d692fa4376be289341c7d7187a|0&SessionID=3B9FA22A40F1253CDA6DC59C3EE7EBFC
[0072.91] DevOnline: WebRequest_X_30 RECV: 204 
[0077.15] DevOnline: PlayerDataStorage_WriteFile: Beginning to upload file. User=(8b0842d692fa4376be289341c7d7187a) FileName=(RLSaveData)
[0077.15] EngagementEvents: UpdateEventsCurrentTime  NextEventTime =  0
[0078.66] DevOnline: PlayerDataStorage_WriteFile: File upload complete. User=(8b0842d692fa4376be289341c7d7187a) FileName=(RLSaveData) Success=(1)
[0087.80] EngagementEvents: UpdateEventsCurrentTime  NextEventTime =  0
[0104.43] Log: LaunchURL https://www.rocketleague.com/Activate/ 
[0133.14] DevOnline: WebRequest_X_31 SEND: https://datarouter.ol.epicgames.com/datarouter/api/v1/public/data?AppID=RocketLeague.Release&AppVersion=973704684&AppEnvironment=Prod&UploadType=eteventstream&UserID=|8b0842d692fa4376be289341c7d7187a|||Epic|8b0842d692fa4376be289341c7d7187a|0&SessionID=3B9FA22A40F1253CDA6DC59C3EE7EBFC
[0133.24] DevOnline: WebRequest_X_31 RECV: 204 
[0193.13] DevOnline: WebRequest_X_32 SEND: https://datarouter.ol.epicgames.com/datarouter/api/v1/public/data?AppID=RocketLeague.Release&AppVersion=973704684&AppEnvironment=Prod&UploadType=eteventstream&UserID=|8b0842d692fa4376be289341c7d7187a|||Epic|8b0842d692fa4376be289341c7d7187a|0&SessionID=3B9FA22A40F1253CDA6DC59C3EE7EBFC
[0193.26] DevOnline: WebRequest_X_32 RECV: 204 
[0253.14] DevOnline: WebRequest_X_33 SEND: https://datarouter.ol.epicgames.com/datarouter/api/v1/public/data?AppID=RocketLeague.Release&AppVersion=973704684&AppEnvironment=Prod&UploadType=eteventstream&UserID=|8b0842d692fa4376be289341c7d7187a|||Epic|8b0842d692fa4376be289341c7d7187a|0&SessionID=3B9FA22A40F1253CDA6DC59C3EE7EBFC
[0253.25] DevOnline: WebRequest_X_33 RECV: 204 
[0313.13] DevOnline: WebRequest_X_34 SEND: https://datarouter.ol.epicgames.com/datarouter/api/v1/public/data?AppID=RocketLeague.Release&AppVersion=973704684&AppEnvironment=Prod&UploadType=eteventstream&UserID=|8b0842d692fa4376be289341c7d7187a|||Epic|8b0842d692fa4376be289341c7d7187a|0&SessionID=3B9FA22A40F1253CDA6DC59C3EE7EBFC
[0313.26] DevOnline: WebRequest_X_34 RECV: 204 
[0318.55] PsyNetStaticData: HandleCacheExpired
[0318.58] DevOnline: WebRequest_X_35 SEND: https://config.psynet.gg/v2/Config/BattleCars/973704684/Prod/Epic/INT/
[0318.80] DevOnline: WebRequest_X_35 RECV: 304 
[0324.02] Party: Received PsyNet party invitation from player Notifications.FromEpicUserID.EpicAccountId=(22c42091ff3346218c50a37dd89012c9)
[0324.02] ScriptLog: ListenForPlayerBlockStatusDownloaded EpicId=(22c42091ff3346218c50a37dd89012c9) PrimaryStatus=(PlatformBlockListStatus_0) PrimaryStatus.DownloadStatus=(EB_Success)
[0324.02] ScriptLog: TriggerPlayerCallback EpicId=(22c42091ff3346218c50a37dd89012c9) Callback=(Transient.Parties_X_0:__Parties_X__HandleUserInvited_0x1_0.__Parties_X__HandleUserInvited_0x1) bBlocked=(False)
[0324.02] Party: Received blocked status bBlocked=(False) for party invite from player EpicId=(22c42091ff3346218c50a37dd89012c9)
[0324.02] Party: HandlePlayerInvitePending Steam|76561197995164042|0 (Uid=8379904155465174610,Platform=OnlinePlatform_PsyNet) -1
[0324.04] PsyNet: PsyNetServiceProvider_X_1 ExecuteService Complete, Service=Party/UserInvited 
[0350.99] EngagementEvents: UpdateEventsCurrentTime  NextEventTime =  0
[0353.84] Online: TryToPlayOnline ControllerID=(-1)
[0353.85] Online: HandlePrivilegeCheckFinished PrivilegeCheck.bHasRestriction=(False)
[0353.85] Online: HandlePrivilegeCheck PrivilegeCheck.bHasRestriction=(False)
[0356.63] Party: HandleUserInvitedResponse ForUserId=(Steam|76561197995164042|0) bAccepted=(True)
[0356.63] Party: HandlePlayerInvitedPrompt InviterId=(Steam|76561197995164042|0) bAccepted=(True)
[0356.63] Party: HandlePlayerInvited bAccepted=(True) InLobbyId:'PsyNet-RNRFnfKt' FriendId:'Steam|76561197995164042|0'
[0356.64] Online: TryToPlayOnline ControllerID=(-1)
[0356.64] Online: HandlePrivilegeCheckFinished PrivilegeCheck.bHasRestriction=(False)
[0356.79] Party: HandleJoinLobby bWasSuccessful=(True) LobbyUID:'PsyNet-RNRFnfKt' 
[0356.80] Party: OnPartyLeaderChanged NewLeader=Steam|76561197995164042|0
[0356.80] Party: HandleLobbyMemberStatusUpdate LobbyUID=PsyNet-RNRFnfKt Members=2 MemberIndex=0 MemberID=Epic|8b0842d692fa4376be289341c7d7187a|0
[0356.80] Party: HandleLobbyMemberStatusUpdate LobbyUID=PsyNet-RNRFnfKt Members=2 MemberIndex=1 MemberID=Steam|76561197995164042|0
[0356.80] PsyNet: PsyNetChannel_X_0 Init party:RNRFnfKt
[0356.80] PsyNet: PsyNetChannel_X_0 Open party:RNRFnfKt
[0356.80] PsyNet: PsyNetChannel_X_0 party:RNRFnfKt waiting for first channel message
[0356.80] PsyNet: PsyNetChannel_X_0 party:RNRFnfKt first channel message MessageID=10
[0356.80] PsyNet: PsyNetChannel_X_0 party:RNRFnfKt executing MessageID=10
[0356.80] Party: HandleLobbyMemberStatusUpdate LobbyUID=PsyNet-RNRFnfKt Members=2 MemberIndex=0 MemberID=Epic|8b0842d692fa4376be289341c7d7187a|0
[0356.81] PsyNet: PsyNetServiceProvider_X_1 ExecuteService Complete, Service=Party/UserJoined 
[0356.89] Party: BroadcastMatchmakingAvailabilityDelayed PartyMemberID:'Epic|8b0842d692fa4376be289341c7d7187a|0' MatchmakeRestrictions=(4)
[0356.90] Party: SetAvailableForMatchmakingForMember PartyMemberID:'Epic|8b0842d692fa4376be289341c7d7187a|0' MatchmakeRestrictions=(4)
[0356.90] Party: BroadcastMatchmakingAvailabilityDelayed PartyMemberID:'Epic|8b0842d692fa4376be289341c7d7187a|0' MatchmakeRestrictions=(4)
[0356.90] Party: SetAvailableForMatchmakingForMember PartyMemberID:'Epic|8b0842d692fa4376be289341c7d7187a|0' MatchmakeRestrictions=(4)
[0356.90] Party: BroadcastDisableCrossPlay PartyMemberID:'Epic|8b0842d692fa4376be289341c7d7187a|0' PartyMembers[ PartyMemberIndex ].bDisableCrossPlay=(False)
[0356.90] Party: BroadcastCrossTextChatState PartyMemberID:'Epic|8b0842d692fa4376be289341c7d7187a|0' PartyMembers[PartyMemberIndex].CrossChatState=(PCCS_Everybody)
[0356.90] Party: BroadcastTradingEnabled PartyMemberID:'Epic|8b0842d692fa4376be289341c7d7187a|0' PartyMembers[PartyMemberIndex].bTradingEnabled=(True)
[0357.11] EOSVoice: Joining room RNRFnfKt
[0357.13] PsyNet: PsyNetChannel_X_0 party:RNRFnfKt receive message MessageID=11
[0357.13] PsyNet: PsyNetChannel_X_0 party:RNRFnfKt executing MessageID=11
[0357.14] PsyNet: PsyNetServiceProvider_X_1 ExecuteService Complete, Service=Party/System 
[0357.15] PsyNet: PsyNetChannel_X_0 party:RNRFnfKt receive message MessageID=12
[0357.15] PsyNet: PsyNetChannel_X_0 party:RNRFnfKt executing MessageID=12
[0357.15] Party: HandleLobbyReceiveBinaryData LobbyUID=PsyNet-RNRFnfKt MemberIndex=1 PlayerUID=Steam|76561197995164042|0 Message=PartyMessage_CurrentVoiceRoom_TA
[0357.16] PsyNet: PsyNetServiceProvider_X_1 ExecuteService Complete, Service=Party/System 
[0357.18] PsyNet: PsyNetChannel_X_0 party:RNRFnfKt receive message MessageID=13
[0357.18] PsyNet: PsyNetChannel_X_0 party:RNRFnfKt executing MessageID=13
[0357.19] PsyNet: PsyNetServiceProvider_X_1 ExecuteService Complete, Service=Party/System 
[0357.21] PsyNet: PsyNetChannel_X_0 party:RNRFnfKt receive message MessageID=14
[0357.21] PsyNet: PsyNetChannel_X_0 party:RNRFnfKt executing MessageID=14
[0357.23] PsyNet: PsyNetServiceProvider_X_1 ExecuteService Complete, Service=Party/System 
[0357.25] PsyNet: PsyNetChannel_X_0 party:RNRFnfKt receive message MessageID=15
[0357.25] PsyNet: PsyNetChannel_X_0 party:RNRFnfKt executing MessageID=15
[0357.26] PsyNet: PsyNetServiceProvider_X_1 ExecuteService Complete, Service=Party/System 
[0357.28] PsyNet: PsyNetChannel_X_0 party:RNRFnfKt receive message MessageID=17
[0357.28] PsyNet: PsyNetChannel_X_0 party:RNRFnfKt waiting for 16
[0357.30] PsyNet: PsyNetChannel_X_0 party:RNRFnfKt receive message MessageID=16
[0357.30] PsyNet: PsyNetChannel_X_0 party:RNRFnfKt executing MessageID=16
[0357.30] PsyNet: PsyNetChannel_X_0 party:RNRFnfKt executing MessageID=17
[0357.30] Party: HandleLobbyReceiveBinaryData LobbyUID=PsyNet-RNRFnfKt MemberIndex=1 PlayerUID=Steam|76561197995164042|0 Message=PartyMessage_LobbySettings_X
[0357.31] PsyNet: PsyNetServiceProvider_X_1 ExecuteService Complete, Service=Party/System 
[0357.31] PsyNet: PsyNetServiceProvider_X_1 ExecuteService Complete, Service=Party/System 
[0357.31] PsyNet: PsyNetChannel_X_0 party:RNRFnfKt receive message MessageID=18
[0357.31] PsyNet: PsyNetChannel_X_0 party:RNRFnfKt executing MessageID=18
[0357.31] Party: HandleLobbyReceiveBinaryData LobbyUID=PsyNet-RNRFnfKt MemberIndex=1 PlayerUID=Steam|76561197995164042|0 Message=PartyMessage_MatchmakingAvailability_X
[0357.31] Party: SetAvailableForMatchmakingForMember PartyMemberID:'Steam|76561197995164042|0' MatchmakeRestrictions=(4)
[0357.33] PsyNet: PsyNetServiceProvider_X_1 ExecuteService Complete, Service=Party/System 
[0357.35] PsyNet: PsyNetChannel_X_0 party:RNRFnfKt receive message MessageID=19
[0357.35] PsyNet: PsyNetChannel_X_0 party:RNRFnfKt executing MessageID=19
[0357.36] PsyNet: PsyNetServiceProvider_X_1 ExecuteService Complete, Service=Party/System 
[0357.38] PsyNet: PsyNetChannel_X_0 party:RNRFnfKt receive message MessageID=20
[0357.38] PsyNet: PsyNetChannel_X_0 party:RNRFnfKt executing MessageID=20
[0357.39] PsyNet: PsyNetServiceProvider_X_1 ExecuteService Complete, Service=Party/System 
[0357.41] PsyNet: PsyNetChannel_X_0 party:RNRFnfKt receive message MessageID=21
[0357.41] PsyNet: PsyNetChannel_X_0 party:RNRFnfKt executing MessageID=21
[0357.43] PsyNet: PsyNetServiceProvider_X_1 ExecuteService Complete, Service=Party/System 
[0357.45] PsyNet: PsyNetChannel_X_0 party:RNRFnfKt receive message MessageID=22
[0357.45] PsyNet: PsyNetChannel_X_0 party:RNRFnfKt executing MessageID=22
[0357.46] PsyNet: PsyNetServiceProvider_X_1 ExecuteService Complete, Service=Party/System 
[0357.46] PsyNet: PsyNetChannel_X_0 party:RNRFnfKt receive message MessageID=23
[0357.46] PsyNet: PsyNetChannel_X_0 party:RNRFnfKt executing MessageID=23
[0357.46] Party: HandleLobbyReceiveBinaryData LobbyUID=PsyNet-RNRFnfKt MemberIndex=1 PlayerUID=Steam|76561197995164042|0 Message=PartyMessage_DisableCrossPlay_X
[0357.48] PsyNet: PsyNetServiceProvider_X_1 ExecuteService Complete, Service=Party/System 
[0357.50] PsyNet: PsyNetChannel_X_0 party:RNRFnfKt receive message MessageID=24
[0357.50] PsyNet: PsyNetChannel_X_0 party:RNRFnfKt executing MessageID=24
[0357.51] PsyNet: PsyNetServiceProvider_X_1 ExecuteService Complete, Service=Party/System 
[0357.51] PsyNet: PsyNetChannel_X_0 party:RNRFnfKt receive message MessageID=25
[0357.51] PsyNet: PsyNetChannel_X_0 party:RNRFnfKt executing MessageID=25
[0357.51] Party: HandleLobbyReceiveBinaryData LobbyUID=PsyNet-RNRFnfKt MemberIndex=1 PlayerUID=Steam|76561197995164042|0 Message=PartyMessage_CrossPlayTextChat_X
[0357.53] PsyNet: PsyNetServiceProvider_X_1 ExecuteService Complete, Service=Party/System 
[0357.56] PsyNet: PsyNetChannel_X_0 party:RNRFnfKt receive message MessageID=26
[0357.56] PsyNet: PsyNetChannel_X_0 party:RNRFnfKt executing MessageID=26
[0357.56] Party: HandleLobbyReceiveBinaryData LobbyUID=PsyNet-RNRFnfKt MemberIndex=1 PlayerUID=Steam|76561197995164042|0 Message=PartyMessage_PartyMemberJoinGame_X
[0357.58] PsyNet: PsyNetServiceProvider_X_1 ExecuteService Complete, Service=Party/System 
[0357.58] PsyNet: PsyNetChannel_X_0 party:RNRFnfKt receive message MessageID=27
[0357.58] PsyNet: PsyNetChannel_X_0 party:RNRFnfKt executing MessageID=27
[0357.58] Party: HandleLobbyReceiveBinaryData LobbyUID=PsyNet-RNRFnfKt MemberIndex=1 PlayerUID=Steam|76561197995164042|0 Message=PartyMessage_TradingEnabled_X
[0357.59] PsyNet: PsyNetServiceProvider_X_1 ExecuteService Complete, Service=Party/System 
[0357.60] PsyNet: PsyNetChannel_X_0 party:RNRFnfKt receive message MessageID=28
[0357.60] PsyNet: PsyNetChannel_X_0 party:RNRFnfKt executing MessageID=28
[0357.60] Party: HandleLobbyReceiveBinaryData LobbyUID=PsyNet-RNRFnfKt MemberIndex=1 PlayerUID=Steam|76561197995164042|0 Message=PartyMessage_Loadout_TA
[0357.60] Party: HandleLoadoutMessage MemberID=Steam|76561197995164042|0
[0357.61] PsyNet: PsyNetServiceProvider_X_1 ExecuteService Complete, Service=Party/System 
[0358.30] PsyNet: PsyNetChannel_X_0 party:RNRFnfKt receive message MessageID=29
[0358.30] PsyNet: PsyNetChannel_X_0 party:RNRFnfKt executing MessageID=29
[0358.30] Party: HandleLobbyReceiveBinaryData LobbyUID=PsyNet-RNRFnfKt MemberIndex=1 PlayerUID=Steam|76561197995164042|0 Message=PartyMessage_LocalPlayers_X
[0358.30] Party: Handle PartyMessage_LocalPlayers_X: IsPrimaryPlayer=True
[0358.31] PsyNet: PsyNetServiceProvider_X_1 ExecuteService Complete, Service=Party/System 
[0358.33] EOSVoice: SetPlayerMuteStatus for player 8b0842d692fa4376be289341c7d7187a in room RNRFnfKt to False
[0358.34] DevOnline: EOSSDK-LogEOSRTC: LibRTCCore: LibRtc::FStatisticsService::GetConferenceStats. Collecting statistics is already in progress
[0358.35] PsyNet: PsyNetChannel_X_0 party:RNRFnfKt receive message MessageID=30
[0358.35] PsyNet: PsyNetChannel_X_0 party:RNRFnfKt executing MessageID=30
[0358.35] Party: HandleLobbyReceiveBinaryData LobbyUID=PsyNet-RNRFnfKt MemberIndex=1 PlayerUID=Steam|76561197995164042|0 Message=PartyMessage_GetPlatformPartyResponse_X
[0358.36] PsyNet: PsyNetServiceProvider_X_1 ExecuteService Complete, Service=Party/System 
[0358.65] PsyNet: PsyNetChannel_X_0 party:RNRFnfKt receive message MessageID=31
[0358.65] PsyNet: PsyNetChannel_X_0 party:RNRFnfKt executing MessageID=31
[0358.66] PsyNet: PsyNetServiceProvider_X_1 ExecuteService Complete, Service=Party/System 
[0367.10] EngagementEvents: UpdateEventsCurrentTime  NextEventTime =  0
[0370.02] DevOnline: PlayerDataStorage_WriteFile: Beginning to upload file. User=(8b0842d692fa4376be289341c7d7187a) FileName=(RLSaveData)
[0370.02] EngagementEvents: UpdateEventsCurrentTime  NextEventTime =  0
[0370.03] Log: FSaveDataExportTask(0) wrote 426042 bytes to memory
[0370.03] Log: SaveGameDataAsync game thread time: 3 ms
[0370.05] Log: Deleting old save file ..\..\TAGame\SaveDataEpic\DBE_Production\8b0842d692fa4376be289341c7d7187a_1.save
[0370.05] Log: SaveDataExport(0): Finished - File:[..\..\TAGame\SaveDataEpic\DBE_Production\8b0842d692fa4376be289341c7d7187a.save] Result:[1]
[0372.39] DevOnline: PlayerDataStorage_WriteFile: File upload complete. User=(8b0842d692fa4376be289341c7d7187a) FileName=(RLSaveData) Success=(1)
[0373.14] DevOnline: WebRequest_X_36 SEND: https://datarouter.ol.epicgames.com/datarouter/api/v1/public/data?AppID=RocketLeague.Release&AppVersion=973704684&AppEnvironment=Prod&UploadType=eteventstream&UserID=|8b0842d692fa4376be289341c7d7187a|||Epic|8b0842d692fa4376be289341c7d7187a|0&SessionID=3B9FA22A40F1253CDA6DC59C3EE7EBFC
[0373.24] DevOnline: WebRequest_X_36 RECV: 204 
[0433.68] DevOnline: WebRequest_X_37 SEND: https://datarouter.ol.epicgames.com/datarouter/api/v1/public/data?AppID=RocketLeague.Release&AppVersion=973704684&AppEnvironment=Prod&UploadType=eteventstream&UserID=|8b0842d692fa4376be289341c7d7187a|||Epic|8b0842d692fa4376be289341c7d7187a|0&SessionID=3B9FA22A40F1253CDA6DC59C3EE7EBFC
[0433.77] DevOnline: WebRequest_X_37 RECV: 204 
[0450.44] PsyNet: PsyNetChannel_X_0 party:RNRFnfKt receive message MessageID=32
[0450.44] PsyNet: PsyNetChannel_X_0 party:RNRFnfKt executing MessageID=32
[0450.44] Party: HandleLobbyReceiveBinaryData LobbyUID=PsyNet-RNRFnfKt MemberIndex=1 PlayerUID=Steam|76561197995164042|0 Message=PartyMessage_Loadout_TA
[0450.44] Party: HandleLoadoutMessage MemberID=Steam|76561197995164042|0
[0450.46] PsyNet: PsyNetServiceProvider_X_1 ExecuteService Complete, Service=Party/System 
[0485.98] PsyNet: PsyNetChannel_X_0 party:RNRFnfKt receive message MessageID=33
[0485.98] PsyNet: PsyNetChannel_X_0 party:RNRFnfKt executing MessageID=33
[0485.98] Party: HandleLobbyReceiveBinaryData LobbyUID=PsyNet-RNRFnfKt MemberIndex=1 PlayerUID=Steam|76561197995164042|0 Message=PartyMessage_Loadout_TA
[0485.98] Party: HandleLoadoutMessage MemberID=Steam|76561197995164042|0
[0485.99] PsyNet: PsyNetServiceProvider_X_1 ExecuteService Complete, Service=Party/System 
[0486.57] PsyNet: PsyNetChannel_X_0 party:RNRFnfKt receive message MessageID=34
[0486.57] PsyNet: PsyNetChannel_X_0 party:RNRFnfKt executing MessageID=34
[0486.57] Party: HandleLobbyReceiveBinaryData LobbyUID=PsyNet-RNRFnfKt MemberIndex=1 PlayerUID=Steam|76561197995164042|0 Message=PartyMessage_Loadout_TA
[0486.57] Party: HandleLoadoutMessage MemberID=Steam|76561197995164042|0
[0486.63] PsyNet: PsyNetServiceProvider_X_1 ExecuteService Complete, Service=Party/System 
[0490.40] PsyNet: PsyNetChannel_X_0 party:RNRFnfKt receive message MessageID=35
[0490.40] PsyNet: PsyNetChannel_X_0 party:RNRFnfKt executing MessageID=35
[0490.40] Party: HandleLobbyReceiveBinaryData LobbyUID=PsyNet-RNRFnfKt MemberIndex=1 PlayerUID=Steam|76561197995164042|0 Message=PartyMessage_Loadout_TA
[0490.40] Party: HandleLoadoutMessage MemberID=Steam|76561197995164042|0
[0490.42] PsyNet: PsyNetServiceProvider_X_1 ExecuteService Complete, Service=Party/System 
[0491.86] PsyNet: PsyNetChannel_X_0 party:RNRFnfKt receive message MessageID=36
[0491.86] PsyNet: PsyNetChannel_X_0 party:RNRFnfKt executing MessageID=36
[0491.86] Party: HandleLobbyReceiveBinaryData LobbyUID=PsyNet-RNRFnfKt MemberIndex=1 PlayerUID=Steam|76561197995164042|0 Message=PartyMessage_Loadout_TA
[0491.86] Party: HandleLoadoutMessage MemberID=Steam|76561197995164042|0
[0491.88] PsyNet: PsyNetServiceProvider_X_1 ExecuteService Complete, Service=Party/System 
[0493.69] DevOnline: WebRequest_X_38 SEND: https://datarouter.ol.epicgames.com/datarouter/api/v1/public/data?AppID=RocketLeague.Release&AppVersion=973704684&AppEnvironment=Prod&UploadType=eteventstream&UserID=|8b0842d692fa4376be289341c7d7187a|||Epic|8b0842d692fa4376be289341c7d7187a|0&SessionID=3B9FA22A40F1253CDA6DC59C3EE7EBFC
[0493.80] DevOnline: WebRequest_X_38 RECV: 204 
[0524.93] PsyNet: PsyNetChannel_X_0 party:RNRFnfKt receive message MessageID=37
[0524.93] PsyNet: PsyNetChannel_X_0 party:RNRFnfKt executing MessageID=37
[0524.93] Party: HandleLobbyReceiveBinaryData LobbyUID=PsyNet-RNRFnfKt MemberIndex=1 PlayerUID=Steam|76561197995164042|0 Message=PartyMessage_Loadout_TA
[0524.93] Party: HandleLoadoutMessage MemberID=Steam|76561197995164042|0
[0524.96] PsyNet: PsyNetServiceProvider_X_1 ExecuteService Complete, Service=Party/System 
[0535.86] PsyNet: PsyNetChannel_X_0 party:RNRFnfKt receive message MessageID=38
[0535.86] PsyNet: PsyNetChannel_X_0 party:RNRFnfKt executing MessageID=38
[0535.86] Party: HandleLobbyReceiveBinaryData LobbyUID=PsyNet-RNRFnfKt MemberIndex=1 PlayerUID=Steam|76561197995164042|0 Message=PartyMessage_Loadout_TA
[0535.86] Party: HandleLoadoutMessage MemberID=Steam|76561197995164042|0
[0535.88] PsyNet: PsyNetServiceProvider_X_1 ExecuteService Complete, Service=Party/System 
[0536.66] PsyNet: PsyNetChannel_X_0 party:RNRFnfKt receive message MessageID=39
[0536.66] PsyNet: PsyNetChannel_X_0 party:RNRFnfKt executing MessageID=39
[0536.66] Party: HandleLobbyReceiveBinaryData LobbyUID=PsyNet-RNRFnfKt MemberIndex=1 PlayerUID=Steam|76561197995164042|0 Message=PartyMessage_Loadout_TA
[0536.66] Party: HandleLoadoutMessage MemberID=Steam|76561197995164042|0
[0536.69] PsyNet: PsyNetServiceProvider_X_1 ExecuteService Complete, Service=Party/System 
[0542.21] PsyNet: PsyNetChannel_X_0 party:RNRFnfKt receive message MessageID=40
[0542.21] PsyNet: PsyNetChannel_X_0 party:RNRFnfKt executing MessageID=40
[0542.21] Party: HandleLobbyReceiveBinaryData LobbyUID=PsyNet-RNRFnfKt MemberIndex=1 PlayerUID=Steam|76561197995164042|0 Message=PartyMessage_Loadout_TA
[0542.21] Party: HandleLoadoutMessage MemberID=Steam|76561197995164042|0
[0542.23] PsyNet: PsyNetServiceProvider_X_1 ExecuteService Complete, Service=Party/System 
[0545.52] PsyNet: PsyNetChannel_X_0 party:RNRFnfKt receive message MessageID=41
[0545.52] PsyNet: PsyNetChannel_X_0 party:RNRFnfKt executing MessageID=41
[0545.52] Party: HandleLobbyReceiveBinaryData LobbyUID=PsyNet-RNRFnfKt MemberIndex=1 PlayerUID=Steam|76561197995164042|0 Message=PartyMessage_Loadout_TA
[0545.52] Party: HandleLoadoutMessage MemberID=Steam|76561197995164042|0
[0545.53] PsyNet: PsyNetServiceProvider_X_1 ExecuteService Complete, Service=Party/System 
[0552.01] PsyNet: PsyNetChannel_X_0 party:RNRFnfKt receive message MessageID=42
[0552.01] PsyNet: PsyNetChannel_X_0 party:RNRFnfKt executing MessageID=42
[0552.01] Party: HandleLobbyReceiveBinaryData LobbyUID=PsyNet-RNRFnfKt MemberIndex=1 PlayerUID=Steam|76561197995164042|0 Message=PartyMessage_Loadout_TA
[0552.01] Party: HandleLoadoutMessage MemberID=Steam|76561197995164042|0
[0552.03] PsyNet: PsyNetServiceProvider_X_1 ExecuteService Complete, Service=Party/System 
[0552.77] PsyNet: PsyNetChannel_X_0 party:RNRFnfKt receive message MessageID=43
[0552.77] PsyNet: PsyNetChannel_X_0 party:RNRFnfKt executing MessageID=43
[0552.77] Party: HandleLobbyReceiveBinaryData LobbyUID=PsyNet-RNRFnfKt MemberIndex=1 PlayerUID=Steam|76561197995164042|0 Message=PartyMessage_Loadout_TA
[0552.77] Party: HandleLoadoutMessage MemberID=Steam|76561197995164042|0
[0552.80] PsyNet: PsyNetServiceProvider_X_1 ExecuteService Complete, Service=Party/System 
[0553.67] DevOnline: WebRequest_X_39 SEND: https://datarouter.ol.epicgames.com/datarouter/api/v1/public/data?AppID=RocketLeague.Release&AppVersion=973704684&AppEnvironment=Prod&UploadType=eteventstream&UserID=|8b0842d692fa4376be289341c7d7187a|||Epic|8b0842d692fa4376be289341c7d7187a|0&SessionID=3B9FA22A40F1253CDA6DC59C3EE7EBFC
[0553.78] DevOnline: WebRequest_X_39 RECV: 204 
[0555.32] PsyNet: PsyNetChannel_X_0 party:RNRFnfKt receive message MessageID=44
[0555.32] PsyNet: PsyNetChannel_X_0 party:RNRFnfKt executing MessageID=44
[0555.32] Party: HandleLobbyReceiveBinaryData LobbyUID=PsyNet-RNRFnfKt MemberIndex=1 PlayerUID=Steam|76561197995164042|0 Message=PartyMessage_Loadout_TA
[0555.32] Party: HandleLoadoutMessage MemberID=Steam|76561197995164042|0
[0555.35] PsyNet: PsyNetServiceProvider_X_1 ExecuteService Complete, Service=Party/System 
[0564.00] PsyNet: PsyNetChannel_X_0 party:RNRFnfKt receive message MessageID=45
[0564.00] PsyNet: PsyNetChannel_X_0 party:RNRFnfKt executing MessageID=45
[0564.00] Party: HandleLobbyReceiveBinaryData LobbyUID=PsyNet-RNRFnfKt MemberIndex=1 PlayerUID=Steam|76561197995164042|0 Message=PartyMessage_Loadout_TA
[0564.00] Party: HandleLoadoutMessage MemberID=Steam|76561197995164042|0
[0564.02] PsyNet: PsyNetServiceProvider_X_1 ExecuteService Complete, Service=Party/System 
[0574.53] PsyNet: PsyNetChannel_X_0 party:RNRFnfKt receive message MessageID=46
[0574.53] PsyNet: PsyNetChannel_X_0 party:RNRFnfKt executing MessageID=46
[0574.53] Party: HandleLobbyReceiveBinaryData LobbyUID=PsyNet-RNRFnfKt MemberIndex=1 PlayerUID=Steam|76561197995164042|0 Message=PartyMessage_Loadout_TA
[0574.53] Party: HandleLoadoutMessage MemberID=Steam|76561197995164042|0
[0574.55] PsyNet: PsyNetServiceProvider_X_1 ExecuteService Complete, Service=Party/System 
[0575.39] PsyNet: PsyNetChannel_X_0 party:RNRFnfKt receive message MessageID=47
[0575.39] PsyNet: PsyNetChannel_X_0 party:RNRFnfKt executing MessageID=47
[0575.39] Party: HandleLobbyReceiveBinaryData LobbyUID=PsyNet-RNRFnfKt MemberIndex=1 PlayerUID=Steam|76561197995164042|0 Message=PartyMessage_Loadout_TA
[0575.39] Party: HandleLoadoutMessage MemberID=Steam|76561197995164042|0
[0575.42] PsyNet: PsyNetServiceProvider_X_1 ExecuteService Complete, Service=Party/System 
[0592.74] PsyNet: PsyNetChannel_X_0 party:RNRFnfKt receive message MessageID=48
[0592.74] PsyNet: PsyNetChannel_X_0 party:RNRFnfKt executing MessageID=48
[0592.74] Party: HandleLobbyReceiveBinaryData LobbyUID=PsyNet-RNRFnfKt MemberIndex=1 PlayerUID=Steam|76561197995164042|0 Message=PartyMessage_Loadout_TA
[0592.74] Party: HandleLoadoutMessage MemberID=Steam|76561197995164042|0
[0592.76] PsyNet: PsyNetServiceProvider_X_1 ExecuteService Complete, Service=Party/System 
[0595.75] PsyNet: PsyNetChannel_X_0 party:RNRFnfKt receive message MessageID=49
[0595.75] PsyNet: PsyNetChannel_X_0 party:RNRFnfKt executing MessageID=49
[0595.75] Party: HandleLobbyReceiveBinaryData LobbyUID=PsyNet-RNRFnfKt MemberIndex=1 PlayerUID=Steam|76561197995164042|0 Message=PartyMessage_Loadout_TA
[0595.75] Party: HandleLoadoutMessage MemberID=Steam|76561197995164042|0
[0595.78] PsyNet: PsyNetServiceProvider_X_1 ExecuteService Complete, Service=Party/System 
[0613.69] DevOnline: WebRequest_X_40 SEND: https://datarouter.ol.epicgames.com/datarouter/api/v1/public/data?AppID=RocketLeague.Release&AppVersion=973704684&AppEnvironment=Prod&UploadType=eteventstream&UserID=|8b0842d692fa4376be289341c7d7187a|||Epic|8b0842d692fa4376be289341c7d7187a|0&SessionID=3B9FA22A40F1253CDA6DC59C3EE7EBFC
[0613.79] DevOnline: WebRequest_X_40 RECV: 204 
[0627.14] PsyNet: PsyNetChannel_X_0 party:RNRFnfKt receive message MessageID=50
[0627.14] PsyNet: PsyNetChannel_X_0 party:RNRFnfKt executing MessageID=50
[0627.14] Party: HandleLobbyReceiveBinaryData LobbyUID=PsyNet-RNRFnfKt MemberIndex=1 PlayerUID=Steam|76561197995164042|0 Message=PartyMessage_Loadout_TA
[0627.14] Party: HandleLoadoutMessage MemberID=Steam|76561197995164042|0
[0627.16] PsyNet: PsyNetServiceProvider_X_1 ExecuteService Complete, Service=Party/System 
[0634.10] PsyNet: PsyNetChannel_X_0 party:RNRFnfKt receive message MessageID=51
[0634.10] PsyNet: PsyNetChannel_X_0 party:RNRFnfKt executing MessageID=51
[0634.10] Party: HandleLobbyReceiveBinaryData LobbyUID=PsyNet-RNRFnfKt MemberIndex=1 PlayerUID=Steam|76561197995164042|0 Message=PartyMessage_Loadout_TA
[0634.10] Party: HandleLoadoutMessage MemberID=Steam|76561197995164042|0
[0634.12] PsyNet: PsyNetServiceProvider_X_1 ExecuteService Complete, Service=Party/System 
[0637.69] PsyNet: PsyNetChannel_X_0 party:RNRFnfKt receive message MessageID=52
[0637.69] PsyNet: PsyNetChannel_X_0 party:RNRFnfKt executing MessageID=52
[0637.69] Party: HandleLobbyReceiveBinaryData LobbyUID=PsyNet-RNRFnfKt MemberIndex=1 PlayerUID=Steam|76561197995164042|0 Message=PartyMessage_Loadout_TA
[0637.69] Party: HandleLoadoutMessage MemberID=Steam|76561197995164042|0
[0637.72] PsyNet: PsyNetServiceProvider_X_1 ExecuteService Complete, Service=Party/System 
[0637.72] PsyNetStaticData: HandleCacheExpired
[0637.74] DevOnline: WebRequest_X_41 SEND: https://config.psynet.gg/v2/Config/BattleCars/973704684/Prod/Epic/INT/
[0637.95] DevOnline: WebRequest_X_41 RECV: 304 
[0648.25] PsyNet: PsyNetChannel_X_0 party:RNRFnfKt receive message MessageID=53
[0648.25] PsyNet: PsyNetChannel_X_0 party:RNRFnfKt executing MessageID=53
[0648.25] Party: HandleLobbyReceiveBinaryData LobbyUID=PsyNet-RNRFnfKt MemberIndex=1 PlayerUID=Steam|76561197995164042|0 Message=PartyMessage_Loadout_TA
[0648.25] Party: HandleLoadoutMessage MemberID=Steam|76561197995164042|0
[0648.28] PsyNet: PsyNetServiceProvider_X_1 ExecuteService Complete, Service=Party/System 
[0665.69] PsyNet: PsyNetChannel_X_0 party:RNRFnfKt receive message MessageID=54
[0665.69] PsyNet: PsyNetChannel_X_0 party:RNRFnfKt executing MessageID=54
[0665.69] Party: HandleLobbyReceiveBinaryData LobbyUID=PsyNet-RNRFnfKt MemberIndex=1 PlayerUID=Steam|76561197995164042|0 Message=PartyMessage_Loadout_TA
[0665.69] Party: HandleLoadoutMessage MemberID=Steam|76561197995164042|0
[0665.72] PsyNet: PsyNetServiceProvider_X_1 ExecuteService Complete, Service=Party/System 
[0673.67] DevOnline: WebRequest_X_42 SEND: https://datarouter.ol.epicgames.com/datarouter/api/v1/public/data?AppID=RocketLeague.Release&AppVersion=973704684&AppEnvironment=Prod&UploadType=eteventstream&UserID=|8b0842d692fa4376be289341c7d7187a|||Epic|8b0842d692fa4376be289341c7d7187a|0&SessionID=3B9FA22A40F1253CDA6DC59C3EE7EBFC
[0673.78] DevOnline: WebRequest_X_42 RECV: 204 
[0733.68] DevOnline: WebRequest_X_43 SEND: https://datarouter.ol.epicgames.com/datarouter/api/v1/public/data?AppID=RocketLeague.Release&AppVersion=973704684&AppEnvironment=Prod&UploadType=eteventstream&UserID=|8b0842d692fa4376be289341c7d7187a|||Epic|8b0842d692fa4376be289341c7d7187a|0&SessionID=3B9FA22A40F1253CDA6DC59C3EE7EBFC
[0733.79] DevOnline: WebRequest_X_43 RECV: 204 
[0793.67] DevOnline: WebRequest_X_44 SEND: https://datarouter.ol.epicgames.com/datarouter/api/v1/public/data?AppID=RocketLeague.Release&AppVersion=973704684&AppEnvironment=Prod&UploadType=eteventstream&UserID=|8b0842d692fa4376be289341c7d7187a|||Epic|8b0842d692fa4376be289341c7d7187a|0&SessionID=3B9FA22A40F1253CDA6DC59C3EE7EBFC
[0793.77] DevOnline: WebRequest_X_44 RECV: 204 
[0853.67] DevOnline: WebRequest_X_45 SEND: https://datarouter.ol.epicgames.com/datarouter/api/v1/public/data?AppID=RocketLeague.Release&AppVersion=973704684&AppEnvironment=Prod&UploadType=eteventstream&UserID=|8b0842d692fa4376be289341c7d7187a|||Epic|8b0842d692fa4376be289341c7d7187a|0&SessionID=3B9FA22A40F1253CDA6DC59C3EE7EBFC
[0853.77] DevOnline: WebRequest_X_45 RECV: 204 
[0913.68] DevOnline: WebRequest_X_46 SEND: https://datarouter.ol.epicgames.com/datarouter/api/v1/public/data?AppID=RocketLeague.Release&AppVersion=973704684&AppEnvironment=Prod&UploadType=eteventstream&UserID=|8b0842d692fa4376be289341c7d7187a|||Epic|8b0842d692fa4376be289341c7d7187a|0&SessionID=3B9FA22A40F1253CDA6DC59C3EE7EBFC
[0913.78] DevOnline: WebRequest_X_46 RECV: 204 
[0916.71] Online: TryToPlayOnline ControllerID=(-1)
[0916.73] Online: HandlePrivilegeCheckFinished PrivilegeCheck.bHasRestriction=(False)
[0916.73] Online: HandlePrivilegeCheck PrivilegeCheck.bHasRestriction=(False)
[0916.84] EngagementEvents: UpdateEventsCurrentTime  NextEventTime =  0
[0917.18] DevOnline: WebRequest_X_47 SEND: https://rl-cdn.psyonix.com/ShopImages/rl_bttf_shop_bundle.jpg
[0917.19] DevOnline: WebRequest_X_48 SEND: https://rl-cdn.psyonix.com/ShopImages/rl_bttf_shop_reel.jpg
[0917.20] DevOnline: WebRequest_X_49 SEND: https://rl-cdn.psyonix.com/ShopImages/NBC/RL_HH2023_Bundle_thumbnail_fasd1.jpg
[0917.20] DevOnline: WebRequest_X_50 SEND: https://rl-cdn.psyonix.com/ShopImages/NBC/RL_HH2023_Jack_Bundle_Thumbnail_wef87a0d9.jpg
[0917.21] DevOnline: WebRequest_X_51 SEND: https://rl-cdn.psyonix.com/ShopImages/NBC/RL_HH2023_Oogie_Boogie_Bundle_thumbnail_sd780vf.jpg
[0917.21] DevOnline: WebRequest_X_52 SEND: https://rl-cdn.psyonix.com/ShopImages/NBC/RL_HH2023_Sandy_Claws_Bundle_Thumbnail_sda78h0.jpg
[0917.21] DevOnline: WebRequest_X_53 SEND: https://rl-cdn.psyonix.com/ShopImages/NBC/RL_HH2023_Sally_Bundle_Thumbnail_as856.jpg
[0917.21] DevOnline: WebRequest_X_54 SEND: https://rl-cdn.psyonix.com/ShopImages/NBC/RL_HH2023_Jack_GE_Bundle_Thumbnail_sanupdi.jpg
[0917.21] DevOnline: WebRequest_X_55 SEND: https://rl-cdn.psyonix.com/ShopImages/NBC/rl_HH_Theme_Bundle_thumbnail_sda987.jpg
[0917.24] DevOnline: WebRequest_X_56 SEND: https://rl-cdn.psyonix.com/ShopImages/CreditBundles/rl_radreptile_thumbnail_as5f4gd.jpg
[0917.24] DevOnline: WebRequest_X_57 SEND: https://rl-cdn.psyonix.com/ShopImages/CreditBundles/rl_violetvalor_thumbnail_a78s.jpg
[0917.32] DevOnline: WebRequest_X_47 RECV: 304 
[0917.32] DevOnline: WebRequest_X_55 RECV: 304 
[0917.34] DevOnline: WebRequest_X_48 RECV: 304 
[0917.34] DevOnline: WebRequest_X_49 RECV: 304 
[0917.34] DevOnline: WebRequest_X_50 RECV: 304 
[0917.35] DevOnline: WebRequest_X_51 RECV: 304 
[0917.35] DevOnline: WebRequest_X_52 RECV: 304 
[0917.35] DevOnline: WebRequest_X_53 RECV: 304 
[0917.35] DevOnline: WebRequest_X_54 RECV: 304 
[0917.35] DevOnline: WebRequest_X_56 RECV: 304 
[0917.35] DevOnline: WebRequest_X_57 RECV: 304 
[0932.17] Log: Flushing async loaders.
[0932.19] Log: Flushed async loaders.
[0940.28] PsyNet: PsyNetChannel_X_0 party:RNRFnfKt receive message MessageID=55
[0940.28] PsyNet: PsyNetChannel_X_0 party:RNRFnfKt executing MessageID=55
[0940.28] Party: HandleLobbyReceiveBinaryData LobbyUID=PsyNet-RNRFnfKt MemberIndex=1 PlayerUID=Steam|76561197995164042|0 Message=PartyMessage_LocalPlayers_X
[0940.28] Party: Handle PartyMessage_LocalPlayers_X: IsPrimaryPlayer=True
[0940.29] PsyNet: PsyNetServiceProvider_X_1 ExecuteService Complete, Service=Party/System 
[0940.33] PsyNet: PsyNetChannel_X_0 party:RNRFnfKt receive message MessageID=56
[0940.33] PsyNet: PsyNetChannel_X_0 party:RNRFnfKt executing MessageID=56
[0940.33] Party: HandleLobbyReceiveBinaryData LobbyUID=PsyNet-RNRFnfKt MemberIndex=1 PlayerUID=Steam|76561197995164042|0 Message=PartyMessage_MatchmakingAvailability_X
[0940.33] Party: SetAvailableForMatchmakingForMember PartyMemberID:'Steam|76561197995164042|0' MatchmakeRestrictions=(4)
[0940.34] PsyNet: PsyNetServiceProvider_X_1 ExecuteService Complete, Service=Party/System 
[0940.71] PsyNet: PsyNetChannel_X_0 party:RNRFnfKt receive message MessageID=57
[0940.71] PsyNet: PsyNetChannel_X_0 party:RNRFnfKt executing MessageID=57
[0940.71] Party: HandleLobbyReceiveBinaryData LobbyUID=PsyNet-RNRFnfKt MemberIndex=1 PlayerUID=Steam|76561197995164042|0 Message=PartyMessage_LocalPlayers_X
[0940.71] Party: Handle PartyMessage_LocalPlayers_X: IsPrimaryPlayer=True
[0940.73] PsyNet: PsyNetServiceProvider_X_1 ExecuteService Complete, Service=Party/System 
[0940.76] PsyNet: PsyNetChannel_X_0 party:RNRFnfKt receive message MessageID=58
[0940.76] PsyNet: PsyNetChannel_X_0 party:RNRFnfKt executing MessageID=58
[0940.76] Party: HandleLobbyReceiveBinaryData LobbyUID=PsyNet-RNRFnfKt MemberIndex=1 PlayerUID=Steam|76561197995164042|0 Message=PartyMessage_MatchmakingAvailability_X
[0940.76] Party: SetAvailableForMatchmakingForMember PartyMemberID:'Steam|76561197995164042|0' MatchmakeRestrictions=(4)
[0940.78] PsyNet: PsyNetServiceProvider_X_1 ExecuteService Complete, Service=Party/System 
[0944.37] PsyNetStaticData: HandleCacheExpired
[0944.38] DevOnline: WebRequest_X_58 SEND: https://config.psynet.gg/v2/Config/BattleCars/973704684/Prod/Epic/INT/
[0944.57] DevOnline: WebRequest_X_58 RECV: 304 
[0947.47] EngagementEvents: UpdateEventsCurrentTime  NextEventTime =  0
[0955.10] DevOnline: RPCQueue_X_1 FAIL: PsyNetMessage_X_338->PsyNetMessage_X_339 PsyTime=1698275960 Error={TwoFactorAuthenticationRequired ''} [Trade/TradeAllowed]
[0955.10] Log: RPC Error (failure): Service=Trade/TradeAllowed, Type=TwoFactorAuthenticationRequired, Code=-1, Message=
[0973.68] DevOnline: WebRequest_X_59 SEND: https://datarouter.ol.epicgames.com/datarouter/api/v1/public/data?AppID=RocketLeague.Release&AppVersion=973704684&AppEnvironment=Prod&UploadType=eteventstream&UserID=|8b0842d692fa4376be289341c7d7187a|||Epic|8b0842d692fa4376be289341c7d7187a|0&SessionID=3B9FA22A40F1253CDA6DC59C3EE7EBFC
[0974.08] DevOnline: WebRequest_X_59 RECV: 204 
[0983.18] EngagementEvents: UpdateEventsCurrentTime  NextEventTime =  0
[0985.82] EngagementEvents: UpdateEventsCurrentTime  NextEventTime =  0
[0986.46] Log: Flushing async loaders.
[0986.47] Log: Flushed async loaders.
[1003.00] EngagementEvents: UpdateEventsCurrentTime  NextEventTime =  0
[1034.21] DevOnline: WebRequest_X_60 SEND: https://datarouter.ol.epicgames.com/datarouter/api/v1/public/data?AppID=RocketLeague.Release&AppVersion=973704684&AppEnvironment=Prod&UploadType=eteventstream&UserID=|8b0842d692fa4376be289341c7d7187a|||Epic|8b0842d692fa4376be289341c7d7187a|0&SessionID=3B9FA22A40F1253CDA6DC59C3EE7EBFC
[1034.31] DevOnline: WebRequest_X_60 RECV: 204 
[1090.07] EngagementEvents: UpdateEventsCurrentTime  NextEventTime =  0
[1092.62] Log: Closing by request
[1092.62] Log: appRequestExit(0)
[1092.76] DevOnline: PlayerDataStorage_WriteFile: Beginning to upload file. User=(8b0842d692fa4376be289341c7d7187a) FileName=(RLSaveData)
[1092.76] Matchmaking: OnlineGameMatchmaking_X_0 OnlineGameMatchmaking_X -> None
[1092.76] Matchmaking: OnlineGameTourMatchmaking_TA_0 OnlineGameTourMatchmaking_TA -> None
[1092.77] DevOnline: PsyNet Flush Start TimeoutSeconds=0.500000
[1092.91] DevOnline: PsyNet Flush End
[1092.92] Exit: Preparing to exit.
[1093.02] Exit: Game engine shut down
[1093.35] Exit: Windows client shut down
[1093.36] Exit: AK Audio shut down.
[1098.56] Exit: Object subsystem successfully closed.
[1098.56] DevOnline: EOSSDK-LogEOSUI: Social Overlay: browser was closed. Reopening...
[1099.57] Exit: Exiting.
[1099.57] Log: Log file closed, 25/10/2023 16:21:44
