Log: Log file open, 25/10/2023 21:40:17
Log: GPsyonixBuildID 231010.63095.433650
Log: Command line: -AUTH_LOGIN=unused -AUTH_PASSWORD=7228ab9a83fa4b248d74aadcf6fee7e9 -AUTH_TYPE=exchangecode -epicapp=Sugar -epicenv=Prod -EpicPortal  -epicusername="TIKI_THEGREAT" -epicuserid=8b0842d692fa4376be289341c7d7187a -epiclocale=en -epicsandboxid=9773aa1aa54f4f7b80e44bef04986cea
Init: WinSock: version 1.1 (2.2), MaxSocks=32767, MaxUdp=65467
Log:  ... running in INSTALLED mode
Init: Language extension: INT
Init: Language extension: INT
DevConfig: GConfig::LoadFile associated file:  ..\..\TAGame\Config\TAUI.ini
Init: Version: 231010.63095.433650
Init: Compiled (64-bit): Oct 10 2023 18:07:06
Init: Command line: -AUTH_LOGIN=unused -AUTH_PASSWORD=7228ab9a83fa4b248d74aadcf6fee7e9 -AUTH_TYPE=exchangecode -epicapp=Sugar -epicenv=Prod -EpicPortal  -epicusername="TIKI_THEGREAT" -epicuserid=8b0842d692fa4376be289341c7d7187a -epiclocale=en -epicsandboxid=9773aa1aa54f4f7b80e44bef04986cea
Init: Base directory: C:\Program Files\Epic Games\rocketleague\Binaries\Win64\
[0001.05] Log: Purging 30-day cache '..\..\TAGame\Cache\WebCache\*.*'...
[0001.23] Log: Purging 3-day cache '..\..\TAGame\Logs\*.log'...
[0001.26] Init: Computer: DESKTOP-PD8JD65
[0001.26] Init: User: joshu
[0001.26] Init: CPU Page size=4096, Processors=24
[0001.26] Init: High frequency timer resolution =10.000000 MHz
[0001.26] Init: Memory total: Physical=63.9GB (64GB approx) Pagefile=67.9GB Virtual=131072.0GB
[0001.26] Init: Presizing for 138000 objects not considered by GC, pre-allocating 0 bytes.
[0001.26] Init: Object subsystem initialized
[0001.30] Log: Using feature set PrimeUpdate46
[0001.31] Log: FOnlineSubsystemEOS: EOS version = 1.13.0-24551320
[0001.32] DevOnline: EOS Platform CacheDirectory=C:\Users\joshu\AppData\Local\Rocket League\
[0001.98] Log: Found D3D11 adapter 0: NVIDIA GeForce RTX 3070 Ti
[0001.98] Log: Adapter has 8031MB of dedicated video memory, 0MB of dedicated system memory, and 32723MB of shared system memory
[0002.14] Log: Found D3D11 adapter 1: NVIDIA GeForce RTX 3070 Ti
[0002.14] Log: Adapter has 8031MB of dedicated video memory, 0MB of dedicated system memory, and 32723MB of shared system memory
[0002.18] Log: Found D3D11 adapter 2: Microsoft Basic Render Driver
[0002.18] Log: Adapter has 0MB of dedicated video memory, 0MB of dedicated system memory, and 32723MB of shared system memory
[0002.18] Log: Shader platform (RHI): PC-D3D-SM5
[0002.22] Breadcrumbs: Startup_PreInit: 2.216
[0002.23] Breadcrumbs: Startup_LoadGlobalShaders: 0.014
[0005.70] Log: ProductDatabase_TA::InitProductLabels  0.01 sec total.
[0005.75] Log: ProductDatabase_TA::UpdateAvailableProducts  0.05 sec total.
[0005.76] Breadcrumbs: Startup_LoadScriptPackages: 3.529
[0006.31] Breadcrumbs: Startup_LoadNonNativePackages: 0.554
[0006.32] Log: 142267 objects as part of root set at end of initial load.
[0006.32] Log: 0 out of 0 bytes used by permanent object pool.
[0006.32] Log: ShaderCache load stats: AccumLoadSeconds=(2.406) ShadersLoaded=(370260) Duplicates=(22208)
[0006.32] Log: Initializing Engine...
[0006.32] Log: BuildID: 973704684 from GPsyonixBuildID
[0006.41] SystemSettings: Loading PC Settings
[0006.42] Breadcrumbs: Startup_BuildGuidCache: 0.106
[0006.45] Log: Running hardware survey...
[0006.45] Log: Wwise(R) SDK Version 2019.1.1 Build 6977. Copyright (c) 2006-2012 Audiokinetic Inc. / All Rights Reserved.
[0007.38] Log: OS: Microsoft Windows 11 Pro  (22621)
[0007.38] Log: WinSAT: 9.4 [9.5 CPU, 9.9 2D, 9.9 3D, 9.5 Mem, 9.4 Disk]
[0007.38] Log: Processor: AMD Ryzen 9 5900X 12-Core Processor             (AMD64 Family 25 Model 33 Stepping 2) 12 Cores, 24 Threads
[0007.38] Log: Memory: 16.00GB
[0007.38] Log: Memory: 16.00GB
[0007.38] Log: Memory: 16.00GB
[0007.38] Log: Memory: 16.00GB
[0007.38] Log: VideoController: NVIDIA GeForce RTX 3070 Ti (31.0.15.3758)
[0007.38] Log: VideoController: Citrix Indirect Display Adapter (12.40.44.247)
[0007.38] Log: Network Adapter: Realtek Gaming 2.5GbE Family Controller
[0007.38] Log: Disk C: 756.41GB free of 1862.34GB
[0007.38] Log: Disk D: 101.31GB free of 1862.98GB
[0007.38] Log: Sound Device: USB Audio Device
[0007.38] Log: Sound Device: CORSAIR VOID ELITE Wireless Gaming Headset
[0007.38] Log: Sound Device: Sonic Studio Virtual Mixer
[0007.38] Log: Sound Device: NVIDIA Virtual Audio Device (Wave Extensible) (WDM)
[0007.38] Log: Sound Device: Realtek High Definition Audio
[0007.38] Log: Sound Device: USB Audio Device
[0007.38] Log: Sound Device: NVIDIA High Definition Audio
[0007.38] Log: Hardware survey complete in 0.53 seconds.
[0007.38] Breadcrumbs: Startup_ClientInit: 0.957
[0008.24] Log: Detected 1 GPUs for rendering
[0008.29] Breadcrumbs: Startup_CreateViewport: 0.911
[0008.29] DevOnline: Created named interface (RecentPlayersList) of type (Engine.OnlineRecentPlayersList)
[0008.38] EOSGameClips: EOSGameClips: Activate called successfully.
[0008.38] EOSGameClips: EOSGameClips: Audio initialized successfully.
[0008.38] EOSGameClips: EOSGameClips: Subscribed to game clips status events successfully.
[0008.38] EOSGameClips: EOSGameClips: Subscribed to user status events successfully.
[0008.38] EOSGameClips: EOSGameClips: Successfully initialized!
[0008.38] ScriptLog: PsyNet using environment DBE_Production Prod
[0008.38] EngagementEvents: Apply  called. Number of engagement events =  0
[0008.38] EngagementEvents: EngagementEventIcons disabled
[0008.38] PsyNet: PsyNetConnection_X_0 disabled OSCS_ServiceUnavailable
[0008.38] PsyNetStaticData: HandleCacheExpired
[0008.38] PsyNetStaticData: HandleGetURL URL=(https://config.psynet.gg/v2/Config/BattleCars/973704684/Prod/Epic/INT/)
[0008.38] PsyNetStaticData: Blocking sync start
[0008.38] DevOnline: WebRequest_X_0 SEND: https://config.psynet.gg/v2/Config/BattleCars/973704684/Prod/Epic/INT/
[0008.56] DevOnline: WebRequest_X_0 RECV: 304 
[0008.56] PsyNetStaticData: Blocking sync complete. Elapsed=0.1752
[0008.56] PsyNetStaticData: HandleDataChanged
[0008.56] EngagementEvents: Apply  called. Number of engagement events =  1
[0008.56] EngagementEvents: Engagement Event: Start Time =  1695754800  End Time =  1696986000
[0008.56] EngagementEvents: UpdateEventsCurrentTime  NextEventTime =  0
[0008.61] Log: ProductDatabase_TA::UpdateAvailableProducts  0.04 sec total.
[0009.31] Log: ProductDatabase_TA::InitProductLabels  0.01 sec total.
[0009.31] PsyNet: PsyNetConnection_X_0 enabled
[0009.32] PsyNetStaticData: UpdateCacheTimerEnabled CacheTimer.bEnabled=(True)
[0009.33] EOSGameClips: Construct Constructed EOSGameClipsManager_TA. Self=(EOSGameClipsManager_TA_0)
[0009.33] AuthPsyNetVerbose: New auth error. Error 'OSCS_NotConnected'
[0009.33] AuthPsyNetVerbose: OnlinePlayerAuthentication_TA_0 None Unknown|0|0 Logout
[0009.33] PsyNet: PsyNetConnection_X_1 disabled OSCS_NotConnected
[0009.33] AuthPsyNetVerbose: PsyNet connection status changed. Error 'OSCS_NotConnected'
[0009.33] AuthPsyNetVerbose: New auth error. Error 'OSCS_NotConnected'
[0009.33] AuthPsyNetVerbose: OnlinePlayerAuthentication_TA_0 LoggedOut Unknown|0|0 Logout
[0009.33] AuthPlatformCritical: Initiating auth. Player num '0', Name '', Password length '0'
[0009.33] ScriptLog: HandleBlockListStatusCreated Status=(PlatformBlockListStatus_0) ControllerId=(0)
[0009.33] AuthEpicCritical: Sending Eos login request with Credentials '{Version '3', Id Length '2', Token Length '32', Type 'EOS_LCT_ExchangeCode', SystemAuthCredentialsOptions null? 'Null', ExternalType 'EOS_ECT_EPIC'}'
[0009.33] SaveGame: Load Player.ControllerId=(0) SaveFileName=(..\..\TAGame\SaveDataEpic\DBE_Production\8b0842d692fa4376be289341c7d7187a.save)
[0009.33] Breadcrumbs: Startup_InitOnlineSubsystem: 1.046
[0009.34] DevNet: Browse: MENU_Main_p
[0009.35] Log: LoadMap: MENU_Main_p
[0009.35] Exit: XAudio2 Device shut down.
[0009.36] Log: Fully load package: ..\..\TAGame\CookedPCConsole\GameInfo_GFxMenu_SF.upk
[0009.38] Log: Fully load package: ..\..\TAGame\CookedPCConsole\GFxSounds_MainMenu_SF.upk
[0009.38] Log: Fully load package: ..\..\TAGame\CookedPCConsole\GFX_StartMenu_SF.upk
[0009.47] Log: Fully load package: ..\..\TAGame\CookedPCConsole\GFX_MainMenu_SF.upk
[0009.54] Log: Game class is 'GameInfo_GFxMenu_TA'
[0009.56] Log: Bringing World menu_main_p.TheWorld up for play (0) at 2023.10.25-21.40.25
[0009.56] Log: Flushing async loaders.
[0009.73] Log: Flushed async loaders.
[0009.73] Log: Bringing up level for play took: 0.188746
[0010.02] Log: ########### Finished loading level: 0.677774 seconds
[0010.03] Breadcrumbs: Startup_Browse: 0.698
[0010.03] Log: Initializing Engine Completed
[0010.03] Breadcrumbs: Startup_Total: 10.032
[0010.06] DevOnline: EOSSDK-LogEOSGameClips: Probing for recording system availability.
[0010.06] DevOnline: WebRequest_X_1 SEND: https://rl-cdn.psyonix.com/SpecialEvent/Images/HauntedHallows/2023/RL_HH2023_Event-Screen_logo_V3_as780.png
[0010.07] DevOnline: WebRequest_X_2 SEND: https://rl-cdn.psyonix.com/SpecialEvent/Images/HauntedHallows/2023/RL_HH2023_Event-Screen_asfd879.jpg
[0010.07] DevOnline: WebRequest_X_3 SEND: https://rl-cdn.psyonix.com/LogoImages/S12/Logo_Season_12_INT.png
[0010.07] SaveGame: HandleDataLoaded Result.Code=(BasicLoadResult_Success)
[0010.07] ScriptLog: NetworkSave_TA_0 ApplySettings ReplicationRate=60 NetSpeed=15000 InputRate=60
[0010.32] SaveData: Profile_TA_0 OnLoaded LocalID=(0)
[0010.32] ScriptLog: GetDLCProducts, UnlockedDLCList=
[0010.34] ScriptLog: GetDLCProducts, UnlockedDLCList=
[0010.34] SaveGame: LocalPlayer_TA_0 HandleSaveDataLoaded 
[0010.36] FTECritical: [GFx] Changed active tutorial from 'null' to 'NONE'. Tutorial active? 'false', New checkpoint active? 'false'
[0010.36] FTEVerbose: Checkpoint 'None' attempted completion while the FTE isn't active!
[0010.36] FTECritical: [GFx] Changed active tutorial from 'null' to 'NONE'. Tutorial active? 'false', New checkpoint active? 'false'
[0010.36] FTEVerbose: Checkpoint 'None' attempted completion while the FTE isn't active!
[0010.39] Log: Flushing async loaders.
[0010.61] Log: Flushed async loaders.
[0010.63] Warning: Warning, Material Ball_Football.TranslucentMaterials.Mat_Football_Translucent missing bUsedWithStaticLighting=True!
[0010.73] DevOnline: EOSSDK-LogEOSGameClips: Recording supported and available.
[0010.73] DevOnline: EOSSDK-LogEOSGameClips: Recording availability changed from 'Pending' to 'Available'.
[0010.73] EOSGameClips: EOSGameClips: Availability changed from Pending to Available.
[0010.99] DevOnline: WebRequest_X_2 RECV: 304 
[0010.99] DevOnline: WebRequest_X_3 RECV: 304 
[0011.00] DevOnline: WebRequest_X_1 RECV: 304 
[0011.18] DevOnline: EOSSDK-LogEOSAnalytics: EOS SDK Analytics disabled for route [1].
[0011.81] AuthEpicCritical: Eos login result 'EOS_Success' for player '0'
[0012.01] AuthEpicCritical: Connect login result 'EOS_Success' for player '8b0842d692fa4376be289341c7d7187a', local num '0'
[0012.01] AuthPlatformCritical: Login status changed for player '0' to 'LS_LoggedIn'
[0012.02] AuthPlatformVerbose: Login attempt concluded
[0012.02] AuthEpicVerbose: Requesting cabined status for player '0'
[0012.02] DevOnline: WebRequest_X_4 SEND: https://api.epicgames.dev/epic/id/v1/accounts?accountId=8b0842d692fa4376be289341c7d7187a
[0012.02] PsyNet: PsyNetConnection_X_1 enabled
[0012.02] AuthPsyNetVerbose: PsyNet connection status changed. Error 'None'
[0012.02] AuthPsyNetVerbose: Transitioning to state 'RequestAuthCode'
[0012.02] AuthPsyNetCritical: Requesting auth ticket from platform for 'Epic|8b0842d692fa4376be289341c7d7187a|0'
[0012.02] AuthPsyNetCritical: Platform auth ticket completed with success 'True'
[0012.02] AuthPsyNetVerbose: Transitioning to state 'SendLoginRequest'
[0012.02] AuthPsyNetCritical: Sending login RPC for player '8b0842d692fa4376be289341c7d7187a' Auth ticket required? 'True'
[0012.02] AuthPsyNetCritical: Primary player ID? 'Epic|8b0842d692fa4376be289341c7d7187a|0' Logging In PlayerID '8b0842d692fa4376be289341c7d7187a'
[0012.02] AuthPsyNetVerbose: OnlinePlayerAuthentication_TA_0 SendLoginRequest Epic|8b0842d692fa4376be289341c7d7187a|0 HandleLoginStatusChanged LS_LoggedIn Epic|8b0842d692fa4376be289341c7d7187a|0
[0012.02] Party: HandleLocalPlayerLoginStatusChanged PlayerName=TIKI_THEGREAT PlayerID=Epic|8b0842d692fa4376be289341c7d7187a|0 LoginStatus=LS_LoggedIn IsPrimary=True IsInParty=False
[0012.02] PsyNet: HTTP send ID=PsyNetMessage_X_0 Message=PsyNetMessage_X_0
[0012.02] DevOnline: WebRequest_X_5 SEND: https://api.rlpp.psynet.gg/rpc/Auth/AuthPlayer/v2
[0012.15] ScriptLog: GetDLCProducts, UnlockedDLCList=
[0012.34] Log: Flushing async loaders.
[0012.36] Log: Flushed async loaders.
[0012.44] DevOnline: WebRequest_X_4 RECV: 200 
[0012.44] AuthEpicVerbose: Cabined request completed for user '0' with result 'False', Error 'None'
[0012.51] DevOnline: WebRequest_X_5 RECV: 200 
[0012.51] PsyNet: HTTP recv ID=PsyNetMessage_X_0 Message=PsyNetMessage_X_1
[0012.53] AuthPsyNetCritical: PsyNet auth RPC succeeded for player '8b0842d692fa4376be289341c7d7187a'
[0012.53] AuthPsyNetVerbose: Transitioning to state 'LoggedIn'
[0012.53] AuthPsyNetCritical: Login successful for player '8b0842d692fa4376be289341c7d7187a'
[0012.53] Auth: OnlinePlayer_TA_0 OnlinePlayerAuthentication_TA_0 HandleAuthLoginChange Auth.bLoggedIn=(True)
[0012.53] PsyNet: Enabling PerCon
[0012.53] PsyNet: PsyNetConnection_X_1 SetAuthorized bAuthorized=True
[0012.53] RankedReconnect: LocalPlayer_TA_0.CheckForRankedReconnect() bOpenedStartMenu=(False) IsMenuLevel=(True) bLoggedIn=(True) IsPrimaryPlayer=(True) RankedReconnectAvailable=(False) EpochTime=(0) EpochNow=(1698295228) TimeSince=(1698295228) ReconnectTimeoutSeconds=(900) Reservation=()
[0012.73] PsyNet: PsyNetMessengerWebSocket_X_0 Connected
[0012.73] PsyNet: PsyNetConnection_X_1 UpdateConnectionState bConnected=(True) bFreshConnection=(True)
[0012.73] DevOnline: WebRequest_X_6 SEND: https://api.kws.ol.epicgames.com/v1/epic-settings/public/users/8b0842d692fa4376be289341c7d7187a/values?game=rl
[0012.73] DevOnline: WebRequest_X_7 SEND: https://api.epicgames.dev/epic/friends/v1/8b0842d692fa4376be289341c7d7187a/blocklist
[0012.73] DevOnline: PlayerDataStorage_QueryFileList: Beginning to query files. User=(8b0842d692fa4376be289341c7d7187a)
[0012.73] PsyNetBeaconDetail_X: PsyNetBeacon_X_0 SetPsyNetConnection InPsyNetConnection=(PsyNetConnection_X_1)
[0012.73] PsyNet: PsyNetConnection_X_1 UpdateConnectionState bPerConConnected=(True)
[0012.85] DevOnline: WebRequest_X_7 RECV: 200 
[0012.86] ScriptLog: HandleStatusChanged PrimaryStatus.DownloadStatus=(EB_Success) ControllerId=(0)
[0012.91] ScriptLog: ListenForBlockListDownloaded PrimaryStatus=(PlatformBlockListStatus_0) PrimaryStatus.DownloadStatus=(EB_Success)
[0012.93] DevOnline: PlayerDataStorage_QueryFileList: Finished querying files. User=(8b0842d692fa4376be289341c7d7187a) Success=(1)
[0012.93] DevOnline: PlayerDataStorage_ReadFile: Beginning to download file. User=(8b0842d692fa4376be289341c7d7187a) FileName=(RLSaveData)
[0012.98] EOSVoice: HandleFriendsListChanged
[0013.00] DevOnline: WebRequest_X_8 SEND: https://rl-cdn.psyonix.com/Playlists/Images/Limited_Events_BG_haunted-heatseeker.jpg
[0013.00] DevOnline: WebRequest_X_9 SEND: https://rl-cdn.psyonix.com/Playlists/Images/rl_ltm_heatseeker2022_playlist.png
[0013.04] DevOnline: WebRequest_X_8 RECV: 304 
[0013.04] DevOnline: WebRequest_X_9 RECV: 304 
[0013.05] DevOnline: WebRequest_X_10 SEND: https://rl-cdn.psyonix.com/ChallengeIcons/Challenge_Play.jpg
[0013.05] DevOnline: WebRequest_X_11 SEND: https://rl-cdn.psyonix.com/ChallengeIcons/Challenge_Shot.jpg
[0013.05] DevOnline: WebRequest_X_12 SEND: https://rl-cdn.psyonix.com/ChallengeIcons/Challenge_Save.jpg
[0013.05] DevOnline: WebRequest_X_13 SEND: https://rl-cdn.psyonix.com/ChallengeIcons/Challenge_Center.jpg
[0013.05] DevOnline: WebRequest_X_14 SEND: https://rl-cdn.psyonix.com/ChallengeIcons/Challenge_Win.jpg
[0013.05] DevOnline: WebRequest_X_15 SEND: https://rl-cdn.psyonix.com/ChallengeIcons/Challenge_AerialGoal.jpg
[0013.05] DevOnline: WebRequest_X_16 SEND: https://rl-cdn.psyonix.com/ChallengeIcons/Challenge_SAG.jpg
[0013.05] DevOnline: WebRequest_X_17 SEND: https://rl-cdn.psyonix.com/ChallengeIcons/Challenge_Clear.jpg
[0013.05] DevOnline: WebRequest_X_18 SEND: https://rl-cdn.psyonix.com/ChallengeIcons/Challenge_Goal.jpg
[0013.05] DevOnline: WebRequest_X_19 SEND: https://rl-cdn.psyonix.com/ChallengeBanners/NUX_Popup_Octane.png
[0013.05] DevOnline: WebRequest_X_20 SEND: https://rl-cdn.psyonix.com/SpecialEvent/Images/HauntedHallows/2023/RL_Haunted_Hallows_WIDGET_ART_acsh07d8.png
[0013.06] DevOnline: WebRequest_X_21 SEND: https://rl-cdn.psyonix.com/SpecialEvent/Images/HauntedHallows/2023/RL_hh_2023_EventDash_awecf90n8.png
[0013.06] DevOnline: WebRequest_X_22 SEND: https://rl-cdn.psyonix.com/ChallengeBanners/Season_imagery_Reward.png
[0013.07] DevOnline: WebRequest_X_23 SEND: https://rl-cdn.psyonix.com/ChallengeBanners/rl_s12_dash.png
[0013.07] DevOnline: WebRequest_X_6 RECV: 200 
[0013.07] EOSPermissions: NS=profile SN=p2p-trading PL=null EL=null DV=0 IV=0
[0013.07] EOSPermissions: NS=profile SN=require-pin-to-add-friend PL=False EL=null DV=False IV=False
[0013.07] EOSPermissions: NS=prm SN=marketing PL=null EL=True DV=True IV=True
[0013.07] EOSPermissions: NS=chat SN=voice PL=null EL=null DV=0 IV=0
[0013.07] EOSPermissions: NS=chat SN=text PL=null EL=null DV=0 IV=0
[0013.07] DevOnline: WebRequest_X_24 SEND: https://api.epicgames.dev/epic/friends/v1/8b0842d692fa4376be289341c7d7187a/outgoing
[0013.11] DevOnline: WebRequest_X_11 RECV: 304 
[0013.11] DevOnline: WebRequest_X_12 RECV: 304 
[0013.12] DevOnline: WebRequest_X_10 RECV: 304 
[0013.13] ScriptLog: RegionPinger_X_0 PingRegions ("3.238.68.110:8241","151.106.31.249:2247","209.191.164.66:2247","34.126.100.152:2747","52.221.231.2:8241","103.194.166.119:14654","15.185.175.137:8405","109.200.213.171:15819","13.244.100.126:8735","15.228.111.184:7979","3.111.38.247:7807")
[0013.17] DevOnline: WebRequest_X_13 RECV: 304 
[0013.17] DevOnline: WebRequest_X_14 RECV: 304 
[0013.17] DevOnline: WebRequest_X_15 RECV: 304 
[0013.17] DevOnline: WebRequest_X_16 RECV: 304 
[0013.17] DevOnline: WebRequest_X_17 RECV: 304 
[0013.17] DevOnline: WebRequest_X_18 RECV: 304 
[0013.17] DevOnline: WebRequest_X_19 RECV: 304 
[0013.17] DevOnline: WebRequest_X_20 RECV: 304 
[0013.17] DevOnline: WebRequest_X_21 RECV: 304 
[0013.17] DevOnline: WebRequest_X_23 RECV: 304 
[0013.19] DevOnline: WebRequest_X_22 RECV: 304 
[0013.19] DevOnline: WebRequest_X_24 RECV: 200 
[0013.73] DevOnline: PlayerDataStorage_ReadFile: File download complete. User=(8b0842d692fa4376be289341c7d7187a) FileName=(RLSaveData) Success=(1)
[0013.73] EOSSync: HandleFileReadComplete LocalSaveTick: 100
[0013.73] EOSSync: HandleFileReadComplete OnlineSaveTick: 100
[0013.73] EOSSync: HandleFileReadComplete Local Save is up to date, keeping this file
[0013.74] ScriptLog: NewProductIDs128: 
[0013.74] ScriptLog: GetDLCProducts, UnlockedDLCList=
[0013.74] AuthEpicVerbose: Epic save data loaded
[0013.74] AuthEpicVerbose: [GFx] Epic login changed. m_uiState:StartMenu bPromptParentalConsent:false bPromptToChoosePrimaryAccount:false bEpicSaveDataLoaded:true bPlatformLinked:true
[0013.74] ScriptLog: GetDLCProducts, UnlockedDLCList=
[0013.74] DevOnline: WebRequest_X_25 SEND: https://rl-cdn.psyonix.com/Legal/PC/EULA/INT.txt
[0013.74] DevOnline: WebRequest_X_26 SEND: https://rl-cdn.psyonix.com/Legal/PC/PrivacyPolicy/INT.txt
[0013.79] DevOnline: WebRequest_X_25 RECV: 304 
[0013.79] DevOnline: WebRequest_X_26 RECV: 304 
[0014.39] Matchmaking: All Regions Pinged: USE (0.0833),EU (0.1667),USW (0.0333),ASC (0.2000),ASM (0.2167),JPN (0.2167),ME (0.2333),OCE (0.1667),SAF (0.3167),SAM (0.2000),IND (0.2833)
[0014.39] Log: FCacheExportTask(..\..\TAGame\Cache\RegionCache.cache) wrote 1069 bytes to memory
[0015.09] EOSVoice: HandleFriendsListChanged
[0018.73] EngagementEvents: UpdateEventsCurrentTime  NextEventTime =  0
[0022.41] Log: Detected new XInput controller 0
[0023.11] Log: Assigning XInput controller to 0
[0023.24] Legacy: State Set
[0023.24] FTEVerbose: [GFx] Checking FTE progress: Shown login flow 'false', Legal modal valid? 'true', Online? 'true', Cabined state '0', Legacy state '3'
[0023.24] FTEDev: Trying to start FTE Group Prime_InitialStartup which is already completed and cannot be restarted CurrentActiveGroup.bCanBeDoneAgain=(False) bIgnoreCompletion=(False)
[0023.24] AuthEpicVerbose: [GFx] Showing login flow. Platform linked? 'true' Prompt for epic link? 'false' Prompt for primary? 'false' Prompt for parental consent? 'false' Epic data loaded? 'true' Showing epic flow? 'false'
[0023.24] AuthEpicVerbose: [GFx] Epic flow completed 'false'
[0023.24] FTE: Starting Group:Prime_LegalText at Checkpoint:FTE_PrimaryPlayerIsXboxGuest
[0023.24] FTEDev: Trying to start FTE Group Prime_CarSelect while another Group Prime_LegalText is active
[0023.24] FTEVerbose: [GFx] Checking FTE progress: Shown login flow 'true', Legal modal valid? 'true', Online? 'true', Cabined state '0', Legacy state '3'
[0023.24] FTEDev: Trying to start FTE Group Prime_InitialStartup while another Group Prime_LegalText is active
[0023.24] FTE: CompleteCheckpoint GroupName=(Prime_LegalText) CheckpointName=(FTE_PrimaryPlayerIsXboxGuest)
[0023.24] FTE: Moving to Checkpoint:FTE_PrivacyPolicy
[0023.24] FTEVerbose: [GFx] Checking FTE progress: Shown login flow 'true', Legal modal valid? 'true', Online? 'true', Cabined state '0', Legacy state '3'
[0023.24] FTEDev: Trying to start FTE Group Prime_InitialStartup while another Group Prime_LegalText is active
[0023.24] FTE: CompleteCheckpoint GroupName=(Prime_LegalText) CheckpointName=(FTE_PrivacyPolicy)
[0023.24] FTE: Moving to Checkpoint:FTE_EulaText
[0023.24] FTEVerbose: [GFx] Checking FTE progress: Shown login flow 'true', Legal modal valid? 'true', Online? 'true', Cabined state '0', Legacy state '3'
[0023.24] FTEDev: Trying to start FTE Group Prime_InitialStartup while another Group Prime_LegalText is active
[0023.24] FTE: CompleteCheckpoint GroupName=(Prime_LegalText) CheckpointName=(FTE_EulaText)
[0023.24] FTE: CompleteActiveGroup GroupName:Prime_LegalText
[0023.26] FTEVerbose: [GFx] Checking FTE progress: Shown login flow 'true', Legal modal valid? 'true', Online? 'true', Cabined state '0', Legacy state '3'
[0023.26] FTEDev: Trying to start FTE Group Prime_InitialStartup which is already completed and cannot be restarted CurrentActiveGroup.bCanBeDoneAgain=(False) bIgnoreCompletion=(False)
[0023.26] FTEDev: Group Prime_CarSelect Is not meant for users of type FTESave.LegacyGroupType=(LGT_LegacyUser)
[0023.26] FTEVerbose: [GFx] Checking FTE progress: Shown login flow 'true', Legal modal valid? 'true', Online? 'true', Cabined state '0', Legacy state '3'
[0023.26] FTEDev: Trying to start FTE Group Prime_InitialStartup which is already completed and cannot be restarted CurrentActiveGroup.bCanBeDoneAgain=(False) bIgnoreCompletion=(False)
[0023.26] FTEDev: Group Prime_CarSelect Is not meant for users of type FTESave.LegacyGroupType=(LGT_LegacyUser)
[0023.26] FTEDev: Group Prime_FreeToPlayTutorial_1 Is not meant for users of type FTESave.LegacyGroupType=(LGT_LegacyUser)
[0023.26] FTECritical: [GFx] Changed active tutorial from 'null' to 'NONE'. Tutorial active? 'false', New checkpoint active? 'false'
[0023.26] FTEVerbose: Checkpoint 'None' attempted completion while the FTE isn't active!
[0023.26] FTECritical: [GFx] Changed active tutorial from 'null' to 'NONE'. Tutorial active? 'false', New checkpoint active? 'false'
[0023.26] FTEVerbose: Checkpoint 'None' attempted completion while the FTE isn't active!
[0023.26] FTEVerbose: [GFx] Checking FTE progress: Shown login flow 'true', Legal modal valid? 'true', Online? 'true', Cabined state '0', Legacy state '3'
[0023.26] FTEDev: Trying to start FTE Group Prime_InitialStartup which is already completed and cannot be restarted CurrentActiveGroup.bCanBeDoneAgain=(False) bIgnoreCompletion=(False)
[0023.26] FTEDev: Group Prime_CarSelect Is not meant for users of type FTESave.LegacyGroupType=(LGT_LegacyUser)
[0023.26] FTEDev: Group Prime_FreeToPlayTutorial_1 Is not meant for users of type FTESave.LegacyGroupType=(LGT_LegacyUser)
[0023.27] EngagementEvents: UpdateEventsCurrentTime  NextEventTime =  0
[0023.27] AuthEpicVerbose: [GFx] Epic login changed. m_uiState:MainMenu bPromptParentalConsent:false bPromptToChoosePrimaryAccount:false bEpicSaveDataLoaded:false bPlatformLinked:false
[0023.27] FTEDev: Group Prime_MatchComplete Is not meant for users of type FTESave.LegacyGroupType=(LGT_LegacyUser)
[0023.31] RankedReconnect: LocalPlayer_TA_0.CheckForRankedReconnect() bOpenedStartMenu=(True) IsMenuLevel=(True) bLoggedIn=(True) IsPrimaryPlayer=(True) RankedReconnectAvailable=(False) EpochTime=(0) EpochNow=(1698295240) TimeSince=(1698295240) ReconnectTimeoutSeconds=(900) Reservation=()
[0023.31] MTX: ConditionalClaimEntitlements bAllowEntitlements=(True) bClaimingEntitlements=(False) bEntitlementsDirty=(True) PsyNetConnected=(True) SplitscreenID=(0) bMtxCodeExpired=(False)
[0023.31] MTX: HandleMtxCode bSuccess=True
[0023.32] EngagementEvents: UpdateEventsCurrentTime  NextEventTime =  0
[0023.35] Log: FSaveDataExportTask(0) wrote 428774 bytes to memory
[0023.35] Log: SaveGameDataAsync game thread time: 3 ms
[0023.35] DevOnline: WebRequest_X_27 SEND: https://rl-cdn.psyonix.com/Blog/Images/RL_HH2023-shop-tab_tri-panel.png
[0023.36] DevOnline: WebRequest_X_28 SEND: https://rl-cdn.psyonix.com/Blog/Images/RL_HH2023-challenge-rewards_tri-panel.png
[0023.36] Log: Deleting old save file ..\..\TAGame\SaveDataEpic\DBE_Production\8b0842d692fa4376be289341c7d7187a_2.save
[0023.36] Log: SaveDataExport(0): Finished - File:[..\..\TAGame\SaveDataEpic\DBE_Production\8b0842d692fa4376be289341c7d7187a_1.save] Result:[1]
[0023.36] DevOnline: WebRequest_X_29 SEND: https://rl-cdn.psyonix.com/Blog/Images/RL_HH2023-key-art_tri-panel.png
[0023.41] DevOnline: WebRequest_X_27 RECV: 304 
[0023.42] DevOnline: WebRequest_X_28 RECV: 304 
[0023.42] DevOnline: WebRequest_X_29 RECV: 304 
[0023.65] MTX: HandleClaimSuccess Products=0
[0029.93] EngagementEvents: UpdateEventsCurrentTime  NextEventTime =  0
[0032.19] Online: TryToPlayOnline ControllerID=(-1)
[0032.21] Online: HandlePrivilegeCheckFinished PrivilegeCheck.bHasRestriction=(False)
[0032.21] Online: HandlePrivilegeCheck PrivilegeCheck.bHasRestriction=(False)
[0032.22] EngagementEvents: UpdateEventsCurrentTime  NextEventTime =  0
[0034.34] Online: TryToPlayOnline ControllerID=(-1)
[0034.35] Online: HandlePrivilegeCheckFinished PrivilegeCheck.bHasRestriction=(False)
[0034.35] Online: HandlePrivilegeCheck PrivilegeCheck.bHasRestriction=(False)
[0034.36] Prime24121: StartSearch.PreferredRegions.Length 0
[0034.36] Matchmaking: OnlineGameMatchmaking_X_0 OnlineGameMatchmaking_X -> PingRegions
[0034.36] Matchmaking: OnlineGameMatchmaking_X_0 PingRegions -> Searching
[0034.36] Prime24121: AddRecommendedServers.PreferredRegions.Length 2
[0034.36] Prime24121: HandleRegionsPinged.PreferredRegions.Length 2
[0034.36] Matchmaking: OnlineGameMatchmaking_X::RecordStart
[0034.36] Matchmaking: Pre-divide PartyLeaderMMR: 18.5384
[0034.36] Matchmaking: Post-divide PartyLeaderMMR: 18.5384
[0034.36] Matchmaking: PartyLeaderTier=(0)
[0034.36] Matchmaking: StartMatchmaking at 2023-10-26 04:40:50 in USW,USE for playlists 3 on game server 
[0034.36] Matchmaking: Creating RPC_StartMatchmaking_X
[0034.36] Matchmaking: PreferredRegions.Length=(2) PreferredPlaylists.Length=(1) Party.GetOrderedPartyMemberIDs().Length=(1)
[0034.36] Matchmaking: SecondsSearching=(0) CurrentServerID=() bDisableCrossplay=(False) bIgnoreSkill=(False)
[0034.36] EngagementEvents: UpdateEventsCurrentTime  NextEventTime =  0
[0034.36] DevOnline: PlayerDataStorage_WriteFile: Beginning to upload file. User=(8b0842d692fa4376be289341c7d7187a) FileName=(RLSaveData)
[0034.36] Log: FSaveDataExportTask(0) wrote 428708 bytes to memory
[0034.36] Log: SaveGameDataAsync game thread time: 2 ms
[0034.37] DevOnline: PlayerDataStorage_WriteFile: File transfer is already in progress. Aborting write for User=(8b0842d692fa4376be289341c7d7187a) FileName=(RLSaveData)
[0034.37] ScriptWarning: ScriptWarning, Something went wrong uploading save data 8b0842d692fa4376be289341c7d7187a RLSaveData
	EOSOnlineStorageUploader_TA Transient.SaveData_TA_1:EOSOnlineStorageUploader_TA_0
	Function TAGame.EOSOnlineStorageUploader_TA:UploadSaveData:07A8
Script call stack:
	Function TAGame.__StatusTriggerManager_TA__RegisterTriggers_0x1:__StatusTriggerManager_TA__RegisterTriggers_0x1
	Function TAGame.StatusTriggerManager_TA:CheckModifiedCondition
	Function TAGame.__CrumbTrails_TA__SetupCompletionCondition_0x1:__CrumbTrails_TA__SetupCompletionCondition_0x1
	Function TAGame.CrumbTrails_TA:HandleTrailComplete
	Function TAGame.CrumbTrailSave_TA:CompleteTrail
	Function TAGame.SaveObject_TA:SetDirty
	Function TAGame.SaveData_TA:HandleSaveObjectDirty
	Function TAGame.SaveData_TA:SetOnlineDirty
	Function TAGame.EOSOnlineStorageUploader_TA:UploadSaveData

[0034.37] DevOnline: PlayerDataStorage_WriteFile: File transfer is already in progress. Aborting write for User=(8b0842d692fa4376be289341c7d7187a) FileName=(RLSaveData)
[0034.37] ScriptWarning: ScriptWarning, Something went wrong uploading save data 8b0842d692fa4376be289341c7d7187a RLSaveData
	EOSOnlineStorageUploader_TA Transient.SaveData_TA_1:EOSOnlineStorageUploader_TA_0
	Function TAGame.EOSOnlineStorageUploader_TA:UploadSaveData:07A8
Script call stack:
	Function TAGame.__StatusTriggerManager_TA__RegisterTriggers_0x1:__StatusTriggerManager_TA__RegisterTriggers_0x1
	Function TAGame.StatusTriggerManager_TA:CheckModifiedCondition
	Function TAGame.__CrumbTrails_TA__SetupCompletionCondition_0x1:__CrumbTrails_TA__SetupCompletionCondition_0x1
	Function TAGame.CrumbTrails_TA:HandleTrailComplete
	Function TAGame.CrumbTrailSave_TA:CompleteTrail
	Function TAGame.SaveObject_TA:SetDirty
	Function TAGame.SaveData_TA:HandleSaveObjectDirty
	Function TAGame.SaveData_TA:SetOnlineDirty
	Function TAGame.EOSOnlineStorageUploader_TA:UploadSaveData

[0034.38] Log: Deleting old save file ..\..\TAGame\SaveDataEpic\DBE_Production\8b0842d692fa4376be289341c7d7187a.save
[0034.38] Log: SaveDataExport(0): Finished - File:[..\..\TAGame\SaveDataEpic\DBE_Production\8b0842d692fa4376be289341c7d7187a_2.save] Result:[1]
[0034.50] Matchmaking: Matchmaking RPC succeeded.
[0034.50] Matchmaking: EstimatedQueueTime=(12.0000)
[0035.36] Log: FSaveDataExportTask(0) wrote 428708 bytes to memory
[0035.36] Log: SaveGameDataAsync game thread time: 3 ms
[0035.37] Log: Deleting old save file ..\..\TAGame\SaveDataEpic\DBE_Production\8b0842d692fa4376be289341c7d7187a_1.save
[0035.37] Log: SaveDataExport(0): Finished - File:[..\..\TAGame\SaveDataEpic\DBE_Production\8b0842d692fa4376be289341c7d7187a.save] Result:[1]
[0035.79] DevOnline: PlayerDataStorage_WriteFile: File upload complete. User=(8b0842d692fa4376be289341c7d7187a) FileName=(RLSaveData) Success=(1)
[0039.64] PsyNetBeaconDetail_X: PsyNetBeacon_X_0 ReserveConnection ReservationID=(80BFDC9F9AC44971BCB3A5EC3B2D8A23) ConnectionID=(eyJ0eXAiOiJKV1QiLCJhbGciOiJIUzUxMiJ9.eyJqdGkiOiJJZ2I2NkFQVCIsImlzcyI6IlBzeU5ldCIsInBsYXllcl9pZCI6IkVwaWN8OGIwODQyZDY5MmZhNDM3NmJlMjg5MzQxYzdkNzE4N2F8MCIsInNlcnZlcl9uYW1lIjoiVVNXLTE1OTAzNDktMTQxODA0MzQiLCJpYXQiOjE2OTgyOTUyNTUsIm5iZiI6MTY5ODI5NTI1NSwiZXhwIjoxNjk4MzA5NjU1fQ.ohTiFrWwHDJpLnkS8J4ywsXY2cI_eKEbMUS2tfvcpzYb-U5RpbiE342z5V4mkaVnvo2eYda1_VBAQqnWrFIGMg)
[0039.64] PsyNetBeaconDetail_X: PsyNetBeacon_X_0 ClientHandleMessage Message.MessageType=(ClientReservationMessage_X) Message.ReservationID=(80BFDC9F9AC44971BCB3A5EC3B2D8A23)
[0039.64] CheckReservation: Received game server from notification (v3) Message.Reservation=((ServerName="USW-1590349-14180434",Playlist=3,Region="USW",ReservationID="80BFDC9F9AC44971BCB3A5EC3B2D8A23",DSRToken="eyJ0eXAiOiJKV1QiLCJhbGciOiJIUzUxMiJ9.eyJqdGkiOiJJZ2I2NkFQVCIsImlzcyI6IlBzeU5ldCIsInBsYXllcl9pZCI6IkVwaWN8OGIwODQyZDY5MmZhNDM3NmJlMjg5MzQxYzdkNzE4N2F8MCIsInNlcnZlcl9uYW1lIjoiVVNXLTE1OTAzNDktMTQxODA0MzQiLCJpYXQiOjE2OTgyOTUyNTUsIm5iZiI6MTY5ODI5NTI1NSwiZXhwIjoxNjk4MzA5NjU1fQ.ohTiFrWwHDJpLnkS8J4ywsXY2cI_eKEbMUS2tfvcpzYb-U5RpbiE342z5V4mkaVnvo2eYda1_VBAQqnWrFIGMg",JoinName="5LPYSCLZ2FZAKYTZ",JoinPassword="JWHH70P39Z020CSW"))
[0039.64] JoinGame: StartJoin Reservation=((ServerName="USW-1590349-14180434",Playlist=3,Region="USW",ReservationID="80BFDC9F9AC44971BCB3A5EC3B2D8A23",DSRToken="eyJ0eXAiOiJKV1QiLCJhbGciOiJIUzUxMiJ9.eyJqdGkiOiJJZ2I2NkFQVCIsImlzcyI6IlBzeU5ldCIsInBsYXllcl9pZCI6IkVwaWN8OGIwODQyZDY5MmZhNDM3NmJlMjg5MzQxYzdkNzE4N2F8MCIsInNlcnZlcl9uYW1lIjoiVVNXLTE1OTAzNDktMTQxODA0MzQiLCJpYXQiOjE2OTgyOTUyNTUsIm5iZiI6MTY5ODI5NTI1NSwiZXhwIjoxNjk4MzA5NjU1fQ.ohTiFrWwHDJpLnkS8J4ywsXY2cI_eKEbMUS2tfvcpzYb-U5RpbiE342z5V4mkaVnvo2eYda1_VBAQqnWrFIGMg",JoinName="5LPYSCLZ2FZAKYTZ",JoinPassword="JWHH70P39Z020CSW")) JoinSettings=((PlaylistId=3))
[0039.64] JoinGame: GotoJoinGameState OnlineGameJoinGame_TA -> VerifyPrivileges
[0039.64] Online: TryToPlayOnline ControllerID=(-1)
[0039.64] Matchmaking: OnlineGameMatchmaking_X_0 Searching -> Joining
[0039.65] Online: HandlePrivilegeCheckFinished PrivilegeCheck.bHasRestriction=(False)
[0039.65] JoinGame: GotoJoinGameState VerifyPrivileges -> ReservingServerForMatchmaking
[0039.65] PsyNetBeaconDetail_X: PsyNetBeacon_X_0 SendMessageToServer Message=(AddReservationMessagePublic_X_0)
[0039.65] PsyNet: PsyNetServiceProvider_X_1 ExecuteService Complete, Service=DSR/ClientMessage 
[0040.04] PsyNetBeaconDetail_X: PsyNetBeacon_X_0 ClientHandleMessage Message.MessageType=(ReservationsWaitingMessage_X) Message.ReservationID=(80BFDC9F9AC44971BCB3A5EC3B2D8A23)
[0040.04] JoinGame: Waiting for more players to add reservations
[0040.04] Party: HandleServerReserved (Reservation=(ServerName="USW-1590349-14180434",Playlist=3,Region="USW",ReservationID="80BFDC9F9AC44971BCB3A5EC3B2D8A23",DSRToken="eyJ0eXAiOiJKV1QiLCJhbGciOiJIUzUxMiJ9.eyJqdGkiOiJJZ2I2NkFQVCIsImlzcyI6IlBzeU5ldCIsInBsYXllcl9pZCI6IkVwaWN8OGIwODQyZDY5MmZhNDM3NmJlMjg5MzQxYzdkNzE4N2F8MCIsInNlcnZlcl9uYW1lIjoiVVNXLTE1OTAzNDktMTQxODA0MzQiLCJpYXQiOjE2OTgyOTUyNTUsIm5iZiI6MTY5ODI5NTI1NSwiZXhwIjoxNjk4MzA5NjU1fQ.ohTiFrWwHDJpLnkS8J4ywsXY2cI_eKEbMUS2tfvcpzYb-U5RpbiE342z5V4mkaVnvo2eYda1_VBAQqnWrFIGMg",JoinName="5LPYSCLZ2FZAKYTZ",JoinPassword="JWHH70P39Z020CSW"),JoinCredentials="5LPYSCLZ2FZAKYTZ:JWHH70P39Z020CSW")
[0040.05] PsyNet: PsyNetServiceProvider_X_1 ExecuteService Complete, Service=DSR/ClientMessage 
[0040.35] PsyNetBeaconDetail_X: PsyNetBeacon_X_0 ClientHandleMessage Message.MessageType=(ReservationsReadyMessage_X) Message.ReservationID=(80BFDC9F9AC44971BCB3A5EC3B2D8A23)
[0040.35] DevNet: Add Network Encryption {PlayerID=Epic|8b0842d692fa4376be289341c7d7187a|0 Key={Key=8CA84A16B9989D689074DA5EEA22CD8D011DE9155796D441A43D00B68121FABC IV=A5B8404F6880A00BB139EDF1077BAB96 HMAC=820F4EF3369546FFB2D2F508CD513568B8E45AAFBB7E4DEB4923E0B4E705BD8C Session=25CFA3E39A6C42AE5DE758FE3EE6FACA}}
[0040.35] Party: HandleServerReserved (Reservation=(ServerName="USW-1590349-14180434",Playlist=3,Region="USW",ReservationID="80BFDC9F9AC44971BCB3A5EC3B2D8A23",DSRToken="eyJ0eXAiOiJKV1QiLCJhbGciOiJIUzUxMiJ9.eyJqdGkiOiJJZ2I2NkFQVCIsImlzcyI6IlBzeU5ldCIsInBsYXllcl9pZCI6IkVwaWN8OGIwODQyZDY5MmZhNDM3NmJlMjg5MzQxYzdkNzE4N2F8MCIsInNlcnZlcl9uYW1lIjoiVVNXLTE1OTAzNDktMTQxODA0MzQiLCJpYXQiOjE2OTgyOTUyNTUsIm5iZiI6MTY5ODI5NTI1NSwiZXhwIjoxNjk4MzA5NjU1fQ.ohTiFrWwHDJpLnkS8J4ywsXY2cI_eKEbMUS2tfvcpzYb-U5RpbiE342z5V4mkaVnvo2eYda1_VBAQqnWrFIGMg",JoinName="5LPYSCLZ2FZAKYTZ",JoinPassword="JWHH70P39Z020CSW"),PingURL="107.6.93.182:3407",GameURL="107.6.93.182:3400",JoinCredentials="5LPYSCLZ2FZAKYTZ:JWHH70P39Z020CSW")
[0040.35] JoinGame: GotoJoinGameState ReservingServerForMatchmaking -> JoinCountdown
[0040.35] PsyNetBeaconDetail_X: PsyNetBeacon_X_0 SendMessageToServer Message=(PingMessage_X_0)
[0040.37] PsyNet: PsyNetServiceProvider_X_1 ExecuteService Complete, Service=DSR/ClientMessage 
[0040.59] PsyNetBeaconDetail_X: PsyNetBeacon_X_0 ClientHandleMessage Message.MessageType=(PingMessage_X) Message.ReservationID=(80BFDC9F9AC44971BCB3A5EC3B2D8A23)
[0040.60] PsyNet: PsyNetServiceProvider_X_1 ExecuteService Complete, Service=DSR/ClientMessage 
[0043.35] JoinGame: GotoJoinGameState JoinCountdown -> OpeningLoadingScreen
[0043.36] RankedReconnect: OnlineGameJoinGame_TA_0::OpeningLoadingScreen.BeginState()
[0043.36] RankedReconnect: LocalPlayer_TA_0.UpdateRankedReconnect() Standard False 6 False
[0043.36] RankedReconnect: RankedReconnectSave_TA_0.ClearRankedReconnect()
[0043.36] DevNet: Browse: JoinGameTransition?game=TAGame.GameInfo_Transition_TA
[0043.43] EngagementEvents: UpdateEventsCurrentTime  NextEventTime =  0
[0043.43] EngagementEvents: UpdateEventsCurrentTime  NextEventTime =  0
[0043.43] EngagementEvents: UpdateEventsCurrentTime  NextEventTime =  0
[0043.43] EngagementEvents: UpdateEventsCurrentTime  NextEventTime =  0
[0043.43] Log: FSaveDataExportTask(0) wrote 428708 bytes to memory
[0043.43] Log: SaveGameDataAsync game thread time: 3 ms
[0043.43] Log: LoadMap: JoinGameTransition?game=TAGame.GameInfo_Transition_TA
[0043.44] Log: Deleting old save file ..\..\TAGame\SaveDataEpic\DBE_Production\8b0842d692fa4376be289341c7d7187a_2.save
[0043.44] Log: SaveDataExport(0): Finished - File:[..\..\TAGame\SaveDataEpic\DBE_Production\8b0842d692fa4376be289341c7d7187a_1.save] Result:[1]
[0043.44] DevOnline: PsyNet Flush Start TimeoutSeconds=0.250000
[0043.59] DevOnline: PsyNet Flush End
[0043.62] Log: Fully load package: ..\..\TAGame\CookedPCConsole\GameInfo_Transition_SF.upk
[0043.62] Log: Game class is 'GameInfo_Transition_TA'
[0043.65] Log: Bringing World JoinGameTransition.TheWorld up for play (0) at 2023.10.25-21.40.59
[0043.65] Log: Bringing up level for play took: 0.032668
[0043.65] JoinGame: GotoJoinGameState OpeningLoadingScreen -> JoiningNewServer
[0043.65] DevNet: SetProgress, MessageType=1, Title=, Message=Connecting...
[0043.65] Log: ########### Finished loading level: 0.223813 seconds
[0043.65] DevNet: Browse: 107.6.93.182:3400/MENU_Main_p?Name=TIKI_THEGREAT
[0043.65] DevNet: Game client on port 3400, rate 15000
[0043.65] NetComeGo: TcpipConnection_0 107.6.93.182:3400 using encryption {Key=8CA84A16B9989D689074DA5EEA22CD8D011DE9155796D441A43D00B68121FABC IV=A5B8404F6880A00BB139EDF1077BAB96 HMAC=820F4EF3369546FFB2D2F508CD513568B8E45AAFBB7E4DEB4923E0B4E705BD8C Session=25CFA3E39A6C42AE5DE758FE3EE6FACA}
[0043.65] NetComeGo: SEND first packet Length=80 CRC=936943613
[0043.70] NetComeGo: TcpipConnection_0 RECV first packet IP=107.6.93.182:3400 Length=15 CRC=-1325316195 HandshakeStatus=0 bUseSessionUID=1 InSessionUID=(0 0 0) SessionUID=(0 0 0)
[0043.70] NetComeGo: Client set SessionUID to: 64 164 22
[0043.85] DevNet: Welcomed by server (Level: cs_day_p, Game: TAGame.GameInfo_Soccar_TA, GameTags: )
[0043.86] Log: FSaveDataExportTask(0) wrote 428708 bytes to memory
[0043.86] Log: SaveGameDataAsync game thread time: 3 ms
[0043.87] Log: Deleting old save file ..\..\TAGame\SaveDataEpic\DBE_Production\8b0842d692fa4376be289341c7d7187a.save
[0043.87] Log: SaveDataExport(0): Finished - File:[..\..\TAGame\SaveDataEpic\DBE_Production\8b0842d692fa4376be289341c7d7187a_2.save] Result:[1]
[0043.88] Log: Flushing async loaders.
[0043.88] Log: Flushed async loaders.
[0043.88] Log: LoadMap: 107.6.93.182:3400/cs_day_p?Name=TIKI_THEGREAT?game=TAGame.GameInfo_Soccar_TA
[0043.89] DevOnline: PsyNet Flush Start TimeoutSeconds=0.250000
[0044.04] DevOnline: PsyNet Flush End
[0044.04] Log: Fully load package: ..\..\TAGame\CookedPCConsole\GameInfo_Soccar_SF.upk
[0044.10] Log: Fully load package: ..\..\TAGame\CookedPCConsole\GFxSounds_XP_SF.upk
[0044.10] Log: Fully load package: ..\..\TAGame\CookedPCConsole\GFx_XPProgressMenu_SF.upk
[0044.13] Log: Fully load package: ..\..\TAGame\CookedPCConsole\GFX_EndGameMenu_SF.upk
[0044.18] Log: Fully load package: ..\..\TAGame\CookedPCConsole\GFX_WinnerMenu_SF.upk
[0044.19] Log: Fully load package: ..\..\TAGame\CookedPCConsole\GFX_MidGameScoreboard_SF.upk
[0044.19] Log: Fully load package: ..\..\TAGame\CookedPCConsole\GFX_MidGameMenu_SF.upk
[0044.21] Log: Fully load package: ..\..\TAGame\CookedPCConsole\GFX_HudMatchInfo_SF.upk
[0044.22] Log: Fully load package: ..\..\TAGame\CookedPCConsole\GFX_Hud_SF.upk
[0044.59] Log: Bringing World cs_day_p.TheWorld up for play (0) at 2023.10.25-21.41.00
[0044.59] Log: Bringing up level for play took: 0.045192
[0044.72] JoinGame: OnJoinGameComplete bSuccess=(True) FailReason=()
[0044.72] JoinGame: GotoJoinGameState JoiningNewServer -> None
[0044.72] PsyNetBeaconDetail_X: PsyNetBeacon_X_0 Close
[0044.72] PsyNetBeaconDetail_X: PsyNetBeacon_X_0 CloseConnection Connection.ConnectionID=(eyJ0eXAiOiJKV1QiLCJhbGciOiJIUzUxMiJ9.eyJqdGkiOiJJZ2I2NkFQVCIsImlzcyI6IlBzeU5ldCIsInBsYXllcl9pZCI6IkVwaWN8OGIwODQyZDY5MmZhNDM3NmJlMjg5MzQxYzdkNzE4N2F8MCIsInNlcnZlcl9uYW1lIjoiVVNXLTE1OTAzNDktMTQxODA0MzQiLCJpYXQiOjE2OTgyOTUyNTUsIm5iZiI6MTY5ODI5NTI1NSwiZXhwIjoxNjk4MzA5NjU1fQ.ohTiFrWwHDJpLnkS8J4ywsXY2cI_eKEbMUS2tfvcpzYb-U5RpbiE342z5V4mkaVnvo2eYda1_VBAQqnWrFIGMg)
[0044.72] Matchmaking: OnlineGameMatchmaking_X_0 Joining -> None
[0044.73] Log: ########### Finished loading level: 0.847734 seconds
[0044.90] ScriptLog: Client InputRate=60
[0044.90] DevNet: PlayerController_TA_1 setplayer LocalPlayer_TA_0
[0044.90] PsyNetStaticData: UpdateCacheTimerEnabled CacheTimer.bEnabled=(False)
[0044.90] MatchBroadcast: Init bBroadcastMatch=(False) MatchLog=(None)
[0044.90] ScriptLog: MatchGUID: D9E8CB0E11EE73B9F36379B246B62918
[0045.15] DevOnline: WebRequest_X_30 SEND: https://rl-cdn.psyonix.com/Ads/Prod/182.LPiHxqkS/201.jpg
[0045.19] DevOnline: WebRequest_X_30 RECV: 304 
[0045.35] DevOnline: WebRequest_X_31 SEND: https://rl-cdn.psyonix.com/Ads/Prod/182.a4362gXt/202.jpg
[0045.39] DevOnline: WebRequest_X_31 RECV: 304 
[0045.55] DevOnline: WebRequest_X_32 SEND: https://rl-cdn.psyonix.com/Ads/Prod/182.OCoFzwYv/404.jpg
[0045.59] DevOnline: WebRequest_X_32 RECV: 304 
[0045.76] EOSVoice: Received full credentials from the server.
[0045.76] EOSVoice: Joining room D9E8CB0E11EE73B9F36379B246B62918-0
[0045.78] PsyNet: PsyNetServiceProvider_X_1 ExecuteService Complete, Service=VoiceChat/MatchToken 
[0046.54] EOSVoice: SetPlayerMuteStatus for player 8b0842d692fa4376be289341c7d7187a in room D9E8CB0E11EE73B9F36379B246B62918-0 to False
[0046.55] DevOnline: EOSSDK-LogEOSRTC: LibRTCCore: LibRtc::FStatisticsService::GetConferenceStats. Collecting statistics is already in progress
[0070.81] DevOnline: WebRequest_X_33 SEND: https://datarouter.ol.epicgames.com/datarouter/api/v1/public/data?AppID=RocketLeague.Release&AppVersion=973704684&AppEnvironment=Prod&UploadType=eteventstream&UserID=|8b0842d692fa4376be289341c7d7187a|||Epic|8b0842d692fa4376be289341c7d7187a|0&SessionID=48C6C2EF4DC07C41A919BD9F16251CFA
[0071.25] DevOnline: WebRequest_X_33 RECV: 204 
[0074.88] SplitScreen: Press Start ControllerId=0 Player=LocalPlayer_TA_0
[0080.35] Log: FSaveDataExportTask(0) wrote 428708 bytes to memory
[0080.35] Log: SaveGameDataAsync game thread time: 3 ms
[0080.37] Log: Deleting old save file ..\..\TAGame\SaveDataEpic\DBE_Production\8b0842d692fa4376be289341c7d7187a_1.save
[0080.37] Log: SaveDataExport(0): Finished - File:[..\..\TAGame\SaveDataEpic\DBE_Production\8b0842d692fa4376be289341c7d7187a.save] Result:[1]
[0080.98] Online: TryToPlayOnline ControllerID=(-1)
[0081.00] Online: HandlePrivilegeCheckFinished PrivilegeCheck.bHasRestriction=(False)
[0081.00] Online: HandlePrivilegeCheck PrivilegeCheck.bHasRestriction=(False)
[0099.01] EOSGameClips: EOSGameClips: Currently recording: false
[0107.45] SplitScreen: Press Start ControllerId=0 Player=LocalPlayer_TA_0
[0108.24] Log: FSaveDataExportTask(0) wrote 428708 bytes to memory
[0108.24] Log: SaveGameDataAsync game thread time: 3 ms
[0108.26] Log: Deleting old save file ..\..\TAGame\SaveDataEpic\DBE_Production\8b0842d692fa4376be289341c7d7187a_2.save
[0108.26] Log: SaveDataExport(0): Finished - File:[..\..\TAGame\SaveDataEpic\DBE_Production\8b0842d692fa4376be289341c7d7187a_1.save] Result:[1]
[0124.51] EOSGameClips: EOSGameClips: Currently recording: false
[0130.82] DevOnline: WebRequest_X_34 SEND: https://datarouter.ol.epicgames.com/datarouter/api/v1/public/data?AppID=RocketLeague.Release&AppVersion=973704684&AppEnvironment=Prod&UploadType=eteventstream&UserID=|8b0842d692fa4376be289341c7d7187a|||Epic|8b0842d692fa4376be289341c7d7187a|0&SessionID=48C6C2EF4DC07C41A919BD9F16251CFA
[0130.92] DevOnline: WebRequest_X_34 RECV: 204 
[0148.81] EOSGameClips: EOSGameClips: Currently recording: false
[0181.73] EOSGameClips: EOSGameClips: Currently recording: false
[0190.82] DevOnline: WebRequest_X_35 SEND: https://datarouter.ol.epicgames.com/datarouter/api/v1/public/data?AppID=RocketLeague.Release&AppVersion=973704684&AppEnvironment=Prod&UploadType=eteventstream&UserID=|8b0842d692fa4376be289341c7d7187a|||Epic|8b0842d692fa4376be289341c7d7187a|0&SessionID=48C6C2EF4DC07C41A919BD9F16251CFA
[0190.94] DevOnline: WebRequest_X_35 RECV: 204 
[0220.23] EOSGameClips: EOSGameClips: Currently recording: false
[0223.98] EOSGameClips: EOSGameClips: Currently recording: false
[0223.98] EOSGameClips: EOSGameClips: Currently recording: false
[0246.38] EOSGameClips: EOSGameClips: Currently recording: false
[0250.83] DevOnline: WebRequest_X_36 SEND: https://datarouter.ol.epicgames.com/datarouter/api/v1/public/data?AppID=RocketLeague.Release&AppVersion=973704684&AppEnvironment=Prod&UploadType=eteventstream&UserID=|8b0842d692fa4376be289341c7d7187a|||Epic|8b0842d692fa4376be289341c7d7187a|0&SessionID=48C6C2EF4DC07C41A919BD9F16251CFA
[0250.93] DevOnline: WebRequest_X_36 RECV: 204 
[0274.97] EOSGameClips: EOSGameClips: Currently recording: false
[0310.83] DevOnline: WebRequest_X_37 SEND: https://datarouter.ol.epicgames.com/datarouter/api/v1/public/data?AppID=RocketLeague.Release&AppVersion=973704684&AppEnvironment=Prod&UploadType=eteventstream&UserID=|8b0842d692fa4376be289341c7d7187a|||Epic|8b0842d692fa4376be289341c7d7187a|0&SessionID=48C6C2EF4DC07C41A919BD9F16251CFA
[0310.93] DevOnline: WebRequest_X_37 RECV: 204 
[0370.83] DevOnline: WebRequest_X_38 SEND: https://datarouter.ol.epicgames.com/datarouter/api/v1/public/data?AppID=RocketLeague.Release&AppVersion=973704684&AppEnvironment=Prod&UploadType=eteventstream&UserID=|8b0842d692fa4376be289341c7d7187a|||Epic|8b0842d692fa4376be289341c7d7187a|0&SessionID=48C6C2EF4DC07C41A919BD9F16251CFA
[0370.93] DevOnline: WebRequest_X_38 RECV: 204 
[0408.07] EOSGameClips: EOSGameClips: Currently recording: false
[0430.83] DevOnline: WebRequest_X_39 SEND: https://datarouter.ol.epicgames.com/datarouter/api/v1/public/data?AppID=RocketLeague.Release&AppVersion=973704684&AppEnvironment=Prod&UploadType=eteventstream&UserID=|8b0842d692fa4376be289341c7d7187a|||Epic|8b0842d692fa4376be289341c7d7187a|0&SessionID=48C6C2EF4DC07C41A919BD9F16251CFA
[0430.93] DevOnline: WebRequest_X_39 RECV: 204 
[0451.31] Log: FUniqueNetId::FromString - could not parse 'Bot_Junker'
[0451.31] Log: FUniqueNetId::FromString - could not parse 'Bot_ProfuseZomba'
[0451.31] Log: FUniqueNetId::FromString - could not parse 'Bot_Casper'
[0451.31] Log: FUniqueNetId::FromString - could not parse 'Bot_NaiveEsper'
[0451.31] Log: FUniqueNetId::FromString - could not parse 'Bot_AwesomeRocketeer'
[0453.57] EOSGameClips: EOSGameClips: Currently recording: false
[0481.77] EOSGameClips: EOSGameClips: Currently recording: false
[0490.83] DevOnline: WebRequest_X_40 SEND: https://datarouter.ol.epicgames.com/datarouter/api/v1/public/data?AppID=RocketLeague.Release&AppVersion=973704684&AppEnvironment=Prod&UploadType=eteventstream&UserID=|8b0842d692fa4376be289341c7d7187a|||Epic|8b0842d692fa4376be289341c7d7187a|0&SessionID=48C6C2EF4DC07C41A919BD9F16251CFA
[0490.93] DevOnline: WebRequest_X_40 RECV: 204 
[0522.98] RankedReconnect: RankedReconnectSave_TA_0.ClearRankedReconnect()
[0523.16] PsyNet: PsyNetServiceProvider_X_1 ExecuteService Complete, Service=Challenges/PlayerProgress 
[0523.22] PsyNet: PsyNetServiceProvider_X_1 ExecuteService Complete, Service=Challenges/PlayerProgress 
[0523.24] PsyNet: PsyNetServiceProvider_X_1 ExecuteService Complete, Service=Reward/RewardResult 
[0524.22] DevOnline: PlayerDataStorage_WriteFile: Beginning to upload file. User=(8b0842d692fa4376be289341c7d7187a) FileName=(RLSaveData)
[0525.83] DevOnline: PlayerDataStorage_WriteFile: File upload complete. User=(8b0842d692fa4376be289341c7d7187a) FileName=(RLSaveData) Success=(1)
[0526.00] RankedReconnect: RankedReconnectSave_TA_0.ClearRankedReconnect()
[0531.01] PsyNetStaticData: HandleCacheExpired
[0531.01] PsyNetStaticData: UpdateCacheTimerEnabled CacheTimer.bEnabled=(True)
[0531.01] RankedReconnect: RankedReconnectSave_TA_0.ClearRankedReconnect()
[0531.01] DevOnline: WebRequest_X_41 SEND: https://config.psynet.gg/v2/Config/BattleCars/973704684/Prod/Epic/INT/
[0531.07] Online: TryToPlayOnline ControllerID=(-1)
[0531.07] Online: HandlePrivilegeCheckFinished PrivilegeCheck.bHasRestriction=(False)
[0531.07] Online: HandlePrivilegeCheck PrivilegeCheck.bHasRestriction=(False)
[0531.14] EngagementEvents: UpdateEventsCurrentTime  NextEventTime =  0
[0531.29] DevOnline: WebRequest_X_41 RECV: 304 
[0532.14] Log: FSaveDataExportTask(0) wrote 428880 bytes to memory
[0532.14] Log: SaveGameDataAsync game thread time: 3 ms
[0532.15] Log: Deleting old save file ..\..\TAGame\SaveDataEpic\DBE_Production\8b0842d692fa4376be289341c7d7187a.save
[0532.15] Log: SaveDataExport(0): Finished - File:[..\..\TAGame\SaveDataEpic\DBE_Production\8b0842d692fa4376be289341c7d7187a_2.save] Result:[1]
[0542.97] EngagementEvents: UpdateEventsCurrentTime  NextEventTime =  0
[0550.83] DevOnline: WebRequest_X_42 SEND: https://datarouter.ol.epicgames.com/datarouter/api/v1/public/data?AppID=RocketLeague.Release&AppVersion=973704684&AppEnvironment=Prod&UploadType=eteventstream&UserID=|8b0842d692fa4376be289341c7d7187a|||Epic|8b0842d692fa4376be289341c7d7187a|0&SessionID=48C6C2EF4DC07C41A919BD9F16251CFA
[0550.93] DevOnline: WebRequest_X_42 RECV: 204 
[0560.73] ScriptLog: MatchGUID: 10A0445A11EE73BB07E579B2EC8E432E
[0560.73] DevNet: Browse: 107.6.93.182:3400/EuroStadium_P?Name=TIKI_THEGREAT?game=TAGame.GameInfo_Soccar_TA?playtest?listen?Public
[0560.73] NetComeGo: Close TcpipConnection_0 107.6.93.182:3400 25/10/2023 21:49:36 'Browse'
[0560.73] NetComeGo: TcpipConnection_0 Control channel closed, reason=Browse
[0560.73] Exit: TcpNetDriver_0 shut down
[0560.73] DevNet: Game client on port 3400, rate 15000
[0560.73] NetComeGo: TcpipConnection_1 107.6.93.182:3400 using encryption {Key=8CA84A16B9989D689074DA5EEA22CD8D011DE9155796D441A43D00B68121FABC IV=A5B8404F6880A00BB139EDF1077BAB96 HMAC=820F4EF3369546FFB2D2F508CD513568B8E45AAFBB7E4DEB4923E0B4E705BD8C Session=25CFA3E39A6C42AE5DE758FE3EE6FACA}
[0560.73] NetComeGo: SEND first packet Length=80 CRC=-809851302
[0563.18] NetComeGo: TcpipConnection_1 RECV first packet IP=107.6.93.182:3400 Length=9 CRC=-67815317 HandshakeStatus=0 bUseSessionUID=1 InSessionUID=(0 0 0) SessionUID=(0 0 0)
[0563.21] NetComeGo: Client set SessionUID to: 241 236 50
[0563.31] DevNet: Welcomed by server (Level: EuroStadium_P, Game: TAGame.GameInfo_Soccar_TA, GameTags: )
[0563.37] EngagementEvents: UpdateEventsCurrentTime  NextEventTime =  0
[0563.37] Log: Flushing async loaders.
[0563.38] Log: Flushed async loaders.
[0563.38] Log: LoadMap: 107.6.93.182:3400/EuroStadium_P?Name=TIKI_THEGREAT?playtest?listen?Public?game=TAGame.GameInfo_Soccar_TA
[0563.41] DevOnline: PsyNet Flush Start TimeoutSeconds=0.250000
[0563.56] DevOnline: PsyNet Flush End
[0563.59] Log: Fully load package: ..\..\TAGame\CookedPCConsole\GameInfo_Soccar_SF.upk
[0563.65] Log: Fully load package: ..\..\TAGame\CookedPCConsole\GFxSounds_XP_SF.upk
[0563.65] Log: Fully load package: ..\..\TAGame\CookedPCConsole\GFx_XPProgressMenu_SF.upk
[0563.68] Log: Fully load package: ..\..\TAGame\CookedPCConsole\GFX_EndGameMenu_SF.upk
[0563.72] Log: Fully load package: ..\..\TAGame\CookedPCConsole\GFX_WinnerMenu_SF.upk
[0563.74] Log: Fully load package: ..\..\TAGame\CookedPCConsole\GFX_MidGameScoreboard_SF.upk
[0563.74] Log: Fully load package: ..\..\TAGame\CookedPCConsole\GFX_MidGameMenu_SF.upk
[0563.76] Log: Fully load package: ..\..\TAGame\CookedPCConsole\GFX_HudMatchInfo_SF.upk
[0563.77] Log: Fully load package: ..\..\TAGame\CookedPCConsole\GFX_Hud_SF.upk
[0564.12] Log: Bringing World EuroStadium_P.TheWorld up for play (0) at 2023.10.25-21.49.40
[0564.12] Log: Bringing up level for play took: 0.162732
[0564.25] Log: ########### Finished loading level: 0.870806 seconds
[0564.46] ScriptLog: Client InputRate=60
[0564.46] DevNet: PlayerController_TA_3 setplayer LocalPlayer_TA_0
[0564.46] PsyNetStaticData: UpdateCacheTimerEnabled CacheTimer.bEnabled=(False)
[0564.46] ScriptLog: MatchGUID: 10A0445A11EE73BB07E579B2EC8E432E
[0564.70] DevOnline: WebRequest_X_43 SEND: https://rl-cdn.psyonix.com/Ads/Prod/182.HZolRZqV/403.jpg
[0564.84] DevOnline: WebRequest_X_43 RECV: 304 
[0611.36] DevOnline: WebRequest_X_44 SEND: https://datarouter.ol.epicgames.com/datarouter/api/v1/public/data?AppID=RocketLeague.Release&AppVersion=973704684&AppEnvironment=Prod&UploadType=eteventstream&UserID=|8b0842d692fa4376be289341c7d7187a|||Epic|8b0842d692fa4376be289341c7d7187a|0&SessionID=48C6C2EF4DC07C41A919BD9F16251CFA
[0611.46] DevOnline: WebRequest_X_44 RECV: 204 
[0671.36] DevOnline: WebRequest_X_45 SEND: https://datarouter.ol.epicgames.com/datarouter/api/v1/public/data?AppID=RocketLeague.Release&AppVersion=973704684&AppEnvironment=Prod&UploadType=eteventstream&UserID=|8b0842d692fa4376be289341c7d7187a|||Epic|8b0842d692fa4376be289341c7d7187a|0&SessionID=48C6C2EF4DC07C41A919BD9F16251CFA
[0671.46] DevOnline: WebRequest_X_45 RECV: 204 
[0731.36] DevOnline: WebRequest_X_46 SEND: https://datarouter.ol.epicgames.com/datarouter/api/v1/public/data?AppID=RocketLeague.Release&AppVersion=973704684&AppEnvironment=Prod&UploadType=eteventstream&UserID=|8b0842d692fa4376be289341c7d7187a|||Epic|8b0842d692fa4376be289341c7d7187a|0&SessionID=48C6C2EF4DC07C41A919BD9F16251CFA
[0731.46] DevOnline: WebRequest_X_46 RECV: 204 
[0791.36] DevOnline: WebRequest_X_47 SEND: https://datarouter.ol.epicgames.com/datarouter/api/v1/public/data?AppID=RocketLeague.Release&AppVersion=973704684&AppEnvironment=Prod&UploadType=eteventstream&UserID=|8b0842d692fa4376be289341c7d7187a|||Epic|8b0842d692fa4376be289341c7d7187a|0&SessionID=48C6C2EF4DC07C41A919BD9F16251CFA
[0791.46] DevOnline: WebRequest_X_47 RECV: 204 
[0851.37] DevOnline: WebRequest_X_48 SEND: https://datarouter.ol.epicgames.com/datarouter/api/v1/public/data?AppID=RocketLeague.Release&AppVersion=973704684&AppEnvironment=Prod&UploadType=eteventstream&UserID=|8b0842d692fa4376be289341c7d7187a|||Epic|8b0842d692fa4376be289341c7d7187a|0&SessionID=48C6C2EF4DC07C41A919BD9F16251CFA
[0851.47] DevOnline: WebRequest_X_48 RECV: 204 
[0911.37] DevOnline: WebRequest_X_49 SEND: https://datarouter.ol.epicgames.com/datarouter/api/v1/public/data?AppID=RocketLeague.Release&AppVersion=973704684&AppEnvironment=Prod&UploadType=eteventstream&UserID=|8b0842d692fa4376be289341c7d7187a|||Epic|8b0842d692fa4376be289341c7d7187a|0&SessionID=48C6C2EF4DC07C41A919BD9F16251CFA
[0911.47] DevOnline: WebRequest_X_49 RECV: 204 
[0971.37] DevOnline: WebRequest_X_50 SEND: https://datarouter.ol.epicgames.com/datarouter/api/v1/public/data?AppID=RocketLeague.Release&AppVersion=973704684&AppEnvironment=Prod&UploadType=eteventstream&UserID=|8b0842d692fa4376be289341c7d7187a|||Epic|8b0842d692fa4376be289341c7d7187a|0&SessionID=48C6C2EF4DC07C41A919BD9F16251CFA
[0971.47] DevOnline: WebRequest_X_50 RECV: 204 
[0982.88] SplitScreen: Press Start ControllerId=0 Player=LocalPlayer_TA_0
[0983.37] Log: FSaveDataExportTask(0) wrote 428880 bytes to memory
[0983.37] Log: SaveGameDataAsync game thread time: 3 ms
[0983.40] Log: Deleting old save file ..\..\TAGame\SaveDataEpic\DBE_Production\8b0842d692fa4376be289341c7d7187a_1.save
[0983.40] Log: SaveDataExport(0): Finished - File:[..\..\TAGame\SaveDataEpic\DBE_Production\8b0842d692fa4376be289341c7d7187a.save] Result:[1]
[0985.69] RankedReconnect: RankedReconnectSave_TA_0.ClearRankedReconnect()
[0985.69] NetComeGo: TcpipConnection_1 Control channel closed, reason=Disconnect command
[0985.69] DevNet: URL: Adding default option Name=TIKI_THEGREAT
[0985.69] DevNet: Browse: MENU_Main_p?closed?Name=TIKI_THEGREAT
[0985.69] Log: Failed; returning to Entry
[0985.75] Log: FSaveDataExportTask(0) wrote 428880 bytes to memory
[0985.75] Log: SaveGameDataAsync game thread time: 3 ms
[0985.75] Log: LoadMap: MENU_Main_p?closed?Name=TIKI_THEGREAT
[0985.75] PsyNetStaticData: HandleCacheExpired
[0985.75] PsyNetStaticData: UpdateCacheTimerEnabled CacheTimer.bEnabled=(True)
[0985.76] Log: Deleting old save file ..\..\TAGame\SaveDataEpic\DBE_Production\8b0842d692fa4376be289341c7d7187a_2.save
[0985.76] Log: SaveDataExport(0): Finished - File:[..\..\TAGame\SaveDataEpic\DBE_Production\8b0842d692fa4376be289341c7d7187a_1.save] Result:[1]
[0985.76] DevOnline: PsyNet Flush Start TimeoutSeconds=0.250000
[0985.93] DevOnline: PsyNet Flush End
[0985.95] NetComeGo: Close TcpipConnection_1 107.6.93.182:3400 25/10/2023 21:56:42 'UNetConnection::CleanUp'
[0985.95] NetComeGo: TcpipConnection_1 Control channel null, Sending unstable close to 107.6.93.182:3400 on temporary Control channel.
[0985.95] Exit: TcpNetDriver_1 shut down
[0985.98] Log: Fully load package: ..\..\TAGame\CookedPCConsole\GameInfo_GFxMenu_SF.upk
[0986.03] Log: Fully load package: ..\..\TAGame\CookedPCConsole\GFxSounds_MainMenu_SF.upk
[0986.03] Log: Fully load package: ..\..\TAGame\CookedPCConsole\GFX_StartMenu_SF.upk
[0986.13] Log: Fully load package: ..\..\TAGame\CookedPCConsole\GFX_MainMenu_SF.upk
[0986.19] Log: Game class is 'GameInfo_GFxMenu_TA'
[0986.21] Log: Bringing World menu_main_p.TheWorld up for play (0) at 2023.10.25-21.56.42
[0986.21] Log: Flushing async loaders.
[0986.38] Log: Flushed async loaders.
[0986.38] Log: Bringing up level for play took: 0.189477
[0986.54] Log: ########### Finished loading level: 0.785922 seconds
[0986.54] DevOnline: WebRequest_X_51 SEND: https://config.psynet.gg/v2/Config/BattleCars/973704684/Prod/Epic/INT/
[0986.55] Log: Flushing async loaders.
[0986.80] Log: Flushed async loaders.
[0986.82] Warning: Warning, Material Ball_Football.TranslucentMaterials.Mat_Football_Translucent missing bUsedWithStaticLighting=True!
[0986.92] DevOnline: PlayerDataStorage_WriteFile: Beginning to upload file. User=(8b0842d692fa4376be289341c7d7187a) FileName=(RLSaveData)
[0986.92] AuthEpicVerbose: [GFx] Epic login changed. m_uiState:MainMenu bPromptParentalConsent:false bPromptToChoosePrimaryAccount:false bEpicSaveDataLoaded:false bPlatformLinked:false
[0986.92] FTEDev: Group Prime_MatchComplete Is not meant for users of type FTESave.LegacyGroupType=(LGT_LegacyUser)
[0986.92] FTEDev: Group Prime_MatchComplete Is not meant for users of type FTESave.LegacyGroupType=(LGT_LegacyUser)
[0987.12] Log: Flushing async loaders.
[0987.12] Log: Flushed async loaders.
[0987.13] EngagementEvents: UpdateEventsCurrentTime  NextEventTime =  0
[0987.38] DevOnline: WebRequest_X_51 RECV: 304 
[0988.54] Log: Flushing async loaders.
[0988.57] Log: Flushed async loaders.
[0988.87] DevOnline: PlayerDataStorage_WriteFile: File upload complete. User=(8b0842d692fa4376be289341c7d7187a) FileName=(RLSaveData) Success=(1)
[0993.34] Online: TryToPlayOnline ControllerID=(-1)
[0993.35] Online: HandlePrivilegeCheckFinished PrivilegeCheck.bHasRestriction=(False)
[0993.35] Online: HandlePrivilegeCheck PrivilegeCheck.bHasRestriction=(False)
[0993.40] EngagementEvents: UpdateEventsCurrentTime  NextEventTime =  0
[0993.47] FTE: Starting Group:Prime_Challenge_1 at Checkpoint:NUX_ChallengeIntro
[0993.47] FTEDev: Trying to start FTE Group Prime_Challenge_1 while another Group Prime_Challenge_1 is active
[0993.47] FTECritical: [GFx] Changed active tutorial from 'null' to 'NUX_CHALLENGEINTRO'. Tutorial active? 'false', New checkpoint active? 'true'
[0993.47] FTEDev: Trying to start FTE Group Prime_MatchComplete while another Group Prime_Challenge_1 is active
[0993.48] FTE: CompleteCheckpoint GroupName=(Prime_Challenge_1) CheckpointName=(NUX_ChallengeIntro)
[0993.48] FTE: CompleteActiveGroup GroupName:Prime_Challenge_1
[0993.48] FTECritical: [GFx] Changed active tutorial from 'NUX_CHALLENGEINTRO' to 'NONE'. Tutorial active? 'false', New checkpoint active? 'false'
[0993.48] FTEVerbose: Checkpoint 'None' attempted completion while the FTE isn't active!
[0993.49] FTECritical: [GFx] Changed active tutorial from 'NUX_CHALLENGEINTRO' to 'NONE'. Tutorial active? 'false', New checkpoint active? 'false'
[0993.50] FTEVerbose: Checkpoint 'None' attempted completion while the FTE isn't active!
[0993.50] FTECritical: [GFx] Changed active tutorial from 'NUX_CHALLENGEINTRO' to 'NONE'. Tutorial active? 'false', New checkpoint active? 'false'
[0993.50] FTEVerbose: Checkpoint 'None' attempted completion while the FTE isn't active!
[0993.57] Log: FSaveDataExportTask(0) wrote 429122 bytes to memory
[0993.57] Log: SaveGameDataAsync game thread time: 3 ms
[0993.59] Log: Deleting old save file ..\..\TAGame\SaveDataEpic\DBE_Production\8b0842d692fa4376be289341c7d7187a.save
[0993.59] Log: SaveDataExport(0): Finished - File:[..\..\TAGame\SaveDataEpic\DBE_Production\8b0842d692fa4376be289341c7d7187a_2.save] Result:[1]
[1001.85] Loadout: Could not find package for asset title_generic_T_SF
[1005.64] PsyNet: PsyNetServiceProvider_X_1 ExecuteService Complete, Service=Reward/RewardResult 
[1005.64] ScriptLog: GetDLCProducts, UnlockedDLCList=
[1005.66] PsyNet: PsyNetServiceProvider_X_1 ExecuteService Complete, Service=Challenges/PlayerProgress 
[1005.66] Log: FSaveDataExportTask(0) wrote 429537 bytes to memory
[1005.66] Log: SaveGameDataAsync game thread time: 3 ms
[1005.68] Log: Deleting old save file ..\..\TAGame\SaveDataEpic\DBE_Production\8b0842d692fa4376be289341c7d7187a_1.save
[1005.68] Log: SaveDataExport(0): Finished - File:[..\..\TAGame\SaveDataEpic\DBE_Production\8b0842d692fa4376be289341c7d7187a.save] Result:[1]
[1008.10] PsyNet: PsyNetServiceProvider_X_1 ExecuteService Complete, Service=Reward/RewardResult 
[1008.10] ScriptLog: GetDLCProducts, UnlockedDLCList=
[1008.12] PsyNet: PsyNetServiceProvider_X_1 ExecuteService Complete, Service=Challenges/PlayerProgress 
[1008.68] Log: FSaveDataExportTask(0) wrote 429952 bytes to memory
[1008.68] Log: SaveGameDataAsync game thread time: 3 ms
[1008.69] Log: Deleting old save file ..\..\TAGame\SaveDataEpic\DBE_Production\8b0842d692fa4376be289341c7d7187a_2.save
[1008.69] Log: SaveDataExport(0): Finished - File:[..\..\TAGame\SaveDataEpic\DBE_Production\8b0842d692fa4376be289341c7d7187a_1.save] Result:[1]
[1011.68] Log: FSaveDataExportTask(0) wrote 429952 bytes to memory
[1011.68] Log: SaveGameDataAsync game thread time: 3 ms
[1011.69] Log: Deleting old save file ..\..\TAGame\SaveDataEpic\DBE_Production\8b0842d692fa4376be289341c7d7187a.save
[1011.69] Log: SaveDataExport(0): Finished - File:[..\..\TAGame\SaveDataEpic\DBE_Production\8b0842d692fa4376be289341c7d7187a_2.save] Result:[1]
[1015.64] Log: Flushing async loaders.
[1015.64] Log: Flushed async loaders.
[1016.59] EngagementEvents: UpdateEventsCurrentTime  NextEventTime =  0
[1020.06] Log: Closing by request
[1020.06] Log: appRequestExit(0)
[1020.16] DevOnline: PlayerDataStorage_WriteFile: Beginning to upload file. User=(8b0842d692fa4376be289341c7d7187a) FileName=(RLSaveData)
[1020.16] Matchmaking: OnlineGameMatchmaking_X_0 OnlineGameMatchmaking_X -> None
[1020.16] Matchmaking: OnlineGameTourMatchmaking_TA_0 OnlineGameTourMatchmaking_TA -> None
[1020.16] DevOnline: PsyNet Flush Start TimeoutSeconds=0.500000
[1020.31] DevOnline: PsyNet Flush End
[1020.32] Exit: Preparing to exit.
[1020.44] Exit: Game engine shut down
[1020.52] Exit: Windows client shut down
[1020.54] Exit: AK Audio shut down.
[1025.55] Exit: Object subsystem successfully closed.
[1025.56] DevOnline: EOSSDK-LogEOSUI: Social Overlay: browser was closed. Reopening...
[1026.72] Exit: Exiting.
[1026.72] Log: Log file closed, 25/10/2023 21:57:22
