Log: Log file open, 28/10/2023 11:40:34
Log: GPsyonixBuildID 231010.63095.433650
Log: Command line: -AUTH_LOGIN=unused -AUTH_PASSWORD=3272c9f6863244d098a2c16e08694d64 -AUTH_TYPE=exchangecode -epicapp=Sugar -epicenv=Prod -EpicPortal  -epicusername="TIKI_THEGREAT" -epicuserid=8b0842d692fa4376be289341c7d7187a -epiclocale=en -epicsandboxid=9773aa1aa54f4f7b80e44bef04986cea
Init: WinSock: version 1.1 (2.2), MaxSocks=32767, MaxUdp=65467
Log:  ... running in INSTALLED mode
Init: Language extension: INT
Init: Language extension: INT
DevConfig: GConfig::LoadFile associated file:  ..\..\TAGame\Config\TAUI.ini
Init: Version: 231010.63095.433650
Init: Compiled (64-bit): Oct 10 2023 18:07:06
Init: Command line: -AUTH_LOGIN=unused -AUTH_PASSWORD=3272c9f6863244d098a2c16e08694d64 -AUTH_TYPE=exchangecode -epicapp=Sugar -epicenv=Prod -EpicPortal  -epicusername="TIKI_THEGREAT" -epicuserid=8b0842d692fa4376be289341c7d7187a -epiclocale=en -epicsandboxid=9773aa1aa54f4f7b80e44bef04986cea
Init: Base directory: C:\Program Files\Epic Games\rocketleague\Binaries\Win64\
[0001.02] Log: Purging 30-day cache '..\..\TAGame\Cache\WebCache\*.*'...
[0001.02] Log: Purging 7-day cache '..\..\TAGame\Logs\*.dmp'...
[0001.02] Log: Purging 3-day cache '..\..\TAGame\Logs\*.log'...
[0001.02] Init: Computer: DESKTOP-PD8JD65
[0001.03] Init: User: joshu
[0001.03] Init: CPU Page size=4096, Processors=24
[0001.03] Init: High frequency timer resolution =10.000000 MHz
[0001.03] Init: Memory total: Physical=63.9GB (64GB approx) Pagefile=67.9GB Virtual=131072.0GB
[0001.03] Init: Presizing for 138000 objects not considered by GC, pre-allocating 0 bytes.
[0001.03] Init: Object subsystem initialized
[0001.07] Log: Using feature set PrimeUpdate46
[0001.08] Log: FOnlineSubsystemEOS: EOS version = 1.13.0-24551320
[0001.08] DevOnline: EOS Platform CacheDirectory=C:\Users\joshu\AppData\Local\Rocket League\
[0001.81] Log: Found D3D11 adapter 0: NVIDIA GeForce RTX 3070 Ti
[0001.81] Log: Adapter has 8031MB of dedicated video memory, 0MB of dedicated system memory, and 32723MB of shared system memory
[0001.98] Log: Found D3D11 adapter 1: NVIDIA GeForce RTX 3070 Ti
[0001.98] Log: Adapter has 8031MB of dedicated video memory, 0MB of dedicated system memory, and 32723MB of shared system memory
[0002.02] Log: Found D3D11 adapter 2: Microsoft Basic Render Driver
[0002.02] Log: Adapter has 0MB of dedicated video memory, 0MB of dedicated system memory, and 32723MB of shared system memory
[0002.02] Log: Shader platform (RHI): PC-D3D-SM5
[0002.07] Breadcrumbs: Startup_PreInit: 2.068
[0002.08] Breadcrumbs: Startup_LoadGlobalShaders: 0.015
[0005.64] Log: ProductDatabase_TA::InitProductLabels  0.01 sec total.
[0005.68] Log: ProductDatabase_TA::UpdateAvailableProducts  0.04 sec total.
[0005.69] Breadcrumbs: Startup_LoadScriptPackages: 3.603
[0006.16] Breadcrumbs: Startup_LoadNonNativePackages: 0.475
[0006.17] Log: 142267 objects as part of root set at end of initial load.
[0006.17] Log: 0 out of 0 bytes used by permanent object pool.
[0006.17] Log: ShaderCache load stats: AccumLoadSeconds=(2.297) ShadersLoaded=(370260) Duplicates=(22208)
[0006.17] Log: Initializing Engine...
[0006.17] Log: BuildID: 973704684 from GPsyonixBuildID
[0006.25] SystemSettings: Loading PC Settings
[0006.26] Breadcrumbs: Startup_BuildGuidCache: 0.100
[0006.29] Log: Running hardware survey...
[0006.29] Log: Wwise(R) SDK Version 2019.1.1 Build 6977. Copyright (c) 2006-2012 Audiokinetic Inc. / All Rights Reserved.
[0007.16] Log: OS: Microsoft Windows 11 Pro  (22621)
[0007.16] Log: WinSAT: 9.4 [9.5 CPU, 9.9 2D, 9.9 3D, 9.5 Mem, 9.4 Disk]
[0007.16] Log: Processor: AMD Ryzen 9 5900X 12-Core Processor             (AMD64 Family 25 Model 33 Stepping 2) 12 Cores, 24 Threads
[0007.16] Log: Memory: 16.00GB
[0007.16] Log: Memory: 16.00GB
[0007.16] Log: Memory: 16.00GB
[0007.16] Log: Memory: 16.00GB
[0007.16] Log: VideoController: NVIDIA GeForce RTX 3070 Ti (31.0.15.3758)
[0007.16] Log: VideoController: Citrix Indirect Display Adapter (12.40.44.247)
[0007.16] Log: Network Adapter: Realtek Gaming 2.5GbE Family Controller
[0007.16] Log: Disk C: 841.23GB free of 1862.34GB
[0007.16] Log: Disk D: 318.71GB free of 1862.98GB
[0007.16] Log: Sound Device: USB Audio Device
[0007.16] Log: Sound Device: CORSAIR VOID ELITE Wireless Gaming Headset
[0007.16] Log: Sound Device: Sonic Studio Virtual Mixer
[0007.16] Log: Sound Device: NVIDIA Virtual Audio Device (Wave Extensible) (WDM)
[0007.16] Log: Sound Device: Realtek High Definition Audio
[0007.16] Log: Sound Device: USB Audio Device
[0007.16] Log: Sound Device: NVIDIA High Definition Audio
[0007.16] Log: Hardware survey complete in 0.54 seconds.
[0007.16] Breadcrumbs: Startup_ClientInit: 0.895
[0008.30] Log: Detected 1 GPUs for rendering
[0008.33] Breadcrumbs: Startup_CreateViewport: 1.170
[0008.33] DevOnline: Created named interface (RecentPlayersList) of type (Engine.OnlineRecentPlayersList)
[0008.41] EOSGameClips: EOSGameClips: Activate called successfully.
[0008.41] EOSGameClips: EOSGameClips: Audio initialized successfully.
[0008.41] EOSGameClips: EOSGameClips: Subscribed to game clips status events successfully.
[0008.41] EOSGameClips: EOSGameClips: Subscribed to user status events successfully.
[0008.41] EOSGameClips: EOSGameClips: Successfully initialized!
[0008.41] ScriptLog: PsyNet using environment DBE_Production Prod
[0008.41] EngagementEvents: Apply  called. Number of engagement events =  0
[0008.41] EngagementEvents: EngagementEventIcons disabled
[0008.41] PsyNet: PsyNetConnection_X_0 disabled OSCS_ServiceUnavailable
[0008.41] PsyNetStaticData: HandleCacheExpired
[0008.41] PsyNetStaticData: HandleGetURL URL=(https://config.psynet.gg/v2/Config/BattleCars/973704684/Prod/Epic/INT/)
[0008.41] PsyNetStaticData: Blocking sync start
[0008.41] DevOnline: WebRequest_X_0 SEND: https://config.psynet.gg/v2/Config/BattleCars/973704684/Prod/Epic/INT/
[0008.58] DevOnline: WebRequest_X_0 RECV: 304 
[0008.58] PsyNetStaticData: Blocking sync complete. Elapsed=0.1732
[0008.58] PsyNetStaticData: HandleDataChanged
[0008.59] EngagementEvents: Apply  called. Number of engagement events =  1
[0008.59] EngagementEvents: Engagement Event: Start Time =  1695754800  End Time =  1696986000
[0008.59] EngagementEvents: UpdateEventsCurrentTime  NextEventTime =  0
[0008.63] Log: ProductDatabase_TA::UpdateAvailableProducts  0.04 sec total.
[0009.25] Log: ProductDatabase_TA::InitProductLabels  0.01 sec total.
[0009.25] PsyNet: PsyNetConnection_X_0 enabled
[0009.27] PsyNetStaticData: UpdateCacheTimerEnabled CacheTimer.bEnabled=(True)
[0009.27] EOSGameClips: Construct Constructed EOSGameClipsManager_TA. Self=(EOSGameClipsManager_TA_0)
[0009.27] AuthPsyNetVerbose: New auth error. Error 'OSCS_NotConnected'
[0009.27] AuthPsyNetVerbose: OnlinePlayerAuthentication_TA_0 None Unknown|0|0 Logout
[0009.27] PsyNet: PsyNetConnection_X_1 disabled OSCS_NotConnected
[0009.27] AuthPsyNetVerbose: PsyNet connection status changed. Error 'OSCS_NotConnected'
[0009.27] AuthPsyNetVerbose: New auth error. Error 'OSCS_NotConnected'
[0009.27] AuthPsyNetVerbose: OnlinePlayerAuthentication_TA_0 LoggedOut Unknown|0|0 Logout
[0009.27] AuthPlatformCritical: Initiating auth. Player num '0', Name '', Password length '0'
[0009.27] ScriptLog: HandleBlockListStatusCreated Status=(PlatformBlockListStatus_0) ControllerId=(0)
[0009.27] AuthEpicCritical: Sending Eos login request with Credentials '{Version '3', Id Length '2', Token Length '32', Type 'EOS_LCT_ExchangeCode', SystemAuthCredentialsOptions null? 'Null', ExternalType 'EOS_ECT_EPIC'}'
[0009.27] SaveGame: Load Player.ControllerId=(0) SaveFileName=(..\..\TAGame\SaveDataEpic\DBE_Production\8b0842d692fa4376be289341c7d7187a.save)
[0009.27] Breadcrumbs: Startup_InitOnlineSubsystem: 0.948
[0009.28] DevNet: Browse: MENU_Main_p
[0009.29] Log: LoadMap: MENU_Main_p
[0009.29] Exit: XAudio2 Device shut down.
[0009.30] Log: Fully load package: ..\..\TAGame\CookedPCConsole\GameInfo_GFxMenu_SF.upk
[0009.40] Log: Fully load package: ..\..\TAGame\CookedPCConsole\GFxSounds_MainMenu_SF.upk
[0009.41] Log: Fully load package: ..\..\TAGame\CookedPCConsole\GFX_StartMenu_SF.upk
[0009.50] Log: Fully load package: ..\..\TAGame\CookedPCConsole\GFX_MainMenu_SF.upk
[0009.56] Log: Game class is 'GameInfo_GFxMenu_TA'
[0009.59] Log: Bringing World menu_main_p.TheWorld up for play (0) at 2023.10.28-11.40.43
[0009.59] Log: Flushing async loaders.
[0009.76] Log: Flushed async loaders.
[0009.77] Log: Bringing up level for play took: 0.190081
[0010.10] Log: ########### Finished loading level: 0.811751 seconds
[0010.11] Breadcrumbs: Startup_Browse: 0.832
[0010.11] Log: Initializing Engine Completed
[0010.11] Breadcrumbs: Startup_Total: 10.109
[0010.13] DevOnline: EOSSDK-LogEOSGameClips: Probing for recording system availability.
[0010.13] DevOnline: WebRequest_X_1 SEND: https://rl-cdn.psyonix.com/SpecialEvent/Images/HauntedHallows/2023/RL_HH2023_Event-Screen_logo_V3_as780.png
[0010.14] DevOnline: WebRequest_X_2 SEND: https://rl-cdn.psyonix.com/SpecialEvent/Images/HauntedHallows/2023/RL_HH2023_Event-Screen_asfd879.jpg
[0010.14] DevOnline: WebRequest_X_3 SEND: https://rl-cdn.psyonix.com/LogoImages/S12/Logo_Season_12_INT.png
[0010.15] SaveGame: HandleDataLoaded Result.Code=(BasicLoadResult_Success)
[0010.15] ScriptLog: NetworkSave_TA_0 ApplySettings ReplicationRate=60 NetSpeed=15000 InputRate=60
[0010.39] SaveData: Profile_TA_0 OnLoaded LocalID=(0)
[0010.39] ScriptLog: GetDLCProducts, UnlockedDLCList=
[0010.41] ScriptLog: GetDLCProducts, UnlockedDLCList=
[0010.41] SaveGame: LocalPlayer_TA_0 HandleSaveDataLoaded 
[0010.43] FTECritical: [GFx] Changed active tutorial from 'null' to 'NONE'. Tutorial active? 'false', New checkpoint active? 'false'
[0010.43] FTEVerbose: Checkpoint 'None' attempted completion while the FTE isn't active!
[0010.43] FTECritical: [GFx] Changed active tutorial from 'null' to 'NONE'. Tutorial active? 'false', New checkpoint active? 'false'
[0010.43] FTEVerbose: Checkpoint 'None' attempted completion while the FTE isn't active!
[0010.47] Log: Flushing async loaders.
[0010.73] Log: Flushed async loaders.
[0010.76] Warning: Warning, Material Ball_Football.TranslucentMaterials.Mat_Football_Translucent missing bUsedWithStaticLighting=True!
[0010.90] Log: Detected new XInput controller 0
[0010.91] DevOnline: EOSSDK-LogEOSGameClips: Recording supported and available.
[0010.91] DevOnline: EOSSDK-LogEOSGameClips: Recording availability changed from 'Pending' to 'Available'.
[0010.91] EOSGameClips: EOSGameClips: Availability changed from Pending to Available.
[0011.20] DevOnline: WebRequest_X_1 RECV: 304 
[0011.20] DevOnline: WebRequest_X_2 RECV: 304 
[0011.20] DevOnline: WebRequest_X_3 RECV: 304 
[0011.35] DevOnline: EOSSDK-LogEOSAnalytics: EOS SDK Analytics disabled for route [1].
[0011.98] AuthEpicCritical: Eos login result 'EOS_Success' for player '0'
[0012.18] AuthEpicCritical: Connect login result 'EOS_Success' for player '8b0842d692fa4376be289341c7d7187a', local num '0'
[0012.18] AuthPlatformCritical: Login status changed for player '0' to 'LS_LoggedIn'
[0012.18] AuthPlatformVerbose: Login attempt concluded
[0012.18] AuthEpicVerbose: Requesting cabined status for player '0'
[0012.18] DevOnline: WebRequest_X_4 SEND: https://api.epicgames.dev/epic/id/v1/accounts?accountId=8b0842d692fa4376be289341c7d7187a
[0012.18] PsyNet: PsyNetConnection_X_1 enabled
[0012.18] AuthPsyNetVerbose: PsyNet connection status changed. Error 'None'
[0012.18] AuthPsyNetVerbose: Transitioning to state 'RequestAuthCode'
[0012.18] AuthPsyNetCritical: Requesting auth ticket from platform for 'Epic|8b0842d692fa4376be289341c7d7187a|0'
[0012.18] AuthPsyNetCritical: Platform auth ticket completed with success 'True'
[0012.18] AuthPsyNetVerbose: Transitioning to state 'SendLoginRequest'
[0012.18] AuthPsyNetCritical: Sending login RPC for player '8b0842d692fa4376be289341c7d7187a' Auth ticket required? 'True'
[0012.18] AuthPsyNetCritical: Primary player ID? 'Epic|8b0842d692fa4376be289341c7d7187a|0' Logging In PlayerID '8b0842d692fa4376be289341c7d7187a'
[0012.18] AuthPsyNetVerbose: OnlinePlayerAuthentication_TA_0 SendLoginRequest Epic|8b0842d692fa4376be289341c7d7187a|0 HandleLoginStatusChanged LS_LoggedIn Epic|8b0842d692fa4376be289341c7d7187a|0
[0012.18] Party: HandleLocalPlayerLoginStatusChanged PlayerName=TIKI_THEGREAT PlayerID=Epic|8b0842d692fa4376be289341c7d7187a|0 LoginStatus=LS_LoggedIn IsPrimary=True IsInParty=False
[0012.18] PsyNet: HTTP send ID=PsyNetMessage_X_0 Message=PsyNetMessage_X_0
[0012.18] DevOnline: WebRequest_X_5 SEND: https://api.rlpp.psynet.gg/rpc/Auth/AuthPlayer/v2
[0012.30] ScriptLog: GetDLCProducts, UnlockedDLCList=
[0012.51] Log: Flushing async loaders.
[0012.53] Log: Flushed async loaders.
[0012.61] DevOnline: WebRequest_X_4 RECV: 200 
[0012.61] AuthEpicVerbose: Cabined request completed for user '0' with result 'False', Error 'None'
[0012.85] DevOnline: WebRequest_X_5 RECV: 200 
[0012.85] PsyNet: HTTP recv ID=PsyNetMessage_X_0 Message=PsyNetMessage_X_1
[0012.87] AuthPsyNetCritical: PsyNet auth RPC succeeded for player '8b0842d692fa4376be289341c7d7187a'
[0012.87] AuthPsyNetVerbose: Transitioning to state 'LoggedIn'
[0012.87] AuthPsyNetCritical: Login successful for player '8b0842d692fa4376be289341c7d7187a'
[0012.87] Auth: OnlinePlayer_TA_0 OnlinePlayerAuthentication_TA_0 HandleAuthLoginChange Auth.bLoggedIn=(True)
[0012.87] PsyNet: Enabling PerCon
[0012.87] PsyNet: PsyNetConnection_X_1 SetAuthorized bAuthorized=True
[0012.87] RankedReconnect: LocalPlayer_TA_0.CheckForRankedReconnect() bOpenedStartMenu=(False) IsMenuLevel=(True) bLoggedIn=(True) IsPrimaryPlayer=(True) RankedReconnectAvailable=(False) EpochTime=(0) EpochNow=(1698518446) TimeSince=(1698518446) ReconnectTimeoutSeconds=(900) Reservation=()
[0013.07] PsyNet: PsyNetMessengerWebSocket_X_0 Connected
[0013.07] PsyNet: PsyNetConnection_X_1 UpdateConnectionState bConnected=(True) bFreshConnection=(True)
[0013.07] DevOnline: WebRequest_X_6 SEND: https://api.kws.ol.epicgames.com/v1/epic-settings/public/users/8b0842d692fa4376be289341c7d7187a/values?game=rl
[0013.07] DevOnline: WebRequest_X_7 SEND: https://api.epicgames.dev/epic/friends/v1/8b0842d692fa4376be289341c7d7187a/blocklist
[0013.07] DevOnline: PlayerDataStorage_QueryFileList: Beginning to query files. User=(8b0842d692fa4376be289341c7d7187a)
[0013.07] PsyNetBeaconDetail_X: PsyNetBeacon_X_0 SetPsyNetConnection InPsyNetConnection=(PsyNetConnection_X_1)
[0013.07] PsyNet: PsyNetConnection_X_1 UpdateConnectionState bPerConConnected=(True)
[0013.19] DevOnline: WebRequest_X_7 RECV: 200 
[0013.20] ScriptLog: HandleStatusChanged PrimaryStatus.DownloadStatus=(EB_Success) ControllerId=(0)
[0013.27] ScriptLog: ListenForBlockListDownloaded PrimaryStatus=(PlatformBlockListStatus_0) PrimaryStatus.DownloadStatus=(EB_Success)
[0013.32] EOSVoice: HandleFriendsListChanged
[0013.37] DevOnline: WebRequest_X_6 RECV: 200 
[0013.37] EOSPermissions: NS=profile SN=p2p-trading PL=null EL=null DV=0 IV=0
[0013.37] EOSPermissions: NS=profile SN=require-pin-to-add-friend PL=False EL=null DV=False IV=False
[0013.37] EOSPermissions: NS=prm SN=marketing PL=null EL=True DV=True IV=True
[0013.37] EOSPermissions: NS=chat SN=voice PL=null EL=null DV=0 IV=0
[0013.37] EOSPermissions: NS=chat SN=text PL=null EL=null DV=0 IV=0
[0013.37] DevOnline: WebRequest_X_8 SEND: https://api.epicgames.dev/epic/friends/v1/8b0842d692fa4376be289341c7d7187a/outgoing
[0013.39] DevOnline: PlayerDataStorage_QueryFileList: Finished querying files. User=(8b0842d692fa4376be289341c7d7187a) Success=(1)
[0013.39] DevOnline: PlayerDataStorage_ReadFile: Beginning to download file. User=(8b0842d692fa4376be289341c7d7187a) FileName=(RLSaveData)
[0013.40] DevOnline: WebRequest_X_9 SEND: https://rl-cdn.psyonix.com/ChallengeIcons/Challenge_Play.jpg
[0013.40] DevOnline: WebRequest_X_10 SEND: https://rl-cdn.psyonix.com/ChallengeIcons/Challenge_Shot.jpg
[0013.40] DevOnline: WebRequest_X_11 SEND: https://rl-cdn.psyonix.com/ChallengeIcons/Challenge_Save.jpg
[0013.40] DevOnline: WebRequest_X_12 SEND: https://rl-cdn.psyonix.com/ChallengeIcons/Challenge_Center.jpg
[0013.40] DevOnline: WebRequest_X_13 SEND: https://rl-cdn.psyonix.com/ChallengeIcons/Challenge_Win.jpg
[0013.40] DevOnline: WebRequest_X_14 SEND: https://rl-cdn.psyonix.com/ChallengeIcons/Challenge_AerialGoal.jpg
[0013.40] DevOnline: WebRequest_X_15 SEND: https://rl-cdn.psyonix.com/ChallengeIcons/Challenge_SAG.jpg
[0013.40] DevOnline: WebRequest_X_16 SEND: https://rl-cdn.psyonix.com/ChallengeIcons/Challenge_Clear.jpg
[0013.40] DevOnline: WebRequest_X_17 SEND: https://rl-cdn.psyonix.com/ChallengeIcons/Challenge_Goal.jpg
[0013.41] DevOnline: WebRequest_X_18 SEND: https://rl-cdn.psyonix.com/ChallengeBanners/NUX_Popup_Octane.png
[0013.41] DevOnline: WebRequest_X_19 SEND: https://rl-cdn.psyonix.com/SpecialEvent/Images/HauntedHallows/2023/RL_Haunted_Hallows_WIDGET_ART_acsh07d8.png
[0013.41] DevOnline: WebRequest_X_20 SEND: https://rl-cdn.psyonix.com/SpecialEvent/Images/HauntedHallows/2023/RL_hh_2023_EventDash_awecf90n8.png
[0013.42] DevOnline: WebRequest_X_21 SEND: https://rl-cdn.psyonix.com/ChallengeBanners/Season_imagery_Reward.png
[0013.42] DevOnline: WebRequest_X_22 SEND: https://rl-cdn.psyonix.com/ChallengeBanners/rl_s12_dash.png
[0013.44] DevOnline: WebRequest_X_23 SEND: https://rl-cdn.psyonix.com/Playlists/Images/Limited_Events_BG_haunted-heatseeker.jpg
[0013.44] DevOnline: WebRequest_X_24 SEND: https://rl-cdn.psyonix.com/Playlists/Images/rl_ltm_heatseeker2022_playlist.png
[0013.47] DevOnline: WebRequest_X_9 RECV: 304 
[0013.47] DevOnline: WebRequest_X_10 RECV: 304 
[0013.48] DevOnline: WebRequest_X_8 RECV: 200 
[0013.51] DevOnline: WebRequest_X_11 RECV: 304 
[0013.53] DevOnline: WebRequest_X_12 RECV: 304 
[0013.53] DevOnline: WebRequest_X_13 RECV: 304 
[0013.53] DevOnline: WebRequest_X_14 RECV: 304 
[0013.53] DevOnline: WebRequest_X_15 RECV: 304 
[0013.53] DevOnline: WebRequest_X_16 RECV: 304 
[0013.53] DevOnline: WebRequest_X_17 RECV: 304 
[0013.53] DevOnline: WebRequest_X_18 RECV: 304 
[0013.53] DevOnline: WebRequest_X_19 RECV: 304 
[0013.53] DevOnline: WebRequest_X_20 RECV: 304 
[0013.53] DevOnline: WebRequest_X_21 RECV: 304 
[0013.53] DevOnline: WebRequest_X_22 RECV: 304 
[0013.53] ScriptLog: RegionPinger_X_0 PingRegions ("104.153.85.112:19619","3.75.87.160:8403","209.191.164.218:3407","34.124.243.66:2387","52.221.231.2:8547","103.194.166.114:23614","185.179.203.137:23534","117.120.11.141:3367","185.179.201.78:22112","189.1.169.154:2847","3.111.38.247:8449")
[0013.56] DevOnline: WebRequest_X_23 RECV: 304 
[0013.56] DevOnline: WebRequest_X_24 RECV: 304 
[0014.25] DevOnline: PlayerDataStorage_ReadFile: File download complete. User=(8b0842d692fa4376be289341c7d7187a) FileName=(RLSaveData) Success=(1)
[0014.25] EOSSync: HandleFileReadComplete LocalSaveTick: 379
[0014.25] EOSSync: HandleFileReadComplete OnlineSaveTick: 379
[0014.26] EOSSync: HandleFileReadComplete Local Save is up to date, keeping this file
[0014.26] ScriptLog: NewProductIDs128: 
[0014.26] ScriptLog: GetDLCProducts, UnlockedDLCList=
[0014.26] AuthEpicVerbose: Epic save data loaded
[0014.26] AuthEpicVerbose: [GFx] Epic login changed. m_uiState:StartMenu bPromptParentalConsent:false bPromptToChoosePrimaryAccount:false bEpicSaveDataLoaded:true bPlatformLinked:true
[0014.26] ScriptLog: GetDLCProducts, UnlockedDLCList=
[0014.27] DevOnline: WebRequest_X_25 SEND: https://rl-cdn.psyonix.com/Legal/PC/EULA/INT.txt
[0014.27] DevOnline: WebRequest_X_26 SEND: https://rl-cdn.psyonix.com/Legal/PC/PrivacyPolicy/INT.txt
[0014.31] DevOnline: WebRequest_X_25 RECV: 304 
[0014.31] DevOnline: WebRequest_X_26 RECV: 304 
[0014.80] Matchmaking: All Regions Pinged: USE (0.0833),EU (0.1667),USW (0.0333),ASC (0.2000),ASM (0.2000),JPN (0.2167),ME (0.3167),OCE (0.1833),SAF (0.3167),SAM (0.1833),IND (0.3000)
[0014.80] Log: FCacheExportTask(..\..\TAGame\Cache\RegionCache.cache) wrote 1069 bytes to memory
[0015.48] EOSVoice: HandleFriendsListChanged
[0018.90] EngagementEvents: UpdateEventsCurrentTime  NextEventTime =  0
[0042.96] Legacy: State Set
[0042.96] FTEVerbose: [GFx] Checking FTE progress: Shown login flow 'false', Legal modal valid? 'true', Online? 'true', Cabined state '0', Legacy state '3'
[0042.96] FTEDev: Trying to start FTE Group Prime_InitialStartup which is already completed and cannot be restarted CurrentActiveGroup.bCanBeDoneAgain=(False) bIgnoreCompletion=(False)
[0042.96] AuthEpicVerbose: [GFx] Showing login flow. Platform linked? 'true' Prompt for epic link? 'false' Prompt for primary? 'false' Prompt for parental consent? 'false' Epic data loaded? 'true' Showing epic flow? 'false'
[0042.97] AuthEpicVerbose: [GFx] Epic flow completed 'false'
[0042.97] FTE: Starting Group:Prime_LegalText at Checkpoint:FTE_PrimaryPlayerIsXboxGuest
[0042.97] FTEDev: Trying to start FTE Group Prime_CarSelect while another Group Prime_LegalText is active
[0042.97] FTEVerbose: [GFx] Checking FTE progress: Shown login flow 'true', Legal modal valid? 'true', Online? 'true', Cabined state '0', Legacy state '3'
[0042.97] FTEDev: Trying to start FTE Group Prime_InitialStartup while another Group Prime_LegalText is active
[0042.97] FTE: CompleteCheckpoint GroupName=(Prime_LegalText) CheckpointName=(FTE_PrimaryPlayerIsXboxGuest)
[0042.97] FTE: Moving to Checkpoint:FTE_PrivacyPolicy
[0042.97] FTEVerbose: [GFx] Checking FTE progress: Shown login flow 'true', Legal modal valid? 'true', Online? 'true', Cabined state '0', Legacy state '3'
[0042.97] FTEDev: Trying to start FTE Group Prime_InitialStartup while another Group Prime_LegalText is active
[0042.97] FTE: CompleteCheckpoint GroupName=(Prime_LegalText) CheckpointName=(FTE_PrivacyPolicy)
[0042.97] FTE: Moving to Checkpoint:FTE_EulaText
[0042.97] FTEVerbose: [GFx] Checking FTE progress: Shown login flow 'true', Legal modal valid? 'true', Online? 'true', Cabined state '0', Legacy state '3'
[0042.97] FTEDev: Trying to start FTE Group Prime_InitialStartup while another Group Prime_LegalText is active
[0042.97] FTE: CompleteCheckpoint GroupName=(Prime_LegalText) CheckpointName=(FTE_EulaText)
[0042.97] FTE: CompleteActiveGroup GroupName:Prime_LegalText
[0042.98] FTEVerbose: [GFx] Checking FTE progress: Shown login flow 'true', Legal modal valid? 'true', Online? 'true', Cabined state '0', Legacy state '3'
[0042.98] FTEDev: Trying to start FTE Group Prime_InitialStartup which is already completed and cannot be restarted CurrentActiveGroup.bCanBeDoneAgain=(False) bIgnoreCompletion=(False)
[0042.98] FTEDev: Group Prime_CarSelect Is not meant for users of type FTESave.LegacyGroupType=(LGT_LegacyUser)
[0042.98] FTEVerbose: [GFx] Checking FTE progress: Shown login flow 'true', Legal modal valid? 'true', Online? 'true', Cabined state '0', Legacy state '3'
[0042.98] FTEDev: Trying to start FTE Group Prime_InitialStartup which is already completed and cannot be restarted CurrentActiveGroup.bCanBeDoneAgain=(False) bIgnoreCompletion=(False)
[0042.98] FTEDev: Group Prime_CarSelect Is not meant for users of type FTESave.LegacyGroupType=(LGT_LegacyUser)
[0042.98] FTEDev: Group Prime_FreeToPlayTutorial_1 Is not meant for users of type FTESave.LegacyGroupType=(LGT_LegacyUser)
[0042.98] FTECritical: [GFx] Changed active tutorial from 'null' to 'NONE'. Tutorial active? 'false', New checkpoint active? 'false'
[0042.98] FTEVerbose: Checkpoint 'None' attempted completion while the FTE isn't active!
[0042.98] FTECritical: [GFx] Changed active tutorial from 'null' to 'NONE'. Tutorial active? 'false', New checkpoint active? 'false'
[0042.98] FTEVerbose: Checkpoint 'None' attempted completion while the FTE isn't active!
[0042.98] FTEVerbose: [GFx] Checking FTE progress: Shown login flow 'true', Legal modal valid? 'true', Online? 'true', Cabined state '0', Legacy state '3'
[0042.98] FTEDev: Trying to start FTE Group Prime_InitialStartup which is already completed and cannot be restarted CurrentActiveGroup.bCanBeDoneAgain=(False) bIgnoreCompletion=(False)
[0042.98] FTEDev: Group Prime_CarSelect Is not meant for users of type FTESave.LegacyGroupType=(LGT_LegacyUser)
[0042.98] FTEDev: Group Prime_FreeToPlayTutorial_1 Is not meant for users of type FTESave.LegacyGroupType=(LGT_LegacyUser)
[0043.00] EngagementEvents: UpdateEventsCurrentTime  NextEventTime =  0
[0043.00] AuthEpicVerbose: [GFx] Epic login changed. m_uiState:MainMenu bPromptParentalConsent:false bPromptToChoosePrimaryAccount:false bEpicSaveDataLoaded:false bPlatformLinked:false
[0043.00] FTEDev: Group Prime_MatchComplete Is not meant for users of type FTESave.LegacyGroupType=(LGT_LegacyUser)
[0043.04] RankedReconnect: LocalPlayer_TA_0.CheckForRankedReconnect() bOpenedStartMenu=(True) IsMenuLevel=(True) bLoggedIn=(True) IsPrimaryPlayer=(True) RankedReconnectAvailable=(False) EpochTime=(0) EpochNow=(1698518477) TimeSince=(1698518477) ReconnectTimeoutSeconds=(900) Reservation=()
[0043.05] MTX: ConditionalClaimEntitlements bAllowEntitlements=(True) bClaimingEntitlements=(False) bEntitlementsDirty=(True) PsyNetConnected=(True) SplitscreenID=(0) bMtxCodeExpired=(False)
[0043.05] MTX: HandleMtxCode bSuccess=True
[0043.06] EngagementEvents: UpdateEventsCurrentTime  NextEventTime =  0
[0043.09] Log: FSaveDataExportTask(0) wrote 539697 bytes to memory
[0043.09] Log: SaveGameDataAsync game thread time: 3 ms
[0043.09] DevOnline: WebRequest_X_27 SEND: https://rl-cdn.psyonix.com/Blog/Images/RL_HH2023-shop-tab_tri-panel.png
[0043.10] DevOnline: WebRequest_X_28 SEND: https://rl-cdn.psyonix.com/Blog/Images/RL_HH2023-challenge-rewards_tri-panel.png
[0043.10] Log: Deleting old save file ..\..\TAGame\SaveDataEpic\DBE_Production\8b0842d692fa4376be289341c7d7187a_2.save
[0043.10] Log: SaveDataExport(0): Finished - File:[..\..\TAGame\SaveDataEpic\DBE_Production\8b0842d692fa4376be289341c7d7187a_1.save] Result:[1]
[0043.10] DevOnline: WebRequest_X_29 SEND: https://rl-cdn.psyonix.com/Blog/Images/RL_HH2023-key-art_tri-panel.png
[0043.16] DevOnline: WebRequest_X_27 RECV: 304 
[0043.16] DevOnline: WebRequest_X_28 RECV: 304 
[0043.16] DevOnline: WebRequest_X_29 RECV: 304 
[0043.40] MTX: HandleClaimSuccess Products=0
[0049.82] Log: Assigning XInput controller to 0
[0053.71] EngagementEvents: UpdateEventsCurrentTime  NextEventTime =  0
[0068.70] Online: TryToPlayOnline ControllerID=(-1)
[0068.72] Online: HandlePrivilegeCheckFinished PrivilegeCheck.bHasRestriction=(False)
[0068.72] Online: HandlePrivilegeCheck PrivilegeCheck.bHasRestriction=(False)
[0068.73] EngagementEvents: UpdateEventsCurrentTime  NextEventTime =  0
[0070.51] DevOnline: WebRequest_X_30 SEND: https://datarouter.ol.epicgames.com/datarouter/api/v1/public/data?AppID=RocketLeague.Release&AppVersion=973704684&AppEnvironment=Prod&UploadType=eteventstream&UserID=|8b0842d692fa4376be289341c7d7187a|||Epic|8b0842d692fa4376be289341c7d7187a|0&SessionID=9F96485F47673AE86A0710AA66AEA38B
[0070.91] DevOnline: WebRequest_X_30 RECV: 204 
[0106.45] EngagementEvents: UpdateEventsCurrentTime  NextEventTime =  0
[0107.12] EngagementEvents: UpdateEventsCurrentTime  NextEventTime =  0
[0110.95] Log: Closing by request
[0110.95] Log: appRequestExit(0)
[0111.04] DevOnline: PlayerDataStorage_WriteFile: Beginning to upload file. User=(8b0842d692fa4376be289341c7d7187a) FileName=(RLSaveData)
[0111.04] Matchmaking: OnlineGameMatchmaking_X_0 OnlineGameMatchmaking_X -> None
[0111.04] Matchmaking: OnlineGameTourMatchmaking_TA_0 OnlineGameTourMatchmaking_TA -> None
[0111.04] Log: FSaveDataExportTask(0) wrote 539697 bytes to memory
[0111.04] Log: SaveGameDataAsync game thread time: 3 ms
[0111.04] DevOnline: PsyNet Flush Start TimeoutSeconds=0.500000
[0111.04] DevOnline: PsyNet Flush End
[0111.05] Exit: Preparing to exit.
[0111.13] Log: Deleting old save file ..\..\TAGame\SaveDataEpic\DBE_Production\8b0842d692fa4376be289341c7d7187a.save
[0111.13] Log: SaveDataExport(0): Finished - File:[..\..\TAGame\SaveDataEpic\DBE_Production\8b0842d692fa4376be289341c7d7187a_2.save] Result:[1]
[0111.17] Exit: Game engine shut down
[0111.25] Exit: Windows client shut down
[0111.27] Exit: AK Audio shut down.
[0116.58] Exit: Object subsystem successfully closed.
[0116.59] DevOnline: EOSSDK-LogEOSUI: Social Overlay: browser was closed. Reopening...
[0117.38] Exit: Exiting.
[0117.38] Log: Log file closed, 28/10/2023 11:42:30
