Log: Log file open, 26/10/2023 16:45:38
Log: GPsyonixBuildID 231010.63095.433650
Log: Command line: -AUTH_LOGIN=unused -AUTH_PASSWORD=2b16b73078c04b10a46c8fbf7e6161a5 -AUTH_TYPE=exchangecode -epicapp=Sugar -epicenv=Prod -EpicPortal  -epicusername="TIKI_THEGREAT" -epicuserid=8b0842d692fa4376be289341c7d7187a -epiclocale=en -epicsandboxid=9773aa1aa54f4f7b80e44bef04986cea
Init: WinSock: version 1.1 (2.2), MaxSocks=32767, MaxUdp=65467
Log:  ... running in INSTALLED mode
Init: Language extension: INT
Init: Language extension: INT
DevConfig: GConfig::LoadFile associated file:  ..\..\TAGame\Config\TAUI.ini
Init: Version: 231010.63095.433650
Init: Compiled (64-bit): Oct 10 2023 18:07:06
Init: Command line: -AUTH_LOGIN=unused -AUTH_PASSWORD=2b16b73078c04b10a46c8fbf7e6161a5 -AUTH_TYPE=exchangecode -epicapp=Sugar -epicenv=Prod -EpicPortal  -epicusername="TIKI_THEGREAT" -epicuserid=8b0842d692fa4376be289341c7d7187a -epiclocale=en -epicsandboxid=9773aa1aa54f4f7b80e44bef04986cea
Init: Base directory: C:\Program Files\Epic Games\rocketleague\Binaries\Win64\
[0001.02] Log: Purging 30-day cache '..\..\TAGame\Cache\WebCache\*.*'...
[0001.02] Log: Purging 7-day cache '..\..\TAGame\Logs\*.dmp'...
[0001.02] Log: Purging 3-day cache '..\..\TAGame\Logs\*.log'...
[0001.03] Init: Computer: DESKTOP-PD8JD65
[0001.03] Init: User: joshu
[0001.03] Init: CPU Page size=4096, Processors=24
[0001.03] Init: High frequency timer resolution =10.000000 MHz
[0001.03] Init: Memory total: Physical=63.9GB (64GB approx) Pagefile=67.9GB Virtual=131072.0GB
[0001.03] Init: Presizing for 138000 objects not considered by GC, pre-allocating 0 bytes.
[0001.03] Init: Object subsystem initialized
[0001.08] Log: Using feature set PrimeUpdate46
[0001.09] Log: FOnlineSubsystemEOS: EOS version = 1.13.0-24551320
[0001.09] DevOnline: EOS Platform CacheDirectory=C:\Users\joshu\AppData\Local\Rocket League\
[0001.76] Log: Found D3D11 adapter 0: NVIDIA GeForce RTX 3070 Ti
[0001.76] Log: Adapter has 8031MB of dedicated video memory, 0MB of dedicated system memory, and 32723MB of shared system memory
[0001.93] Log: Found D3D11 adapter 1: NVIDIA GeForce RTX 3070 Ti
[0001.93] Log: Adapter has 8031MB of dedicated video memory, 0MB of dedicated system memory, and 32723MB of shared system memory
[0001.97] Log: Found D3D11 adapter 2: Microsoft Basic Render Driver
[0001.97] Log: Adapter has 0MB of dedicated video memory, 0MB of dedicated system memory, and 32723MB of shared system memory
[0001.97] Log: Shader platform (RHI): PC-D3D-SM5
[0002.01] Breadcrumbs: Startup_PreInit: 2.011
[0002.03] Breadcrumbs: Startup_LoadGlobalShaders: 0.016
[0006.38] Log: ProductDatabase_TA::InitProductLabels  0.00 sec total.
[0006.42] Log: ProductDatabase_TA::UpdateAvailableProducts  0.04 sec total.
[0006.42] Breadcrumbs: Startup_LoadScriptPackages: 4.397
[0006.89] Breadcrumbs: Startup_LoadNonNativePackages: 0.462
[0006.89] Log: 142267 objects as part of root set at end of initial load.
[0006.89] Log: 0 out of 0 bytes used by permanent object pool.
[0006.89] Log: ShaderCache load stats: AccumLoadSeconds=(3.269) ShadersLoaded=(370260) Duplicates=(22208)
[0006.89] Log: Initializing Engine...
[0006.89] Log: BuildID: 973704684 from GPsyonixBuildID
[0006.98] SystemSettings: Loading PC Settings
[0006.99] Breadcrumbs: Startup_BuildGuidCache: 0.106
[0007.02] Log: Running hardware survey...
[0007.02] Log: Wwise(R) SDK Version 2019.1.1 Build 6977. Copyright (c) 2006-2012 Audiokinetic Inc. / All Rights Reserved.
[0007.88] Log: OS: Microsoft Windows 11 Pro  (22621)
[0007.88] Log: WinSAT: 9.4 [9.5 CPU, 9.9 2D, 9.9 3D, 9.5 Mem, 9.4 Disk]
[0007.88] Log: Processor: AMD Ryzen 9 5900X 12-Core Processor             (AMD64 Family 25 Model 33 Stepping 2) 12 Cores, 24 Threads
[0007.88] Log: Memory: 16.00GB
[0007.88] Log: Memory: 16.00GB
[0007.88] Log: Memory: 16.00GB
[0007.88] Log: Memory: 16.00GB
[0007.88] Log: VideoController: NVIDIA GeForce RTX 3070 Ti (31.0.15.3758)
[0007.88] Log: VideoController: Citrix Indirect Display Adapter (12.40.44.247)
[0007.88] Log: Network Adapter: Realtek Gaming 2.5GbE Family Controller
[0007.88] Log: Disk C: 761.02GB free of 1862.34GB
[0007.88] Log: Disk D: 101.31GB free of 1862.98GB
[0007.88] Log: Sound Device: USB Audio Device
[0007.88] Log: Sound Device: CORSAIR VOID ELITE Wireless Gaming Headset
[0007.88] Log: Sound Device: Sonic Studio Virtual Mixer
[0007.88] Log: Sound Device: NVIDIA Virtual Audio Device (Wave Extensible) (WDM)
[0007.88] Log: Sound Device: Realtek High Definition Audio
[0007.88] Log: Sound Device: USB Audio Device
[0007.88] Log: Sound Device: NVIDIA High Definition Audio
[0007.88] Log: Hardware survey complete in 0.52 seconds.
[0007.88] Breadcrumbs: Startup_ClientInit: 0.884
[0008.85] Log: Detected 1 GPUs for rendering
[0008.87] Breadcrumbs: Startup_CreateViewport: 0.995
[0008.87] DevOnline: Created named interface (RecentPlayersList) of type (Engine.OnlineRecentPlayersList)
[0008.95] EOSGameClips: EOSGameClips: Activate called successfully.
[0008.95] EOSGameClips: EOSGameClips: Audio initialized successfully.
[0008.95] EOSGameClips: EOSGameClips: Subscribed to game clips status events successfully.
[0008.95] EOSGameClips: EOSGameClips: Subscribed to user status events successfully.
[0008.95] EOSGameClips: EOSGameClips: Successfully initialized!
[0008.95] ScriptLog: PsyNet using environment DBE_Production Prod
[0008.95] EngagementEvents: Apply  called. Number of engagement events =  0
[0008.95] EngagementEvents: EngagementEventIcons disabled
[0008.95] PsyNet: PsyNetConnection_X_0 disabled OSCS_ServiceUnavailable
[0008.95] PsyNetStaticData: HandleCacheExpired
[0008.95] PsyNetStaticData: HandleGetURL URL=(https://config.psynet.gg/v2/Config/BattleCars/973704684/Prod/Epic/INT/)
[0008.95] PsyNetStaticData: Blocking sync start
[0008.95] DevOnline: WebRequest_X_0 SEND: https://config.psynet.gg/v2/Config/BattleCars/973704684/Prod/Epic/INT/
[0009.12] DevOnline: WebRequest_X_0 RECV: 304 
[0009.12] PsyNetStaticData: Blocking sync complete. Elapsed=0.1734
[0009.12] PsyNetStaticData: HandleDataChanged
[0009.13] EngagementEvents: Apply  called. Number of engagement events =  1
[0009.13] EngagementEvents: Engagement Event: Start Time =  1695754800  End Time =  1696986000
[0009.13] EngagementEvents: UpdateEventsCurrentTime  NextEventTime =  0
[0009.17] Log: ProductDatabase_TA::UpdateAvailableProducts  0.04 sec total.
[0009.78] Log: ProductDatabase_TA::InitProductLabels  0.00 sec total.
[0009.78] PsyNet: PsyNetConnection_X_0 enabled
[0009.80] PsyNetStaticData: UpdateCacheTimerEnabled CacheTimer.bEnabled=(True)
[0009.80] EOSGameClips: Construct Constructed EOSGameClipsManager_TA. Self=(EOSGameClipsManager_TA_0)
[0009.80] AuthPsyNetVerbose: New auth error. Error 'OSCS_NotConnected'
[0009.80] AuthPsyNetVerbose: OnlinePlayerAuthentication_TA_0 None Unknown|0|0 Logout
[0009.80] PsyNet: PsyNetConnection_X_1 disabled OSCS_NotConnected
[0009.80] AuthPsyNetVerbose: PsyNet connection status changed. Error 'OSCS_NotConnected'
[0009.80] AuthPsyNetVerbose: New auth error. Error 'OSCS_NotConnected'
[0009.80] AuthPsyNetVerbose: OnlinePlayerAuthentication_TA_0 LoggedOut Unknown|0|0 Logout
[0009.80] AuthPlatformCritical: Initiating auth. Player num '0', Name '', Password length '0'
[0009.80] ScriptLog: HandleBlockListStatusCreated Status=(PlatformBlockListStatus_0) ControllerId=(0)
[0009.80] AuthEpicCritical: Sending Eos login request with Credentials '{Version '3', Id Length '2', Token Length '32', Type 'EOS_LCT_ExchangeCode', SystemAuthCredentialsOptions null? 'Null', ExternalType 'EOS_ECT_EPIC'}'
[0009.80] SaveGame: Load Player.ControllerId=(0) SaveFileName=(..\..\TAGame\SaveDataEpic\DBE_Production\8b0842d692fa4376be289341c7d7187a.save)
[0009.81] Breadcrumbs: Startup_InitOnlineSubsystem: 0.935
[0009.82] DevNet: Browse: MENU_Main_p
[0009.82] Log: LoadMap: MENU_Main_p
[0009.82] Exit: XAudio2 Device shut down.
[0009.84] Log: Fully load package: ..\..\TAGame\CookedPCConsole\GameInfo_GFxMenu_SF.upk
[0009.85] Log: Fully load package: ..\..\TAGame\CookedPCConsole\GFxSounds_MainMenu_SF.upk
[0009.85] Log: Fully load package: ..\..\TAGame\CookedPCConsole\GFX_StartMenu_SF.upk
[0009.94] Log: Fully load package: ..\..\TAGame\CookedPCConsole\GFX_MainMenu_SF.upk
[0010.01] Log: Game class is 'GameInfo_GFxMenu_TA'
[0010.03] Log: Bringing World menu_main_p.TheWorld up for play (0) at 2023.10.26-16.45.47
[0010.03] Log: Flushing async loaders.
[0010.19] Log: Flushed async loaders.
[0010.20] Log: Bringing up level for play took: 0.182159
[0010.49] Log: ########### Finished loading level: 0.673930 seconds
[0010.50] Breadcrumbs: Startup_Browse: 0.693
[0010.50] Log: Initializing Engine Completed
[0010.50] Breadcrumbs: Startup_Total: 10.500
[0010.53] DevOnline: EOSSDK-LogEOSGameClips: Probing for recording system availability.
[0010.53] DevOnline: WebRequest_X_1 SEND: https://rl-cdn.psyonix.com/SpecialEvent/Images/HauntedHallows/2023/RL_HH2023_Event-Screen_logo_V3_as780.png
[0010.53] DevOnline: WebRequest_X_2 SEND: https://rl-cdn.psyonix.com/SpecialEvent/Images/HauntedHallows/2023/RL_HH2023_Event-Screen_asfd879.jpg
[0010.53] DevOnline: WebRequest_X_3 SEND: https://rl-cdn.psyonix.com/LogoImages/S12/Logo_Season_12_INT.png
[0010.54] SaveGame: HandleDataLoaded Result.Code=(BasicLoadResult_Success)
[0010.54] ScriptLog: NetworkSave_TA_0 ApplySettings ReplicationRate=60 NetSpeed=15000 InputRate=60
[0010.77] SaveData: Profile_TA_0 OnLoaded LocalID=(0)
[0010.77] ScriptLog: GetDLCProducts, UnlockedDLCList=
[0010.80] ScriptLog: GetDLCProducts, UnlockedDLCList=
[0010.80] SaveGame: LocalPlayer_TA_0 HandleSaveDataLoaded 
[0010.83] FTECritical: [GFx] Changed active tutorial from 'null' to 'NONE'. Tutorial active? 'false', New checkpoint active? 'false'
[0010.83] FTEVerbose: Checkpoint 'None' attempted completion while the FTE isn't active!
[0010.83] FTECritical: [GFx] Changed active tutorial from 'null' to 'NONE'. Tutorial active? 'false', New checkpoint active? 'false'
[0010.83] FTEVerbose: Checkpoint 'None' attempted completion while the FTE isn't active!
[0010.86] Log: Flushing async loaders.
[0011.07] Log: Flushed async loaders.
[0011.10] Warning: Warning, Material Ball_Football.TranslucentMaterials.Mat_Football_Translucent missing bUsedWithStaticLighting=True!
[0011.20] Log: Detected new XInput controller 0
[0011.21] DevOnline: EOSSDK-LogEOSGameClips: Recording supported and available.
[0011.21] DevOnline: EOSSDK-LogEOSGameClips: Recording availability changed from 'Pending' to 'Available'.
[0011.21] EOSGameClips: EOSGameClips: Availability changed from Pending to Available.
[0011.51] DevOnline: WebRequest_X_1 RECV: 304 
[0011.51] DevOnline: WebRequest_X_2 RECV: 304 
[0011.51] DevOnline: WebRequest_X_3 RECV: 304 
[0011.69] DevOnline: EOSSDK-LogEOSAnalytics: EOS SDK Analytics disabled for route [1].
[0012.33] AuthEpicCritical: Eos login result 'EOS_Success' for player '0'
[0012.53] AuthEpicCritical: Connect login result 'EOS_Success' for player '8b0842d692fa4376be289341c7d7187a', local num '0'
[0012.53] AuthPlatformCritical: Login status changed for player '0' to 'LS_LoggedIn'
[0012.53] AuthPlatformVerbose: Login attempt concluded
[0012.53] AuthEpicVerbose: Requesting cabined status for player '0'
[0012.53] DevOnline: WebRequest_X_4 SEND: https://api.epicgames.dev/epic/id/v1/accounts?accountId=8b0842d692fa4376be289341c7d7187a
[0012.53] PsyNet: PsyNetConnection_X_1 enabled
[0012.53] AuthPsyNetVerbose: PsyNet connection status changed. Error 'None'
[0012.53] AuthPsyNetVerbose: Transitioning to state 'RequestAuthCode'
[0012.53] AuthPsyNetCritical: Requesting auth ticket from platform for 'Epic|8b0842d692fa4376be289341c7d7187a|0'
[0012.53] AuthPsyNetCritical: Platform auth ticket completed with success 'True'
[0012.53] AuthPsyNetVerbose: Transitioning to state 'SendLoginRequest'
[0012.53] AuthPsyNetCritical: Sending login RPC for player '8b0842d692fa4376be289341c7d7187a' Auth ticket required? 'True'
[0012.53] AuthPsyNetCritical: Primary player ID? 'Epic|8b0842d692fa4376be289341c7d7187a|0' Logging In PlayerID '8b0842d692fa4376be289341c7d7187a'
[0012.53] AuthPsyNetVerbose: OnlinePlayerAuthentication_TA_0 SendLoginRequest Epic|8b0842d692fa4376be289341c7d7187a|0 HandleLoginStatusChanged LS_LoggedIn Epic|8b0842d692fa4376be289341c7d7187a|0
[0012.53] Party: HandleLocalPlayerLoginStatusChanged PlayerName=TIKI_THEGREAT PlayerID=Epic|8b0842d692fa4376be289341c7d7187a|0 LoginStatus=LS_LoggedIn IsPrimary=True IsInParty=False
[0012.53] PsyNet: HTTP send ID=PsyNetMessage_X_0 Message=PsyNetMessage_X_0
[0012.53] DevOnline: WebRequest_X_5 SEND: https://api.rlpp.psynet.gg/rpc/Auth/AuthPlayer/v2
[0012.66] ScriptLog: GetDLCProducts, UnlockedDLCList=
[0012.81] Log: Flushing async loaders.
[0012.83] Log: Flushed async loaders.
[0012.97] DevOnline: WebRequest_X_4 RECV: 200 
[0012.97] AuthEpicVerbose: Cabined request completed for user '0' with result 'False', Error 'None'
[0013.04] DevOnline: WebRequest_X_5 RECV: 200 
[0013.04] PsyNet: HTTP recv ID=PsyNetMessage_X_0 Message=PsyNetMessage_X_1
[0013.05] AuthPsyNetCritical: PsyNet auth RPC succeeded for player '8b0842d692fa4376be289341c7d7187a'
[0013.05] AuthPsyNetVerbose: Transitioning to state 'LoggedIn'
[0013.05] AuthPsyNetCritical: Login successful for player '8b0842d692fa4376be289341c7d7187a'
[0013.05] Auth: OnlinePlayer_TA_0 OnlinePlayerAuthentication_TA_0 HandleAuthLoginChange Auth.bLoggedIn=(True)
[0013.05] PsyNet: Enabling PerCon
[0013.05] PsyNet: PsyNetConnection_X_1 SetAuthorized bAuthorized=True
[0013.06] RankedReconnect: LocalPlayer_TA_0.CheckForRankedReconnect() bOpenedStartMenu=(False) IsMenuLevel=(True) bLoggedIn=(True) IsPrimaryPlayer=(True) RankedReconnectAvailable=(False) EpochTime=(0) EpochNow=(1698363950) TimeSince=(1698363950) ReconnectTimeoutSeconds=(900) Reservation=()
[0013.24] PsyNet: PsyNetMessengerWebSocket_X_0 Connected
[0013.24] PsyNet: PsyNetConnection_X_1 UpdateConnectionState bConnected=(True) bFreshConnection=(True)
[0013.24] DevOnline: WebRequest_X_6 SEND: https://api.kws.ol.epicgames.com/v1/epic-settings/public/users/8b0842d692fa4376be289341c7d7187a/values?game=rl
[0013.24] DevOnline: WebRequest_X_7 SEND: https://api.epicgames.dev/epic/friends/v1/8b0842d692fa4376be289341c7d7187a/blocklist
[0013.24] DevOnline: PlayerDataStorage_QueryFileList: Beginning to query files. User=(8b0842d692fa4376be289341c7d7187a)
[0013.24] PsyNetBeaconDetail_X: PsyNetBeacon_X_0 SetPsyNetConnection InPsyNetConnection=(PsyNetConnection_X_1)
[0013.24] PsyNet: PsyNetConnection_X_1 UpdateConnectionState bPerConConnected=(True)
[0013.35] DevOnline: WebRequest_X_7 RECV: 200 
[0013.37] ScriptLog: HandleStatusChanged PrimaryStatus.DownloadStatus=(EB_Success) ControllerId=(0)
[0013.40] DevOnline: PlayerDataStorage_QueryFileList: Finished querying files. User=(8b0842d692fa4376be289341c7d7187a) Success=(1)
[0013.40] DevOnline: PlayerDataStorage_ReadFile: Beginning to download file. User=(8b0842d692fa4376be289341c7d7187a) FileName=(RLSaveData)
[0013.42] ScriptLog: ListenForBlockListDownloaded PrimaryStatus=(PlatformBlockListStatus_0) PrimaryStatus.DownloadStatus=(EB_Success)
[0013.49] EOSVoice: HandleFriendsListChanged
[0013.50] DevOnline: WebRequest_X_8 SEND: https://rl-cdn.psyonix.com/Playlists/Images/Limited_Events_BG_haunted-heatseeker.jpg
[0013.50] DevOnline: WebRequest_X_9 SEND: https://rl-cdn.psyonix.com/Playlists/Images/rl_ltm_heatseeker2022_playlist.png
[0013.52] DevOnline: WebRequest_X_6 RECV: 200 
[0013.52] EOSPermissions: NS=profile SN=p2p-trading PL=null EL=null DV=0 IV=0
[0013.52] EOSPermissions: NS=profile SN=require-pin-to-add-friend PL=False EL=null DV=False IV=False
[0013.52] EOSPermissions: NS=prm SN=marketing PL=null EL=True DV=True IV=True
[0013.52] EOSPermissions: NS=chat SN=voice PL=null EL=null DV=0 IV=0
[0013.52] EOSPermissions: NS=chat SN=text PL=null EL=null DV=0 IV=0
[0013.52] DevOnline: WebRequest_X_10 SEND: https://api.epicgames.dev/epic/friends/v1/8b0842d692fa4376be289341c7d7187a/outgoing
[0013.54] DevOnline: WebRequest_X_8 RECV: 304 
[0013.54] DevOnline: WebRequest_X_9 RECV: 304 
[0013.57] DevOnline: WebRequest_X_11 SEND: https://rl-cdn.psyonix.com/ChallengeIcons/Challenge_Play.jpg
[0013.57] DevOnline: WebRequest_X_12 SEND: https://rl-cdn.psyonix.com/ChallengeIcons/Challenge_Shot.jpg
[0013.57] DevOnline: WebRequest_X_13 SEND: https://rl-cdn.psyonix.com/ChallengeIcons/Challenge_Save.jpg
[0013.57] DevOnline: WebRequest_X_14 SEND: https://rl-cdn.psyonix.com/ChallengeIcons/Challenge_Center.jpg
[0013.57] DevOnline: WebRequest_X_15 SEND: https://rl-cdn.psyonix.com/ChallengeIcons/Challenge_Win.jpg
[0013.57] DevOnline: WebRequest_X_16 SEND: https://rl-cdn.psyonix.com/ChallengeIcons/Challenge_AerialGoal.jpg
[0013.57] DevOnline: WebRequest_X_17 SEND: https://rl-cdn.psyonix.com/ChallengeIcons/Challenge_SAG.jpg
[0013.57] DevOnline: WebRequest_X_18 SEND: https://rl-cdn.psyonix.com/ChallengeIcons/Challenge_Clear.jpg
[0013.57] DevOnline: WebRequest_X_19 SEND: https://rl-cdn.psyonix.com/ChallengeIcons/Challenge_Goal.jpg
[0013.58] DevOnline: WebRequest_X_20 SEND: https://rl-cdn.psyonix.com/ChallengeBanners/NUX_Popup_Octane.png
[0013.58] DevOnline: WebRequest_X_21 SEND: https://rl-cdn.psyonix.com/SpecialEvent/Images/HauntedHallows/2023/RL_Haunted_Hallows_WIDGET_ART_acsh07d8.png
[0013.58] DevOnline: WebRequest_X_22 SEND: https://rl-cdn.psyonix.com/SpecialEvent/Images/HauntedHallows/2023/RL_hh_2023_EventDash_awecf90n8.png
[0013.59] DevOnline: WebRequest_X_23 SEND: https://rl-cdn.psyonix.com/ChallengeBanners/Season_imagery_Reward.png
[0013.59] DevOnline: WebRequest_X_24 SEND: https://rl-cdn.psyonix.com/ChallengeBanners/rl_s12_dash.png
[0013.64] DevOnline: WebRequest_X_11 RECV: 304 
[0013.64] DevOnline: WebRequest_X_12 RECV: 304 
[0013.64] DevOnline: WebRequest_X_13 RECV: 304 
[0013.65] DevOnline: WebRequest_X_10 RECV: 200 
[0013.65] ScriptLog: RegionPinger_X_0 PingRegions ("104.153.85.120:18576","92.204.189.85:2687","209.191.164.37:2127","34.126.100.152:3287","52.221.231.2:8653","103.194.166.121:14867","157.175.51.43:7789","3.25.215.220:8359","185.179.201.74:15623","189.1.174.114:3227","3.111.38.247:8481")
[0013.68] DevOnline: WebRequest_X_14 RECV: 304 
[0013.68] DevOnline: WebRequest_X_16 RECV: 304 
[0013.68] DevOnline: WebRequest_X_17 RECV: 304 
[0013.68] DevOnline: WebRequest_X_18 RECV: 304 
[0013.68] DevOnline: WebRequest_X_19 RECV: 304 
[0013.68] DevOnline: WebRequest_X_20 RECV: 304 
[0013.69] DevOnline: WebRequest_X_15 RECV: 304 
[0013.69] DevOnline: WebRequest_X_21 RECV: 304 
[0013.69] DevOnline: WebRequest_X_22 RECV: 304 
[0013.69] DevOnline: WebRequest_X_23 RECV: 304 
[0013.69] DevOnline: WebRequest_X_24 RECV: 304 
[0014.24] DevOnline: PlayerDataStorage_ReadFile: File download complete. User=(8b0842d692fa4376be289341c7d7187a) FileName=(RLSaveData) Success=(1)
[0014.24] EOSSync: HandleFileReadComplete LocalSaveTick: 167
[0014.24] EOSSync: HandleFileReadComplete OnlineSaveTick: 168
[0014.24] ScriptLog: NetworkSave_TA_1 ApplySettings ReplicationRate=60 NetSpeed=15000 InputRate=60
[0014.27] Log: FSaveDataExportTask(0) wrote 496171 bytes to memory
[0014.27] Log: SaveGameDataAsync game thread time: 3 ms
[0014.27] ScriptLog: NewProductIDs128: 
[0014.27] ScriptLog: GetDLCProducts, UnlockedDLCList=
[0014.28] Log: Deleting old save file ..\..\TAGame\SaveDataEpic\DBE_Production\8b0842d692fa4376be289341c7d7187a_1.save
[0014.28] Log: SaveDataExport(0): Finished - File:[..\..\TAGame\SaveDataEpic\DBE_Production\8b0842d692fa4376be289341c7d7187a.save] Result:[1]
[0014.28] AuthEpicVerbose: Epic save data loaded
[0014.28] AuthEpicVerbose: [GFx] Epic login changed. m_uiState:StartMenu bPromptParentalConsent:false bPromptToChoosePrimaryAccount:false bEpicSaveDataLoaded:true bPlatformLinked:true
[0014.28] ScriptLog: GetDLCProducts, UnlockedDLCList=
[0014.29] DevOnline: WebRequest_X_25 SEND: https://rl-cdn.psyonix.com/Legal/PC/EULA/INT.txt
[0014.29] DevOnline: WebRequest_X_26 SEND: https://rl-cdn.psyonix.com/Legal/PC/PrivacyPolicy/INT.txt
[0014.33] DevOnline: WebRequest_X_25 RECV: 304 
[0014.33] DevOnline: WebRequest_X_26 RECV: 304 
[0014.98] Matchmaking: All Regions Pinged: USE (0.1000),EU (0.1833),USW (0.0333),ASC (0.2000),ASM (0.2000),JPN (0.2145),ME (0.2478),OCE (0.1667),SAF (0.3167),SAM (0.3311),IND (0.2978)
[0014.98] Log: FCacheExportTask(..\..\TAGame\Cache\RegionCache.cache) wrote 1069 bytes to memory
[0015.64] EOSVoice: HandleFriendsListChanged
[0016.70] EngagementEvents: UpdateEventsCurrentTime  NextEventTime =  0
[0017.73] Log: Assigning XInput controller to 0
[0017.88] Legacy: State Set
[0017.88] FTEVerbose: [GFx] Checking FTE progress: Shown login flow 'false', Legal modal valid? 'true', Online? 'true', Cabined state '0', Legacy state '3'
[0017.88] FTEDev: Trying to start FTE Group Prime_InitialStartup which is already completed and cannot be restarted CurrentActiveGroup.bCanBeDoneAgain=(False) bIgnoreCompletion=(False)
[0017.88] AuthEpicVerbose: [GFx] Showing login flow. Platform linked? 'true' Prompt for epic link? 'false' Prompt for primary? 'false' Prompt for parental consent? 'false' Epic data loaded? 'true' Showing epic flow? 'false'
[0017.88] AuthEpicVerbose: [GFx] Epic flow completed 'false'
[0017.88] FTE: Starting Group:Prime_LegalText at Checkpoint:FTE_PrimaryPlayerIsXboxGuest
[0017.88] FTEDev: Trying to start FTE Group Prime_CarSelect while another Group Prime_LegalText is active
[0017.88] FTEVerbose: [GFx] Checking FTE progress: Shown login flow 'true', Legal modal valid? 'true', Online? 'true', Cabined state '0', Legacy state '3'
[0017.88] FTEDev: Trying to start FTE Group Prime_InitialStartup while another Group Prime_LegalText is active
[0017.88] FTE: CompleteCheckpoint GroupName=(Prime_LegalText) CheckpointName=(FTE_PrimaryPlayerIsXboxGuest)
[0017.88] FTE: Moving to Checkpoint:FTE_PrivacyPolicy
[0017.88] FTEVerbose: [GFx] Checking FTE progress: Shown login flow 'true', Legal modal valid? 'true', Online? 'true', Cabined state '0', Legacy state '3'
[0017.88] FTEDev: Trying to start FTE Group Prime_InitialStartup while another Group Prime_LegalText is active
[0017.88] FTE: CompleteCheckpoint GroupName=(Prime_LegalText) CheckpointName=(FTE_PrivacyPolicy)
[0017.88] FTE: Moving to Checkpoint:FTE_EulaText
[0017.88] FTEVerbose: [GFx] Checking FTE progress: Shown login flow 'true', Legal modal valid? 'true', Online? 'true', Cabined state '0', Legacy state '3'
[0017.88] FTEDev: Trying to start FTE Group Prime_InitialStartup while another Group Prime_LegalText is active
[0017.88] FTE: CompleteCheckpoint GroupName=(Prime_LegalText) CheckpointName=(FTE_EulaText)
[0017.88] FTE: CompleteActiveGroup GroupName:Prime_LegalText
[0017.89] FTEVerbose: [GFx] Checking FTE progress: Shown login flow 'true', Legal modal valid? 'true', Online? 'true', Cabined state '0', Legacy state '3'
[0017.89] FTEDev: Trying to start FTE Group Prime_InitialStartup which is already completed and cannot be restarted CurrentActiveGroup.bCanBeDoneAgain=(False) bIgnoreCompletion=(False)
[0017.89] FTEDev: Group Prime_CarSelect Is not meant for users of type FTESave.LegacyGroupType=(LGT_LegacyUser)
[0017.89] FTEVerbose: [GFx] Checking FTE progress: Shown login flow 'true', Legal modal valid? 'true', Online? 'true', Cabined state '0', Legacy state '3'
[0017.89] FTEDev: Trying to start FTE Group Prime_InitialStartup which is already completed and cannot be restarted CurrentActiveGroup.bCanBeDoneAgain=(False) bIgnoreCompletion=(False)
[0017.89] FTEDev: Group Prime_CarSelect Is not meant for users of type FTESave.LegacyGroupType=(LGT_LegacyUser)
[0017.89] FTEDev: Group Prime_FreeToPlayTutorial_1 Is not meant for users of type FTESave.LegacyGroupType=(LGT_LegacyUser)
[0017.89] FTECritical: [GFx] Changed active tutorial from 'null' to 'NONE'. Tutorial active? 'false', New checkpoint active? 'false'
[0017.89] FTEVerbose: Checkpoint 'None' attempted completion while the FTE isn't active!
[0017.89] FTECritical: [GFx] Changed active tutorial from 'null' to 'NONE'. Tutorial active? 'false', New checkpoint active? 'false'
[0017.89] FTEVerbose: Checkpoint 'None' attempted completion while the FTE isn't active!
[0017.89] FTEVerbose: [GFx] Checking FTE progress: Shown login flow 'true', Legal modal valid? 'true', Online? 'true', Cabined state '0', Legacy state '3'
[0017.89] FTEDev: Trying to start FTE Group Prime_InitialStartup which is already completed and cannot be restarted CurrentActiveGroup.bCanBeDoneAgain=(False) bIgnoreCompletion=(False)
[0017.89] FTEDev: Group Prime_CarSelect Is not meant for users of type FTESave.LegacyGroupType=(LGT_LegacyUser)
[0017.89] FTEDev: Group Prime_FreeToPlayTutorial_1 Is not meant for users of type FTESave.LegacyGroupType=(LGT_LegacyUser)
[0017.91] EngagementEvents: UpdateEventsCurrentTime  NextEventTime =  0
[0017.91] AuthEpicVerbose: [GFx] Epic login changed. m_uiState:MainMenu bPromptParentalConsent:false bPromptToChoosePrimaryAccount:false bEpicSaveDataLoaded:false bPlatformLinked:false
[0017.91] FTEDev: Group Prime_MatchComplete Is not meant for users of type FTESave.LegacyGroupType=(LGT_LegacyUser)
[0017.94] RankedReconnect: LocalPlayer_TA_0.CheckForRankedReconnect() bOpenedStartMenu=(True) IsMenuLevel=(True) bLoggedIn=(True) IsPrimaryPlayer=(True) RankedReconnectAvailable=(False) EpochTime=(0) EpochNow=(1698363956) TimeSince=(1698363956) ReconnectTimeoutSeconds=(900) Reservation=()
[0017.94] MTX: ConditionalClaimEntitlements bAllowEntitlements=(True) bClaimingEntitlements=(False) bEntitlementsDirty=(True) PsyNetConnected=(True) SplitscreenID=(0) bMtxCodeExpired=(False)
[0017.94] MTX: HandleMtxCode bSuccess=True
[0017.95] EngagementEvents: UpdateEventsCurrentTime  NextEventTime =  0
[0017.98] Log: FSaveDataExportTask(0) wrote 496224 bytes to memory
[0017.98] Log: SaveGameDataAsync game thread time: 3 ms
[0017.99] DevOnline: WebRequest_X_27 SEND: https://rl-cdn.psyonix.com/Blog/Images/RL_HH2023-shop-tab_tri-panel.png
[0017.99] DevOnline: WebRequest_X_28 SEND: https://rl-cdn.psyonix.com/Blog/Images/RL_HH2023-challenge-rewards_tri-panel.png
[0017.99] Log: Deleting old save file ..\..\TAGame\SaveDataEpic\DBE_Production\8b0842d692fa4376be289341c7d7187a_2.save
[0017.99] Log: SaveDataExport(0): Finished - File:[..\..\TAGame\SaveDataEpic\DBE_Production\8b0842d692fa4376be289341c7d7187a_1.save] Result:[1]
[0017.99] DevOnline: WebRequest_X_29 SEND: https://rl-cdn.psyonix.com/Blog/Images/RL_HH2023-key-art_tri-panel.png
[0018.05] DevOnline: WebRequest_X_27 RECV: 304 
[0018.05] DevOnline: WebRequest_X_28 RECV: 304 
[0018.05] DevOnline: WebRequest_X_29 RECV: 304 
[0018.30] MTX: HandleClaimSuccess Products=0
[0024.29] EngagementEvents: UpdateEventsCurrentTime  NextEventTime =  0
[0027.28] EngagementEvents: UpdateEventsCurrentTime  NextEventTime =  0
[0030.32] EngagementEvents: UpdateEventsCurrentTime  NextEventTime =  0
[0031.87] EngagementEvents: UpdateEventsCurrentTime  NextEventTime =  0
[0038.08] Online: TryToPlayOnline ControllerID=(-1)
[0038.09] Online: HandlePrivilegeCheckFinished PrivilegeCheck.bHasRestriction=(False)
[0038.09] Online: HandlePrivilegeCheck PrivilegeCheck.bHasRestriction=(False)
[0038.09] ScriptLog: OnlineStatusError 
[0038.09] PrivateMatch: StartSearch Region= Map=Random Tags=BotsHard MaxPlayers=6 bPublic=False ServerName=PRKGCWLBEJYLL8YG Password=6QKKRTISHVP21OPI
[0038.09] Matchmaking: OnlineGamePrivateMatch_X_0 OnlineGamePrivateMatch_X -> PingRegions
[0038.09] Matchmaking: OnlineGamePrivateMatch_X_0 PingRegions -> Searching
[0038.09] PrivateMatch: Searching for private match in USW
[0038.38] PsyNetBeaconDetail_X: PsyNetBeacon_X_0 ReserveConnection ReservationID=(d624bfe452ae965f6697886b5c3bf5eb) ConnectionID=(eyJ0eXAiOiJKV1QiLCJhbGciOiJIUzUxMiJ9.eyJqdGkiOiJZZGIzd3hSeSIsImlzcyI6IlBzeU5ldCIsInBsYXllcl9pZCI6IkVwaWN8OGIwODQyZDY5MmZhNDM3NmJlMjg5MzQxYzdkNzE4N2F8MCIsInNlcnZlcl9uYW1lIjoiVVNXNjcxMjUyNTU2MjY5NDIxODUyMiIsImlhdCI6MTY5ODM2Mzk3NSwibmJmIjoxNjk4MzYzOTc1LCJleHAiOjE2OTgzNzgzNzV9.yhNG5uS45-7p0_olfrU0GneYY_q0MhfbRW7YAzsVXkGyMCN9XcYywrONf2brFlRfSOjkVS6Dl7IZF8mq3ObxVw)
[0038.38] PsyNetBeaconDetail_X: PsyNetBeacon_X_0 ClientHandleMessage Message.MessageType=(ClientReservationMessage_X) Message.ReservationID=(d624bfe452ae965f6697886b5c3bf5eb)
[0038.38] CheckReservation: Received game server from notification (v3) Message.Reservation=((ServerName="USW6712525562694218522",Playlist=6,Region="USW",ReservationID="d624bfe452ae965f6697886b5c3bf5eb",DSRToken="eyJ0eXAiOiJKV1QiLCJhbGciOiJIUzUxMiJ9.eyJqdGkiOiJZZGIzd3hSeSIsImlzcyI6IlBzeU5ldCIsInBsYXllcl9pZCI6IkVwaWN8OGIwODQyZDY5MmZhNDM3NmJlMjg5MzQxYzdkNzE4N2F8MCIsInNlcnZlcl9uYW1lIjoiVVNXNjcxMjUyNTU2MjY5NDIxODUyMiIsImlhdCI6MTY5ODM2Mzk3NSwibmJmIjoxNjk4MzYzOTc1LCJleHAiOjE2OTgzNzgzNzV9.yhNG5uS45-7p0_olfrU0GneYY_q0MhfbRW7YAzsVXkGyMCN9XcYywrONf2brFlRfSOjkVS6Dl7IZF8mq3ObxVw"))
[0038.38] JoinGame: StartJoin Reservation=((ServerName="USW6712525562694218522",Playlist=6,Region="USW",ReservationID="d624bfe452ae965f6697886b5c3bf5eb",DSRToken="eyJ0eXAiOiJKV1QiLCJhbGciOiJIUzUxMiJ9.eyJqdGkiOiJZZGIzd3hSeSIsImlzcyI6IlBzeU5ldCIsInBsYXllcl9pZCI6IkVwaWN8OGIwODQyZDY5MmZhNDM3NmJlMjg5MzQxYzdkNzE4N2F8MCIsInNlcnZlcl9uYW1lIjoiVVNXNjcxMjUyNTU2MjY5NDIxODUyMiIsImlhdCI6MTY5ODM2Mzk3NSwibmJmIjoxNjk4MzYzOTc1LCJleHAiOjE2OTgzNzgzNzV9.yhNG5uS45-7p0_olfrU0GneYY_q0MhfbRW7YAzsVXkGyMCN9XcYywrONf2brFlRfSOjkVS6Dl7IZF8mq3ObxVw")) JoinSettings=((MatchType=JMT_Private,PlaylistId=6,Password="6QKKRTISHVP21OPI"))
[0038.38] JoinGame: GotoJoinGameState OnlineGameJoinGame_TA -> VerifyPrivileges
[0038.38] Online: TryToPlayOnline ControllerID=(-1)
[0038.38] Matchmaking: OnlineGamePrivateMatch_X_0 Searching -> Joining
[0038.39] Online: HandlePrivilegeCheckFinished PrivilegeCheck.bHasRestriction=(False)
[0038.39] JoinGame: GotoJoinGameState VerifyPrivileges -> ReservingServerForPrivateMatch
[0038.39] PsyNetBeaconDetail_X: PsyNetBeacon_X_0 SendMessageToServer Message=(AddReservationMessagePrivate_X_0)
[0038.39] PsyNet: PsyNetServiceProvider_X_1 ExecuteService Complete, Service=DSR/ClientMessage 
[0038.98] PsyNetBeaconDetail_X: PsyNetBeacon_X_0 ClientHandleMessage Message.MessageType=(ReservationsReadyMessage_X) Message.ReservationID=(d624bfe452ae965f6697886b5c3bf5eb)
[0038.98] DevNet: Add Network Encryption {PlayerID=Epic|8b0842d692fa4376be289341c7d7187a|0 Key={Key=90AE6C5CA469D2B05507B4AD2F0BD00C76D2FAE0320165A1B0522E39B0FC7065 IV=E21A0DC134D925ED664EEEAE84E1574C HMAC=77858E777FFBFEBDFA101DBEA135A08E0437CF9FDFB65C07A84535E42DD96511 Session=43C36862ABA95AD7421FA7B2C9976278}}
[0038.98] Party: HandleServerReserved (Reservation=(ServerName="USW6712525562694218522",Playlist=6,Region="USW",ReservationID="d624bfe452ae965f6697886b5c3bf5eb",DSRToken="eyJ0eXAiOiJKV1QiLCJhbGciOiJIUzUxMiJ9.eyJqdGkiOiJZZGIzd3hSeSIsImlzcyI6IlBzeU5ldCIsInBsYXllcl9pZCI6IkVwaWN8OGIwODQyZDY5MmZhNDM3NmJlMjg5MzQxYzdkNzE4N2F8MCIsInNlcnZlcl9uYW1lIjoiVVNXNjcxMjUyNTU2MjY5NDIxODUyMiIsImlhdCI6MTY5ODM2Mzk3NSwibmJmIjoxNjk4MzYzOTc1LCJleHAiOjE2OTgzNzgzNzV9.yhNG5uS45-7p0_olfrU0GneYY_q0MhfbRW7YAzsVXkGyMCN9XcYywrONf2brFlRfSOjkVS6Dl7IZF8mq3ObxVw",JoinName="PRKGCWLBEJYLL8YG",JoinPassword="6QKKRTISHVP21OPI"),PingURL="162.245.206.75:16894",GameURL="162.245.206.75:28623")
[0038.98] JoinGame: private match travel immediately!
[0038.98] JoinGame: GotoJoinGameState ReservingServerForPrivateMatch -> OpeningLoadingScreen
[0038.98] RankedReconnect: OnlineGameJoinGame_TA_0::OpeningLoadingScreen.BeginState()
[0038.98] RankedReconnect: LocalPlayer_TA_0.UpdateRankedReconnect() PrivateMatch False 10 False
[0038.98] RankedReconnect: RankedReconnectSave_TA_0.ClearRankedReconnect()
[0038.98] DevNet: Browse: JoinGameTransition?game=TAGame.GameInfo_Transition_TA
[0039.04] EngagementEvents: UpdateEventsCurrentTime  NextEventTime =  0
[0039.04] EngagementEvents: UpdateEventsCurrentTime  NextEventTime =  0
[0039.04] EngagementEvents: UpdateEventsCurrentTime  NextEventTime =  0
[0039.04] EngagementEvents: UpdateEventsCurrentTime  NextEventTime =  0
[0039.04] EngagementEvents: UpdateEventsCurrentTime  NextEventTime =  0
[0039.05] Log: FSaveDataExportTask(0) wrote 496224 bytes to memory
[0039.05] Log: SaveGameDataAsync game thread time: 3 ms
[0039.05] Log: LoadMap: JoinGameTransition?game=TAGame.GameInfo_Transition_TA
[0039.06] Log: Deleting old save file ..\..\TAGame\SaveDataEpic\DBE_Production\8b0842d692fa4376be289341c7d7187a.save
[0039.06] Log: SaveDataExport(0): Finished - File:[..\..\TAGame\SaveDataEpic\DBE_Production\8b0842d692fa4376be289341c7d7187a_2.save] Result:[1]
[0039.06] DevOnline: PsyNet Flush Start TimeoutSeconds=0.250000
[0039.06] PsyNet: PsyNetServiceProvider_X_1 ExecuteService Complete, Service=DSR/ClientMessage 
[0039.21] DevOnline: PsyNet Flush End
[0039.24] Log: Fully load package: ..\..\TAGame\CookedPCConsole\GameInfo_Transition_SF.upk
[0039.24] Log: Game class is 'GameInfo_Transition_TA'
[0039.28] Log: Bringing World JoinGameTransition.TheWorld up for play (0) at 2023.10.26-16.46.16
[0039.28] Log: Bringing up level for play took: 0.041476
[0039.28] JoinGame: GotoJoinGameState OpeningLoadingScreen -> JoiningNewServer
[0039.28] DevNet: SetProgress, MessageType=1, Title=, Message=Connecting...
[0039.28] Log: ########### Finished loading level: 0.234001 seconds
[0039.28] DevNet: Browse: 162.245.206.75:28623/MENU_Main_p?Name=TIKI_THEGREAT
[0039.28] DevNet: Game client on port 28623, rate 15000
[0039.28] NetComeGo: TcpipConnection_0 162.245.206.75:28623 using encryption {Key=90AE6C5CA469D2B05507B4AD2F0BD00C76D2FAE0320165A1B0522E39B0FC7065 IV=E21A0DC134D925ED664EEEAE84E1574C HMAC=77858E777FFBFEBDFA101DBEA135A08E0437CF9FDFB65C07A84535E42DD96511 Session=43C36862ABA95AD7421FA7B2C9976278}
[0039.28] NetComeGo: SEND first packet Length=80 CRC=1898068124
[0039.32] NetComeGo: TcpipConnection_0 RECV first packet IP=162.245.206.75:28623 Length=15 CRC=-154780491 HandshakeStatus=0 bUseSessionUID=1 InSessionUID=(0 0 0) SessionUID=(0 0 0)
[0039.32] NetComeGo: Client set SessionUID to: 92 37 154
[0039.42] DevNet: Welcomed by server (Level: cs_hw_p, Game: TAGame.GameInfo_Soccar_TA, GameTags: BotsHard)
[0039.42] Log: FSaveDataExportTask(0) wrote 496224 bytes to memory
[0039.42] Log: SaveGameDataAsync game thread time: 3 ms
[0039.43] Log: Deleting old save file ..\..\TAGame\SaveDataEpic\DBE_Production\8b0842d692fa4376be289341c7d7187a_1.save
[0039.44] Log: SaveDataExport(0): Finished - File:[..\..\TAGame\SaveDataEpic\DBE_Production\8b0842d692fa4376be289341c7d7187a.save] Result:[1]
[0039.46] Log: Flushing async loaders.
[0039.46] Log: Flushed async loaders.
[0039.46] Log: LoadMap: 162.245.206.75:28623/cs_hw_p?Name=TIKI_THEGREAT?game=TAGame.GameInfo_Soccar_TA?GameTags=BotsHard
[0039.47] DevOnline: PsyNet Flush Start TimeoutSeconds=0.250000
[0039.62] DevOnline: PsyNet Flush End
[0039.62] Log: Fully load package: ..\..\TAGame\CookedPCConsole\GameInfo_Soccar_SF.upk
[0039.68] Log: Fully load package: ..\..\TAGame\CookedPCConsole\GFxSounds_XP_SF.upk
[0039.68] Log: Fully load package: ..\..\TAGame\CookedPCConsole\GFx_XPProgressMenu_SF.upk
[0039.72] Log: Fully load package: ..\..\TAGame\CookedPCConsole\GFX_EndGameMenu_SF.upk
[0039.76] Log: Fully load package: ..\..\TAGame\CookedPCConsole\GFX_WinnerMenu_SF.upk
[0039.78] Log: Fully load package: ..\..\TAGame\CookedPCConsole\GFX_MidGameScoreboard_SF.upk
[0039.78] Log: Fully load package: ..\..\TAGame\CookedPCConsole\GFX_MidGameMenu_SF.upk
[0039.80] Log: Fully load package: ..\..\TAGame\CookedPCConsole\GFX_HudMatchInfo_SF.upk
[0039.81] Log: Fully load package: ..\..\TAGame\CookedPCConsole\GFX_Hud_SF.upk
[0040.17] Log: Bringing World cs_hw_p.TheWorld up for play (0) at 2023.10.26-16.46.17
[0040.17] Log: Bringing up level for play took: 0.059017
[0040.30] JoinGame: OnJoinGameComplete bSuccess=(True) FailReason=()
[0040.30] JoinGame: GotoJoinGameState JoiningNewServer -> None
[0040.30] PsyNetBeaconDetail_X: PsyNetBeacon_X_0 Close
[0040.30] PsyNetBeaconDetail_X: PsyNetBeacon_X_0 CloseConnection Connection.ConnectionID=(eyJ0eXAiOiJKV1QiLCJhbGciOiJIUzUxMiJ9.eyJqdGkiOiJZZGIzd3hSeSIsImlzcyI6IlBzeU5ldCIsInBsYXllcl9pZCI6IkVwaWN8OGIwODQyZDY5MmZhNDM3NmJlMjg5MzQxYzdkNzE4N2F8MCIsInNlcnZlcl9uYW1lIjoiVVNXNjcxMjUyNTU2MjY5NDIxODUyMiIsImlhdCI6MTY5ODM2Mzk3NSwibmJmIjoxNjk4MzYzOTc1LCJleHAiOjE2OTgzNzgzNzV9.yhNG5uS45-7p0_olfrU0GneYY_q0MhfbRW7YAzsVXkGyMCN9XcYywrONf2brFlRfSOjkVS6Dl7IZF8mq3ObxVw)
[0040.30] Matchmaking: OnlineGamePrivateMatch_X_0 Joining -> None
[0040.31] Log: ########### Finished loading level: 0.847343 seconds
[0040.50] ScriptLog: Client InputRate=60
[0040.50] DevNet: PlayerController_TA_1 setplayer LocalPlayer_TA_0
[0040.50] PsyNetStaticData: UpdateCacheTimerEnabled CacheTimer.bEnabled=(False)
[0040.50] MatchBroadcast: Init bBroadcastMatch=(False) MatchLog=(None)
[0040.50] ScriptLog: MatchGUID: DA66617211EE7459688E0084EA6BEC4F
[0040.79] DevOnline: WebRequest_X_30 SEND: https://rl-cdn.psyonix.com/Ads/Prod/182.LPiHxqkS/201.jpg
[0040.84] DevOnline: WebRequest_X_30 RECV: 304 
[0040.99] DevOnline: WebRequest_X_31 SEND: https://rl-cdn.psyonix.com/Ads/Prod/182.a4362gXt/202.jpg
[0041.04] DevOnline: WebRequest_X_31 RECV: 304 
[0041.30] EOSVoice: Received full credentials from the server.
[0041.30] EOSVoice: Joining room DA66617211EE7459688E0084EA6BEC4F--1
[0041.32] PsyNet: PsyNetServiceProvider_X_1 ExecuteService Complete, Service=VoiceChat/MatchToken 
[0042.09] EOSVoice: Error: Status change event in room DA66617211EE7459688E0084EA6BEC4F--1 for untracked user 8b0842d692fa4376be289341c7d7187a
[0042.09] DevOnline: EOSSDK-LogEOSRTC: LibRTCCore: LibRtc::FStatisticsService::GetConferenceStats. Collecting statistics is already in progress
[0042.70] EOSVoice: Received full credentials from the server.
[0042.70] EOSVoice: Joining room DA66617211EE7459688E0084EA6BEC4F-0
[0042.72] PsyNet: PsyNetServiceProvider_X_1 ExecuteService Complete, Service=VoiceChat/MatchToken 
[0043.35] EOSVoice: SetPlayerMuteStatus for player 8b0842d692fa4376be289341c7d7187a in room DA66617211EE7459688E0084EA6BEC4F-0 to False
[0043.36] DevOnline: EOSSDK-LogEOSRTC: LibRTCCore: LibRtc::FStatisticsService::GetConferenceStats. Collecting statistics is already in progress
[0071.30] DevOnline: WebRequest_X_32 SEND: https://datarouter.ol.epicgames.com/datarouter/api/v1/public/data?AppID=RocketLeague.Release&AppVersion=973704684&AppEnvironment=Prod&UploadType=eteventstream&UserID=|8b0842d692fa4376be289341c7d7187a|||Epic|8b0842d692fa4376be289341c7d7187a|0&SessionID=8BF7A75F4B0D73DB7DCEE19919F4492B
[0071.70] DevOnline: WebRequest_X_32 RECV: 204 
[0085.45] EOSGameClips: EOSGameClips: Currently recording: false
[0131.31] DevOnline: WebRequest_X_33 SEND: https://datarouter.ol.epicgames.com/datarouter/api/v1/public/data?AppID=RocketLeague.Release&AppVersion=973704684&AppEnvironment=Prod&UploadType=eteventstream&UserID=|8b0842d692fa4376be289341c7d7187a|||Epic|8b0842d692fa4376be289341c7d7187a|0&SessionID=8BF7A75F4B0D73DB7DCEE19919F4492B
[0131.41] DevOnline: WebRequest_X_33 RECV: 204 
[0148.15] EOSGameClips: EOSGameClips: Currently recording: false
[0152.37] EOSGameClips: EOSGameClips: Currently recording: false
[0170.60] EOSGameClips: EOSGameClips: Currently recording: false
[0191.31] DevOnline: WebRequest_X_34 SEND: https://datarouter.ol.epicgames.com/datarouter/api/v1/public/data?AppID=RocketLeague.Release&AppVersion=973704684&AppEnvironment=Prod&UploadType=eteventstream&UserID=|8b0842d692fa4376be289341c7d7187a|||Epic|8b0842d692fa4376be289341c7d7187a|0&SessionID=8BF7A75F4B0D73DB7DCEE19919F4492B
[0191.43] DevOnline: WebRequest_X_34 RECV: 204 
[0195.93] EOSGameClips: EOSGameClips: Currently recording: false
[0213.17] EOSGameClips: EOSGameClips: Currently recording: false
[0251.31] DevOnline: WebRequest_X_35 SEND: https://datarouter.ol.epicgames.com/datarouter/api/v1/public/data?AppID=RocketLeague.Release&AppVersion=973704684&AppEnvironment=Prod&UploadType=eteventstream&UserID=|8b0842d692fa4376be289341c7d7187a|||Epic|8b0842d692fa4376be289341c7d7187a|0&SessionID=8BF7A75F4B0D73DB7DCEE19919F4492B
[0251.43] DevOnline: WebRequest_X_35 RECV: 204 
[0260.94] EOSGameClips: EOSGameClips: Currently recording: false
[0311.32] DevOnline: WebRequest_X_36 SEND: https://datarouter.ol.epicgames.com/datarouter/api/v1/public/data?AppID=RocketLeague.Release&AppVersion=973704684&AppEnvironment=Prod&UploadType=eteventstream&UserID=|8b0842d692fa4376be289341c7d7187a|||Epic|8b0842d692fa4376be289341c7d7187a|0&SessionID=8BF7A75F4B0D73DB7DCEE19919F4492B
[0311.42] DevOnline: WebRequest_X_36 RECV: 204 
[0359.46] EOSGameClips: EOSGameClips: Currently recording: false
[0371.32] DevOnline: WebRequest_X_37 SEND: https://datarouter.ol.epicgames.com/datarouter/api/v1/public/data?AppID=RocketLeague.Release&AppVersion=973704684&AppEnvironment=Prod&UploadType=eteventstream&UserID=|8b0842d692fa4376be289341c7d7187a|||Epic|8b0842d692fa4376be289341c7d7187a|0&SessionID=8BF7A75F4B0D73DB7DCEE19919F4492B
[0371.42] DevOnline: WebRequest_X_37 RECV: 204 
[0431.32] DevOnline: WebRequest_X_38 SEND: https://datarouter.ol.epicgames.com/datarouter/api/v1/public/data?AppID=RocketLeague.Release&AppVersion=973704684&AppEnvironment=Prod&UploadType=eteventstream&UserID=|8b0842d692fa4376be289341c7d7187a|||Epic|8b0842d692fa4376be289341c7d7187a|0&SessionID=8BF7A75F4B0D73DB7DCEE19919F4492B
[0431.42] DevOnline: WebRequest_X_38 RECV: 204 
[0432.13] RankedReconnect: RankedReconnectSave_TA_0.ClearRankedReconnect()
[0434.34] DevOnline: PlayerDataStorage_WriteFile: Beginning to upload file. User=(8b0842d692fa4376be289341c7d7187a) FileName=(RLSaveData)
[0435.14] RankedReconnect: RankedReconnectSave_TA_0.ClearRankedReconnect()
[0435.96] DevOnline: PlayerDataStorage_WriteFile: File upload complete. User=(8b0842d692fa4376be289341c7d7187a) FileName=(RLSaveData) Success=(1)
[0440.14] PsyNetStaticData: HandleCacheExpired
[0440.14] PsyNetStaticData: UpdateCacheTimerEnabled CacheTimer.bEnabled=(True)
[0440.14] RankedReconnect: RankedReconnectSave_TA_0.ClearRankedReconnect()
[0440.14] DevOnline: WebRequest_X_39 SEND: https://config.psynet.gg/v2/Config/BattleCars/973704684/Prod/Epic/INT/
[0440.19] Online: TryToPlayOnline ControllerID=(-1)
[0440.19] Online: HandlePrivilegeCheckFinished PrivilegeCheck.bHasRestriction=(False)
[0440.19] Online: HandlePrivilegeCheck PrivilegeCheck.bHasRestriction=(False)
[0440.20] Log: FUniqueNetId::FromString - could not parse 'Bot_Sticks'
[0440.20] Log: FUniqueNetId::FromString - could not parse 'Bot_Heater'
[0440.20] Log: FUniqueNetId::FromString - could not parse 'Bot_Goose'
[0440.20] Log: FUniqueNetId::FromString - could not parse 'Bot_C-Block'
[0440.20] Log: FUniqueNetId::FromString - could not parse 'Bot_Buzz'
[0440.36] DevOnline: WebRequest_X_39 RECV: 304 
[0440.96] Log: FSaveDataExportTask(0) wrote 496170 bytes to memory
[0440.96] Log: SaveGameDataAsync game thread time: 3 ms
[0440.98] Log: Deleting old save file ..\..\TAGame\SaveDataEpic\DBE_Production\8b0842d692fa4376be289341c7d7187a_2.save
[0440.98] Log: SaveDataExport(0): Finished - File:[..\..\TAGame\SaveDataEpic\DBE_Production\8b0842d692fa4376be289341c7d7187a_1.save] Result:[1]
[0445.88] RankedReconnect: RankedReconnectSave_TA_0.ClearRankedReconnect()
[0445.88] NetComeGo: TcpipConnection_0 Control channel closed, reason=Disconnect command
[0445.88] DevNet: URL: Adding default option Name=TIKI_THEGREAT
[0445.88] DevNet: Browse: MENU_Main_p?closed?Name=TIKI_THEGREAT
[0445.88] Log: Failed; returning to Entry
[0445.94] Log: FSaveDataExportTask(0) wrote 496170 bytes to memory
[0445.94] Log: SaveGameDataAsync game thread time: 3 ms
[0445.95] Log: Deleting old save file ..\..\TAGame\SaveDataEpic\DBE_Production\8b0842d692fa4376be289341c7d7187a.save
[0445.95] Log: SaveDataExport(0): Finished - File:[..\..\TAGame\SaveDataEpic\DBE_Production\8b0842d692fa4376be289341c7d7187a_2.save] Result:[1]
[0445.95] Log: LoadMap: MENU_Main_p?closed?Name=TIKI_THEGREAT
[0445.98] DevOnline: PsyNet Flush Start TimeoutSeconds=0.250000
[0446.12] DevOnline: PsyNet Flush End
[0446.16] NetComeGo: Close TcpipConnection_0 162.245.206.75:28623 26/10/2023 16:53:03 'UNetConnection::CleanUp'
[0446.16] NetComeGo: TcpipConnection_0 Control channel null, Sending unstable close to 162.245.206.75:28623 on temporary Control channel.
[0446.16] Exit: TcpNetDriver_0 shut down
[0446.18] Log: Fully load package: ..\..\TAGame\CookedPCConsole\GameInfo_GFxMenu_SF.upk
[0446.19] Log: Fully load package: ..\..\TAGame\CookedPCConsole\GFxSounds_MainMenu_SF.upk
[0446.20] Log: Fully load package: ..\..\TAGame\CookedPCConsole\GFX_StartMenu_SF.upk
[0446.29] Log: Fully load package: ..\..\TAGame\CookedPCConsole\GFX_MainMenu_SF.upk
[0446.35] Log: Game class is 'GameInfo_GFxMenu_TA'
[0446.37] Log: Bringing World menu_main_p.TheWorld up for play (0) at 2023.10.26-16.53.03
[0446.37] Log: Flushing async loaders.
[0446.53] Log: Flushed async loaders.
[0446.54] Log: Bringing up level for play took: 0.184418
[0446.69] Log: ########### Finished loading level: 0.736345 seconds
[0446.69] Log: Flushing async loaders.
[0446.91] Log: Flushed async loaders.
[0446.94] Warning: Warning, Material Ball_Football.TranslucentMaterials.Mat_Football_Translucent missing bUsedWithStaticLighting=True!
[0447.03] AuthEpicVerbose: [GFx] Epic login changed. m_uiState:MainMenu bPromptParentalConsent:false bPromptToChoosePrimaryAccount:false bEpicSaveDataLoaded:false bPlatformLinked:false
[0447.03] FTEDev: Group Prime_MatchComplete Is not meant for users of type FTESave.LegacyGroupType=(LGT_LegacyUser)
[0447.03] FTEDev: Group Prime_MatchComplete Is not meant for users of type FTESave.LegacyGroupType=(LGT_LegacyUser)
[0447.31] Log: Flushing async loaders.
[0447.31] Log: Flushed async loaders.
[0447.32] EngagementEvents: UpdateEventsCurrentTime  NextEventTime =  0
[0448.69] Log: Flushing async loaders.
[0448.71] Log: Flushed async loaders.
[0459.81] Log: Closing by request
[0459.81] Log: appRequestExit(0)
[0459.88] DevOnline: PlayerDataStorage_WriteFile: Beginning to upload file. User=(8b0842d692fa4376be289341c7d7187a) FileName=(RLSaveData)
[0459.88] Matchmaking: OnlineGameMatchmaking_X_0 OnlineGameMatchmaking_X -> None
[0459.88] Matchmaking: OnlineGameTourMatchmaking_TA_0 OnlineGameTourMatchmaking_TA -> None
[0459.88] Log: FSaveDataExportTask(0) wrote 496170 bytes to memory
[0459.88] Log: SaveGameDataAsync game thread time: 3 ms
[0459.88] DevOnline: PsyNet Flush Start TimeoutSeconds=0.500000
[0460.03] Log: Deleting old save file ..\..\TAGame\SaveDataEpic\DBE_Production\8b0842d692fa4376be289341c7d7187a_1.save
[0460.03] Log: SaveDataExport(0): Finished - File:[..\..\TAGame\SaveDataEpic\DBE_Production\8b0842d692fa4376be289341c7d7187a.save] Result:[1]
[0460.03] DevOnline: PsyNet Flush End
[0460.04] Exit: Preparing to exit.
[0460.12] Exit: Game engine shut down
[0460.19] Exit: Windows client shut down
[0460.20] Exit: AK Audio shut down.
[0465.34] Exit: Object subsystem successfully closed.
[0465.35] DevOnline: EOSSDK-LogEOSUI: Social Overlay: browser was closed. Reopening...
[0466.41] Exit: Exiting.
[0466.41] Log: Log file closed, 26/10/2023 16:53:23
