Log: Log file open, 25/10/2023 19:22:09
Log: GPsyonixBuildID 231010.63095.433650
Log: Command line: -AUTH_LOGIN=unused -AUTH_PASSWORD=e7e1e118728f49308e03bc7b8e66838b -AUTH_TYPE=exchangecode -epicapp=Sugar -epicenv=Prod -EpicPortal  -epicusername="TIKI_THEGREAT" -epicuserid=8b0842d692fa4376be289341c7d7187a -epiclocale=en -epicsandboxid=9773aa1aa54f4f7b80e44bef04986cea
Init: WinSock: version 1.1 (2.2), MaxSocks=32767, MaxUdp=65467
Log:  ... running in INSTALLED mode
Init: Language extension: INT
Init: Language extension: INT
DevConfig: GConfig::LoadFile associated file:  ..\..\TAGame\Config\TAUI.ini
Init: Version: 231010.63095.433650
Init: Compiled (64-bit): Oct 10 2023 18:07:06
Init: Command line: -AUTH_LOGIN=unused -AUTH_PASSWORD=e7e1e118728f49308e03bc7b8e66838b -AUTH_TYPE=exchangecode -epicapp=Sugar -epicenv=Prod -EpicPortal  -epicusername="TIKI_THEGREAT" -epicuserid=8b0842d692fa4376be289341c7d7187a -epiclocale=en -epicsandboxid=9773aa1aa54f4f7b80e44bef04986cea
Init: Base directory: C:\Program Files\Epic Games\rocketleague\Binaries\Win64\
[0001.02] Log: Purging 30-day cache '..\..\TAGame\Cache\WebCache\*.*'...
[0001.03] Log: Purging 3-day cache '..\..\TAGame\Logs\*.log'...
[0001.03] Init: Computer: DESKTOP-PD8JD65
[0001.03] Init: User: joshu
[0001.03] Init: CPU Page size=4096, Processors=24
[0001.03] Init: High frequency timer resolution =10.000000 MHz
[0001.03] Init: Memory total: Physical=63.9GB (64GB approx) Pagefile=67.9GB Virtual=131072.0GB
[0001.03] Init: Presizing for 138000 objects not considered by GC, pre-allocating 0 bytes.
[0001.03] Init: Object subsystem initialized
[0001.08] Log: Using feature set PrimeUpdate46
[0001.09] Log: FOnlineSubsystemEOS: EOS version = 1.13.0-24551320
[0001.09] DevOnline: EOS Platform CacheDirectory=C:\Users\joshu\AppData\Local\Rocket League\
[0001.80] Log: Found D3D11 adapter 0: NVIDIA GeForce RTX 3070 Ti
[0001.80] Log: Adapter has 8031MB of dedicated video memory, 0MB of dedicated system memory, and 32723MB of shared system memory
[0001.97] Log: Found D3D11 adapter 1: NVIDIA GeForce RTX 3070 Ti
[0001.97] Log: Adapter has 8031MB of dedicated video memory, 0MB of dedicated system memory, and 32723MB of shared system memory
[0002.01] Log: Found D3D11 adapter 2: Microsoft Basic Render Driver
[0002.01] Log: Adapter has 0MB of dedicated video memory, 0MB of dedicated system memory, and 32723MB of shared system memory
[0002.01] Log: Shader platform (RHI): PC-D3D-SM5
[0002.05] Breadcrumbs: Startup_PreInit: 2.049
[0002.06] Breadcrumbs: Startup_LoadGlobalShaders: 0.015
[0006.14] Log: ProductDatabase_TA::InitProductLabels  0.01 sec total.
[0006.20] Log: ProductDatabase_TA::UpdateAvailableProducts  0.06 sec total.
[0006.21] Breadcrumbs: Startup_LoadScriptPackages: 4.146
[0006.82] Breadcrumbs: Startup_LoadNonNativePackages: 0.611
[0006.83] Log: 142267 objects as part of root set at end of initial load.
[0006.83] Log: 0 out of 0 bytes used by permanent object pool.
[0006.83] Log: ShaderCache load stats: AccumLoadSeconds=(2.777) ShadersLoaded=(370260) Duplicates=(22208)
[0006.83] Log: Initializing Engine...
[0006.83] Log: BuildID: 973704684 from GPsyonixBuildID
[0006.95] SystemSettings: Loading PC Settings
[0006.96] Breadcrumbs: Startup_BuildGuidCache: 0.143
[0007.00] Log: Running hardware survey...
[0007.00] Log: Wwise(R) SDK Version 2019.1.1 Build 6977. Copyright (c) 2006-2012 Audiokinetic Inc. / All Rights Reserved.
[0007.92] Log: OS: Microsoft Windows 11 Pro  (22621)
[0007.92] Log: WinSAT: 9.4 [9.5 CPU, 9.9 2D, 9.9 3D, 9.5 Mem, 9.4 Disk]
[0007.92] Log: Processor: AMD Ryzen 9 5900X 12-Core Processor             (AMD64 Family 25 Model 33 Stepping 2) 12 Cores, 24 Threads
[0007.92] Log: Memory: 16.00GB
[0007.92] Log: Memory: 16.00GB
[0007.92] Log: Memory: 16.00GB
[0007.92] Log: Memory: 16.00GB
[0007.92] Log: VideoController: NVIDIA GeForce RTX 3070 Ti (31.0.15.3758)
[0007.92] Log: VideoController: Citrix Indirect Display Adapter (12.40.44.247)
[0007.92] Log: Network Adapter: Realtek Gaming 2.5GbE Family Controller
[0007.92] Log: Disk C: 756.45GB free of 1862.34GB
[0007.93] Log: Disk D: 101.31GB free of 1862.98GB
[0007.93] Log: Sound Device: USB Audio Device
[0007.93] Log: Sound Device: CORSAIR VOID ELITE Wireless Gaming Headset
[0007.93] Log: Sound Device: Sonic Studio Virtual Mixer
[0007.93] Log: Sound Device: NVIDIA Virtual Audio Device (Wave Extensible) (WDM)
[0007.93] Log: Sound Device: Realtek High Definition Audio
[0007.93] Log: Sound Device: USB Audio Device
[0007.93] Log: Sound Device: NVIDIA High Definition Audio
[0007.93] Log: Hardware survey complete in 0.54 seconds.
[0007.93] Breadcrumbs: Startup_ClientInit: 0.961
[0009.08] Log: Detected 1 GPUs for rendering
[0009.10] Breadcrumbs: Startup_CreateViewport: 1.180
[0009.10] DevOnline: Created named interface (RecentPlayersList) of type (Engine.OnlineRecentPlayersList)
[0009.19] EOSGameClips: EOSGameClips: Activate called successfully.
[0009.19] EOSGameClips: EOSGameClips: Audio initialized successfully.
[0009.19] EOSGameClips: EOSGameClips: Subscribed to game clips status events successfully.
[0009.19] EOSGameClips: EOSGameClips: Subscribed to user status events successfully.
[0009.19] EOSGameClips: EOSGameClips: Successfully initialized!
[0009.19] ScriptLog: PsyNet using environment DBE_Production Prod
[0009.19] EngagementEvents: Apply  called. Number of engagement events =  0
[0009.19] EngagementEvents: EngagementEventIcons disabled
[0009.19] PsyNet: PsyNetConnection_X_0 disabled OSCS_ServiceUnavailable
[0009.19] PsyNetStaticData: HandleCacheExpired
[0009.19] PsyNetStaticData: HandleGetURL URL=(https://config.psynet.gg/v2/Config/BattleCars/973704684/Prod/Epic/INT/)
[0009.19] PsyNetStaticData: Blocking sync start
[0009.19] DevOnline: WebRequest_X_0 SEND: https://config.psynet.gg/v2/Config/BattleCars/973704684/Prod/Epic/INT/
[0009.36] DevOnline: WebRequest_X_0 RECV: 304 
[0009.36] PsyNetStaticData: Blocking sync complete. Elapsed=0.1729
[0009.36] PsyNetStaticData: HandleDataChanged
[0009.37] EngagementEvents: Apply  called. Number of engagement events =  1
[0009.37] EngagementEvents: Engagement Event: Start Time =  1695754800  End Time =  1696986000
[0009.37] EngagementEvents: UpdateEventsCurrentTime  NextEventTime =  0
[0009.41] Log: ProductDatabase_TA::UpdateAvailableProducts  0.04 sec total.
[0010.03] Log: ProductDatabase_TA::InitProductLabels  0.01 sec total.
[0010.03] PsyNet: PsyNetConnection_X_0 enabled
[0010.04] PsyNetStaticData: UpdateCacheTimerEnabled CacheTimer.bEnabled=(True)
[0010.05] EOSGameClips: Construct Constructed EOSGameClipsManager_TA. Self=(EOSGameClipsManager_TA_0)
[0010.05] AuthPsyNetVerbose: New auth error. Error 'OSCS_NotConnected'
[0010.05] AuthPsyNetVerbose: OnlinePlayerAuthentication_TA_0 None Unknown|0|0 Logout
[0010.05] PsyNet: PsyNetConnection_X_1 disabled OSCS_NotConnected
[0010.05] AuthPsyNetVerbose: PsyNet connection status changed. Error 'OSCS_NotConnected'
[0010.05] AuthPsyNetVerbose: New auth error. Error 'OSCS_NotConnected'
[0010.05] AuthPsyNetVerbose: OnlinePlayerAuthentication_TA_0 LoggedOut Unknown|0|0 Logout
[0010.05] AuthPlatformCritical: Initiating auth. Player num '0', Name '', Password length '0'
[0010.05] ScriptLog: HandleBlockListStatusCreated Status=(PlatformBlockListStatus_0) ControllerId=(0)
[0010.05] AuthEpicCritical: Sending Eos login request with Credentials '{Version '3', Id Length '2', Token Length '32', Type 'EOS_LCT_ExchangeCode', SystemAuthCredentialsOptions null? 'Null', ExternalType 'EOS_ECT_EPIC'}'
[0010.05] SaveGame: Load Player.ControllerId=(0) SaveFileName=(..\..\TAGame\SaveDataEpic\DBE_Production\8b0842d692fa4376be289341c7d7187a.save)
[0010.05] Breadcrumbs: Startup_InitOnlineSubsystem: 0.948
[0010.06] DevNet: Browse: MENU_Main_p
[0010.06] Log: LoadMap: MENU_Main_p
[0010.07] Exit: XAudio2 Device shut down.
[0010.09] Log: Fully load package: ..\..\TAGame\CookedPCConsole\GameInfo_GFxMenu_SF.upk
[0010.10] Log: Fully load package: ..\..\TAGame\CookedPCConsole\GFxSounds_MainMenu_SF.upk
[0010.10] Log: Fully load package: ..\..\TAGame\CookedPCConsole\GFX_StartMenu_SF.upk
[0010.19] Log: Fully load package: ..\..\TAGame\CookedPCConsole\GFX_MainMenu_SF.upk
[0010.26] Log: Game class is 'GameInfo_GFxMenu_TA'
[0010.29] Log: Bringing World menu_main_p.TheWorld up for play (0) at 2023.10.25-19.22.19
[0010.29] Log: Flushing async loaders.
[0010.46] Log: Flushed async loaders.
[0010.46] Log: Bringing up level for play took: 0.192888
[0010.80] Log: ########### Finished loading level: 0.730173 seconds
[0010.80] Breadcrumbs: Startup_Browse: 0.752
[0010.80] Log: Initializing Engine Completed
[0010.81] Breadcrumbs: Startup_Total: 10.806
[0010.83] DevOnline: EOSSDK-LogEOSGameClips: Probing for recording system availability.
[0010.83] DevOnline: WebRequest_X_1 SEND: https://rl-cdn.psyonix.com/SpecialEvent/Images/HauntedHallows/2023/RL_HH2023_Event-Screen_logo_V3_as780.png
[0010.84] DevOnline: WebRequest_X_2 SEND: https://rl-cdn.psyonix.com/SpecialEvent/Images/HauntedHallows/2023/RL_HH2023_Event-Screen_asfd879.jpg
[0010.84] DevOnline: WebRequest_X_3 SEND: https://rl-cdn.psyonix.com/LogoImages/S12/Logo_Season_12_INT.png
[0010.85] SaveGame: HandleDataLoaded Result.Code=(BasicLoadResult_Success)
[0010.85] ScriptLog: NetworkSave_TA_0 ApplySettings ReplicationRate=60 NetSpeed=15000 InputRate=60
[0011.09] SaveData: Profile_TA_0 OnLoaded LocalID=(0)
[0011.09] ScriptLog: GetDLCProducts, UnlockedDLCList=
[0011.10] ScriptLog: GetDLCProducts, UnlockedDLCList=
[0011.10] SaveGame: LocalPlayer_TA_0 HandleSaveDataLoaded 
[0011.13] FTECritical: [GFx] Changed active tutorial from 'null' to 'NONE'. Tutorial active? 'false', New checkpoint active? 'false'
[0011.13] FTEVerbose: Checkpoint 'None' attempted completion while the FTE isn't active!
[0011.13] FTECritical: [GFx] Changed active tutorial from 'null' to 'NONE'. Tutorial active? 'false', New checkpoint active? 'false'
[0011.13] FTEVerbose: Checkpoint 'None' attempted completion while the FTE isn't active!
[0011.16] Log: Flushing async loaders.
[0011.40] Log: Flushed async loaders.
[0011.43] Warning: Warning, Material Ball_Football.TranslucentMaterials.Mat_Football_Translucent missing bUsedWithStaticLighting=True!
[0011.57] DevOnline: EOSSDK-LogEOSGameClips: Recording supported and available.
[0011.57] DevOnline: EOSSDK-LogEOSGameClips: Recording availability changed from 'Pending' to 'Available'.
[0011.57] EOSGameClips: EOSGameClips: Availability changed from Pending to Available.
[0011.91] DevOnline: WebRequest_X_1 RECV: 304 
[0011.91] DevOnline: WebRequest_X_2 RECV: 304 
[0011.91] DevOnline: WebRequest_X_3 RECV: 304 
[0012.02] DevOnline: EOSSDK-LogEOSAnalytics: EOS SDK Analytics disabled for route [1].
[0012.65] AuthEpicCritical: Eos login result 'EOS_Success' for player '0'
[0012.85] AuthEpicCritical: Connect login result 'EOS_Success' for player '8b0842d692fa4376be289341c7d7187a', local num '0'
[0012.85] AuthPlatformCritical: Login status changed for player '0' to 'LS_LoggedIn'
[0012.85] AuthPlatformVerbose: Login attempt concluded
[0012.85] AuthEpicVerbose: Requesting cabined status for player '0'
[0012.85] DevOnline: WebRequest_X_4 SEND: https://api.epicgames.dev/epic/id/v1/accounts?accountId=8b0842d692fa4376be289341c7d7187a
[0012.85] PsyNet: PsyNetConnection_X_1 enabled
[0012.85] AuthPsyNetVerbose: PsyNet connection status changed. Error 'None'
[0012.85] AuthPsyNetVerbose: Transitioning to state 'RequestAuthCode'
[0012.85] AuthPsyNetCritical: Requesting auth ticket from platform for 'Epic|8b0842d692fa4376be289341c7d7187a|0'
[0012.85] AuthPsyNetCritical: Platform auth ticket completed with success 'True'
[0012.85] AuthPsyNetVerbose: Transitioning to state 'SendLoginRequest'
[0012.85] AuthPsyNetCritical: Sending login RPC for player '8b0842d692fa4376be289341c7d7187a' Auth ticket required? 'True'
[0012.85] AuthPsyNetCritical: Primary player ID? 'Epic|8b0842d692fa4376be289341c7d7187a|0' Logging In PlayerID '8b0842d692fa4376be289341c7d7187a'
[0012.85] AuthPsyNetVerbose: OnlinePlayerAuthentication_TA_0 SendLoginRequest Epic|8b0842d692fa4376be289341c7d7187a|0 HandleLoginStatusChanged LS_LoggedIn Epic|8b0842d692fa4376be289341c7d7187a|0
[0012.85] Party: HandleLocalPlayerLoginStatusChanged PlayerName=TIKI_THEGREAT PlayerID=Epic|8b0842d692fa4376be289341c7d7187a|0 LoginStatus=LS_LoggedIn IsPrimary=True IsInParty=False
[0012.85] PsyNet: HTTP send ID=PsyNetMessage_X_0 Message=PsyNetMessage_X_0
[0012.85] DevOnline: WebRequest_X_5 SEND: https://api.rlpp.psynet.gg/rpc/Auth/AuthPlayer/v2
[0012.99] ScriptLog: GetDLCProducts, UnlockedDLCList=
[0013.18] Log: Flushing async loaders.
[0013.20] Log: Flushed async loaders.
[0013.28] DevOnline: WebRequest_X_4 RECV: 200 
[0013.28] AuthEpicVerbose: Cabined request completed for user '0' with result 'False', Error 'None'
[0013.37] DevOnline: WebRequest_X_5 RECV: 200 
[0013.37] PsyNet: HTTP recv ID=PsyNetMessage_X_0 Message=PsyNetMessage_X_1
[0013.39] AuthPsyNetCritical: PsyNet auth RPC succeeded for player '8b0842d692fa4376be289341c7d7187a'
[0013.39] AuthPsyNetVerbose: Transitioning to state 'LoggedIn'
[0013.39] AuthPsyNetCritical: Login successful for player '8b0842d692fa4376be289341c7d7187a'
[0013.39] Auth: OnlinePlayer_TA_0 OnlinePlayerAuthentication_TA_0 HandleAuthLoginChange Auth.bLoggedIn=(True)
[0013.39] PsyNet: Enabling PerCon
[0013.39] PsyNet: PsyNetConnection_X_1 SetAuthorized bAuthorized=True
[0013.39] RankedReconnect: LocalPlayer_TA_0.CheckForRankedReconnect() bOpenedStartMenu=(False) IsMenuLevel=(True) bLoggedIn=(True) IsPrimaryPlayer=(True) RankedReconnectAvailable=(False) EpochTime=(0) EpochNow=(1698286942) TimeSince=(1698286942) ReconnectTimeoutSeconds=(900) Reservation=()
[0013.59] PsyNet: PsyNetMessengerWebSocket_X_0 Connected
[0013.59] PsyNet: PsyNetConnection_X_1 UpdateConnectionState bConnected=(True) bFreshConnection=(True)
[0013.59] DevOnline: WebRequest_X_6 SEND: https://api.kws.ol.epicgames.com/v1/epic-settings/public/users/8b0842d692fa4376be289341c7d7187a/values?game=rl
[0013.59] DevOnline: WebRequest_X_7 SEND: https://api.epicgames.dev/epic/friends/v1/8b0842d692fa4376be289341c7d7187a/blocklist
[0013.59] DevOnline: PlayerDataStorage_QueryFileList: Beginning to query files. User=(8b0842d692fa4376be289341c7d7187a)
[0013.59] PsyNetBeaconDetail_X: PsyNetBeacon_X_0 SetPsyNetConnection InPsyNetConnection=(PsyNetConnection_X_1)
[0013.59] PsyNet: PsyNetConnection_X_1 UpdateConnectionState bPerConConnected=(True)
[0013.71] DevOnline: WebRequest_X_7 RECV: 200 
[0013.72] ScriptLog: HandleStatusChanged PrimaryStatus.DownloadStatus=(EB_Success) ControllerId=(0)
[0013.77] ScriptLog: ListenForBlockListDownloaded PrimaryStatus=(PlatformBlockListStatus_0) PrimaryStatus.DownloadStatus=(EB_Success)
[0013.77] DevOnline: PlayerDataStorage_QueryFileList: Finished querying files. User=(8b0842d692fa4376be289341c7d7187a) Success=(1)
[0013.77] DevOnline: PlayerDataStorage_ReadFile: Beginning to download file. User=(8b0842d692fa4376be289341c7d7187a) FileName=(RLSaveData)
[0013.81] DevOnline: WebRequest_X_8 SEND: https://rl-cdn.psyonix.com/Playlists/Images/Limited_Events_BG_haunted-heatseeker.jpg
[0013.81] DevOnline: WebRequest_X_9 SEND: https://rl-cdn.psyonix.com/Playlists/Images/rl_ltm_heatseeker2022_playlist.png
[0013.84] EOSVoice: HandleFriendsListChanged
[0013.85] DevOnline: WebRequest_X_8 RECV: 304 
[0013.85] DevOnline: WebRequest_X_9 RECV: 304 
[0013.89] DevOnline: WebRequest_X_6 RECV: 200 
[0013.89] EOSPermissions: NS=profile SN=p2p-trading PL=null EL=null DV=0 IV=0
[0013.89] EOSPermissions: NS=profile SN=require-pin-to-add-friend PL=False EL=null DV=False IV=False
[0013.89] EOSPermissions: NS=prm SN=marketing PL=null EL=True DV=True IV=True
[0013.89] EOSPermissions: NS=chat SN=voice PL=null EL=null DV=0 IV=0
[0013.89] EOSPermissions: NS=chat SN=text PL=null EL=null DV=0 IV=0
[0013.89] DevOnline: WebRequest_X_10 SEND: https://api.epicgames.dev/epic/friends/v1/8b0842d692fa4376be289341c7d7187a/outgoing
[0013.92] DevOnline: WebRequest_X_11 SEND: https://rl-cdn.psyonix.com/ChallengeIcons/Challenge_Play.jpg
[0013.92] DevOnline: WebRequest_X_12 SEND: https://rl-cdn.psyonix.com/ChallengeIcons/Challenge_Shot.jpg
[0013.92] DevOnline: WebRequest_X_13 SEND: https://rl-cdn.psyonix.com/ChallengeIcons/Challenge_Save.jpg
[0013.92] DevOnline: WebRequest_X_14 SEND: https://rl-cdn.psyonix.com/ChallengeIcons/Challenge_Center.jpg
[0013.92] DevOnline: WebRequest_X_15 SEND: https://rl-cdn.psyonix.com/ChallengeIcons/Challenge_Win.jpg
[0013.92] DevOnline: WebRequest_X_16 SEND: https://rl-cdn.psyonix.com/ChallengeIcons/Challenge_AerialGoal.jpg
[0013.92] DevOnline: WebRequest_X_17 SEND: https://rl-cdn.psyonix.com/ChallengeIcons/Challenge_SAG.jpg
[0013.92] DevOnline: WebRequest_X_18 SEND: https://rl-cdn.psyonix.com/ChallengeIcons/Challenge_Clear.jpg
[0013.92] DevOnline: WebRequest_X_19 SEND: https://rl-cdn.psyonix.com/ChallengeIcons/Challenge_Goal.jpg
[0013.93] DevOnline: WebRequest_X_20 SEND: https://rl-cdn.psyonix.com/ChallengeBanners/NUX_Popup_Octane.png
[0013.93] DevOnline: WebRequest_X_21 SEND: https://rl-cdn.psyonix.com/SpecialEvent/Images/HauntedHallows/2023/RL_Haunted_Hallows_WIDGET_ART_acsh07d8.png
[0013.93] DevOnline: WebRequest_X_22 SEND: https://rl-cdn.psyonix.com/SpecialEvent/Images/HauntedHallows/2023/RL_hh_2023_EventDash_awecf90n8.png
[0013.94] DevOnline: WebRequest_X_23 SEND: https://rl-cdn.psyonix.com/ChallengeBanners/Season_imagery_Reward.png
[0013.95] DevOnline: WebRequest_X_24 SEND: https://rl-cdn.psyonix.com/ChallengeBanners/rl_s12_dash.png
[0014.00] DevOnline: WebRequest_X_11 RECV: 304 
[0014.00] DevOnline: WebRequest_X_12 RECV: 304 
[0014.00] ScriptLog: RegionPinger_X_0 PingRegions ("162.244.54.147:29502","109.200.205.142:24872","162.245.206.80:11386","45.43.38.34:2827","54.151.128.56:8577","13.112.27.76:8891","15.185.233.167:8815","109.200.215.84:22297","185.179.201.83:19476","189.1.169.63:3047","3.111.38.247:8497")
[0014.01] DevOnline: WebRequest_X_10 RECV: 200 
[0014.06] DevOnline: WebRequest_X_13 RECV: 304 
[0014.06] DevOnline: WebRequest_X_14 RECV: 304 
[0014.06] DevOnline: WebRequest_X_15 RECV: 304 
[0014.06] DevOnline: WebRequest_X_16 RECV: 304 
[0014.06] DevOnline: WebRequest_X_17 RECV: 304 
[0014.09] DevOnline: WebRequest_X_18 RECV: 304 
[0014.09] DevOnline: WebRequest_X_19 RECV: 304 
[0014.09] DevOnline: WebRequest_X_20 RECV: 304 
[0014.09] DevOnline: WebRequest_X_21 RECV: 304 
[0014.09] DevOnline: WebRequest_X_22 RECV: 304 
[0014.09] DevOnline: WebRequest_X_23 RECV: 304 
[0014.11] DevOnline: WebRequest_X_24 RECV: 304 
[0014.58] DevOnline: PlayerDataStorage_ReadFile: File download complete. User=(8b0842d692fa4376be289341c7d7187a) FileName=(RLSaveData) Success=(1)
[0014.58] EOSSync: HandleFileReadComplete LocalSaveTick: 72
[0014.58] EOSSync: HandleFileReadComplete OnlineSaveTick: 72
[0014.58] EOSSync: HandleFileReadComplete Local Save is up to date, keeping this file
[0014.59] ScriptLog: NewProductIDs128: 
[0014.59] ScriptLog: GetDLCProducts, UnlockedDLCList=
[0014.59] AuthEpicVerbose: Epic save data loaded
[0014.59] AuthEpicVerbose: [GFx] Epic login changed. m_uiState:StartMenu bPromptParentalConsent:false bPromptToChoosePrimaryAccount:false bEpicSaveDataLoaded:true bPlatformLinked:true
[0014.59] ScriptLog: GetDLCProducts, UnlockedDLCList=
[0014.60] DevOnline: WebRequest_X_25 SEND: https://rl-cdn.psyonix.com/Legal/PC/EULA/INT.txt
[0014.60] DevOnline: WebRequest_X_26 SEND: https://rl-cdn.psyonix.com/Legal/PC/PrivacyPolicy/INT.txt
[0014.64] DevOnline: WebRequest_X_25 RECV: 304 
[0014.64] DevOnline: WebRequest_X_26 RECV: 304 
[0015.27] Matchmaking: All Regions Pinged: USE (0.0833),EU (0.1667),USW (0.0167),ASC (0.1667),ASM (0.2167),JPN (0.1500),ME (0.2667),OCE (0.1667),SAF (0.3333),SAM (0.2000),IND (0.3000)
[0015.27] Log: FCacheExportTask(..\..\TAGame\Cache\RegionCache.cache) wrote 1069 bytes to memory
[0015.96] EOSVoice: HandleFriendsListChanged
[0019.56] EngagementEvents: UpdateEventsCurrentTime  NextEventTime =  0
[0042.59] Log: Detected new XInput controller 0
[0046.06] Legacy: State Set
[0046.06] FTEVerbose: [GFx] Checking FTE progress: Shown login flow 'false', Legal modal valid? 'true', Online? 'true', Cabined state '0', Legacy state '3'
[0046.06] FTEDev: Trying to start FTE Group Prime_InitialStartup which is already completed and cannot be restarted CurrentActiveGroup.bCanBeDoneAgain=(False) bIgnoreCompletion=(False)
[0046.06] AuthEpicVerbose: [GFx] Showing login flow. Platform linked? 'true' Prompt for epic link? 'false' Prompt for primary? 'false' Prompt for parental consent? 'false' Epic data loaded? 'true' Showing epic flow? 'false'
[0046.06] AuthEpicVerbose: [GFx] Epic flow completed 'false'
[0046.06] FTE: Starting Group:Prime_LegalText at Checkpoint:FTE_PrimaryPlayerIsXboxGuest
[0046.06] FTEDev: Trying to start FTE Group Prime_CarSelect while another Group Prime_LegalText is active
[0046.06] FTEVerbose: [GFx] Checking FTE progress: Shown login flow 'true', Legal modal valid? 'true', Online? 'true', Cabined state '0', Legacy state '3'
[0046.06] FTEDev: Trying to start FTE Group Prime_InitialStartup while another Group Prime_LegalText is active
[0046.06] FTE: CompleteCheckpoint GroupName=(Prime_LegalText) CheckpointName=(FTE_PrimaryPlayerIsXboxGuest)
[0046.06] FTE: Moving to Checkpoint:FTE_PrivacyPolicy
[0046.06] FTEVerbose: [GFx] Checking FTE progress: Shown login flow 'true', Legal modal valid? 'true', Online? 'true', Cabined state '0', Legacy state '3'
[0046.06] FTEDev: Trying to start FTE Group Prime_InitialStartup while another Group Prime_LegalText is active
[0046.06] FTE: CompleteCheckpoint GroupName=(Prime_LegalText) CheckpointName=(FTE_PrivacyPolicy)
[0046.06] FTE: Moving to Checkpoint:FTE_EulaText
[0046.06] FTEVerbose: [GFx] Checking FTE progress: Shown login flow 'true', Legal modal valid? 'true', Online? 'true', Cabined state '0', Legacy state '3'
[0046.06] FTEDev: Trying to start FTE Group Prime_InitialStartup while another Group Prime_LegalText is active
[0046.06] FTE: CompleteCheckpoint GroupName=(Prime_LegalText) CheckpointName=(FTE_EulaText)
[0046.06] FTE: CompleteActiveGroup GroupName:Prime_LegalText
[0046.08] FTEVerbose: [GFx] Checking FTE progress: Shown login flow 'true', Legal modal valid? 'true', Online? 'true', Cabined state '0', Legacy state '3'
[0046.08] FTEDev: Trying to start FTE Group Prime_InitialStartup which is already completed and cannot be restarted CurrentActiveGroup.bCanBeDoneAgain=(False) bIgnoreCompletion=(False)
[0046.08] FTEDev: Group Prime_CarSelect Is not meant for users of type FTESave.LegacyGroupType=(LGT_LegacyUser)
[0046.08] FTEVerbose: [GFx] Checking FTE progress: Shown login flow 'true', Legal modal valid? 'true', Online? 'true', Cabined state '0', Legacy state '3'
[0046.08] FTEDev: Trying to start FTE Group Prime_InitialStartup which is already completed and cannot be restarted CurrentActiveGroup.bCanBeDoneAgain=(False) bIgnoreCompletion=(False)
[0046.08] FTEDev: Group Prime_CarSelect Is not meant for users of type FTESave.LegacyGroupType=(LGT_LegacyUser)
[0046.08] FTEDev: Group Prime_FreeToPlayTutorial_1 Is not meant for users of type FTESave.LegacyGroupType=(LGT_LegacyUser)
[0046.08] FTECritical: [GFx] Changed active tutorial from 'null' to 'NONE'. Tutorial active? 'false', New checkpoint active? 'false'
[0046.08] FTEVerbose: Checkpoint 'None' attempted completion while the FTE isn't active!
[0046.08] FTECritical: [GFx] Changed active tutorial from 'null' to 'NONE'. Tutorial active? 'false', New checkpoint active? 'false'
[0046.08] FTEVerbose: Checkpoint 'None' attempted completion while the FTE isn't active!
[0046.08] FTEVerbose: [GFx] Checking FTE progress: Shown login flow 'true', Legal modal valid? 'true', Online? 'true', Cabined state '0', Legacy state '3'
[0046.08] FTEDev: Trying to start FTE Group Prime_InitialStartup which is already completed and cannot be restarted CurrentActiveGroup.bCanBeDoneAgain=(False) bIgnoreCompletion=(False)
[0046.08] FTEDev: Group Prime_CarSelect Is not meant for users of type FTESave.LegacyGroupType=(LGT_LegacyUser)
[0046.08] FTEDev: Group Prime_FreeToPlayTutorial_1 Is not meant for users of type FTESave.LegacyGroupType=(LGT_LegacyUser)
[0046.09] EngagementEvents: UpdateEventsCurrentTime  NextEventTime =  0
[0046.09] AuthEpicVerbose: [GFx] Epic login changed. m_uiState:MainMenu bPromptParentalConsent:false bPromptToChoosePrimaryAccount:false bEpicSaveDataLoaded:false bPlatformLinked:false
[0046.09] FTEDev: Group Prime_MatchComplete Is not meant for users of type FTESave.LegacyGroupType=(LGT_LegacyUser)
[0046.13] RankedReconnect: LocalPlayer_TA_0.CheckForRankedReconnect() bOpenedStartMenu=(True) IsMenuLevel=(True) bLoggedIn=(True) IsPrimaryPlayer=(True) RankedReconnectAvailable=(False) EpochTime=(0) EpochNow=(1698286975) TimeSince=(1698286975) ReconnectTimeoutSeconds=(900) Reservation=()
[0046.13] MTX: ConditionalClaimEntitlements bAllowEntitlements=(True) bClaimingEntitlements=(False) bEntitlementsDirty=(True) PsyNetConnected=(True) SplitscreenID=(0) bMtxCodeExpired=(False)
[0046.13] MTX: HandleMtxCode bSuccess=True
[0046.14] EngagementEvents: UpdateEventsCurrentTime  NextEventTime =  0
[0046.17] Log: FSaveDataExportTask(0) wrote 427578 bytes to memory
[0046.17] Log: SaveGameDataAsync game thread time: 3 ms
[0046.18] DevOnline: WebRequest_X_27 SEND: https://rl-cdn.psyonix.com/Blog/Images/RL_HH2023-shop-tab_tri-panel.png
[0046.18] DevOnline: WebRequest_X_28 SEND: https://rl-cdn.psyonix.com/Blog/Images/RL_HH2023-challenge-rewards_tri-panel.png
[0046.19] Log: Deleting old save file ..\..\TAGame\SaveDataEpic\DBE_Production\8b0842d692fa4376be289341c7d7187a_2.save
[0046.19] Log: SaveDataExport(0): Finished - File:[..\..\TAGame\SaveDataEpic\DBE_Production\8b0842d692fa4376be289341c7d7187a_1.save] Result:[1]
[0046.19] DevOnline: WebRequest_X_29 SEND: https://rl-cdn.psyonix.com/Blog/Images/RL_HH2023-key-art_tri-panel.png
[0046.24] DevOnline: WebRequest_X_27 RECV: 304 
[0046.24] DevOnline: WebRequest_X_28 RECV: 304 
[0046.24] DevOnline: WebRequest_X_29 RECV: 304 
[0046.47] MTX: HandleClaimSuccess Products=0
[0047.56] Log: Assigning XInput controller to 0
[0052.16] EngagementEvents: UpdateEventsCurrentTime  NextEventTime =  0
[0053.00] EngagementEvents: UpdateEventsCurrentTime  NextEventTime =  0
[0054.23] EngagementEvents: UpdateEventsCurrentTime  NextEventTime =  0
[0054.99] EngagementEvents: UpdateEventsCurrentTime  NextEventTime =  0
[0055.12] ScriptLog: RegionPinger_X_1 PingRegions ("209.191.164.93:2747","67.213.210.80:2487","103.194.166.122:14232","92.204.164.151:2827","34.124.243.66:3327","117.120.11.163:2007","185.50.106.153:16238","213.179.201.102:19173","15.185.213.234:8809","13.232.210.113:7781","13.244.100.126:8139")
[0056.46] Matchmaking: All Regions Pinged: USW (0.0333),USE (0.1000),JPN (0.2167),EU (0.1833),ASC (0.2000),OCE (0.1833),SAM (0.2000),ASM (0.2167),ME (0.2667),IND (0.3000),SAF (0.3333)
[0056.46] Log: FCacheExportTask(..\..\TAGame\Cache\RegionCache.cache) wrote 1069 bytes to memory
[0059.28] Online: TryToPlayOnline ControllerID=(-1)
[0059.29] Online: HandlePrivilegeCheckFinished PrivilegeCheck.bHasRestriction=(False)
[0059.29] Online: HandlePrivilegeCheck PrivilegeCheck.bHasRestriction=(False)
[0059.29] ScriptLog: OnlineStatusError 
[0059.29] PrivateMatch: StartSearch Region= Map=Random Tags=BotsHard MaxPlayers=4 bPublic=False ServerName=KT3CX5QTRMFO6K9B Password=2XV0517P8IX1US7T
[0059.29] Matchmaking: OnlineGamePrivateMatch_X_0 OnlineGamePrivateMatch_X -> PingRegions
[0059.29] Matchmaking: OnlineGamePrivateMatch_X_0 PingRegions -> Searching
[0059.29] PrivateMatch: Searching for private match in USW
[0059.59] PsyNetBeaconDetail_X: PsyNetBeacon_X_0 ReserveConnection ReservationID=(a623c23092a9348198fc73a69dfc9179) ConnectionID=(eyJ0eXAiOiJKV1QiLCJhbGciOiJIUzUxMiJ9.eyJqdGkiOiJ3MWFSWEttMyIsImlzcyI6IlBzeU5ldCIsInBsYXllcl9pZCI6IkVwaWN8OGIwODQyZDY5MmZhNDM3NmJlMjg5MzQxYzdkNzE4N2F8MCIsInNlcnZlcl9uYW1lIjoiVVNXNjA0LUJyZWFrb3V0MTAiLCJpYXQiOjE2OTgyODY5ODgsIm5iZiI6MTY5ODI4Njk4OCwiZXhwIjoxNjk4MzAxMzg4fQ.CNK9wqKdHWbyp9DNKa4xJieZBszlogYugfVjMoAd5IZMDhdNUKMAAAsW1HNDcYFujpxJQuWL94WeS_VvMX-mhw)
[0059.59] PsyNetBeaconDetail_X: PsyNetBeacon_X_0 ClientHandleMessage Message.MessageType=(ClientReservationMessage_X) Message.ReservationID=(a623c23092a9348198fc73a69dfc9179)
[0059.59] CheckReservation: Received game server from notification (v3) Message.Reservation=((ServerName="USW604-Breakout10",Playlist=6,Region="USW",ReservationID="a623c23092a9348198fc73a69dfc9179",DSRToken="eyJ0eXAiOiJKV1QiLCJhbGciOiJIUzUxMiJ9.eyJqdGkiOiJ3MWFSWEttMyIsImlzcyI6IlBzeU5ldCIsInBsYXllcl9pZCI6IkVwaWN8OGIwODQyZDY5MmZhNDM3NmJlMjg5MzQxYzdkNzE4N2F8MCIsInNlcnZlcl9uYW1lIjoiVVNXNjA0LUJyZWFrb3V0MTAiLCJpYXQiOjE2OTgyODY5ODgsIm5iZiI6MTY5ODI4Njk4OCwiZXhwIjoxNjk4MzAxMzg4fQ.CNK9wqKdHWbyp9DNKa4xJieZBszlogYugfVjMoAd5IZMDhdNUKMAAAsW1HNDcYFujpxJQuWL94WeS_VvMX-mhw"))
[0059.59] JoinGame: StartJoin Reservation=((ServerName="USW604-Breakout10",Playlist=6,Region="USW",ReservationID="a623c23092a9348198fc73a69dfc9179",DSRToken="eyJ0eXAiOiJKV1QiLCJhbGciOiJIUzUxMiJ9.eyJqdGkiOiJ3MWFSWEttMyIsImlzcyI6IlBzeU5ldCIsInBsYXllcl9pZCI6IkVwaWN8OGIwODQyZDY5MmZhNDM3NmJlMjg5MzQxYzdkNzE4N2F8MCIsInNlcnZlcl9uYW1lIjoiVVNXNjA0LUJyZWFrb3V0MTAiLCJpYXQiOjE2OTgyODY5ODgsIm5iZiI6MTY5ODI4Njk4OCwiZXhwIjoxNjk4MzAxMzg4fQ.CNK9wqKdHWbyp9DNKa4xJieZBszlogYugfVjMoAd5IZMDhdNUKMAAAsW1HNDcYFujpxJQuWL94WeS_VvMX-mhw")) JoinSettings=((MatchType=JMT_Private,PlaylistId=6,Password="2XV0517P8IX1US7T"))
[0059.59] JoinGame: GotoJoinGameState OnlineGameJoinGame_TA -> VerifyPrivileges
[0059.59] Online: TryToPlayOnline ControllerID=(-1)
[0059.59] Matchmaking: OnlineGamePrivateMatch_X_0 Searching -> Joining
[0059.61] Online: HandlePrivilegeCheckFinished PrivilegeCheck.bHasRestriction=(False)
[0059.61] JoinGame: GotoJoinGameState VerifyPrivileges -> ReservingServerForPrivateMatch
[0059.61] PsyNetBeaconDetail_X: PsyNetBeacon_X_0 SendMessageToServer Message=(AddReservationMessagePrivate_X_0)
[0059.61] PsyNet: PsyNetServiceProvider_X_1 ExecuteService Complete, Service=DSR/ClientMessage 
[0060.17] PsyNetBeaconDetail_X: PsyNetBeacon_X_0 ClientHandleMessage Message.MessageType=(ReservationsReadyMessage_X) Message.ReservationID=(a623c23092a9348198fc73a69dfc9179)
[0060.17] DevNet: Add Network Encryption {PlayerID=Epic|8b0842d692fa4376be289341c7d7187a|0 Key={Key=E9203FA57E661FC22D781C1F78D8BFD884FF063719471710202C6BCA9D354B5D IV=5BC9DA6C8DBEC3BC9A97E38647353A4F HMAC=C12B06F5EEE1E60C3DB70AE35E1A12039E1D6DFDEC7640E3EEA10BC92E7C85DD Session=7D848352D623681BB65057A1A3AB256D}}
[0060.17] Party: HandleServerReserved (Reservation=(ServerName="USW604-Breakout10",Playlist=6,Region="USW",ReservationID="a623c23092a9348198fc73a69dfc9179",DSRToken="eyJ0eXAiOiJKV1QiLCJhbGciOiJIUzUxMiJ9.eyJqdGkiOiJ3MWFSWEttMyIsImlzcyI6IlBzeU5ldCIsInBsYXllcl9pZCI6IkVwaWN8OGIwODQyZDY5MmZhNDM3NmJlMjg5MzQxYzdkNzE4N2F8MCIsInNlcnZlcl9uYW1lIjoiVVNXNjA0LUJyZWFrb3V0MTAiLCJpYXQiOjE2OTgyODY5ODgsIm5iZiI6MTY5ODI4Njk4OCwiZXhwIjoxNjk4MzAxMzg4fQ.CNK9wqKdHWbyp9DNKa4xJieZBszlogYugfVjMoAd5IZMDhdNUKMAAAsW1HNDcYFujpxJQuWL94WeS_VvMX-mhw",JoinName="KT3CX5QTRMFO6K9B",JoinPassword="2XV0517P8IX1US7T"),PingURL="13.57.222.33:8035",GameURL="13.57.222.33:8034")
[0060.17] JoinGame: private match travel immediately!
[0060.17] JoinGame: GotoJoinGameState ReservingServerForPrivateMatch -> OpeningLoadingScreen
[0060.17] RankedReconnect: OnlineGameJoinGame_TA_0::OpeningLoadingScreen.BeginState()
[0060.17] RankedReconnect: LocalPlayer_TA_0.UpdateRankedReconnect() PrivateMatch False 10 False
[0060.17] RankedReconnect: RankedReconnectSave_TA_0.ClearRankedReconnect()
[0060.17] DevNet: Browse: JoinGameTransition?game=TAGame.GameInfo_Transition_TA
[0060.24] EngagementEvents: UpdateEventsCurrentTime  NextEventTime =  0
[0060.24] EngagementEvents: UpdateEventsCurrentTime  NextEventTime =  0
[0060.24] EngagementEvents: UpdateEventsCurrentTime  NextEventTime =  0
[0060.24] EngagementEvents: UpdateEventsCurrentTime  NextEventTime =  0
[0060.24] EngagementEvents: UpdateEventsCurrentTime  NextEventTime =  0
[0060.25] Log: FSaveDataExportTask(0) wrote 427578 bytes to memory
[0060.25] Log: SaveGameDataAsync game thread time: 3 ms
[0060.25] Log: LoadMap: JoinGameTransition?game=TAGame.GameInfo_Transition_TA
[0060.26] Log: Deleting old save file ..\..\TAGame\SaveDataEpic\DBE_Production\8b0842d692fa4376be289341c7d7187a.save
[0060.26] Log: SaveDataExport(0): Finished - File:[..\..\TAGame\SaveDataEpic\DBE_Production\8b0842d692fa4376be289341c7d7187a_2.save] Result:[1]
[0060.26] DevOnline: PsyNet Flush Start TimeoutSeconds=0.250000
[0060.26] PsyNet: PsyNetServiceProvider_X_1 ExecuteService Complete, Service=DSR/ClientMessage 
[0060.43] DevOnline: PsyNet Flush End
[0060.46] Log: Fully load package: ..\..\TAGame\CookedPCConsole\GameInfo_Transition_SF.upk
[0060.46] Log: Game class is 'GameInfo_Transition_TA'
[0060.46] Log: Bringing World JoinGameTransition.TheWorld up for play (0) at 2023.10.25-19.23.09
[0060.46] Log: Bringing up level for play took: 0.002713
[0060.46] JoinGame: GotoJoinGameState OpeningLoadingScreen -> JoiningNewServer
[0060.46] DevNet: SetProgress, MessageType=1, Title=, Message=Connecting...
[0060.46] Log: ########### Finished loading level: 0.217223 seconds
[0060.47] DevNet: Browse: 13.57.222.33:8034/MENU_Main_p?Name=TIKI_THEGREAT
[0060.47] DevNet: Game client on port 8034, rate 15000
[0060.47] NetComeGo: TcpipConnection_0 13.57.222.33:8034 using encryption {Key=E9203FA57E661FC22D781C1F78D8BFD884FF063719471710202C6BCA9D354B5D IV=5BC9DA6C8DBEC3BC9A97E38647353A4F HMAC=C12B06F5EEE1E60C3DB70AE35E1A12039E1D6DFDEC7640E3EEA10BC92E7C85DD Session=7D848352D623681BB65057A1A3AB256D}
[0060.47] NetComeGo: SEND first packet Length=80 CRC=1524770607
[0060.51] NetComeGo: TcpipConnection_0 RECV first packet IP=13.57.222.33:8034 Length=15 CRC=1775461257 HandshakeStatus=0 bUseSessionUID=1 InSessionUID=(0 0 0) SessionUID=(0 0 0)
[0060.51] NetComeGo: Client set SessionUID to: 36 243 235
[0060.61] DevNet: Welcomed by server (Level: CHN_Stadium_Day_P, Game: TAGame.GameInfo_Soccar_TA, GameTags: BotsHard)
[0060.62] Log: FSaveDataExportTask(0) wrote 427578 bytes to memory
[0060.62] Log: SaveGameDataAsync game thread time: 3 ms
[0060.63] Log: Deleting old save file ..\..\TAGame\SaveDataEpic\DBE_Production\8b0842d692fa4376be289341c7d7187a_1.save
[0060.63] Log: SaveDataExport(0): Finished - File:[..\..\TAGame\SaveDataEpic\DBE_Production\8b0842d692fa4376be289341c7d7187a.save] Result:[1]
[0060.63] Log: Flushing async loaders.
[0060.64] Log: Flushed async loaders.
[0060.64] Log: LoadMap: 13.57.222.33:8034/CHN_Stadium_Day_P?Name=TIKI_THEGREAT?game=TAGame.GameInfo_Soccar_TA?GameTags=BotsHard
[0060.65] DevOnline: PsyNet Flush Start TimeoutSeconds=0.250000
[0060.80] DevOnline: PsyNet Flush End
[0060.80] Log: Fully load package: ..\..\TAGame\CookedPCConsole\GameInfo_Soccar_SF.upk
[0060.86] Log: Fully load package: ..\..\TAGame\CookedPCConsole\GFxSounds_XP_SF.upk
[0060.87] Log: Fully load package: ..\..\TAGame\CookedPCConsole\GFx_XPProgressMenu_SF.upk
[0060.90] Log: Fully load package: ..\..\TAGame\CookedPCConsole\GFX_EndGameMenu_SF.upk
[0060.94] Log: Fully load package: ..\..\TAGame\CookedPCConsole\GFX_WinnerMenu_SF.upk
[0060.96] Log: Fully load package: ..\..\TAGame\CookedPCConsole\GFX_MidGameScoreboard_SF.upk
[0060.96] Log: Fully load package: ..\..\TAGame\CookedPCConsole\GFX_MidGameMenu_SF.upk
[0060.98] Log: Fully load package: ..\..\TAGame\CookedPCConsole\GFX_HudMatchInfo_SF.upk
[0060.99] Log: Fully load package: ..\..\TAGame\CookedPCConsole\GFX_Hud_SF.upk
[0061.68] Log: Bringing World CHN_Stadium_Day_P.TheWorld up for play (0) at 2023.10.25-19.23.10
[0061.69] Log: Bringing up level for play took: 0.112259
[0061.91] JoinGame: OnJoinGameComplete bSuccess=(True) FailReason=()
[0061.91] JoinGame: GotoJoinGameState JoiningNewServer -> None
[0061.91] PsyNetBeaconDetail_X: PsyNetBeacon_X_0 Close
[0061.91] PsyNetBeaconDetail_X: PsyNetBeacon_X_0 CloseConnection Connection.ConnectionID=(eyJ0eXAiOiJKV1QiLCJhbGciOiJIUzUxMiJ9.eyJqdGkiOiJ3MWFSWEttMyIsImlzcyI6IlBzeU5ldCIsInBsYXllcl9pZCI6IkVwaWN8OGIwODQyZDY5MmZhNDM3NmJlMjg5MzQxYzdkNzE4N2F8MCIsInNlcnZlcl9uYW1lIjoiVVNXNjA0LUJyZWFrb3V0MTAiLCJpYXQiOjE2OTgyODY5ODgsIm5iZiI6MTY5ODI4Njk4OCwiZXhwIjoxNjk4MzAxMzg4fQ.CNK9wqKdHWbyp9DNKa4xJieZBszlogYugfVjMoAd5IZMDhdNUKMAAAsW1HNDcYFujpxJQuWL94WeS_VvMX-mhw)
[0061.91] Matchmaking: OnlineGamePrivateMatch_X_0 Joining -> None
[0061.93] Log: ########### Finished loading level: 1.289254 seconds
[0062.62] ScriptLog: Client InputRate=60
[0062.62] DevNet: PlayerController_TA_1 setplayer LocalPlayer_TA_0
[0062.62] PsyNetStaticData: UpdateCacheTimerEnabled CacheTimer.bEnabled=(False)
[0062.62] MatchBroadcast: Init bBroadcastMatch=(False) MatchLog=(None)
[0062.62] ScriptLog: MatchGUID: 9A5A1AF011EE73A6039C7595EF58DF76
[0063.47] EOSVoice: Received full credentials from the server.
[0063.47] EOSVoice: Joining room 9A5A1AF011EE73A6039C7595EF58DF76--1
[0063.48] PsyNet: PsyNetServiceProvider_X_1 ExecuteService Complete, Service=VoiceChat/MatchToken 
[0064.25] EOSVoice: Error: Status change event in room 9A5A1AF011EE73A6039C7595EF58DF76--1 for untracked user 8b0842d692fa4376be289341c7d7187a
[0064.26] DevOnline: EOSSDK-LogEOSRTC: LibRTCCore: LibRtc::FStatisticsService::GetConferenceStats. Collecting statistics is already in progress
[0064.88] EOSVoice: Received full credentials from the server.
[0064.88] EOSVoice: Joining room 9A5A1AF011EE73A6039C7595EF58DF76-0
[0064.90] PsyNet: PsyNetServiceProvider_X_1 ExecuteService Complete, Service=VoiceChat/MatchToken 
[0065.52] EOSVoice: SetPlayerMuteStatus for player 8b0842d692fa4376be289341c7d7187a in room 9A5A1AF011EE73A6039C7595EF58DF76-0 to False
[0065.52] DevOnline: EOSSDK-LogEOSRTC: LibRTCCore: LibRtc::FStatisticsService::GetConferenceStats. Collecting statistics is already in progress
[0072.37] DevOnline: WebRequest_X_30 SEND: https://datarouter.ol.epicgames.com/datarouter/api/v1/public/data?AppID=RocketLeague.Release&AppVersion=973704684&AppEnvironment=Prod&UploadType=eteventstream&UserID=|8b0842d692fa4376be289341c7d7187a|||Epic|8b0842d692fa4376be289341c7d7187a|0&SessionID=C02BD565441E5E54A346178022A1AEAB
[0072.77] DevOnline: WebRequest_X_30 RECV: 204 
[0132.35] DevOnline: WebRequest_X_31 SEND: https://datarouter.ol.epicgames.com/datarouter/api/v1/public/data?AppID=RocketLeague.Release&AppVersion=973704684&AppEnvironment=Prod&UploadType=eteventstream&UserID=|8b0842d692fa4376be289341c7d7187a|||Epic|8b0842d692fa4376be289341c7d7187a|0&SessionID=C02BD565441E5E54A346178022A1AEAB
[0132.45] DevOnline: WebRequest_X_31 RECV: 204 
[0139.43] EOSGameClips: EOSGameClips: Currently recording: false
[0171.91] EOSGameClips: EOSGameClips: Currently recording: false
[0192.36] DevOnline: WebRequest_X_32 SEND: https://datarouter.ol.epicgames.com/datarouter/api/v1/public/data?AppID=RocketLeague.Release&AppVersion=973704684&AppEnvironment=Prod&UploadType=eteventstream&UserID=|8b0842d692fa4376be289341c7d7187a|||Epic|8b0842d692fa4376be289341c7d7187a|0&SessionID=C02BD565441E5E54A346178022A1AEAB
[0192.46] DevOnline: WebRequest_X_32 RECV: 204 
[0230.45] EOSGameClips: EOSGameClips: Currently recording: false
[0252.36] DevOnline: WebRequest_X_33 SEND: https://datarouter.ol.epicgames.com/datarouter/api/v1/public/data?AppID=RocketLeague.Release&AppVersion=973704684&AppEnvironment=Prod&UploadType=eteventstream&UserID=|8b0842d692fa4376be289341c7d7187a|||Epic|8b0842d692fa4376be289341c7d7187a|0&SessionID=C02BD565441E5E54A346178022A1AEAB
[0252.46] DevOnline: WebRequest_X_33 RECV: 204 
[0265.28] EOSGameClips: EOSGameClips: Currently recording: false
[0311.68] EOSGameClips: EOSGameClips: Currently recording: false
[0312.36] DevOnline: WebRequest_X_34 SEND: https://datarouter.ol.epicgames.com/datarouter/api/v1/public/data?AppID=RocketLeague.Release&AppVersion=973704684&AppEnvironment=Prod&UploadType=eteventstream&UserID=|8b0842d692fa4376be289341c7d7187a|||Epic|8b0842d692fa4376be289341c7d7187a|0&SessionID=C02BD565441E5E54A346178022A1AEAB
[0312.46] DevOnline: WebRequest_X_34 RECV: 204 
[0317.83] EOSGameClips: EOSGameClips: Currently recording: false
[0372.36] DevOnline: WebRequest_X_35 SEND: https://datarouter.ol.epicgames.com/datarouter/api/v1/public/data?AppID=RocketLeague.Release&AppVersion=973704684&AppEnvironment=Prod&UploadType=eteventstream&UserID=|8b0842d692fa4376be289341c7d7187a|||Epic|8b0842d692fa4376be289341c7d7187a|0&SessionID=C02BD565441E5E54A346178022A1AEAB
[0372.46] DevOnline: WebRequest_X_35 RECV: 204 
[0406.49] EOSGameClips: EOSGameClips: Currently recording: false
[0432.37] DevOnline: WebRequest_X_36 SEND: https://datarouter.ol.epicgames.com/datarouter/api/v1/public/data?AppID=RocketLeague.Release&AppVersion=973704684&AppEnvironment=Prod&UploadType=eteventstream&UserID=|8b0842d692fa4376be289341c7d7187a|||Epic|8b0842d692fa4376be289341c7d7187a|0&SessionID=C02BD565441E5E54A346178022A1AEAB
[0432.47] DevOnline: WebRequest_X_36 RECV: 204 
[0443.77] RankedReconnect: RankedReconnectSave_TA_0.ClearRankedReconnect()
[0445.64] DevOnline: PlayerDataStorage_WriteFile: Beginning to upload file. User=(8b0842d692fa4376be289341c7d7187a) FileName=(RLSaveData)
[0446.79] RankedReconnect: RankedReconnectSave_TA_0.ClearRankedReconnect()
[0447.21] DevOnline: PlayerDataStorage_WriteFile: File upload complete. User=(8b0842d692fa4376be289341c7d7187a) FileName=(RLSaveData) Success=(1)
[0451.77] PsyNetStaticData: HandleCacheExpired
[0451.77] PsyNetStaticData: UpdateCacheTimerEnabled CacheTimer.bEnabled=(True)
[0451.77] RankedReconnect: RankedReconnectSave_TA_0.ClearRankedReconnect()
[0451.82] Online: TryToPlayOnline ControllerID=(-1)
[0451.82] Online: HandlePrivilegeCheckFinished PrivilegeCheck.bHasRestriction=(False)
[0451.82] Online: HandlePrivilegeCheck PrivilegeCheck.bHasRestriction=(False)
[0451.82] DevOnline: WebRequest_X_37 SEND: https://config.psynet.gg/v2/Config/BattleCars/973704684/Prod/Epic/INT/
[0451.83] Log: FUniqueNetId::FromString - could not parse 'Bot_Storm'
[0451.83] Log: FUniqueNetId::FromString - could not parse 'Bot_Poncho'
[0451.83] Log: FUniqueNetId::FromString - could not parse 'Bot_Wolfman'
[0452.01] DevOnline: WebRequest_X_37 RECV: 304 
[0452.31] Log: FSaveDataExportTask(0) wrote 427963 bytes to memory
[0452.31] Log: SaveGameDataAsync game thread time: 3 ms
[0452.32] Log: Deleting old save file ..\..\TAGame\SaveDataEpic\DBE_Production\8b0842d692fa4376be289341c7d7187a_2.save
[0452.32] Log: SaveDataExport(0): Finished - File:[..\..\TAGame\SaveDataEpic\DBE_Production\8b0842d692fa4376be289341c7d7187a_1.save] Result:[1]
[0458.19] RankedReconnect: RankedReconnectSave_TA_0.ClearRankedReconnect()
[0458.19] NetComeGo: TcpipConnection_0 Control channel closed, reason=Disconnect command
[0458.20] DevNet: URL: Adding default option Name=TIKI_THEGREAT
[0458.20] DevNet: Browse: MENU_Main_p?closed?Name=TIKI_THEGREAT
[0458.20] Log: Failed; returning to Entry
[0458.25] Log: FSaveDataExportTask(0) wrote 427963 bytes to memory
[0458.25] Log: SaveGameDataAsync game thread time: 3 ms
[0458.26] Log: Deleting old save file ..\..\TAGame\SaveDataEpic\DBE_Production\8b0842d692fa4376be289341c7d7187a.save
[0458.26] Log: SaveDataExport(0): Finished - File:[..\..\TAGame\SaveDataEpic\DBE_Production\8b0842d692fa4376be289341c7d7187a_2.save] Result:[1]
[0458.26] Log: LoadMap: MENU_Main_p?closed?Name=TIKI_THEGREAT
[0458.28] DevOnline: PsyNet Flush Start TimeoutSeconds=0.250000
[0458.43] DevOnline: PsyNet Flush End
[0458.46] NetComeGo: Close TcpipConnection_0 13.57.222.33:8034 25/10/2023 19:29:47 'UNetConnection::CleanUp'
[0458.46] NetComeGo: TcpipConnection_0 Control channel null, Sending unstable close to 13.57.222.33:8034 on temporary Control channel.
[0458.46] Exit: TcpNetDriver_0 shut down
[0458.48] Log: Fully load package: ..\..\TAGame\CookedPCConsole\GameInfo_GFxMenu_SF.upk
[0458.49] Log: Fully load package: ..\..\TAGame\CookedPCConsole\GFxSounds_MainMenu_SF.upk
[0458.49] Log: Fully load package: ..\..\TAGame\CookedPCConsole\GFX_StartMenu_SF.upk
[0458.59] Log: Fully load package: ..\..\TAGame\CookedPCConsole\GFX_MainMenu_SF.upk
[0458.65] Log: Game class is 'GameInfo_GFxMenu_TA'
[0458.67] Log: Bringing World menu_main_p.TheWorld up for play (0) at 2023.10.25-19.29.47
[0458.67] Log: Flushing async loaders.
[0458.83] Log: Flushed async loaders.
[0458.84] Log: Bringing up level for play took: 0.187763
[0458.99] Log: ########### Finished loading level: 0.727332 seconds
[0459.00] Log: Flushing async loaders.
[0459.22] Log: Flushed async loaders.
[0459.24] Warning: Warning, Material Ball_Football.TranslucentMaterials.Mat_Football_Translucent missing bUsedWithStaticLighting=True!
[0459.34] AuthEpicVerbose: [GFx] Epic login changed. m_uiState:MainMenu bPromptParentalConsent:false bPromptToChoosePrimaryAccount:false bEpicSaveDataLoaded:false bPlatformLinked:false
[0459.34] FTEDev: Group Prime_MatchComplete Is not meant for users of type FTESave.LegacyGroupType=(LGT_LegacyUser)
[0459.34] FTEDev: Group Prime_MatchComplete Is not meant for users of type FTESave.LegacyGroupType=(LGT_LegacyUser)
[0459.57] Log: Flushing async loaders.
[0459.58] Log: Flushed async loaders.
[0459.58] EngagementEvents: UpdateEventsCurrentTime  NextEventTime =  0
[0461.01] Log: Flushing async loaders.
[0461.03] Log: Flushed async loaders.
[0464.48] Log: Closing by request
[0464.48] Log: appRequestExit(0)
[0464.55] DevOnline: PlayerDataStorage_WriteFile: Beginning to upload file. User=(8b0842d692fa4376be289341c7d7187a) FileName=(RLSaveData)
[0464.55] Matchmaking: OnlineGameMatchmaking_X_0 OnlineGameMatchmaking_X -> None
[0464.55] Matchmaking: OnlineGameTourMatchmaking_TA_0 OnlineGameTourMatchmaking_TA -> None
[0464.55] Log: FSaveDataExportTask(0) wrote 427963 bytes to memory
[0464.55] Log: SaveGameDataAsync game thread time: 3 ms
[0464.56] DevOnline: PsyNet Flush Start TimeoutSeconds=0.500000
[0464.70] Log: Deleting old save file ..\..\TAGame\SaveDataEpic\DBE_Production\8b0842d692fa4376be289341c7d7187a_1.save
[0464.70] Log: SaveDataExport(0): Finished - File:[..\..\TAGame\SaveDataEpic\DBE_Production\8b0842d692fa4376be289341c7d7187a.save] Result:[1]
[0464.70] DevOnline: PsyNet Flush End
[0464.71] Exit: Preparing to exit.
[0464.84] Exit: Game engine shut down
[0464.94] Exit: Windows client shut down
[0464.96] Exit: AK Audio shut down.
[0470.52] Exit: Object subsystem successfully closed.
[0470.52] DevOnline: EOSSDK-LogAudioMixer: Changing default audio render device to new device: {0.0.0.00000000}.{f2d6171c-2bde-4c63-a2b5-0001ce3c121a}.
[0470.53] DevOnline: EOSSDK-LogEOSUI: Social Overlay: browser was closed. Reopening...
[0470.57] Error: EOSSDK-LogAudioMixer: XAudio2 Error: Result -> 0x800401F0: CoInitialize has not been called. (line: 436)
[0470.57] DevOnline: EOSSDK-LogEOSRTC: QueryOutputDevices failed 2147483647
[0471.28] Exit: Exiting.
[0471.28] Log: Log file closed, 25/10/2023 19:30:00
