Log: Log file open, 27/10/2023 13:50:57
Log: GPsyonixBuildID 231010.63095.433650
Log: Command line: -AUTH_LOGIN=unused -AUTH_PASSWORD=3c0aaae0dfbd4df7b168f9674f2b381f -AUTH_TYPE=exchangecode -epicapp=Sugar -epicenv=Prod -EpicPortal  -epicusername="TIKI_THEGREAT" -epicuserid=8b0842d692fa4376be289341c7d7187a -epiclocale=en -epicsandboxid=9773aa1aa54f4f7b80e44bef04986cea
Init: WinSock: version 1.1 (2.2), MaxSocks=32767, MaxUdp=65467
Log:  ... running in INSTALLED mode
Init: Language extension: INT
Init: Language extension: INT
DevConfig: GConfig::LoadFile associated file:  ..\..\TAGame\Config\TAUI.ini
Init: Version: 231010.63095.433650
Init: Compiled (64-bit): Oct 10 2023 18:07:06
Init: Command line: -AUTH_LOGIN=unused -AUTH_PASSWORD=3c0aaae0dfbd4df7b168f9674f2b381f -AUTH_TYPE=exchangecode -epicapp=Sugar -epicenv=Prod -EpicPortal  -epicusername="TIKI_THEGREAT" -epicuserid=8b0842d692fa4376be289341c7d7187a -epiclocale=en -epicsandboxid=9773aa1aa54f4f7b80e44bef04986cea
Init: Base directory: C:\Program Files\Epic Games\rocketleague\Binaries\Win64\
[0001.05] Log: Purging 30-day cache '..\..\TAGame\Cache\WebCache\*.*'...
[0001.25] Log: Purging 7-day cache '..\..\TAGame\Logs\*.dmp'...
[0001.25] Log: Purging 3-day cache '..\..\TAGame\Logs\*.log'...
[0001.30] Init: Computer: DESKTOP-PD8JD65
[0001.30] Init: User: joshu
[0001.30] Init: CPU Page size=4096, Processors=24
[0001.30] Init: High frequency timer resolution =10.000000 MHz
[0001.30] Init: Memory total: Physical=63.9GB (64GB approx) Pagefile=67.9GB Virtual=131072.0GB
[0001.30] Init: Presizing for 138000 objects not considered by GC, pre-allocating 0 bytes.
[0001.30] Init: Object subsystem initialized
[0001.35] Log: Using feature set PrimeUpdate46
[0001.36] Log: FOnlineSubsystemEOS: EOS version = 1.13.0-24551320
[0001.36] DevOnline: EOS Platform CacheDirectory=C:\Users\joshu\AppData\Local\Rocket League\
[0002.07] Log: Found D3D11 adapter 0: NVIDIA GeForce RTX 3070 Ti
[0002.07] Log: Adapter has 8031MB of dedicated video memory, 0MB of dedicated system memory, and 32723MB of shared system memory
[0002.26] Log: Found D3D11 adapter 1: NVIDIA GeForce RTX 3070 Ti
[0002.26] Log: Adapter has 8031MB of dedicated video memory, 0MB of dedicated system memory, and 32723MB of shared system memory
[0002.31] Log: Found D3D11 adapter 2: Microsoft Basic Render Driver
[0002.31] Log: Adapter has 0MB of dedicated video memory, 0MB of dedicated system memory, and 32723MB of shared system memory
[0002.31] Log: Shader platform (RHI): PC-D3D-SM5
[0002.35] Breadcrumbs: Startup_PreInit: 2.348
[0002.36] Breadcrumbs: Startup_LoadGlobalShaders: 0.014
[0006.09] Log: ProductDatabase_TA::InitProductLabels  0.00 sec total.
[0006.13] Log: ProductDatabase_TA::UpdateAvailableProducts  0.04 sec total.
[0006.14] Breadcrumbs: Startup_LoadScriptPackages: 3.775
[0006.60] Breadcrumbs: Startup_LoadNonNativePackages: 0.466
[0006.61] Log: 142267 objects as part of root set at end of initial load.
[0006.61] Log: 0 out of 0 bytes used by permanent object pool.
[0006.61] Log: ShaderCache load stats: AccumLoadSeconds=(2.247) ShadersLoaded=(370260) Duplicates=(22208)
[0006.61] Log: Initializing Engine...
[0006.61] Log: BuildID: 973704684 from GPsyonixBuildID
[0006.69] SystemSettings: Loading PC Settings
[0006.70] Breadcrumbs: Startup_BuildGuidCache: 0.098
[0006.73] Log: Running hardware survey...
[0006.73] Log: Wwise(R) SDK Version 2019.1.1 Build 6977. Copyright (c) 2006-2012 Audiokinetic Inc. / All Rights Reserved.
[0007.52] Log: OS: Microsoft Windows 11 Pro  (22621)
[0007.52] Log: WinSAT: 9.4 [9.5 CPU, 9.9 2D, 9.9 3D, 9.5 Mem, 9.4 Disk]
[0007.52] Log: Processor: AMD Ryzen 9 5900X 12-Core Processor             (AMD64 Family 25 Model 33 Stepping 2) 12 Cores, 24 Threads
[0007.52] Log: Memory: 16.00GB
[0007.52] Log: Memory: 16.00GB
[0007.52] Log: Memory: 16.00GB
[0007.52] Log: Memory: 16.00GB
[0007.52] Log: VideoController: NVIDIA GeForce RTX 3070 Ti (31.0.15.3758)
[0007.52] Log: VideoController: Citrix Indirect Display Adapter (12.40.44.247)
[0007.52] Log: Network Adapter: Realtek Gaming 2.5GbE Family Controller
[0007.52] Log: Disk C: 750.69GB free of 1862.34GB
[0007.52] Log: Disk D: 67.20GB free of 1862.98GB
[0007.52] Log: Sound Device: USB Audio Device
[0007.52] Log: Sound Device: CORSAIR VOID ELITE Wireless Gaming Headset
[0007.52] Log: Sound Device: Sonic Studio Virtual Mixer
[0007.52] Log: Sound Device: NVIDIA Virtual Audio Device (Wave Extensible) (WDM)
[0007.52] Log: Sound Device: Realtek High Definition Audio
[0007.52] Log: Sound Device: USB Audio Device
[0007.52] Log: Sound Device: NVIDIA High Definition Audio
[0007.52] Log: Hardware survey complete in 0.52 seconds.
[0007.52] Breadcrumbs: Startup_ClientInit: 0.820
[0008.34] Log: Detected 1 GPUs for rendering
[0008.37] Breadcrumbs: Startup_CreateViewport: 0.846
[0008.37] DevOnline: Created named interface (RecentPlayersList) of type (Engine.OnlineRecentPlayersList)
[0008.45] EOSGameClips: EOSGameClips: Activate called successfully.
[0008.45] EOSGameClips: EOSGameClips: Audio initialized successfully.
[0008.45] EOSGameClips: EOSGameClips: Subscribed to game clips status events successfully.
[0008.45] EOSGameClips: EOSGameClips: Subscribed to user status events successfully.
[0008.45] EOSGameClips: EOSGameClips: Successfully initialized!
[0008.45] ScriptLog: PsyNet using environment DBE_Production Prod
[0008.45] EngagementEvents: Apply  called. Number of engagement events =  0
[0008.45] EngagementEvents: EngagementEventIcons disabled
[0008.45] PsyNet: PsyNetConnection_X_0 disabled OSCS_ServiceUnavailable
[0008.45] PsyNetStaticData: HandleCacheExpired
[0008.45] PsyNetStaticData: HandleGetURL URL=(https://config.psynet.gg/v2/Config/BattleCars/973704684/Prod/Epic/INT/)
[0008.45] PsyNetStaticData: Blocking sync start
[0008.45] DevOnline: WebRequest_X_0 SEND: https://config.psynet.gg/v2/Config/BattleCars/973704684/Prod/Epic/INT/
[0008.72] DevOnline: WebRequest_X_0 RECV: 200 
[0008.73] Log: FCacheExportTask(..\..\TAGame\Cache\WebCache/aHR0cHM6Ly9jb25maWcucHN5bmV0LmdnL3YyL0NvbmZpZy9CYXR0bGVDYXJzLzk3MzcwNDY4NC9Qcm9kL0VwaWMvSU5ULw==) wrote 299138 bytes to memory
[0008.73] PsyNetStaticData: Blocking sync complete. Elapsed=0.2763
[0008.73] PsyNetStaticData: HandleDataChanged
[0008.74] EngagementEvents: Apply  called. Number of engagement events =  1
[0008.74] EngagementEvents: Engagement Event: Start Time =  1695754800  End Time =  1696986000
[0008.74] EngagementEvents: UpdateEventsCurrentTime  NextEventTime =  0
[0008.79] Log: ProductDatabase_TA::UpdateAvailableProducts  0.05 sec total.
[0009.44] Log: ProductDatabase_TA::InitProductLabels  0.00 sec total.
[0009.44] PsyNet: PsyNetConnection_X_0 enabled
[0009.46] PsyNetStaticData: UpdateCacheTimerEnabled CacheTimer.bEnabled=(True)
[0009.46] EOSGameClips: Construct Constructed EOSGameClipsManager_TA. Self=(EOSGameClipsManager_TA_0)
[0009.47] AuthPsyNetVerbose: New auth error. Error 'OSCS_NotConnected'
[0009.47] AuthPsyNetVerbose: OnlinePlayerAuthentication_TA_0 None Unknown|0|0 Logout
[0009.47] PsyNet: PsyNetConnection_X_1 disabled OSCS_NotConnected
[0009.47] AuthPsyNetVerbose: PsyNet connection status changed. Error 'OSCS_NotConnected'
[0009.47] AuthPsyNetVerbose: New auth error. Error 'OSCS_NotConnected'
[0009.47] AuthPsyNetVerbose: OnlinePlayerAuthentication_TA_0 LoggedOut Unknown|0|0 Logout
[0009.47] AuthPlatformCritical: Initiating auth. Player num '0', Name '', Password length '0'
[0009.47] ScriptLog: HandleBlockListStatusCreated Status=(PlatformBlockListStatus_0) ControllerId=(0)
[0009.47] AuthEpicCritical: Sending Eos login request with Credentials '{Version '3', Id Length '2', Token Length '32', Type 'EOS_LCT_ExchangeCode', SystemAuthCredentialsOptions null? 'Null', ExternalType 'EOS_ECT_EPIC'}'
[0009.47] SaveGame: Load Player.ControllerId=(0) SaveFileName=(..\..\TAGame\SaveDataEpic\DBE_Production\8b0842d692fa4376be289341c7d7187a.save)
[0009.47] Breadcrumbs: Startup_InitOnlineSubsystem: 1.104
[0009.48] DevNet: Browse: MENU_Main_p
[0009.48] Log: LoadMap: MENU_Main_p
[0009.49] Exit: XAudio2 Device shut down.
[0009.51] Log: Fully load package: ..\..\TAGame\CookedPCConsole\GameInfo_GFxMenu_SF.upk
[0009.57] Log: Fully load package: ..\..\TAGame\CookedPCConsole\GFxSounds_MainMenu_SF.upk
[0009.57] Log: Fully load package: ..\..\TAGame\CookedPCConsole\GFX_StartMenu_SF.upk
[0009.67] Log: Fully load package: ..\..\TAGame\CookedPCConsole\GFX_MainMenu_SF.upk
[0009.73] Log: Game class is 'GameInfo_GFxMenu_TA'
[0009.76] Log: Bringing World menu_main_p.TheWorld up for play (0) at 2023.10.27-13.51.06
[0009.76] Log: Flushing async loaders.
[0009.93] Log: Flushed async loaders.
[0009.94] Log: Bringing up level for play took: 0.196068
[0010.24] Log: ########### Finished loading level: 0.758324 seconds
[0010.25] Breadcrumbs: Startup_Browse: 0.779
[0010.25] Log: Initializing Engine Completed
[0010.25] Breadcrumbs: Startup_Total: 10.251
[0010.27] DevOnline: EOSSDK-LogEOSGameClips: Probing for recording system availability.
[0010.27] DevOnline: WebRequest_X_1 SEND: https://rl-cdn.psyonix.com/SpecialEvent/Images/HauntedHallows/2023/RL_HH2023_Event-Screen_logo_V3_as780.png
[0010.28] DevOnline: WebRequest_X_2 SEND: https://rl-cdn.psyonix.com/SpecialEvent/Images/HauntedHallows/2023/RL_HH2023_Event-Screen_asfd879.jpg
[0010.28] DevOnline: WebRequest_X_3 SEND: https://rl-cdn.psyonix.com/LogoImages/S12/Logo_Season_12_INT.png
[0010.29] SaveGame: HandleDataLoaded Result.Code=(BasicLoadResult_Success)
[0010.29] ScriptLog: NetworkSave_TA_0 ApplySettings ReplicationRate=60 NetSpeed=15000 InputRate=60
[0010.54] SaveData: Profile_TA_0 OnLoaded LocalID=(0)
[0010.54] ScriptLog: GetDLCProducts, UnlockedDLCList=
[0010.56] ScriptLog: GetDLCProducts, UnlockedDLCList=
[0010.56] SaveGame: LocalPlayer_TA_0 HandleSaveDataLoaded 
[0010.58] FTECritical: [GFx] Changed active tutorial from 'null' to 'NONE'. Tutorial active? 'false', New checkpoint active? 'false'
[0010.58] FTEVerbose: Checkpoint 'None' attempted completion while the FTE isn't active!
[0010.59] FTECritical: [GFx] Changed active tutorial from 'null' to 'NONE'. Tutorial active? 'false', New checkpoint active? 'false'
[0010.59] FTEVerbose: Checkpoint 'None' attempted completion while the FTE isn't active!
[0010.62] Log: Flushing async loaders.
[0010.94] Log: Flushed async loaders.
[0010.96] Warning: Warning, Material Ball_Football.TranslucentMaterials.Mat_Football_Translucent missing bUsedWithStaticLighting=True!
[0011.06] Log: Detected new XInput controller 0
[0011.06] DevOnline: EOSSDK-LogEOSGameClips: Recording supported and available.
[0011.06] DevOnline: EOSSDK-LogEOSGameClips: Recording availability changed from 'Pending' to 'Available'.
[0011.06] EOSGameClips: EOSGameClips: Availability changed from Pending to Available.
[0011.35] DevOnline: WebRequest_X_1 RECV: 304 
[0011.35] DevOnline: WebRequest_X_2 RECV: 304 
[0011.37] DevOnline: WebRequest_X_3 RECV: 304 
[0011.50] DevOnline: EOSSDK-LogEOSAnalytics: EOS SDK Analytics disabled for route [1].
[0012.14] AuthEpicCritical: Eos login result 'EOS_Success' for player '0'
[0012.33] AuthEpicCritical: Connect login result 'EOS_Success' for player '8b0842d692fa4376be289341c7d7187a', local num '0'
[0012.33] AuthPlatformCritical: Login status changed for player '0' to 'LS_LoggedIn'
[0012.33] AuthPlatformVerbose: Login attempt concluded
[0012.33] AuthEpicVerbose: Requesting cabined status for player '0'
[0012.33] DevOnline: WebRequest_X_4 SEND: https://api.epicgames.dev/epic/id/v1/accounts?accountId=8b0842d692fa4376be289341c7d7187a
[0012.33] PsyNet: PsyNetConnection_X_1 enabled
[0012.33] AuthPsyNetVerbose: PsyNet connection status changed. Error 'None'
[0012.33] AuthPsyNetVerbose: Transitioning to state 'RequestAuthCode'
[0012.33] AuthPsyNetCritical: Requesting auth ticket from platform for 'Epic|8b0842d692fa4376be289341c7d7187a|0'
[0012.33] AuthPsyNetCritical: Platform auth ticket completed with success 'True'
[0012.33] AuthPsyNetVerbose: Transitioning to state 'SendLoginRequest'
[0012.33] AuthPsyNetCritical: Sending login RPC for player '8b0842d692fa4376be289341c7d7187a' Auth ticket required? 'True'
[0012.33] AuthPsyNetCritical: Primary player ID? 'Epic|8b0842d692fa4376be289341c7d7187a|0' Logging In PlayerID '8b0842d692fa4376be289341c7d7187a'
[0012.33] AuthPsyNetVerbose: OnlinePlayerAuthentication_TA_0 SendLoginRequest Epic|8b0842d692fa4376be289341c7d7187a|0 HandleLoginStatusChanged LS_LoggedIn Epic|8b0842d692fa4376be289341c7d7187a|0
[0012.33] Party: HandleLocalPlayerLoginStatusChanged PlayerName=TIKI_THEGREAT PlayerID=Epic|8b0842d692fa4376be289341c7d7187a|0 LoginStatus=LS_LoggedIn IsPrimary=True IsInParty=False
[0012.33] PsyNet: HTTP send ID=PsyNetMessage_X_0 Message=PsyNetMessage_X_0
[0012.33] DevOnline: WebRequest_X_5 SEND: https://api.rlpp.psynet.gg/rpc/Auth/AuthPlayer/v2
[0012.47] ScriptLog: GetDLCProducts, UnlockedDLCList=
[0012.67] Log: Flushing async loaders.
[0012.70] Log: Flushed async loaders.
[0012.76] DevOnline: WebRequest_X_4 RECV: 200 
[0012.76] AuthEpicVerbose: Cabined request completed for user '0' with result 'False', Error 'None'
[0012.88] DevOnline: WebRequest_X_5 RECV: 200 
[0012.88] PsyNet: HTTP recv ID=PsyNetMessage_X_0 Message=PsyNetMessage_X_1
[0012.90] AuthPsyNetCritical: PsyNet auth RPC succeeded for player '8b0842d692fa4376be289341c7d7187a'
[0012.90] AuthPsyNetVerbose: Transitioning to state 'LoggedIn'
[0012.90] AuthPsyNetCritical: Login successful for player '8b0842d692fa4376be289341c7d7187a'
[0012.90] Auth: OnlinePlayer_TA_0 OnlinePlayerAuthentication_TA_0 HandleAuthLoginChange Auth.bLoggedIn=(True)
[0012.90] PsyNet: Enabling PerCon
[0012.90] PsyNet: PsyNetConnection_X_1 SetAuthorized bAuthorized=True
[0012.90] RankedReconnect: LocalPlayer_TA_0.CheckForRankedReconnect() bOpenedStartMenu=(False) IsMenuLevel=(True) bLoggedIn=(True) IsPrimaryPlayer=(True) RankedReconnectAvailable=(False) EpochTime=(0) EpochNow=(1698439869) TimeSince=(1698439869) ReconnectTimeoutSeconds=(900) Reservation=()
[0013.10] PsyNet: PsyNetMessengerWebSocket_X_0 Connected
[0013.10] PsyNet: PsyNetConnection_X_1 UpdateConnectionState bConnected=(True) bFreshConnection=(True)
[0013.10] DevOnline: WebRequest_X_6 SEND: https://api.kws.ol.epicgames.com/v1/epic-settings/public/users/8b0842d692fa4376be289341c7d7187a/values?game=rl
[0013.10] DevOnline: WebRequest_X_7 SEND: https://api.epicgames.dev/epic/friends/v1/8b0842d692fa4376be289341c7d7187a/blocklist
[0013.10] DevOnline: PlayerDataStorage_QueryFileList: Beginning to query files. User=(8b0842d692fa4376be289341c7d7187a)
[0013.10] PsyNetBeaconDetail_X: PsyNetBeacon_X_0 SetPsyNetConnection InPsyNetConnection=(PsyNetConnection_X_1)
[0013.10] PsyNet: PsyNetConnection_X_1 UpdateConnectionState bPerConConnected=(True)
[0013.22] DevOnline: WebRequest_X_7 RECV: 200 
[0013.23] ScriptLog: HandleStatusChanged PrimaryStatus.DownloadStatus=(EB_Success) ControllerId=(0)
[0013.27] ScriptLog: ListenForBlockListDownloaded PrimaryStatus=(PlatformBlockListStatus_0) PrimaryStatus.DownloadStatus=(EB_Success)
[0013.32] DevOnline: PlayerDataStorage_QueryFileList: Finished querying files. User=(8b0842d692fa4376be289341c7d7187a) Success=(1)
[0013.32] DevOnline: PlayerDataStorage_ReadFile: Beginning to download file. User=(8b0842d692fa4376be289341c7d7187a) FileName=(RLSaveData)
[0013.35] EOSVoice: HandleFriendsListChanged
[0013.37] DevOnline: WebRequest_X_8 SEND: https://rl-cdn.psyonix.com/Playlists/Images/Limited_Events_BG_haunted-heatseeker.jpg
[0013.38] DevOnline: WebRequest_X_9 SEND: https://rl-cdn.psyonix.com/Playlists/Images/rl_ltm_heatseeker2022_playlist.png
[0013.42] DevOnline: WebRequest_X_6 RECV: 200 
[0013.42] EOSPermissions: NS=profile SN=p2p-trading PL=null EL=null DV=0 IV=0
[0013.42] EOSPermissions: NS=profile SN=require-pin-to-add-friend PL=False EL=null DV=False IV=False
[0013.42] EOSPermissions: NS=prm SN=marketing PL=null EL=True DV=True IV=True
[0013.42] EOSPermissions: NS=chat SN=voice PL=null EL=null DV=0 IV=0
[0013.42] EOSPermissions: NS=chat SN=text PL=null EL=null DV=0 IV=0
[0013.42] DevOnline: WebRequest_X_10 SEND: https://api.epicgames.dev/epic/friends/v1/8b0842d692fa4376be289341c7d7187a/outgoing
[0013.42] DevOnline: WebRequest_X_8 RECV: 304 
[0013.42] DevOnline: WebRequest_X_9 RECV: 304 
[0013.43] DevOnline: WebRequest_X_11 SEND: https://rl-cdn.psyonix.com/ChallengeIcons/Challenge_Play.jpg
[0013.43] DevOnline: WebRequest_X_12 SEND: https://rl-cdn.psyonix.com/ChallengeIcons/Challenge_Shot.jpg
[0013.43] DevOnline: WebRequest_X_13 SEND: https://rl-cdn.psyonix.com/ChallengeIcons/Challenge_Save.jpg
[0013.43] DevOnline: WebRequest_X_14 SEND: https://rl-cdn.psyonix.com/ChallengeIcons/Challenge_Center.jpg
[0013.43] DevOnline: WebRequest_X_15 SEND: https://rl-cdn.psyonix.com/ChallengeIcons/Challenge_Win.jpg
[0013.43] DevOnline: WebRequest_X_16 SEND: https://rl-cdn.psyonix.com/ChallengeIcons/Challenge_AerialGoal.jpg
[0013.43] DevOnline: WebRequest_X_17 SEND: https://rl-cdn.psyonix.com/ChallengeIcons/Challenge_SAG.jpg
[0013.43] DevOnline: WebRequest_X_18 SEND: https://rl-cdn.psyonix.com/ChallengeIcons/Challenge_Clear.jpg
[0013.43] DevOnline: WebRequest_X_19 SEND: https://rl-cdn.psyonix.com/ChallengeIcons/Challenge_Goal.jpg
[0013.44] DevOnline: WebRequest_X_20 SEND: https://rl-cdn.psyonix.com/ChallengeBanners/NUX_Popup_Octane.png
[0013.44] DevOnline: WebRequest_X_21 SEND: https://rl-cdn.psyonix.com/SpecialEvent/Images/HauntedHallows/2023/RL_Haunted_Hallows_WIDGET_ART_acsh07d8.png
[0013.45] DevOnline: WebRequest_X_22 SEND: https://rl-cdn.psyonix.com/SpecialEvent/Images/HauntedHallows/2023/RL_hh_2023_EventDash_awecf90n8.png
[0013.45] DevOnline: WebRequest_X_23 SEND: https://rl-cdn.psyonix.com/ChallengeBanners/Season_imagery_Reward.png
[0013.45] DevOnline: WebRequest_X_24 SEND: https://rl-cdn.psyonix.com/ChallengeBanners/rl_s12_dash.png
[0013.48] DevOnline: WebRequest_X_11 RECV: 304 
[0013.50] DevOnline: WebRequest_X_12 RECV: 304 
[0013.50] DevOnline: WebRequest_X_13 RECV: 304 
[0013.51] ScriptLog: RegionPinger_X_0 PingRegions ("148.72.166.122:2747","92.204.191.185:3347","13.57.222.33:8411","128.1.225.106:2667","213.179.200.102:19211","13.112.27.76:8863","15.185.233.167:8363","54.66.32.140:8153","185.179.201.72:22187","15.228.112.51:8097","3.111.38.247:7823")
[0013.53] DevOnline: WebRequest_X_10 RECV: 200 
[0013.54] DevOnline: WebRequest_X_14 RECV: 304 
[0013.56] DevOnline: WebRequest_X_15 RECV: 304 
[0013.56] DevOnline: WebRequest_X_16 RECV: 304 
[0013.56] DevOnline: WebRequest_X_17 RECV: 304 
[0013.56] DevOnline: WebRequest_X_18 RECV: 304 
[0013.56] DevOnline: WebRequest_X_19 RECV: 304 
[0013.56] DevOnline: WebRequest_X_20 RECV: 304 
[0013.56] DevOnline: WebRequest_X_21 RECV: 304 
[0013.56] DevOnline: WebRequest_X_23 RECV: 304 
[0013.56] DevOnline: WebRequest_X_24 RECV: 304 
[0013.58] DevOnline: WebRequest_X_22 RECV: 304 
[0014.20] DevOnline: PlayerDataStorage_ReadFile: File download complete. User=(8b0842d692fa4376be289341c7d7187a) FileName=(RLSaveData) Success=(1)
[0014.20] EOSSync: HandleFileReadComplete LocalSaveTick: 210
[0014.20] EOSSync: HandleFileReadComplete OnlineSaveTick: 208
[0014.20] EOSSync: HandleFileReadComplete Local Save is up to date, keeping this file
[0014.22] ScriptLog: NewProductIDs128: 
[0014.22] ScriptLog: GetDLCProducts, UnlockedDLCList=
[0014.22] AuthEpicVerbose: Epic save data loaded
[0014.22] AuthEpicVerbose: [GFx] Epic login changed. m_uiState:StartMenu bPromptParentalConsent:false bPromptToChoosePrimaryAccount:false bEpicSaveDataLoaded:true bPlatformLinked:true
[0014.22] ScriptLog: GetDLCProducts, UnlockedDLCList=
[0014.22] DevOnline: WebRequest_X_25 SEND: https://rl-cdn.psyonix.com/Legal/PC/EULA/INT.txt
[0014.22] DevOnline: WebRequest_X_26 SEND: https://rl-cdn.psyonix.com/Legal/PC/PrivacyPolicy/INT.txt
[0014.27] DevOnline: WebRequest_X_25 RECV: 304 
[0014.27] DevOnline: WebRequest_X_26 RECV: 304 
[0015.43] Matchmaking: All Regions Pinged: USE (0.0833),EU (0.1667),USW (0.0333),ASC (0.1667),ASM (0.1833),JPN (0.1667),ME (0.2333),OCE (0.1500),SAF (0.3333),SAM (0.1911),IND (0.2833)
[0015.43] Log: FCacheExportTask(..\..\TAGame\Cache\RegionCache.cache) wrote 1069 bytes to memory
[0015.48] EOSVoice: HandleFriendsListChanged
[0019.06] EngagementEvents: UpdateEventsCurrentTime  NextEventTime =  0
[0020.15] Log: Assigning XInput controller to 0
[0020.30] Legacy: State Set
[0020.30] FTEVerbose: [GFx] Checking FTE progress: Shown login flow 'false', Legal modal valid? 'true', Online? 'true', Cabined state '0', Legacy state '3'
[0020.30] FTEDev: Trying to start FTE Group Prime_InitialStartup which is already completed and cannot be restarted CurrentActiveGroup.bCanBeDoneAgain=(False) bIgnoreCompletion=(False)
[0020.30] AuthEpicVerbose: [GFx] Showing login flow. Platform linked? 'true' Prompt for epic link? 'false' Prompt for primary? 'false' Prompt for parental consent? 'false' Epic data loaded? 'true' Showing epic flow? 'false'
[0020.30] AuthEpicVerbose: [GFx] Epic flow completed 'false'
[0020.30] FTE: Starting Group:Prime_LegalText at Checkpoint:FTE_PrimaryPlayerIsXboxGuest
[0020.30] FTEDev: Trying to start FTE Group Prime_CarSelect while another Group Prime_LegalText is active
[0020.30] FTEVerbose: [GFx] Checking FTE progress: Shown login flow 'true', Legal modal valid? 'true', Online? 'true', Cabined state '0', Legacy state '3'
[0020.30] FTEDev: Trying to start FTE Group Prime_InitialStartup while another Group Prime_LegalText is active
[0020.30] FTE: CompleteCheckpoint GroupName=(Prime_LegalText) CheckpointName=(FTE_PrimaryPlayerIsXboxGuest)
[0020.30] FTE: Moving to Checkpoint:FTE_PrivacyPolicy
[0020.30] FTEVerbose: [GFx] Checking FTE progress: Shown login flow 'true', Legal modal valid? 'true', Online? 'true', Cabined state '0', Legacy state '3'
[0020.30] FTEDev: Trying to start FTE Group Prime_InitialStartup while another Group Prime_LegalText is active
[0020.30] FTE: CompleteCheckpoint GroupName=(Prime_LegalText) CheckpointName=(FTE_PrivacyPolicy)
[0020.30] FTE: Moving to Checkpoint:FTE_EulaText
[0020.30] FTEVerbose: [GFx] Checking FTE progress: Shown login flow 'true', Legal modal valid? 'true', Online? 'true', Cabined state '0', Legacy state '3'
[0020.30] FTEDev: Trying to start FTE Group Prime_InitialStartup while another Group Prime_LegalText is active
[0020.30] FTE: CompleteCheckpoint GroupName=(Prime_LegalText) CheckpointName=(FTE_EulaText)
[0020.30] FTE: CompleteActiveGroup GroupName:Prime_LegalText
[0020.32] FTEVerbose: [GFx] Checking FTE progress: Shown login flow 'true', Legal modal valid? 'true', Online? 'true', Cabined state '0', Legacy state '3'
[0020.32] FTEDev: Trying to start FTE Group Prime_InitialStartup which is already completed and cannot be restarted CurrentActiveGroup.bCanBeDoneAgain=(False) bIgnoreCompletion=(False)
[0020.32] FTEDev: Group Prime_CarSelect Is not meant for users of type FTESave.LegacyGroupType=(LGT_LegacyUser)
[0020.32] FTEVerbose: [GFx] Checking FTE progress: Shown login flow 'true', Legal modal valid? 'true', Online? 'true', Cabined state '0', Legacy state '3'
[0020.32] FTEDev: Trying to start FTE Group Prime_InitialStartup which is already completed and cannot be restarted CurrentActiveGroup.bCanBeDoneAgain=(False) bIgnoreCompletion=(False)
[0020.32] FTEDev: Group Prime_CarSelect Is not meant for users of type FTESave.LegacyGroupType=(LGT_LegacyUser)
[0020.32] FTEDev: Group Prime_FreeToPlayTutorial_1 Is not meant for users of type FTESave.LegacyGroupType=(LGT_LegacyUser)
[0020.32] FTECritical: [GFx] Changed active tutorial from 'null' to 'NONE'. Tutorial active? 'false', New checkpoint active? 'false'
[0020.32] FTEVerbose: Checkpoint 'None' attempted completion while the FTE isn't active!
[0020.32] FTECritical: [GFx] Changed active tutorial from 'null' to 'NONE'. Tutorial active? 'false', New checkpoint active? 'false'
[0020.32] FTEVerbose: Checkpoint 'None' attempted completion while the FTE isn't active!
[0020.32] FTEVerbose: [GFx] Checking FTE progress: Shown login flow 'true', Legal modal valid? 'true', Online? 'true', Cabined state '0', Legacy state '3'
[0020.32] FTEDev: Trying to start FTE Group Prime_InitialStartup which is already completed and cannot be restarted CurrentActiveGroup.bCanBeDoneAgain=(False) bIgnoreCompletion=(False)
[0020.32] FTEDev: Group Prime_CarSelect Is not meant for users of type FTESave.LegacyGroupType=(LGT_LegacyUser)
[0020.32] FTEDev: Group Prime_FreeToPlayTutorial_1 Is not meant for users of type FTESave.LegacyGroupType=(LGT_LegacyUser)
[0020.33] EngagementEvents: UpdateEventsCurrentTime  NextEventTime =  0
[0020.33] AuthEpicVerbose: [GFx] Epic login changed. m_uiState:MainMenu bPromptParentalConsent:false bPromptToChoosePrimaryAccount:false bEpicSaveDataLoaded:false bPlatformLinked:false
[0020.34] FTEDev: Group Prime_MatchComplete Is not meant for users of type FTESave.LegacyGroupType=(LGT_LegacyUser)
[0020.37] RankedReconnect: LocalPlayer_TA_0.CheckForRankedReconnect() bOpenedStartMenu=(True) IsMenuLevel=(True) bLoggedIn=(True) IsPrimaryPlayer=(True) RankedReconnectAvailable=(False) EpochTime=(0) EpochNow=(1698439877) TimeSince=(1698439877) ReconnectTimeoutSeconds=(900) Reservation=()
[0020.37] MTX: ConditionalClaimEntitlements bAllowEntitlements=(True) bClaimingEntitlements=(False) bEntitlementsDirty=(True) PsyNetConnected=(True) SplitscreenID=(0) bMtxCodeExpired=(False)
[0020.37] MTX: HandleMtxCode bSuccess=True
[0020.38] EngagementEvents: UpdateEventsCurrentTime  NextEventTime =  0
[0020.41] Log: FSaveDataExportTask(0) wrote 502279 bytes to memory
[0020.41] Log: SaveGameDataAsync game thread time: 4 ms
[0020.42] DevOnline: WebRequest_X_27 SEND: https://rl-cdn.psyonix.com/Blog/Images/RL_HH2023-shop-tab_tri-panel.png
[0020.42] DevOnline: WebRequest_X_28 SEND: https://rl-cdn.psyonix.com/Blog/Images/RL_HH2023-challenge-rewards_tri-panel.png
[0020.43] Log: Deleting old save file ..\..\TAGame\SaveDataEpic\DBE_Production\8b0842d692fa4376be289341c7d7187a_1.save
[0020.43] Log: SaveDataExport(0): Finished - File:[..\..\TAGame\SaveDataEpic\DBE_Production\8b0842d692fa4376be289341c7d7187a.save] Result:[1]
[0020.43] DevOnline: WebRequest_X_29 SEND: https://rl-cdn.psyonix.com/Blog/Images/RL_HH2023-key-art_tri-panel.png
[0020.49] DevOnline: WebRequest_X_27 RECV: 304 
[0020.49] DevOnline: WebRequest_X_28 RECV: 304 
[0020.49] DevOnline: WebRequest_X_29 RECV: 304 
[0020.74] MTX: HandleClaimSuccess Products=0
[0041.53] Online: TryToPlayOnline ControllerID=(-1)
[0041.55] Online: HandlePrivilegeCheckFinished PrivilegeCheck.bHasRestriction=(False)
[0041.55] Online: HandlePrivilegeCheck PrivilegeCheck.bHasRestriction=(False)
[0041.60] EngagementEvents: UpdateEventsCurrentTime  NextEventTime =  0
[0043.81] Loadout: Could not find package for asset title_generic_T_SF
[0046.96] PsyNet: PsyNetServiceProvider_X_1 ExecuteService Complete, Service=Challenges/PlayerProgress 
[0046.98] PsyNet: PsyNetServiceProvider_X_1 ExecuteService Complete, Service=Reward/RewardResult 
[0046.98] ScriptLog: GetDLCProducts, UnlockedDLCList=
[0054.02] Log: FSaveDataExportTask(0) wrote 502744 bytes to memory
[0054.02] Log: SaveGameDataAsync game thread time: 3 ms
[0054.04] Log: Deleting old save file ..\..\TAGame\SaveDataEpic\DBE_Production\8b0842d692fa4376be289341c7d7187a_2.save
[0054.04] Log: SaveDataExport(0): Finished - File:[..\..\TAGame\SaveDataEpic\DBE_Production\8b0842d692fa4376be289341c7d7187a_1.save] Result:[1]
[0070.66] DevOnline: WebRequest_X_30 SEND: https://datarouter.ol.epicgames.com/datarouter/api/v1/public/data?AppID=RocketLeague.Release&AppVersion=973704684&AppEnvironment=Prod&UploadType=eteventstream&UserID=|8b0842d692fa4376be289341c7d7187a|||Epic|8b0842d692fa4376be289341c7d7187a|0&SessionID=AA0C61134E20AE0AACB826A957E29A96
[0071.06] DevOnline: WebRequest_X_30 RECV: 204 
[0072.66] EngagementEvents: UpdateEventsCurrentTime  NextEventTime =  0
[0073.76] EngagementEvents: UpdateEventsCurrentTime  NextEventTime =  0
[0085.30] Online: TryToPlayOnline ControllerID=(-1)
[0085.32] Online: HandlePrivilegeCheckFinished PrivilegeCheck.bHasRestriction=(False)
[0085.32] Online: HandlePrivilegeCheck PrivilegeCheck.bHasRestriction=(False)
[0085.33] EngagementEvents: UpdateEventsCurrentTime  NextEventTime =  0
[0088.63] Online: TryToPlayOnline ControllerID=(-1)
[0088.64] Online: HandlePrivilegeCheckFinished PrivilegeCheck.bHasRestriction=(False)
[0088.64] Online: HandlePrivilegeCheck PrivilegeCheck.bHasRestriction=(False)
[0088.64] Prime24121: StartSearch.PreferredRegions.Length 2
[0088.64] Matchmaking: OnlineGameMatchmaking_X_0 OnlineGameMatchmaking_X -> PingRegions
[0088.65] EngagementEvents: UpdateEventsCurrentTime  NextEventTime =  0
[0088.79] ScriptLog: RegionPinger_X_1 PingRegions ("209.191.164.60:2987","104.153.85.121:13934","109.200.215.74:16943","34.126.100.152:3887","103.194.166.121:20394","31.204.146.32:23514","52.221.231.2:8731","185.50.106.133:25549","157.175.44.227:8859","13.232.210.113:8711","185.179.201.76:26406")
[0090.07] Matchmaking: All Regions Pinged: USW (0.0333),USE (0.0833),OCE (0.1833),ASC (0.1833),JPN (0.2000),EU (0.1667),ASM (0.2167),SAM (0.2000),ME (0.2500),IND (0.2833),SAF (0.3167)
[0090.07] Log: FCacheExportTask(..\..\TAGame\Cache\RegionCache.cache) wrote 1069 bytes to memory
[0090.07] Matchmaking: OnlineGameMatchmaking_X_0 PingRegions -> Searching
[0090.07] Prime24121: HandleRegionsPinged.PreferredRegions.Length 2
[0090.07] Matchmaking: OnlineGameMatchmaking_X::RecordStart
[0090.07] Matchmaking: Pre-divide PartyLeaderMMR: 25.0000
[0090.07] Matchmaking: Post-divide PartyLeaderMMR: 25.0000
[0090.07] Matchmaking: PartyLeaderTier=(0)
[0090.07] Matchmaking: StartMatchmaking at 2023-10-27 20:52:26 in USW,USE for playlists 13 on game server 
[0090.07] Matchmaking: Creating RPC_StartMatchmaking_X
[0090.07] Matchmaking: PreferredRegions.Length=(2) PreferredPlaylists.Length=(1) Party.GetOrderedPartyMemberIDs().Length=(1)
[0090.07] Matchmaking: SecondsSearching=(1) CurrentServerID=() bDisableCrossplay=(False) bIgnoreSkill=(False)
[0090.24] Matchmaking: Matchmaking RPC succeeded.
[0090.24] Matchmaking: EstimatedQueueTime=(33.0000)
[0096.44] EngagementEvents: UpdateEventsCurrentTime  NextEventTime =  0
[0096.50] EngagementEvents: UpdateEventsCurrentTime  NextEventTime =  0
[0098.09] DevOnline: PlayerDataStorage_WriteFile: Beginning to upload file. User=(8b0842d692fa4376be289341c7d7187a) FileName=(RLSaveData)
[0098.09] EngagementEvents: UpdateEventsCurrentTime  NextEventTime =  0
[0098.19] Log: FSaveDataExportTask(0) wrote 502933 bytes to memory
[0098.19] Log: SaveGameDataAsync game thread time: 3 ms
[0098.21] Log: Deleting old save file ..\..\TAGame\SaveDataEpic\DBE_Production\8b0842d692fa4376be289341c7d7187a.save
[0098.21] Log: SaveDataExport(0): Finished - File:[..\..\TAGame\SaveDataEpic\DBE_Production\8b0842d692fa4376be289341c7d7187a_2.save] Result:[1]
[0099.71] DevOnline: PlayerDataStorage_WriteFile: File upload complete. User=(8b0842d692fa4376be289341c7d7187a) FileName=(RLSaveData) Success=(1)
[0105.09] PsyNetBeaconDetail_X: PsyNetBeacon_X_0 ReserveConnection ReservationID=(BC89C30D597A4206BDB0512BB7EAFD14) ConnectionID=(eyJ0eXAiOiJKV1QiLCJhbGciOiJIUzUxMiJ9.eyJqdGkiOiJPNnUyR2pZQyIsImlzcyI6IlBzeU5ldCIsInBsYXllcl9pZCI6IkVwaWN8OGIwODQyZDY5MmZhNDM3NmJlMjg5MzQxYzdkNzE4N2F8MCIsInNlcnZlcl9uYW1lIjoiVVNXNTAzLUhvdHNob3QyIiwiaWF0IjoxNjk4NDM5OTYxLCJuYmYiOjE2OTg0Mzk5NjEsImV4cCI6MTY5ODQ1NDM2MX0.T34q_mhouORogVEbgfqZJxCl6Apc0jLSDFdX2JmA8fOrj-nP-LBbDvd-9V53XOHu4UB_LPyiLzS2yWDRumyyOg)
[0105.09] PsyNetBeaconDetail_X: PsyNetBeacon_X_0 ClientHandleMessage Message.MessageType=(ClientReservationMessage_X) Message.ReservationID=(BC89C30D597A4206BDB0512BB7EAFD14)
[0105.09] CheckReservation: Received game server from notification (v3) Message.Reservation=((ServerName="USW503-Hotshot2",Playlist=13,Region="USW",ReservationID="BC89C30D597A4206BDB0512BB7EAFD14",DSRToken="eyJ0eXAiOiJKV1QiLCJhbGciOiJIUzUxMiJ9.eyJqdGkiOiJPNnUyR2pZQyIsImlzcyI6IlBzeU5ldCIsInBsYXllcl9pZCI6IkVwaWN8OGIwODQyZDY5MmZhNDM3NmJlMjg5MzQxYzdkNzE4N2F8MCIsInNlcnZlcl9uYW1lIjoiVVNXNTAzLUhvdHNob3QyIiwiaWF0IjoxNjk4NDM5OTYxLCJuYmYiOjE2OTg0Mzk5NjEsImV4cCI6MTY5ODQ1NDM2MX0.T34q_mhouORogVEbgfqZJxCl6Apc0jLSDFdX2JmA8fOrj-nP-LBbDvd-9V53XOHu4UB_LPyiLzS2yWDRumyyOg",JoinName="Z648GMK5OIFX1G2D",JoinPassword="IEM96Z4YORS3XYHN"))
[0105.09] JoinGame: StartJoin Reservation=((ServerName="USW503-Hotshot2",Playlist=13,Region="USW",ReservationID="BC89C30D597A4206BDB0512BB7EAFD14",DSRToken="eyJ0eXAiOiJKV1QiLCJhbGciOiJIUzUxMiJ9.eyJqdGkiOiJPNnUyR2pZQyIsImlzcyI6IlBzeU5ldCIsInBsYXllcl9pZCI6IkVwaWN8OGIwODQyZDY5MmZhNDM3NmJlMjg5MzQxYzdkNzE4N2F8MCIsInNlcnZlcl9uYW1lIjoiVVNXNTAzLUhvdHNob3QyIiwiaWF0IjoxNjk4NDM5OTYxLCJuYmYiOjE2OTg0Mzk5NjEsImV4cCI6MTY5ODQ1NDM2MX0.T34q_mhouORogVEbgfqZJxCl6Apc0jLSDFdX2JmA8fOrj-nP-LBbDvd-9V53XOHu4UB_LPyiLzS2yWDRumyyOg",JoinName="Z648GMK5OIFX1G2D",JoinPassword="IEM96Z4YORS3XYHN")) JoinSettings=((PlaylistId=13))
[0105.09] JoinGame: GotoJoinGameState OnlineGameJoinGame_TA -> VerifyPrivileges
[0105.09] Online: TryToPlayOnline ControllerID=(-1)
[0105.09] Matchmaking: OnlineGameMatchmaking_X_0 Searching -> Joining
[0105.11] Online: HandlePrivilegeCheckFinished PrivilegeCheck.bHasRestriction=(False)
[0105.11] JoinGame: GotoJoinGameState VerifyPrivileges -> ReservingServerForMatchmaking
[0105.11] PsyNetBeaconDetail_X: PsyNetBeacon_X_0 SendMessageToServer Message=(AddReservationMessagePublic_X_0)
[0105.11] PsyNet: PsyNetServiceProvider_X_1 ExecuteService Complete, Service=DSR/ClientMessage 
[0105.56] PsyNetBeaconDetail_X: PsyNetBeacon_X_0 ClientHandleMessage Message.MessageType=(ReservationsWaitingMessage_X) Message.ReservationID=(BC89C30D597A4206BDB0512BB7EAFD14)
[0105.56] JoinGame: Waiting for more players to add reservations
[0105.56] Party: HandleServerReserved (Reservation=(ServerName="USW503-Hotshot2",Playlist=13,Region="USW",ReservationID="BC89C30D597A4206BDB0512BB7EAFD14",DSRToken="eyJ0eXAiOiJKV1QiLCJhbGciOiJIUzUxMiJ9.eyJqdGkiOiJPNnUyR2pZQyIsImlzcyI6IlBzeU5ldCIsInBsYXllcl9pZCI6IkVwaWN8OGIwODQyZDY5MmZhNDM3NmJlMjg5MzQxYzdkNzE4N2F8MCIsInNlcnZlcl9uYW1lIjoiVVNXNTAzLUhvdHNob3QyIiwiaWF0IjoxNjk4NDM5OTYxLCJuYmYiOjE2OTg0Mzk5NjEsImV4cCI6MTY5ODQ1NDM2MX0.T34q_mhouORogVEbgfqZJxCl6Apc0jLSDFdX2JmA8fOrj-nP-LBbDvd-9V53XOHu4UB_LPyiLzS2yWDRumyyOg",JoinName="Z648GMK5OIFX1G2D",JoinPassword="IEM96Z4YORS3XYHN"),JoinCredentials="Z648GMK5OIFX1G2D:IEM96Z4YORS3XYHN")
[0105.58] PsyNet: PsyNetServiceProvider_X_1 ExecuteService Complete, Service=DSR/ClientMessage 
[0108.11] PsyNetBeaconDetail_X: PsyNetBeacon_X_0 SendMessageToServer Message=(PingMessage_X_0)
[0108.47] PsyNetBeaconDetail_X: PsyNetBeacon_X_0 ClientHandleMessage Message.MessageType=(PingMessage_X) Message.ReservationID=(BC89C30D597A4206BDB0512BB7EAFD14)
[0108.48] PsyNet: PsyNetServiceProvider_X_1 ExecuteService Complete, Service=DSR/ClientMessage 
[0111.10] PsyNetBeaconDetail_X: PsyNetBeacon_X_0 SendMessageToServer Message=(PingMessage_X_2)
[0111.47] PsyNetBeaconDetail_X: PsyNetBeacon_X_0 ClientHandleMessage Message.MessageType=(PingMessage_X) Message.ReservationID=(BC89C30D597A4206BDB0512BB7EAFD14)
[0111.48] PsyNet: PsyNetServiceProvider_X_1 ExecuteService Complete, Service=DSR/ClientMessage 
[0114.09] PsyNetBeaconDetail_X: PsyNetBeacon_X_0 SendMessageToServer Message=(PingMessage_X_4)
[0114.48] PsyNetBeaconDetail_X: PsyNetBeacon_X_0 ClientHandleMessage Message.MessageType=(PingMessage_X) Message.ReservationID=(BC89C30D597A4206BDB0512BB7EAFD14)
[0114.49] PsyNet: PsyNetServiceProvider_X_1 ExecuteService Complete, Service=DSR/ClientMessage 
[0117.10] PsyNetBeaconDetail_X: PsyNetBeacon_X_0 SendMessageToServer Message=(PingMessage_X_6)
[0117.43] PsyNetBeaconDetail_X: PsyNetBeacon_X_0 ClientHandleMessage Message.MessageType=(PingMessage_X) Message.ReservationID=(BC89C30D597A4206BDB0512BB7EAFD14)
[0117.45] PsyNet: PsyNetServiceProvider_X_1 ExecuteService Complete, Service=DSR/ClientMessage 
[0120.10] PsyNetBeaconDetail_X: PsyNetBeacon_X_0 SendMessageToServer Message=(PingMessage_X_8)
[0120.52] PsyNetBeaconDetail_X: PsyNetBeacon_X_0 ClientHandleMessage Message.MessageType=(ReservationsTimedOutMessage_X) Message.ReservationID=(BC89C30D597A4206BDB0512BB7EAFD14)
[0120.52] JoinGame: Timed out waiting for players
[0120.52] JoinGame: OnJoinGameComplete bSuccess=(False) FailReason=(Not all players connected. (Error: 64))
[0120.52] JoinGame: GotoJoinGameState ReservingServerForMatchmaking -> None
[0120.52] PsyNetBeaconDetail_X: PsyNetBeacon_X_0 Close
[0120.52] PsyNetBeaconDetail_X: PsyNetBeacon_X_0 CloseConnection Connection.ConnectionID=(eyJ0eXAiOiJKV1QiLCJhbGciOiJIUzUxMiJ9.eyJqdGkiOiJPNnUyR2pZQyIsImlzcyI6IlBzeU5ldCIsInBsYXllcl9pZCI6IkVwaWN8OGIwODQyZDY5MmZhNDM3NmJlMjg5MzQxYzdkNzE4N2F8MCIsInNlcnZlcl9uYW1lIjoiVVNXNTAzLUhvdHNob3QyIiwiaWF0IjoxNjk4NDM5OTYxLCJuYmYiOjE2OTg0Mzk5NjEsImV4cCI6MTY5ODQ1NDM2MX0.T34q_mhouORogVEbgfqZJxCl6Apc0jLSDFdX2JmA8fOrj-nP-LBbDvd-9V53XOHu4UB_LPyiLzS2yWDRumyyOg)
[0120.52] Matchmaking: OnlineGameMatchmaking_X_0 Joining -> PingRegions
[0120.52] Matchmaking: OnlineGameMatchmaking_X_0 PingRegions -> Searching
[0120.52] Prime24121: HandleRegionsPinged.PreferredRegions.Length 2
[0120.52] Matchmaking: OnlineGameMatchmaking_X::RecordStart
[0120.52] Matchmaking: Pre-divide PartyLeaderMMR: 25.0000
[0120.52] Matchmaking: Post-divide PartyLeaderMMR: 25.0000
[0120.52] Matchmaking: PartyLeaderTier=(0)
[0120.52] Matchmaking: StartMatchmaking at 2023-10-27 20:52:57 in USW,USE for playlists 13 on game server 
[0120.52] Matchmaking: Creating RPC_StartMatchmaking_X
[0120.52] Matchmaking: PreferredRegions.Length=(2) PreferredPlaylists.Length=(1) Party.GetOrderedPartyMemberIDs().Length=(1)
[0120.52] Matchmaking: SecondsSearching=(31) CurrentServerID=() bDisableCrossplay=(False) bIgnoreSkill=(False)
[0120.53] PsyNet: PsyNetServiceProvider_X_1 ExecuteService Complete, Service=DSR/ClientMessage 
[0120.67] Matchmaking: Matchmaking RPC succeeded.
[0120.67] Matchmaking: EstimatedQueueTime=(33.0000)
[0130.66] DevOnline: WebRequest_X_31 SEND: https://datarouter.ol.epicgames.com/datarouter/api/v1/public/data?AppID=RocketLeague.Release&AppVersion=973704684&AppEnvironment=Prod&UploadType=eteventstream&UserID=|8b0842d692fa4376be289341c7d7187a|||Epic|8b0842d692fa4376be289341c7d7187a|0&SessionID=AA0C61134E20AE0AACB826A957E29A96
[0130.75] EngagementEvents: UpdateEventsCurrentTime  NextEventTime =  0
[0130.77] DevOnline: WebRequest_X_31 RECV: 204 
[0132.04] DevOnline: PlayerDataStorage_WriteFile: Beginning to upload file. User=(8b0842d692fa4376be289341c7d7187a) FileName=(RLSaveData)
[0132.04] EngagementEvents: UpdateEventsCurrentTime  NextEventTime =  0
[0132.05] Log: FSaveDataExportTask(0) wrote 503128 bytes to memory
[0132.05] Log: SaveGameDataAsync game thread time: 3 ms
[0132.07] Log: Deleting old save file ..\..\TAGame\SaveDataEpic\DBE_Production\8b0842d692fa4376be289341c7d7187a_1.save
[0132.07] Log: SaveDataExport(0): Finished - File:[..\..\TAGame\SaveDataEpic\DBE_Production\8b0842d692fa4376be289341c7d7187a.save] Result:[1]
[0133.56] DevOnline: PlayerDataStorage_WriteFile: File upload complete. User=(8b0842d692fa4376be289341c7d7187a) FileName=(RLSaveData) Success=(1)
[0134.37] EngagementEvents: UpdateEventsCurrentTime  NextEventTime =  0
[0137.54] EngagementEvents: UpdateEventsCurrentTime  NextEventTime =  0
[0138.81] Online: TryToPlayOnline ControllerID=(-1)
[0138.83] Online: HandlePrivilegeCheckFinished PrivilegeCheck.bHasRestriction=(False)
[0138.83] Online: HandlePrivilegeCheck PrivilegeCheck.bHasRestriction=(False)
[0138.95] EngagementEvents: UpdateEventsCurrentTime  NextEventTime =  0
[0139.27] DevOnline: WebRequest_X_32 SEND: https://rl-cdn.psyonix.com/ShopImages/NBC/RL_HH2023_Bundle_thumbnail_fasd1.jpg
[0139.27] DevOnline: WebRequest_X_33 SEND: https://rl-cdn.psyonix.com/ShopImages/NBC/RL_HH2023_Jack_Bundle_Thumbnail_wef87a0d9.jpg
[0139.27] DevOnline: WebRequest_X_34 SEND: https://rl-cdn.psyonix.com/ShopImages/NBC/RL_HH2023_Oogie_Boogie_Bundle_thumbnail_sd780vf.jpg
[0139.27] DevOnline: WebRequest_X_35 SEND: https://rl-cdn.psyonix.com/ShopImages/NBC/RL_HH2023_Sandy_Claws_Bundle_Thumbnail_sda78h0.jpg
[0139.28] DevOnline: WebRequest_X_36 SEND: https://rl-cdn.psyonix.com/ShopImages/NBC/RL_HH2023_Sally_Bundle_Thumbnail_as856.jpg
[0139.28] DevOnline: WebRequest_X_37 SEND: https://rl-cdn.psyonix.com/ShopImages/NBC/RL_HH2023_Jack_GE_Bundle_Thumbnail_sanupdi.jpg
[0139.28] DevOnline: WebRequest_X_38 SEND: https://rl-cdn.psyonix.com/ShopImages/NBC/rl_HH_Theme_Bundle_thumbnail_sda987.jpg
[0139.30] DevOnline: WebRequest_X_39 SEND: https://rl-cdn.psyonix.com/ShopImages/CreditBundles/rl_radreptile_thumbnail_as5f4gd.jpg
[0139.30] DevOnline: WebRequest_X_40 SEND: https://rl-cdn.psyonix.com/ShopImages/CreditBundles/rl_violetvalor_thumbnail_a78s.jpg
[0139.32] DevOnline: WebRequest_X_32 RECV: 304 
[0139.32] DevOnline: WebRequest_X_33 RECV: 304 
[0139.32] DevOnline: WebRequest_X_34 RECV: 304 
[0139.35] DevOnline: WebRequest_X_39 RECV: 304 
[0139.35] DevOnline: WebRequest_X_40 RECV: 304 
[0139.40] DevOnline: WebRequest_X_35 RECV: 304 
[0139.42] DevOnline: WebRequest_X_36 RECV: 304 
[0139.42] DevOnline: WebRequest_X_37 RECV: 304 
[0139.42] DevOnline: WebRequest_X_38 RECV: 304 
[0143.31] Log: Flushing async loaders.
[0143.31] Log: Flushed async loaders.
[0143.38] Log: Flushing async loaders.
[0143.38] Log: Flushed async loaders.
[0149.17] PsyNetBeaconDetail_X: PsyNetBeacon_X_0 ReserveConnection ReservationID=(E652A62ECA664635A093EBBEF4903E1A) ConnectionID=(eyJ0eXAiOiJKV1QiLCJhbGciOiJIUzUxMiJ9.eyJqdGkiOiJCUGFEd2JrUyIsImlzcyI6IlBzeU5ldCIsInBsYXllcl9pZCI6IkVwaWN8OGIwODQyZDY5MmZhNDM3NmJlMjg5MzQxYzdkNzE4N2F8MCIsInNlcnZlcl9uYW1lIjoiVVNXNjA0LUFmdGVyYnVybjUiLCJpYXQiOjE2OTg0NDAwMDUsIm5iZiI6MTY5ODQ0MDAwNSwiZXhwIjoxNjk4NDU0NDA1fQ.TqOJ-kAM8ufAhK5n83n6dHe6S4QWtxCLjOjkepp5h-Gm1B2A_pfQ9Se5eSrpmvObltd7DRKWPScgh18ItgLiZg)
[0149.17] PsyNetBeaconDetail_X: PsyNetBeacon_X_0 ClientHandleMessage Message.MessageType=(ClientReservationMessage_X) Message.ReservationID=(E652A62ECA664635A093EBBEF4903E1A)
[0149.17] CheckReservation: Received game server from notification (v3) Message.Reservation=((ServerName="USW604-Afterburn5",Playlist=13,Region="USW",ReservationID="E652A62ECA664635A093EBBEF4903E1A",DSRToken="eyJ0eXAiOiJKV1QiLCJhbGciOiJIUzUxMiJ9.eyJqdGkiOiJCUGFEd2JrUyIsImlzcyI6IlBzeU5ldCIsInBsYXllcl9pZCI6IkVwaWN8OGIwODQyZDY5MmZhNDM3NmJlMjg5MzQxYzdkNzE4N2F8MCIsInNlcnZlcl9uYW1lIjoiVVNXNjA0LUFmdGVyYnVybjUiLCJpYXQiOjE2OTg0NDAwMDUsIm5iZiI6MTY5ODQ0MDAwNSwiZXhwIjoxNjk4NDU0NDA1fQ.TqOJ-kAM8ufAhK5n83n6dHe6S4QWtxCLjOjkepp5h-Gm1B2A_pfQ9Se5eSrpmvObltd7DRKWPScgh18ItgLiZg",JoinName="RG6JKQ2Y26300VOU",JoinPassword="DZUXTIQ3S4F7GONY"))
[0149.17] JoinGame: StartJoin Reservation=((ServerName="USW604-Afterburn5",Playlist=13,Region="USW",ReservationID="E652A62ECA664635A093EBBEF4903E1A",DSRToken="eyJ0eXAiOiJKV1QiLCJhbGciOiJIUzUxMiJ9.eyJqdGkiOiJCUGFEd2JrUyIsImlzcyI6IlBzeU5ldCIsInBsYXllcl9pZCI6IkVwaWN8OGIwODQyZDY5MmZhNDM3NmJlMjg5MzQxYzdkNzE4N2F8MCIsInNlcnZlcl9uYW1lIjoiVVNXNjA0LUFmdGVyYnVybjUiLCJpYXQiOjE2OTg0NDAwMDUsIm5iZiI6MTY5ODQ0MDAwNSwiZXhwIjoxNjk4NDU0NDA1fQ.TqOJ-kAM8ufAhK5n83n6dHe6S4QWtxCLjOjkepp5h-Gm1B2A_pfQ9Se5eSrpmvObltd7DRKWPScgh18ItgLiZg",JoinName="RG6JKQ2Y26300VOU",JoinPassword="DZUXTIQ3S4F7GONY")) JoinSettings=((PlaylistId=13))
[0149.17] JoinGame: GotoJoinGameState OnlineGameJoinGame_TA -> VerifyPrivileges
[0149.17] Online: TryToPlayOnline ControllerID=(-1)
[0149.17] Matchmaking: OnlineGameMatchmaking_X_0 Searching -> Joining
[0149.18] Online: HandlePrivilegeCheckFinished PrivilegeCheck.bHasRestriction=(False)
[0149.18] JoinGame: GotoJoinGameState VerifyPrivileges -> ReservingServerForMatchmaking
[0149.18] PsyNetBeaconDetail_X: PsyNetBeacon_X_0 SendMessageToServer Message=(AddReservationMessagePublic_X_1)
[0149.18] PsyNet: PsyNetServiceProvider_X_1 ExecuteService Complete, Service=DSR/ClientMessage 
[0149.90] PsyNetBeaconDetail_X: PsyNetBeacon_X_0 ClientHandleMessage Message.MessageType=(ReservationsWaitingMessage_X) Message.ReservationID=(E652A62ECA664635A093EBBEF4903E1A)
[0149.90] JoinGame: Waiting for more players to add reservations
[0149.90] Party: HandleServerReserved (Reservation=(ServerName="USW604-Afterburn5",Playlist=13,Region="USW",ReservationID="E652A62ECA664635A093EBBEF4903E1A",DSRToken="eyJ0eXAiOiJKV1QiLCJhbGciOiJIUzUxMiJ9.eyJqdGkiOiJCUGFEd2JrUyIsImlzcyI6IlBzeU5ldCIsInBsYXllcl9pZCI6IkVwaWN8OGIwODQyZDY5MmZhNDM3NmJlMjg5MzQxYzdkNzE4N2F8MCIsInNlcnZlcl9uYW1lIjoiVVNXNjA0LUFmdGVyYnVybjUiLCJpYXQiOjE2OTg0NDAwMDUsIm5iZiI6MTY5ODQ0MDAwNSwiZXhwIjoxNjk4NDU0NDA1fQ.TqOJ-kAM8ufAhK5n83n6dHe6S4QWtxCLjOjkepp5h-Gm1B2A_pfQ9Se5eSrpmvObltd7DRKWPScgh18ItgLiZg",JoinName="RG6JKQ2Y26300VOU",JoinPassword="DZUXTIQ3S4F7GONY"),JoinCredentials="RG6JKQ2Y26300VOU:DZUXTIQ3S4F7GONY")
[0149.92] PsyNet: PsyNetServiceProvider_X_1 ExecuteService Complete, Service=DSR/ClientMessage 
[0150.35] PsyNetBeaconDetail_X: PsyNetBeacon_X_0 ClientHandleMessage Message.MessageType=(ReservationsReadyMessage_X) Message.ReservationID=(E652A62ECA664635A093EBBEF4903E1A)
[0150.35] DevNet: Add Network Encryption {PlayerID=Epic|8b0842d692fa4376be289341c7d7187a|0 Key={Key=31956A8DA1589DD4647394331746469D49854332FFBC3A33406742168B77C717 IV=F2FA444DF7F2A74AC64F61AF7DD24A24 HMAC=28D28F45D49E8520AC9073265499C5EB3A601384EF123844E0D5753059D40F3B Session=33D1F35AE0B33F486C8108F80C9B51D3}}
[0150.35] Party: HandleServerReserved (Reservation=(ServerName="USW604-Afterburn5",Playlist=13,Region="USW",ReservationID="E652A62ECA664635A093EBBEF4903E1A",DSRToken="eyJ0eXAiOiJKV1QiLCJhbGciOiJIUzUxMiJ9.eyJqdGkiOiJCUGFEd2JrUyIsImlzcyI6IlBzeU5ldCIsInBsYXllcl9pZCI6IkVwaWN8OGIwODQyZDY5MmZhNDM3NmJlMjg5MzQxYzdkNzE4N2F8MCIsInNlcnZlcl9uYW1lIjoiVVNXNjA0LUFmdGVyYnVybjUiLCJpYXQiOjE2OTg0NDAwMDUsIm5iZiI6MTY5ODQ0MDAwNSwiZXhwIjoxNjk4NDU0NDA1fQ.TqOJ-kAM8ufAhK5n83n6dHe6S4QWtxCLjOjkepp5h-Gm1B2A_pfQ9Se5eSrpmvObltd7DRKWPScgh18ItgLiZg",JoinName="RG6JKQ2Y26300VOU",JoinPassword="DZUXTIQ3S4F7GONY"),PingURL="13.57.222.33:8515",GameURL="13.57.222.33:8514",JoinCredentials="RG6JKQ2Y26300VOU:DZUXTIQ3S4F7GONY")
[0150.35] JoinGame: GotoJoinGameState ReservingServerForMatchmaking -> JoinCountdown
[0150.35] PsyNetBeaconDetail_X: PsyNetBeacon_X_0 SendMessageToServer Message=(PingMessage_X_9)
[0150.37] PsyNet: PsyNetServiceProvider_X_1 ExecuteService Complete, Service=DSR/ClientMessage 
[0150.87] PsyNetBeaconDetail_X: PsyNetBeacon_X_0 ClientHandleMessage Message.MessageType=(PingMessage_X) Message.ReservationID=(E652A62ECA664635A093EBBEF4903E1A)
[0150.88] PsyNet: PsyNetServiceProvider_X_1 ExecuteService Complete, Service=DSR/ClientMessage 
[0153.35] JoinGame: GotoJoinGameState JoinCountdown -> OpeningLoadingScreen
[0153.35] RankedReconnect: OnlineGameJoinGame_TA_0::OpeningLoadingScreen.BeginState()
[0153.35] RankedReconnect: LocalPlayer_TA_0.UpdateRankedReconnect() RankedStandard True 6 False
[0153.35] RankedReconnect: RankedReconnectSave_TA_0.SetRankedReconnect() Server=((Reservation=(ServerName="USW604-Afterburn5",Playlist=13,Region="USW",ReservationID="E652A62ECA664635A093EBBEF4903E1A",DSRToken="eyJ0eXAiOiJKV1QiLCJhbGciOiJIUzUxMiJ9.eyJqdGkiOiJCUGFEd2JrUyIsImlzcyI6IlBzeU5ldCIsInBsYXllcl9pZCI6IkVwaWN8OGIwODQyZDY5MmZhNDM3NmJlMjg5MzQxYzdkNzE4N2F8MCIsInNlcnZlcl9uYW1lIjoiVVNXNjA0LUFmdGVyYnVybjUiLCJpYXQiOjE2OTg0NDAwMDUsIm5iZiI6MTY5ODQ0MDAwNSwiZXhwIjoxNjk4NDU0NDA1fQ.TqOJ-kAM8ufAhK5n83n6dHe6S4QWtxCLjOjkepp5h-Gm1B2A_pfQ9Se5eSrpmvObltd7DRKWPScgh18ItgLiZg",JoinName="RG6JKQ2Y26300VOU",JoinPassword="DZUXTIQ3S4F7GONY"),PingURL="13.57.222.33:8515",GameURL="13.57.222.33:8514",JoinCredentials="RG6JKQ2Y26300VOU:DZUXTIQ3S4F7GONY")) EpochNow=(1698440010)
[0153.35] DevNet: Browse: JoinGameTransition?game=TAGame.GameInfo_Transition_TA
[0153.43] EngagementEvents: UpdateEventsCurrentTime  NextEventTime =  0
[0153.43] EngagementEvents: UpdateEventsCurrentTime  NextEventTime =  0
[0153.43] Log: FSaveDataExportTask(0) wrote 503994 bytes to memory
[0153.43] Log: SaveGameDataAsync game thread time: 3 ms
[0153.45] Log: Deleting old save file ..\..\TAGame\SaveDataEpic\DBE_Production\8b0842d692fa4376be289341c7d7187a_2.save
[0153.45] Log: SaveDataExport(0): Finished - File:[..\..\TAGame\SaveDataEpic\DBE_Production\8b0842d692fa4376be289341c7d7187a_1.save] Result:[1]
[0153.45] Log: LoadMap: JoinGameTransition?game=TAGame.GameInfo_Transition_TA
[0153.46] DevOnline: PsyNet Flush Start TimeoutSeconds=0.250000
[0153.61] DevOnline: PsyNet Flush End
[0153.64] Log: Fully load package: ..\..\TAGame\CookedPCConsole\GameInfo_Transition_SF.upk
[0153.65] Log: Game class is 'GameInfo_Transition_TA'
[0153.69] Log: Bringing World JoinGameTransition.TheWorld up for play (0) at 2023.10.27-13.53.30
[0153.69] Log: Bringing up level for play took: 0.039838
[0153.69] JoinGame: GotoJoinGameState OpeningLoadingScreen -> JoiningNewServer
[0153.69] DevNet: SetProgress, MessageType=1, Title=, Message=Connecting...
[0153.69] Log: ########### Finished loading level: 0.239544 seconds
[0153.69] DevNet: Browse: 13.57.222.33:8514/MENU_Main_p?Name=TIKI_THEGREAT
[0153.69] DevNet: Game client on port 8514, rate 15000
[0153.69] NetComeGo: TcpipConnection_0 13.57.222.33:8514 using encryption {Key=31956A8DA1589DD4647394331746469D49854332FFBC3A33406742168B77C717 IV=F2FA444DF7F2A74AC64F61AF7DD24A24 HMAC=28D28F45D49E8520AC9073265499C5EB3A601384EF123844E0D5753059D40F3B Session=33D1F35AE0B33F486C8108F80C9B51D3}
[0153.69] NetComeGo: SEND first packet Length=80 CRC=2066520907
[0153.74] NetComeGo: TcpipConnection_0 RECV first packet IP=13.57.222.33:8514 Length=15 CRC=475245236 HandshakeStatus=0 bUseSessionUID=1 InSessionUID=(0 0 0) SessionUID=(0 0 0)
[0153.74] NetComeGo: Client set SessionUID to: 37 159 151
[0153.89] DevNet: Welcomed by server (Level: beach_night_p, Game: TAGame.GameInfo_Soccar_TA, GameTags: )
[0153.90] Log: FSaveDataExportTask(0) wrote 503994 bytes to memory
[0153.90] Log: SaveGameDataAsync game thread time: 3 ms
[0153.90] Log: Flushing async loaders.
[0153.90] Log: Flushed async loaders.
[0153.90] Log: LoadMap: 13.57.222.33:8514/beach_night_p?Name=TIKI_THEGREAT?game=TAGame.GameInfo_Soccar_TA
[0153.91] Log: Deleting old save file ..\..\TAGame\SaveDataEpic\DBE_Production\8b0842d692fa4376be289341c7d7187a.save
[0153.91] Log: SaveDataExport(0): Finished - File:[..\..\TAGame\SaveDataEpic\DBE_Production\8b0842d692fa4376be289341c7d7187a_2.save] Result:[1]
[0153.91] DevOnline: PsyNet Flush Start TimeoutSeconds=0.250000
[0154.06] DevOnline: PsyNet Flush End
[0154.07] Log: Fully load package: ..\..\TAGame\CookedPCConsole\GameInfo_Soccar_SF.upk
[0154.16] Log: Fully load package: ..\..\TAGame\CookedPCConsole\GFxSounds_XP_SF.upk
[0154.17] Log: Fully load package: ..\..\TAGame\CookedPCConsole\GFx_XPProgressMenu_SF.upk
[0154.20] Log: Fully load package: ..\..\TAGame\CookedPCConsole\GFX_EndGameMenu_SF.upk
[0154.25] Log: Fully load package: ..\..\TAGame\CookedPCConsole\GFX_WinnerMenu_SF.upk
[0154.27] Log: Fully load package: ..\..\TAGame\CookedPCConsole\GFX_MidGameScoreboard_SF.upk
[0154.28] Log: Fully load package: ..\..\TAGame\CookedPCConsole\GFX_MidGameMenu_SF.upk
[0154.30] Log: Fully load package: ..\..\TAGame\CookedPCConsole\GFX_HudMatchInfo_SF.upk
[0154.32] Log: Fully load package: ..\..\TAGame\CookedPCConsole\GFX_Hud_SF.upk
[0155.05] Log: Octree Warning (AddPrimitive): StaticMeshActor_SMC_33 (Owner: beach_night_p.TheWorld:PersistentLevel.MeshCollector0) Outside World.
[0155.05] Log: Octree Warning (AddPrimitive): StaticMeshActor_SMC_722 (Owner: beach_night_p.TheWorld:PersistentLevel.MeshCollector0) Outside World.
[0155.05] Warning: Warning, Material Body_Bush.grey missing bUsedWithStaticLighting=True!
[0155.05] Warning: Warning, Material Body_Bush.grey missing bUsedWithStaticLighting=True!
[0155.05] Warning: Warning, Material Body_Bush.grey missing bUsedWithStaticLighting=True!
[0155.05] Warning: Warning, Material Body_Bush.grey missing bUsedWithStaticLighting=True!
[0155.05] Warning: Warning, Material Body_Bush.grey missing bUsedWithStaticLighting=True!
[0155.05] Warning: Warning, Material Body_Bush.grey missing bUsedWithStaticLighting=True!
[0155.05] Warning: Warning, Material Body_Bush.grey missing bUsedWithStaticLighting=True!
[0155.05] Warning: Warning, Material Body_Bush.grey missing bUsedWithStaticLighting=True!
[0155.05] Warning: Warning, Material Body_Bush.grey missing bUsedWithStaticLighting=True!
[0155.05] Warning: Warning, Material Body_Bush.grey missing bUsedWithStaticLighting=True!
[0155.05] Warning: Warning, Material Body_Bush.grey missing bUsedWithStaticLighting=True!
[0155.05] Warning: Warning, Material Body_Bush.grey missing bUsedWithStaticLighting=True!
[0155.05] Warning: Warning, Material Body_Bush.grey missing bUsedWithStaticLighting=True!
[0155.05] Warning: Warning, Material Body_Bush.grey missing bUsedWithStaticLighting=True!
[0155.05] Warning: Warning, Material Body_Bush.grey missing bUsedWithStaticLighting=True!
[0155.05] Warning: Warning, Material Body_Bush.grey missing bUsedWithStaticLighting=True!
[0155.05] Warning: Warning, Material Body_Bush.Metal missing bUsedWithStaticLighting=True!
[0155.05] Warning: Warning, Material Body_Bush.grey missing bUsedWithStaticLighting=True!
[0155.07] Log: Bringing World beach_night_p.TheWorld up for play (0) at 2023.10.27-13.53.31
[0155.07] Warning: Warning, Material Attachment_Parent_Materials.Basic_V2_Mat missing bUsedWithStaticLighting=True!
[0155.07] Warning: Warning, Material Body_Bush.grey missing bUsedWithStaticLighting=True!
[0155.07] Warning: Warning, Material Body_Bush.grey missing bUsedWithStaticLighting=True!
[0155.07] Warning: Warning, Material Body_Bush.grey missing bUsedWithStaticLighting=True!
[0155.07] Warning: Warning, Material Body_Bush.grey missing bUsedWithStaticLighting=True!
[0155.07] Warning: Warning, Material Body_Bush.grey missing bUsedWithStaticLighting=True!
[0155.07] Log: Bringing up level for play took: 0.024478
[0155.20] JoinGame: OnJoinGameComplete bSuccess=(True) FailReason=()
[0155.20] JoinGame: GotoJoinGameState JoiningNewServer -> None
[0155.20] PsyNetBeaconDetail_X: PsyNetBeacon_X_0 Close
[0155.20] PsyNetBeaconDetail_X: PsyNetBeacon_X_0 CloseConnection Connection.ConnectionID=(eyJ0eXAiOiJKV1QiLCJhbGciOiJIUzUxMiJ9.eyJqdGkiOiJCUGFEd2JrUyIsImlzcyI6IlBzeU5ldCIsInBsYXllcl9pZCI6IkVwaWN8OGIwODQyZDY5MmZhNDM3NmJlMjg5MzQxYzdkNzE4N2F8MCIsInNlcnZlcl9uYW1lIjoiVVNXNjA0LUFmdGVyYnVybjUiLCJpYXQiOjE2OTg0NDAwMDUsIm5iZiI6MTY5ODQ0MDAwNSwiZXhwIjoxNjk4NDU0NDA1fQ.TqOJ-kAM8ufAhK5n83n6dHe6S4QWtxCLjOjkepp5h-Gm1B2A_pfQ9Se5eSrpmvObltd7DRKWPScgh18ItgLiZg)
[0155.20] Matchmaking: OnlineGameMatchmaking_X_0 Joining -> None
[0155.21] Log: ########### Finished loading level: 1.310603 seconds
[0155.47] ScriptLog: Client InputRate=60
[0155.47] DevNet: PlayerController_TA_1 setplayer LocalPlayer_TA_0
[0155.47] PsyNetStaticData: UpdateCacheTimerEnabled CacheTimer.bEnabled=(False)
[0155.47] MatchBroadcast: Init bBroadcastMatch=(False) MatchLog=(None)
[0155.47] ScriptLog: MatchGUID: DFCE22F611EE750A58D4DC8FFB395468
[0156.33] EOSVoice: Received full credentials from the server.
[0156.33] EOSVoice: Joining room DFCE22F611EE750A58D4DC8FFB395468-0
[0156.34] PsyNet: PsyNetServiceProvider_X_1 ExecuteService Complete, Service=VoiceChat/MatchToken 
[0157.11] EOSVoice: SetPlayerMuteStatus for player 8b0842d692fa4376be289341c7d7187a in room DFCE22F611EE750A58D4DC8FFB395468-0 to False
[0157.12] DevOnline: EOSSDK-LogEOSRTC: LibRTCCore: LibRtc::FStatisticsService::GetConferenceStats. Collecting statistics is already in progress
[0158.83] DevOnline: RemoteUserDataReplicated Name: PRI_TA_1 Role: 1 RemoteRole: 3
[0160.58] DevOnline: RemoteUserDataReplicated Name: PRI_TA_2 Role: 1 RemoteRole: 3
[0163.08] DevOnline: RemoteUserDataReplicated Name: PRI_TA_3 Role: 1 RemoteRole: 3
[0191.59] DevOnline: WebRequest_X_41 SEND: https://datarouter.ol.epicgames.com/datarouter/api/v1/public/data?AppID=RocketLeague.Release&AppVersion=973704684&AppEnvironment=Prod&UploadType=eteventstream&UserID=|8b0842d692fa4376be289341c7d7187a|||Epic|8b0842d692fa4376be289341c7d7187a|0&SessionID=AA0C61134E20AE0AACB826A957E29A96
[0191.69] DevOnline: WebRequest_X_41 RECV: 204 
[0231.17] EOSGameClips: EOSGameClips: Currently recording: false
[0251.60] DevOnline: WebRequest_X_42 SEND: https://datarouter.ol.epicgames.com/datarouter/api/v1/public/data?AppID=RocketLeague.Release&AppVersion=973704684&AppEnvironment=Prod&UploadType=eteventstream&UserID=|8b0842d692fa4376be289341c7d7187a|||Epic|8b0842d692fa4376be289341c7d7187a|0&SessionID=AA0C61134E20AE0AACB826A957E29A96
[0251.70] DevOnline: WebRequest_X_42 RECV: 204 
[0274.11] EOSGameClips: EOSGameClips: Currently recording: false
[0311.60] DevOnline: WebRequest_X_43 SEND: https://datarouter.ol.epicgames.com/datarouter/api/v1/public/data?AppID=RocketLeague.Release&AppVersion=973704684&AppEnvironment=Prod&UploadType=eteventstream&UserID=|8b0842d692fa4376be289341c7d7187a|||Epic|8b0842d692fa4376be289341c7d7187a|0&SessionID=AA0C61134E20AE0AACB826A957E29A96
[0311.70] DevOnline: WebRequest_X_43 RECV: 204 
[0371.60] DevOnline: WebRequest_X_44 SEND: https://datarouter.ol.epicgames.com/datarouter/api/v1/public/data?AppID=RocketLeague.Release&AppVersion=973704684&AppEnvironment=Prod&UploadType=eteventstream&UserID=|8b0842d692fa4376be289341c7d7187a|||Epic|8b0842d692fa4376be289341c7d7187a|0&SessionID=AA0C61134E20AE0AACB826A957E29A96
[0371.70] DevOnline: WebRequest_X_44 RECV: 204 
[0421.06] EOSGameClips: EOSGameClips: Currently recording: false
[0431.60] DevOnline: WebRequest_X_45 SEND: https://datarouter.ol.epicgames.com/datarouter/api/v1/public/data?AppID=RocketLeague.Release&AppVersion=973704684&AppEnvironment=Prod&UploadType=eteventstream&UserID=|8b0842d692fa4376be289341c7d7187a|||Epic|8b0842d692fa4376be289341c7d7187a|0&SessionID=AA0C61134E20AE0AACB826A957E29A96
[0431.70] DevOnline: WebRequest_X_45 RECV: 204 
[0468.83] EOSGameClips: EOSGameClips: Currently recording: false
[0476.17] SplitScreen: Press Start ControllerId=0 Player=LocalPlayer_TA_0
[0476.21] Log: FSaveDataExportTask(0) wrote 503934 bytes to memory
[0476.21] Log: SaveGameDataAsync game thread time: 3 ms
[0476.22] Log: Deleting old save file ..\..\TAGame\SaveDataEpic\DBE_Production\8b0842d692fa4376be289341c7d7187a_1.save
[0476.22] Log: SaveDataExport(0): Finished - File:[..\..\TAGame\SaveDataEpic\DBE_Production\8b0842d692fa4376be289341c7d7187a.save] Result:[1]
[0476.41] EOSGameClips: EOSGameClips: Currently recording: false
[0477.12] EOSGameClips: EOSGameClips: Currently recording: false
[0491.61] DevOnline: WebRequest_X_46 SEND: https://datarouter.ol.epicgames.com/datarouter/api/v1/public/data?AppID=RocketLeague.Release&AppVersion=973704684&AppEnvironment=Prod&UploadType=eteventstream&UserID=|8b0842d692fa4376be289341c7d7187a|||Epic|8b0842d692fa4376be289341c7d7187a|0&SessionID=AA0C61134E20AE0AACB826A957E29A96
[0491.71] DevOnline: WebRequest_X_46 RECV: 204 
[0508.90] EOSGameClips: EOSGameClips: Currently recording: false
[0551.61] DevOnline: WebRequest_X_47 SEND: https://datarouter.ol.epicgames.com/datarouter/api/v1/public/data?AppID=RocketLeague.Release&AppVersion=973704684&AppEnvironment=Prod&UploadType=eteventstream&UserID=|8b0842d692fa4376be289341c7d7187a|||Epic|8b0842d692fa4376be289341c7d7187a|0&SessionID=AA0C61134E20AE0AACB826A957E29A96
[0551.71] DevOnline: WebRequest_X_47 RECV: 204 
[0582.04] Party: Ranked Game Finished, Clear party member server
[0582.04] RankedReconnect: RankedReconnectSave_TA_0.ClearRankedReconnect()
[0582.35] PsyNet: PsyNetServiceProvider_X_1 ExecuteService Complete, Service=Challenges/PlayerProgress 
[0582.38] PsyNet: PsyNetServiceProvider_X_1 ExecuteService Complete, Service=Reward/RewardResult 
[0585.05] Party: Ranked Game Finished, Clear party member server
[0585.05] RankedReconnect: RankedReconnectSave_TA_0.ClearRankedReconnect()
[0590.05] PsyNetStaticData: HandleCacheExpired
[0590.05] PsyNetStaticData: UpdateCacheTimerEnabled CacheTimer.bEnabled=(True)
[0590.05] Party: Ranked Game Finished, Clear party member server
[0590.05] RankedReconnect: RankedReconnectSave_TA_0.ClearRankedReconnect()
[0590.06] DevOnline: WebRequest_X_48 SEND: https://config.psynet.gg/v2/Config/BattleCars/973704684/Prod/Epic/INT/
[0590.10] Online: TryToPlayOnline ControllerID=(-1)
[0590.10] Online: HandlePrivilegeCheckFinished PrivilegeCheck.bHasRestriction=(False)
[0590.10] Online: HandlePrivilegeCheck PrivilegeCheck.bHasRestriction=(False)
[0590.19] EngagementEvents: UpdateEventsCurrentTime  NextEventTime =  0
[0590.33] DevOnline: WebRequest_X_48 RECV: 304 
[0591.48] Log: FSaveDataExportTask(0) wrote 503120 bytes to memory
[0591.48] Log: SaveGameDataAsync game thread time: 3 ms
[0591.49] Log: Deleting old save file ..\..\TAGame\SaveDataEpic\DBE_Production\8b0842d692fa4376be289341c7d7187a_2.save
[0591.49] Log: SaveDataExport(0): Finished - File:[..\..\TAGame\SaveDataEpic\DBE_Production\8b0842d692fa4376be289341c7d7187a_1.save] Result:[1]
[0595.32] EngagementEvents: UpdateEventsCurrentTime  NextEventTime =  0
[0604.96] RankedReconnect: RankedReconnectSave_TA_0.ClearRankedReconnect()
[0604.96] NetComeGo: TcpipConnection_0 Control channel closed, reason=Disconnect command
[0604.96] DevNet: URL: Adding default option Name=TIKI_THEGREAT
[0604.96] DevNet: Browse: MENU_Main_p?closed?Name=TIKI_THEGREAT
[0604.96] Log: Failed; returning to Entry
[0605.02] EngagementEvents: UpdateEventsCurrentTime  NextEventTime =  0
[0605.02] Log: FSaveDataExportTask(0) wrote 503120 bytes to memory
[0605.02] Log: SaveGameDataAsync game thread time: 3 ms
[0605.02] Log: LoadMap: MENU_Main_p?closed?Name=TIKI_THEGREAT
[0605.04] Log: Deleting old save file ..\..\TAGame\SaveDataEpic\DBE_Production\8b0842d692fa4376be289341c7d7187a.save
[0605.04] Log: SaveDataExport(0): Finished - File:[..\..\TAGame\SaveDataEpic\DBE_Production\8b0842d692fa4376be289341c7d7187a_2.save] Result:[1]
[0605.04] DevOnline: PsyNet Flush Start TimeoutSeconds=0.250000
[0605.19] DevOnline: PsyNet Flush End
[0605.27] NetComeGo: Close TcpipConnection_0 13.57.222.33:8514 27/10/2023 14:01:01 'UNetConnection::CleanUp'
[0605.27] NetComeGo: TcpipConnection_0 Control channel null, Sending unstable close to 13.57.222.33:8514 on temporary Control channel.
[0605.27] Exit: TcpNetDriver_0 shut down
[0605.29] Log: Fully load package: ..\..\TAGame\CookedPCConsole\GameInfo_GFxMenu_SF.upk
[0605.32] Log: Fully load package: ..\..\TAGame\CookedPCConsole\GFxSounds_MainMenu_SF.upk
[0605.32] Log: Fully load package: ..\..\TAGame\CookedPCConsole\GFX_StartMenu_SF.upk
[0605.41] Log: Fully load package: ..\..\TAGame\CookedPCConsole\GFX_MainMenu_SF.upk
[0605.48] Log: Game class is 'GameInfo_GFxMenu_TA'
[0605.50] Log: Bringing World menu_main_p.TheWorld up for play (0) at 2023.10.27-14.01.01
[0605.50] Log: Flushing async loaders.
[0605.65] Log: Flushed async loaders.
[0605.66] Log: Bringing up level for play took: 0.180286
[0605.80] Log: ########### Finished loading level: 0.779764 seconds
[0605.81] Log: Flushing async loaders.
[0606.22] Log: Flushed async loaders.
[0606.24] Warning: Warning, Material Ball_Football.TranslucentMaterials.Mat_Football_Translucent missing bUsedWithStaticLighting=True!
[0606.32] DevOnline: PlayerDataStorage_WriteFile: Beginning to upload file. User=(8b0842d692fa4376be289341c7d7187a) FileName=(RLSaveData)
[0606.33] AuthEpicVerbose: [GFx] Epic login changed. m_uiState:MainMenu bPromptParentalConsent:false bPromptToChoosePrimaryAccount:false bEpicSaveDataLoaded:false bPlatformLinked:false
[0606.33] FTEDev: Group Prime_MatchComplete Is not meant for users of type FTESave.LegacyGroupType=(LGT_LegacyUser)
[0606.33] FTEDev: Group Prime_MatchComplete Is not meant for users of type FTESave.LegacyGroupType=(LGT_LegacyUser)
[0606.61] EngagementEvents: UpdateEventsCurrentTime  NextEventTime =  0
[0607.94] Log: Flushing async loaders.
[0607.96] Log: Flushed async loaders.
[0608.34] DevOnline: PlayerDataStorage_WriteFile: File upload complete. User=(8b0842d692fa4376be289341c7d7187a) FileName=(RLSaveData) Success=(1)
[0611.45] Log: Closing by request
[0611.45] Log: appRequestExit(0)
[0611.51] DevOnline: PlayerDataStorage_WriteFile: Beginning to upload file. User=(8b0842d692fa4376be289341c7d7187a) FileName=(RLSaveData)
[0611.51] Matchmaking: OnlineGameMatchmaking_X_0 OnlineGameMatchmaking_X -> None
[0611.51] Matchmaking: OnlineGameTourMatchmaking_TA_0 OnlineGameTourMatchmaking_TA -> None
[0611.52] Log: FSaveDataExportTask(0) wrote 503120 bytes to memory
[0611.52] Log: SaveGameDataAsync game thread time: 3 ms
[0611.52] DevOnline: PsyNet Flush Start TimeoutSeconds=0.500000
[0611.68] Log: Deleting old save file ..\..\TAGame\SaveDataEpic\DBE_Production\8b0842d692fa4376be289341c7d7187a_1.save
[0611.68] Log: SaveDataExport(0): Finished - File:[..\..\TAGame\SaveDataEpic\DBE_Production\8b0842d692fa4376be289341c7d7187a.save] Result:[1]
[0611.68] DevOnline: PsyNet Flush End
[0611.69] Exit: Preparing to exit.
[0611.80] Exit: Game engine shut down
[0611.89] Exit: Windows client shut down
[0611.90] Exit: AK Audio shut down.
[0616.90] Exit: Object subsystem successfully closed.
[0616.90] DevOnline: EOSSDK-LogEOSUI: Social Overlay: browser was closed. Reopening...
[0617.83] Exit: Exiting.
[0617.83] Log: Log file closed, 27/10/2023 14:01:14
