[2023-11-12 17:09:13.396] [DISPLAY] [Main ] [sysinfo] OS Version: Major: 10 Minor: 0 Build: 22621 Service Pack: 
[2023-11-12 17:09:13.404] [DISPLAY] [Main ] [sysinfo] OS Version: Major: 10 Minor: 0 Build: 22621 Service Pack: 
[2023-11-12 17:09:13.431] [DISPLAY] [Main ] [main] Working directory: D:\Launcher
[2023-11-12 17:09:13.471] [DISPLAY] [Main ] [minmode] Running in Steam mode
[2023-11-12 17:09:13.471] [DISPLAY] [Main ] [minmode] Steam App Id: 271590
[2023-11-12 17:09:13.471] [DISPLAY] [Main ] [minmode] Title Id: gta5
[2023-11-12 17:09:13.471] [DISPLAY] [Main ] [minmode] Location: D:\SteamLibrary\steamapps\common\Grand Theft Auto V
[2023-11-12 17:09:13.471] [DISPLAY] [Main ] [launcher] Opening log file.
[2023-11-12 17:09:13.477] [DISPLAY] [Main ] [main] Command line: D:\Launcher\Launcher.exe -skipPatcherCheck -steamAppId=271590 -StraightIntoFreemode @args.txt
[2023-11-12 17:09:13.477] [DISPLAY] [Main ] [main] Build type: FMB
[2023-11-12 17:09:13.477] [DISPLAY] [Main ] [main] Version: 1.0.80.1666
[2023-11-12 17:09:13.477] [DISPLAY] [Main ] [main] Parameters:
[2023-11-12 17:09:13.477] [DISPLAY] [Main ] [main]     D:\Launcher\Launcher.exe
[2023-11-12 17:09:13.477] [DISPLAY] [Main ] [main]     -skipPatcherCheck
[2023-11-12 17:09:13.477] [DISPLAY] [Main ] [main]     -steamAppId=271590
[2023-11-12 17:09:13.477] [DISPLAY] [Main ] [main]     -StraightIntoFreemode
[2023-11-12 17:09:13.477] [DISPLAY] [Main ] [main]     @args.txt
[2023-11-12 17:09:13.505] [DISPLAY] [Main ] [titlemanager] Installed titles:
[2023-11-12 17:09:13.505] [DISPLAY] [Main ] [titlemanager]  Title                             Progress               Version              Location                                                    
[2023-11-12 17:09:13.516] [DISPLAY] [Main ] [svc] Service version: 1.0.80.1666 (1.0.80.1666)
[2023-11-12 17:09:13.654] [DISPLAY] [Main ] [fileutils] Version: 2.2.2.2 | 1.0.80.1666 | FFP
[2023-11-12 17:09:13.676] [DISPLAY] [Workr] [selfupdate] Up-to-date.
[2023-11-12 17:09:13.901] [DISPLAY] [Main ] [systemtray] System tray: enabled
[2023-11-12 17:09:14.462] [WARNING] [Main ] [svc] Handshake with service timed out. Setting message protocol to version 0.
[2023-11-12 17:09:14.591] [DISPLAY] [bgsvc] [svc] Received response from service.
[2023-11-12 17:09:14.597] [DISPLAY] [Workr] [idownloader] Starting download of 'https://gamedownloads-rockstargames-com.akamaized.net/public/launcher_online_config.xml'
[2023-11-12 17:09:14.722] [DISPLAY] [Workr] [idownloader] Completed download of 'https://gamedownloads-rockstargames-com.akamaized.net/public/launcher_online_config.xml' (status: 0/200)
[2023-11-12 17:09:14.722] [DISPLAY] [Workr] [titlemanager] Downloading title list...
[2023-11-12 17:09:14.722] [DISPLAY] [Workr] [titlemanager] Skipping title metadata download as it is available and less old (10 minutes) than the refresh delay (60 minutes).
[2023-11-12 17:09:14.722] [DISPLAY] [Workr] [titlemanager] Downloading default title list (SCS)...
[2023-11-12 17:09:14.722] [DISPLAY] [Workr] [idownloader] Starting download of 'https://rgl-prod.ros.rockstargames.com/launcher/11/LauncherServices/App.asmx/GetDefaultApps?accessToken='
[2023-11-12 17:09:15.299] [DISPLAY] [Workr] [idownloader] Completed download of 'https://rgl-prod.ros.rockstargames.com/launcher/11/LauncherServices/App.asmx/GetDefaultApps?accessToken=' (status: 0/200)
[2023-11-12 17:09:15.299] [DISPLAY] [Workr] [titlemanager] Title list updated.
[2023-11-12 17:09:15.299] [DISPLAY] [Workr] [launcher] Checking for self-update...
[2023-11-12 17:09:15.308] [DISPLAY] [Workr] [statuschecker] Title Rockstar Games Launcher: No update
[2023-11-12 17:09:15.309] [DISPLAY] [Workr] [launcher] No self-update, continuing.
[2023-11-12 17:09:15.309] [DISPLAY] [Workr] [launcher] Checking for prerequisite updates...
[2023-11-12 17:09:15.319] [DISPLAY] [Workr] [preqmanager] The Social Club version available matches that currently installed (both: 2.2.2.2)
[2023-11-12 17:09:15.319] [DISPLAY] [Workr] [titleupdater] No prerequisites to install.
[2023-11-12 17:09:17.596] [DISPLAY] [Main ] [launcher] Social Club UI has started.
[2023-11-12 17:09:17.597] [DISPLAY] [Main ] [external] Notifying Social Club UI about external launch...
[2023-11-12 17:09:17.597] [DISPLAY] [Admin] [external] Setting up Steam title...
[2023-11-12 17:09:17.597] [DISPLAY] [Admin] [titlemanager] Skipping title metadata download as it is available and less old (10 minutes) than the refresh delay (60 minutes).
[2023-11-12 17:09:17.597] [DISPLAY] [Admin] [external] Ready to attempt a launch.
[2023-11-12 17:09:19.783] [DISPLAY] [Main ] [launcher] Presence Event - Signed In
[2023-11-12 17:09:19.783] [DISPLAY] [Main ] [launcher] User 'Tikithegreat' is now signed in
[2023-11-12 17:09:19.830] [DISPLAY] [Main ] [launcher] Presence Event :: Went Online
[2023-11-12 17:09:19.830] [DISPLAY] [Main ] [external] Preparing to update/launch...
[2023-11-12 17:09:19.830] [DISPLAY] [Admin] [titlemanager] Downloading title list...
[2023-11-12 17:09:19.830] [DISPLAY] [Admin] [titlemanager] Skipping title metadata download as it is available and less old (11 minutes) than the refresh delay (60 minutes).
[2023-11-12 17:09:19.830] [DISPLAY] [Admin] [titlemanager] Downloading title list (SCS)...
[2023-11-12 17:09:19.830] [DISPLAY] [Main ] [launcher] Time to start up: 6621 ms
[2023-11-12 17:09:19.842] [DISPLAY] [Main ] [ui_mainwindow] Using DPI 96,96
[2023-11-12 17:09:19.842] [DISPLAY] [Main ] [ui_mainwindow] Using UI Scale: 1.00
[2023-11-12 17:09:19.843] [DISPLAY] [Main ] [ui_mainwindow] Using saved geometry: 320,216 (1280 x 600)
[2023-11-12 17:09:19.871] [DISPLAY] [Main ] [systemtray] System tray: enabled
[2023-11-12 17:09:19.883] [DISPLAY] [Main ] [scuicallbacks] Enabling Downloading
[2023-11-12 17:09:19.982] [DISPLAY] [Main ] [launcher] Friend Event - Friends are Available
[2023-11-12 17:09:20.346] [DISPLAY] [Main ] [scuicallbacks] Setting updated
[2023-11-12 17:09:20.346] [DISPLAY] [Main ] [scuicallbacks] Launch requested
[2023-11-12 17:09:20.346] [DISPLAY] [Main ] [scuicallbacks] Launch requested by user: gta5, 
[2023-11-12 17:09:20.346] [DISPLAY] [Main ] [external] Attempting external title launch...
[2023-11-12 17:09:20.559] [DISPLAY] [Admin] [titlemanager] Title list updated.
[2023-11-12 17:09:20.560] [DISPLAY] [Admin] [external] Ready to attempt a launch.
[2023-11-12 17:09:20.560] [DISPLAY] [Admin] [external] Attempting Steam launch. User is 'tiki_thegreat'
[2023-11-12 17:09:23.542] [DISPLAY] [27796] [gamelaunch] RGL is up to date (current: 1.0.80.1666, minimum: 1.0.33.319)
[2023-11-12 17:09:23.544] [DISPLAY] [27796] [gamelaunch] Grand Theft Auto V is up to date (current: 1.0.3028.0, minimum: 1.0.2060.0)
[2023-11-12 17:09:27.132] [DISPLAY] [Main ] [cloudsaveop] Cloud Save sync requested for title 'gta5'
[2023-11-12 17:09:27.149] [DISPLAY] [Main ] [cloudsaveop] Starting cloud save enabled check for title 'gta5'
[2023-11-12 17:09:27.153] [DISPLAY] [Main ] [cloudsaveop] Received cloud saves enabled state for title 'gta5' = enabled
[2023-11-12 17:09:27.153] [DISPLAY] [Main ] [cloudsaveop] Identifying potential cloud save conflicts for title 'gta5'
[2023-11-12 17:09:27.663] [DISPLAY] [Main ] [cloudsaveop] Received modification list of cloud save files for title 'gta5'
[2023-11-12 17:09:27.663] [DISPLAY] [Main ] [cloudsaveop] Retrieving conflict metadata for title 'gta5'
[2023-11-12 17:09:27.680] [DISPLAY] [Main ] [cloudsaveop] Downloaded conflict metadata for title 'gta5'
[2023-11-12 17:09:27.680] [DISPLAY] [Main ] [cloudsaveop] Posting updated files for title 'gta5'
[2023-11-12 17:09:27.697] [DISPLAY] [Main ] [cloudsaveop] File uploading completed for title 'gta5'
[2023-11-12 17:09:27.697] [DISPLAY] [Main ] [cloudsaveop] Getting update files for title 'gta5'
[2023-11-12 17:09:27.713] [DISPLAY] [Main ] [cloudsaveop] File downloading completed for title 'gta5'
[2023-11-12 17:09:27.713] [DISPLAY] [Main ] [cloudsaveop] Deleting updated files for title 'gta5'
[2023-11-12 17:09:27.730] [DISPLAY] [Main ] [cloudsaveop] Files deletion completed for title 'gta5'
[2023-11-12 17:09:27.730] [DISPLAY] [Main ] [cloudsaveop] Swapping updated files in place for title 'gta5'
[2023-11-12 17:09:27.747] [DISPLAY] [Main ] [cloudsaveop] Finished syncing cloud saves for title 'gta5'
[2023-11-12 17:09:27.784] [DISPLAY] [net4 ] [audio] Valid Audio Device: true
[2023-11-12 17:09:28.626] [DISPLAY] [27796] [gamelaunch] Launching game...
[2023-11-12 17:09:28.626] [DISPLAY] [27796] [gamelaunch]  Path: D:\SteamLibrary\steamapps\common\Grand Theft Auto V\GTA5.exe
[2023-11-12 17:09:28.626] [DISPLAY] [27796] [gamelaunch]  Command Line: "D:\SteamLibrary\steamapps\common\Grand Theft Auto V\GTA5.exe" -skipPatcherCheck -StraightIntoFreemode @args.txt @commandline.txt -enableCrashpad -useSteam -steamAppId=271590 -scCommerceProvider=4
[2023-11-12 17:09:28.626] [DISPLAY] [27796] [gamelaunch]  Working Directory: D:\SteamLibrary\steamapps\common\Grand Theft Auto V
[2023-11-12 17:17:04.172] [DISPLAY] [27796] [gamelaunch] Game exited with code 0xc0000005 (3221225477)
[2023-11-12 17:17:04.172] [DISPLAY] [27796] [crashdetection] Game left no exit file.
[2023-11-12 17:17:04.172] [ ERROR ] [27796] [crashdetection] Exit code 0xc0000005 indicates a fatal game exit (reason: STATUS_ACCESS_VIOLATION)
[2023-11-12 17:17:04.262] [DISPLAY] [Main ] [cloudsaveop] Cloud Save sync requested for title 'gta5'
[2023-11-12 17:17:04.279] [DISPLAY] [Main ] [cloudsaveop] Starting cloud save enabled check for title 'gta5'
[2023-11-12 17:17:04.280] [DISPLAY] [Main ] [cloudsaveop] Received cloud saves enabled state for title 'gta5' = enabled
[2023-11-12 17:17:04.280] [DISPLAY] [Main ] [cloudsaveop] Identifying potential cloud save conflicts for title 'gta5'
[2023-11-12 17:17:04.728] [DISPLAY] [Main ] [cloudsaveop] Received modification list of cloud save files for title 'gta5'
[2023-11-12 17:17:04.728] [DISPLAY] [Main ] [cloudsaveop] Retrieving conflict metadata for title 'gta5'
[2023-11-12 17:17:04.745] [DISPLAY] [Main ] [cloudsaveop] Downloaded conflict metadata for title 'gta5'
[2023-11-12 17:17:04.745] [DISPLAY] [Main ] [cloudsaveop] Posting updated files for title 'gta5'
[2023-11-12 17:17:04.761] [DISPLAY] [Main ] [cloudsaveop] File uploading completed for title 'gta5'
[2023-11-12 17:17:04.761] [DISPLAY] [Main ] [cloudsaveop] Getting update files for title 'gta5'
[2023-11-12 17:17:04.778] [DISPLAY] [Main ] [cloudsaveop] File downloading completed for title 'gta5'
[2023-11-12 17:17:04.778] [DISPLAY] [Main ] [cloudsaveop] Deleting updated files for title 'gta5'
[2023-11-12 17:17:04.795] [DISPLAY] [Main ] [cloudsaveop] Files deletion completed for title 'gta5'
[2023-11-12 17:17:04.795] [DISPLAY] [Main ] [cloudsaveop] Swapping updated files in place for title 'gta5'
[2023-11-12 17:17:04.812] [DISPLAY] [Main ] [cloudsaveop] Finished syncing cloud saves for title 'gta5'
[2023-11-12 17:17:05.427] [DISPLAY] [27796] [launcher] Shutdown requested! Forced: false
[2023-11-12 17:17:05.428] [DISPLAY] [Main ] [launcher] StartShutdown - Now in progress
[2023-11-12 17:17:06.173] [DISPLAY] [Main ] [app] Application quit requested (exit code: 0)
[2023-11-12 17:17:06.205] [DISPLAY] [Main ] [svc] Stopping the background service.
