[2023-11-14 15:50:14.789] [DISPLAY] [Main ] [sysinfo] OS Version: Major: 10 Minor: 0 Build: 22631 Service Pack: 
[2023-11-14 15:50:14.802] [DISPLAY] [Main ] [sysinfo] OS Version: Major: 10 Minor: 0 Build: 22631 Service Pack: 
[2023-11-14 15:50:14.829] [DISPLAY] [Main ] [main] Working directory: D:\Launcher
[2023-11-14 15:50:14.869] [DISPLAY] [Main ] [minmode] Running in Steam mode
[2023-11-14 15:50:14.869] [DISPLAY] [Main ] [minmode] Steam App Id: 271590
[2023-11-14 15:50:14.869] [DISPLAY] [Main ] [minmode] Title Id: gta5
[2023-11-14 15:50:14.869] [DISPLAY] [Main ] [minmode] Location: D:\SteamLibrary\steamapps\common\Grand Theft Auto V
[2023-11-14 15:50:14.870] [DISPLAY] [Main ] [launcher] Opening log file.
[2023-11-14 15:50:14.873] [DISPLAY] [Main ] [main] Command line: D:\Launcher\Launcher.exe -skipPatcherCheck -steamAppId=271590 -StraightIntoFreemode @args.txt
[2023-11-14 15:50:14.873] [DISPLAY] [Main ] [main] Build type: FMB
[2023-11-14 15:50:14.873] [DISPLAY] [Main ] [main] Version: 1.0.80.1666
[2023-11-14 15:50:14.873] [DISPLAY] [Main ] [main] Parameters:
[2023-11-14 15:50:14.873] [DISPLAY] [Main ] [main]     D:\Launcher\Launcher.exe
[2023-11-14 15:50:14.873] [DISPLAY] [Main ] [main]     -skipPatcherCheck
[2023-11-14 15:50:14.873] [DISPLAY] [Main ] [main]     -steamAppId=271590
[2023-11-14 15:50:14.873] [DISPLAY] [Main ] [main]     -StraightIntoFreemode
[2023-11-14 15:50:14.873] [DISPLAY] [Main ] [main]     @args.txt
[2023-11-14 15:50:14.910] [DISPLAY] [Main ] [titlemanager] Installed titles:
[2023-11-14 15:50:14.910] [DISPLAY] [Main ] [titlemanager]  Title                             Progress               Version              Location                                                    
[2023-11-14 15:50:15.041] [DISPLAY] [Main ] [svc] Service version: 1.0.80.1666 (1.0.80.1666)
[2023-11-14 15:50:15.181] [DISPLAY] [Main ] [fileutils] Version: 2.2.2.2 | 1.0.80.1666 | FFP
[2023-11-14 15:50:15.201] [DISPLAY] [Workr] [selfupdate] Up-to-date.
[2023-11-14 15:50:15.410] [DISPLAY] [Main ] [systemtray] System tray: enabled
[2023-11-14 15:50:15.585] [DISPLAY] [bgsvc] [svc] Received response from service.
[2023-11-14 15:50:15.628] [DISPLAY] [Workr] [idownloader] Starting download of 'https://gamedownloads-rockstargames-com.akamaized.net/public/launcher_online_config.xml'
[2023-11-14 15:50:15.753] [DISPLAY] [Workr] [idownloader] Completed download of 'https://gamedownloads-rockstargames-com.akamaized.net/public/launcher_online_config.xml' (status: 0/200)
[2023-11-14 15:50:15.753] [DISPLAY] [Workr] [titlemanager] Downloading title list...
[2023-11-14 15:50:15.762] [DISPLAY] [Workr] [idownloader] Starting download of 'https://gamedownloads-rockstargames-com.akamaized.net/public/title_metadata.json'
[2023-11-14 15:50:15.841] [DISPLAY] [Workr] [idownloader] Completed download of 'https://gamedownloads-rockstargames-com.akamaized.net/public/title_metadata.json' (status: 0/200)
[2023-11-14 15:50:15.933] [DISPLAY] [Workr] [titlemanager] Downloading default title list (SCS)...
[2023-11-14 15:50:15.933] [DISPLAY] [Workr] [idownloader] Starting download of 'https://rgl-prod.ros.rockstargames.com/launcher/11/LauncherServices/App.asmx/GetDefaultApps?accessToken='
[2023-11-14 15:50:16.484] [DISPLAY] [Workr] [idownloader] Completed download of 'https://rgl-prod.ros.rockstargames.com/launcher/11/LauncherServices/App.asmx/GetDefaultApps?accessToken=' (status: 0/200)
[2023-11-14 15:50:16.484] [DISPLAY] [Workr] [titlemanager] Title list updated.
[2023-11-14 15:50:16.484] [DISPLAY] [Workr] [launcher] Checking for self-update...
[2023-11-14 15:50:16.495] [DISPLAY] [Workr] [statuschecker] Title Rockstar Games Launcher: No update
[2023-11-14 15:50:16.496] [DISPLAY] [Workr] [launcher] No self-update, continuing.
[2023-11-14 15:50:16.496] [DISPLAY] [Workr] [launcher] Checking for prerequisite updates...
[2023-11-14 15:50:16.531] [DISPLAY] [Workr] [preqmanager] The Social Club version available matches that currently installed (both: 2.2.2.2)
[2023-11-14 15:50:16.531] [DISPLAY] [Workr] [titleupdater] No prerequisites to install.
[2023-11-14 15:50:19.772] [DISPLAY] [Main ] [launcher] Social Club UI has started.
[2023-11-14 15:50:19.773] [DISPLAY] [Main ] [external] Notifying Social Club UI about external launch...
[2023-11-14 15:50:19.773] [DISPLAY] [Admin] [external] Setting up Steam title...
[2023-11-14 15:50:19.773] [DISPLAY] [Admin] [titlemanager] Skipping title metadata download as it is available and less old (0 minutes) than the refresh delay (60 minutes).
[2023-11-14 15:50:19.773] [DISPLAY] [Admin] [external] Ready to attempt a launch.
[2023-11-14 15:50:22.139] [DISPLAY] [Main ] [launcher] Presence Event - Signed In
[2023-11-14 15:50:22.139] [DISPLAY] [Main ] [launcher] User 'Tikithegreat' is now signed in
[2023-11-14 15:50:22.211] [DISPLAY] [Main ] [launcher] Presence Event :: Went Online
[2023-11-14 15:50:22.211] [DISPLAY] [Main ] [external] Preparing to update/launch...
[2023-11-14 15:50:22.211] [DISPLAY] [Admin] [titlemanager] Downloading title list...
[2023-11-14 15:50:22.211] [DISPLAY] [Admin] [titlemanager] Skipping title metadata download as it is available and less old (0 minutes) than the refresh delay (60 minutes).
[2023-11-14 15:50:22.211] [DISPLAY] [Admin] [titlemanager] Downloading title list (SCS)...
[2023-11-14 15:50:22.211] [DISPLAY] [Main ] [launcher] Time to start up: 7510 ms
[2023-11-14 15:50:22.218] [DISPLAY] [Main ] [ui_mainwindow] Using DPI 96,96
[2023-11-14 15:50:22.218] [DISPLAY] [Main ] [ui_mainwindow] Using UI Scale: 1.00
[2023-11-14 15:50:22.219] [DISPLAY] [Main ] [ui_mainwindow] Using saved geometry: 320,216 (1280 x 600)
[2023-11-14 15:50:22.272] [DISPLAY] [Main ] [systemtray] System tray: enabled
[2023-11-14 15:50:22.283] [DISPLAY] [Main ] [scuicallbacks] Enabling Downloading
[2023-11-14 15:50:22.386] [DISPLAY] [Main ] [launcher] Friend Event - Friends are Available
[2023-11-14 15:50:22.717] [DISPLAY] [Main ] [scuicallbacks] Setting updated
[2023-11-14 15:50:22.717] [DISPLAY] [Main ] [scuicallbacks] Launch requested
[2023-11-14 15:50:22.717] [DISPLAY] [Main ] [scuicallbacks] Launch requested by user: gta5, 
[2023-11-14 15:50:22.717] [DISPLAY] [Main ] [external] Attempting external title launch...
[2023-11-14 15:50:22.975] [DISPLAY] [Admin] [titlemanager] Title list updated.
[2023-11-14 15:50:22.976] [DISPLAY] [Admin] [external] Ready to attempt a launch.
[2023-11-14 15:50:22.976] [DISPLAY] [Admin] [external] Attempting Steam launch. User is 'tiki_thegreat'
[2023-11-14 15:50:26.062] [DISPLAY] [50816] [gamelaunch] RGL is up to date (current: 1.0.80.1666, minimum: 1.0.33.319)
[2023-11-14 15:50:26.063] [DISPLAY] [50816] [gamelaunch] Grand Theft Auto V is up to date (current: 1.0.3028.0, minimum: 1.0.2060.0)
[2023-11-14 15:50:28.788] [DISPLAY] [Main ] [cloudsaveop] Cloud Save sync requested for title 'gta5'
[2023-11-14 15:50:28.805] [DISPLAY] [Main ] [cloudsaveop] Starting cloud save enabled check for title 'gta5'
[2023-11-14 15:50:28.809] [DISPLAY] [Main ] [cloudsaveop] Received cloud saves enabled state for title 'gta5' = enabled
[2023-11-14 15:50:28.809] [DISPLAY] [Main ] [cloudsaveop] Identifying potential cloud save conflicts for title 'gta5'
[2023-11-14 15:50:29.333] [DISPLAY] [Main ] [cloudsaveop] Received modification list of cloud save files for title 'gta5'
[2023-11-14 15:50:29.333] [DISPLAY] [Main ] [cloudsaveop] Retrieving conflict metadata for title 'gta5'
[2023-11-14 15:50:29.349] [DISPLAY] [Main ] [cloudsaveop] Downloaded conflict metadata for title 'gta5'
[2023-11-14 15:50:29.349] [DISPLAY] [Main ] [cloudsaveop] Posting updated files for title 'gta5'
[2023-11-14 15:50:29.366] [DISPLAY] [Main ] [cloudsaveop] File uploading completed for title 'gta5'
[2023-11-14 15:50:29.366] [DISPLAY] [Main ] [cloudsaveop] Getting update files for title 'gta5'
[2023-11-14 15:50:29.382] [DISPLAY] [Main ] [cloudsaveop] File downloading completed for title 'gta5'
[2023-11-14 15:50:29.382] [DISPLAY] [Main ] [cloudsaveop] Deleting updated files for title 'gta5'
[2023-11-14 15:50:29.399] [DISPLAY] [Main ] [cloudsaveop] Files deletion completed for title 'gta5'
[2023-11-14 15:50:29.399] [DISPLAY] [Main ] [cloudsaveop] Swapping updated files in place for title 'gta5'
[2023-11-14 15:50:29.416] [DISPLAY] [Main ] [cloudsaveop] Finished syncing cloud saves for title 'gta5'
[2023-11-14 15:50:29.455] [DISPLAY] [net4 ] [audio] Valid Audio Device: true
[2023-11-14 15:50:30.326] [DISPLAY] [50816] [gamelaunch] Launching game...
[2023-11-14 15:50:30.326] [DISPLAY] [50816] [gamelaunch]  Path: D:\SteamLibrary\steamapps\common\Grand Theft Auto V\GTA5.exe
[2023-11-14 15:50:30.326] [DISPLAY] [50816] [gamelaunch]  Command Line: "D:\SteamLibrary\steamapps\common\Grand Theft Auto V\GTA5.exe" -skipPatcherCheck -StraightIntoFreemode @args.txt @commandline.txt -enableCrashpad -useSteam -steamAppId=271590 -scCommerceProvider=4
[2023-11-14 15:50:30.326] [DISPLAY] [50816] [gamelaunch]  Working Directory: D:\SteamLibrary\steamapps\common\Grand Theft Auto V
[2023-11-14 16:50:15.851] [DISPLAY] [Admin] [idownloader] Starting download of 'https://gamedownloads-rockstargames-com.akamaized.net/public/launcher_online_config.xml'
[2023-11-14 16:50:16.340] [DISPLAY] [Admin] [idownloader] Completed download of 'https://gamedownloads-rockstargames-com.akamaized.net/public/launcher_online_config.xml' (status: 0/200)
[2023-11-14 17:50:16.356] [DISPLAY] [Admin] [idownloader] Starting download of 'https://gamedownloads-rockstargames-com.akamaized.net/public/launcher_online_config.xml'
[2023-11-14 17:50:16.828] [DISPLAY] [Admin] [idownloader] Completed download of 'https://gamedownloads-rockstargames-com.akamaized.net/public/launcher_online_config.xml' (status: 0/200)
[2023-11-14 18:02:03.460] [DISPLAY] [50816] [gamelaunch] Game exited with code 0x0 (0)
[2023-11-14 18:02:03.460] [DISPLAY] [50816] [crashdetection] Game left no exit file.
[2023-11-14 18:02:03.460] [DISPLAY] [50816] [crashdetection] Exit code 0x0 indicates a clean game shutdown
[2023-11-14 18:02:03.496] [DISPLAY] [Main ] [cloudsaveop] Cloud Save sync requested for title 'gta5'
[2023-11-14 18:02:03.513] [DISPLAY] [Main ] [cloudsaveop] Starting cloud save enabled check for title 'gta5'
[2023-11-14 18:02:03.517] [DISPLAY] [Main ] [cloudsaveop] Received cloud saves enabled state for title 'gta5' = enabled
[2023-11-14 18:02:03.517] [DISPLAY] [Main ] [cloudsaveop] Title access token was missing or expired, refreshing access for title 'gta5'
[2023-11-14 18:02:03.517] [DISPLAY] [Main ] [cloudsaveop] Retrieving access token for title 'gta5' (11)
[2023-11-14 18:02:04.156] [DISPLAY] [Main ] [cloudsaveop] Identifying potential cloud save conflicts for title 'gta5'
[2023-11-14 18:02:04.654] [DISPLAY] [Main ] [cloudsaveop] Received modification list of cloud save files for title 'gta5'
[2023-11-14 18:02:04.654] [DISPLAY] [Main ] [cloudsaveop] Retrieving conflict metadata for title 'gta5'
[2023-11-14 18:02:04.671] [DISPLAY] [Main ] [cloudsaveop] Downloaded conflict metadata for title 'gta5'
[2023-11-14 18:02:04.671] [DISPLAY] [Main ] [cloudsaveop] Posting updated files for title 'gta5'
[2023-11-14 18:02:04.687] [DISPLAY] [Main ] [cloudsaveop] File uploading completed for title 'gta5'
[2023-11-14 18:02:04.687] [DISPLAY] [Main ] [cloudsaveop] Getting update files for title 'gta5'
[2023-11-14 18:02:04.704] [DISPLAY] [Main ] [cloudsaveop] File downloading completed for title 'gta5'
[2023-11-14 18:02:04.704] [DISPLAY] [Main ] [cloudsaveop] Deleting updated files for title 'gta5'
[2023-11-14 18:02:04.720] [DISPLAY] [Main ] [cloudsaveop] Files deletion completed for title 'gta5'
[2023-11-14 18:02:04.720] [DISPLAY] [Main ] [cloudsaveop] Swapping updated files in place for title 'gta5'
[2023-11-14 18:02:04.737] [DISPLAY] [Main ] [cloudsaveop] Finished syncing cloud saves for title 'gta5'
[2023-11-14 18:02:05.386] [DISPLAY] [50816] [launcher] Shutdown requested! Forced: false
[2023-11-14 18:02:05.387] [DISPLAY] [Main ] [launcher] StartShutdown - Now in progress
[2023-11-14 18:02:06.192] [DISPLAY] [Main ] [app] Application quit requested (exit code: 0)
[2023-11-14 18:02:06.235] [DISPLAY] [Main ] [svc] Stopping the background service.
