[2023-11-13 16:32:07.367] [DISPLAY] [Main ] [sysinfo] OS Version: Major: 10 Minor: 0 Build: 22631 Service Pack: 
[2023-11-13 16:32:07.381] [DISPLAY] [Main ] [sysinfo] OS Version: Major: 10 Minor: 0 Build: 22631 Service Pack: 
[2023-11-13 16:32:07.481] [DISPLAY] [Main ] [main] Working directory: D:\Launcher
[2023-11-13 16:32:07.524] [DISPLAY] [Main ] [minmode] Running in Steam mode
[2023-11-13 16:32:07.524] [DISPLAY] [Main ] [minmode] Steam App Id: 271590
[2023-11-13 16:32:07.524] [DISPLAY] [Main ] [minmode] Title Id: gta5
[2023-11-13 16:32:07.524] [DISPLAY] [Main ] [minmode] Location: D:\SteamLibrary\steamapps\common\Grand Theft Auto V
[2023-11-13 16:32:07.525] [DISPLAY] [Main ] [launcher] Opening log file.
[2023-11-13 16:32:07.529] [DISPLAY] [Main ] [main] Command line: D:\Launcher\Launcher.exe -skipPatcherCheck -steamAppId=271590 -StraightIntoFreemode @args.txt
[2023-11-13 16:32:07.529] [DISPLAY] [Main ] [main] Build type: FMB
[2023-11-13 16:32:07.529] [DISPLAY] [Main ] [main] Version: 1.0.80.1666
[2023-11-13 16:32:07.529] [DISPLAY] [Main ] [main] Parameters:
[2023-11-13 16:32:07.529] [DISPLAY] [Main ] [main]     D:\Launcher\Launcher.exe
[2023-11-13 16:32:07.529] [DISPLAY] [Main ] [main]     -skipPatcherCheck
[2023-11-13 16:32:07.529] [DISPLAY] [Main ] [main]     -steamAppId=271590
[2023-11-13 16:32:07.529] [DISPLAY] [Main ] [main]     -StraightIntoFreemode
[2023-11-13 16:32:07.529] [DISPLAY] [Main ] [main]     @args.txt
[2023-11-13 16:32:07.562] [DISPLAY] [Main ] [titlemanager] Installed titles:
[2023-11-13 16:32:07.562] [DISPLAY] [Main ] [titlemanager]  Title                             Progress               Version              Location                                                    
[2023-11-13 16:32:07.697] [DISPLAY] [Main ] [svc] Service version: 1.0.80.1666 (1.0.80.1666)
[2023-11-13 16:32:07.957] [DISPLAY] [Main ] [fileutils] Version: 2.2.2.2 | 1.0.80.1666 | FFP
[2023-11-13 16:32:08.074] [DISPLAY] [Workr] [selfupdate] Up-to-date.
[2023-11-13 16:32:08.170] [DISPLAY] [bgsvc] [svc] Received response from service.
[2023-11-13 16:32:08.305] [DISPLAY] [Main ] [systemtray] System tray: enabled
[2023-11-13 16:32:08.388] [DISPLAY] [Workr] [idownloader] Starting download of 'https://gamedownloads-rockstargames-com.akamaized.net/public/launcher_online_config.xml'
[2023-11-13 16:32:08.525] [DISPLAY] [Workr] [idownloader] Completed download of 'https://gamedownloads-rockstargames-com.akamaized.net/public/launcher_online_config.xml' (status: 0/200)
[2023-11-13 16:32:08.525] [DISPLAY] [Workr] [titlemanager] Downloading title list...
[2023-11-13 16:32:08.534] [DISPLAY] [Workr] [idownloader] Starting download of 'https://gamedownloads-rockstargames-com.akamaized.net/public/title_metadata.json'
[2023-11-13 16:32:08.620] [DISPLAY] [Workr] [idownloader] Completed download of 'https://gamedownloads-rockstargames-com.akamaized.net/public/title_metadata.json' (status: 0/200)
[2023-11-13 16:32:08.714] [DISPLAY] [Workr] [titlemanager] Downloading default title list (SCS)...
[2023-11-13 16:32:08.714] [DISPLAY] [Workr] [idownloader] Starting download of 'https://rgl-prod.ros.rockstargames.com/launcher/11/LauncherServices/App.asmx/GetDefaultApps?accessToken='
[2023-11-13 16:32:09.287] [DISPLAY] [Workr] [idownloader] Completed download of 'https://rgl-prod.ros.rockstargames.com/launcher/11/LauncherServices/App.asmx/GetDefaultApps?accessToken=' (status: 0/200)
[2023-11-13 16:32:09.287] [DISPLAY] [Workr] [titlemanager] Title list updated.
[2023-11-13 16:32:09.287] [DISPLAY] [Workr] [launcher] Checking for self-update...
[2023-11-13 16:32:09.298] [DISPLAY] [Workr] [statuschecker] Title Rockstar Games Launcher: No update
[2023-11-13 16:32:09.299] [DISPLAY] [Workr] [launcher] No self-update, continuing.
[2023-11-13 16:32:09.299] [DISPLAY] [Workr] [launcher] Checking for prerequisite updates...
[2023-11-13 16:32:09.336] [DISPLAY] [Workr] [preqmanager] The Social Club version available matches that currently installed (both: 2.2.2.2)
[2023-11-13 16:32:09.336] [DISPLAY] [Workr] [titleupdater] No prerequisites to install.
[2023-11-13 16:32:11.981] [DISPLAY] [Main ] [launcher] Social Club UI has started.
[2023-11-13 16:32:11.982] [DISPLAY] [Main ] [external] Notifying Social Club UI about external launch...
[2023-11-13 16:32:11.982] [DISPLAY] [Admin] [external] Setting up Steam title...
[2023-11-13 16:32:11.982] [DISPLAY] [Admin] [titlemanager] Skipping title metadata download as it is available and less old (0 minutes) than the refresh delay (60 minutes).
[2023-11-13 16:32:11.982] [DISPLAY] [Admin] [external] Ready to attempt a launch.
[2023-11-13 16:32:14.398] [DISPLAY] [Main ] [launcher] Presence Event - Signed In
[2023-11-13 16:32:14.398] [DISPLAY] [Main ] [launcher] User 'Tikithegreat' is now signed in
[2023-11-13 16:32:14.444] [DISPLAY] [Main ] [launcher] Presence Event :: Went Online
[2023-11-13 16:32:14.444] [DISPLAY] [Main ] [external] Preparing to update/launch...
[2023-11-13 16:32:14.444] [DISPLAY] [Admin] [titlemanager] Downloading title list...
[2023-11-13 16:32:14.444] [DISPLAY] [Admin] [titlemanager] Skipping title metadata download as it is available and less old (0 minutes) than the refresh delay (60 minutes).
[2023-11-13 16:32:14.444] [DISPLAY] [Admin] [titlemanager] Downloading title list (SCS)...
[2023-11-13 16:32:14.444] [DISPLAY] [Main ] [launcher] Time to start up: 7355 ms
[2023-11-13 16:32:14.451] [DISPLAY] [Main ] [ui_mainwindow] Using DPI 96,96
[2023-11-13 16:32:14.451] [DISPLAY] [Main ] [ui_mainwindow] Using UI Scale: 1.00
[2023-11-13 16:32:14.452] [DISPLAY] [Main ] [ui_mainwindow] Using saved geometry: 320,216 (1280 x 600)
[2023-11-13 16:32:14.478] [DISPLAY] [Main ] [systemtray] System tray: enabled
[2023-11-13 16:32:14.493] [DISPLAY] [Main ] [scuicallbacks] Enabling Downloading
[2023-11-13 16:32:14.600] [DISPLAY] [Main ] [launcher] Friend Event - Friends are Available
[2023-11-13 16:32:14.963] [DISPLAY] [Main ] [scuicallbacks] Setting updated
[2023-11-13 16:32:14.963] [DISPLAY] [Main ] [scuicallbacks] Launch requested
[2023-11-13 16:32:14.963] [DISPLAY] [Main ] [scuicallbacks] Launch requested by user: gta5, 
[2023-11-13 16:32:14.963] [DISPLAY] [Main ] [external] Attempting external title launch...
[2023-11-13 16:32:15.224] [DISPLAY] [Admin] [titlemanager] Title list updated.
[2023-11-13 16:32:15.225] [DISPLAY] [Admin] [external] Ready to attempt a launch.
[2023-11-13 16:32:15.225] [DISPLAY] [Admin] [external] Attempting Steam launch. User is 'tiki_thegreat'
[2023-11-13 16:32:18.478] [DISPLAY] [47736] [gamelaunch] RGL is up to date (current: 1.0.80.1666, minimum: 1.0.33.319)
[2023-11-13 16:32:18.479] [DISPLAY] [47736] [gamelaunch] Grand Theft Auto V is up to date (current: 1.0.3028.0, minimum: 1.0.2060.0)
[2023-11-13 16:32:21.600] [DISPLAY] [Main ] [cloudsaveop] Cloud Save sync requested for title 'gta5'
[2023-11-13 16:32:21.617] [DISPLAY] [Main ] [cloudsaveop] Starting cloud save enabled check for title 'gta5'
[2023-11-13 16:32:21.622] [DISPLAY] [Main ] [cloudsaveop] Received cloud saves enabled state for title 'gta5' = enabled
[2023-11-13 16:32:21.622] [DISPLAY] [Main ] [cloudsaveop] Identifying potential cloud save conflicts for title 'gta5'
[2023-11-13 16:32:22.130] [DISPLAY] [Main ] [cloudsaveop] Received modification list of cloud save files for title 'gta5'
[2023-11-13 16:32:22.130] [DISPLAY] [Main ] [cloudsaveop] Retrieving conflict metadata for title 'gta5'
[2023-11-13 16:32:22.147] [DISPLAY] [Main ] [cloudsaveop] Downloaded conflict metadata for title 'gta5'
[2023-11-13 16:32:22.147] [DISPLAY] [Main ] [cloudsaveop] Posting updated files for title 'gta5'
[2023-11-13 16:32:22.163] [DISPLAY] [Main ] [cloudsaveop] File uploading completed for title 'gta5'
[2023-11-13 16:32:22.163] [DISPLAY] [Main ] [cloudsaveop] Getting update files for title 'gta5'
[2023-11-13 16:32:22.180] [DISPLAY] [Main ] [cloudsaveop] File downloading completed for title 'gta5'
[2023-11-13 16:32:22.180] [DISPLAY] [Main ] [cloudsaveop] Deleting updated files for title 'gta5'
[2023-11-13 16:32:22.196] [DISPLAY] [Main ] [cloudsaveop] Files deletion completed for title 'gta5'
[2023-11-13 16:32:22.196] [DISPLAY] [Main ] [cloudsaveop] Swapping updated files in place for title 'gta5'
[2023-11-13 16:32:22.214] [DISPLAY] [Main ] [cloudsaveop] Finished syncing cloud saves for title 'gta5'
[2023-11-13 16:32:22.252] [DISPLAY] [net3 ] [audio] Valid Audio Device: true
[2023-11-13 16:32:23.126] [DISPLAY] [47736] [gamelaunch] Launching game...
[2023-11-13 16:32:23.126] [DISPLAY] [47736] [gamelaunch]  Path: D:\SteamLibrary\steamapps\common\Grand Theft Auto V\GTA5.exe
[2023-11-13 16:32:23.126] [DISPLAY] [47736] [gamelaunch]  Command Line: "D:\SteamLibrary\steamapps\common\Grand Theft Auto V\GTA5.exe" -skipPatcherCheck -StraightIntoFreemode @args.txt @commandline.txt -enableCrashpad -useSteam -steamAppId=271590 -scCommerceProvider=4
[2023-11-13 16:32:23.126] [DISPLAY] [47736] [gamelaunch]  Working Directory: D:\SteamLibrary\steamapps\common\Grand Theft Auto V
[2023-11-13 16:35:41.550] [DISPLAY] [Main ] [sysinfo] OS Version: Major: 10 Minor: 0 Build: 22631 Service Pack: 
[2023-11-13 16:35:41.555] [DISPLAY] [Main ] [sysinfo] Drive C:\ has 855.72 GB free, 1.82 TB total
[2023-11-13 16:35:41.555] [DISPLAY] [Main ] [sysinfo] Drive D:\ has 99.88 GB free, 1.82 TB total
[2023-11-13 16:35:41.592] [DISPLAY] [Main ] [sysinfo] OS Version: Major: 10 Minor: 0 Build: 22631 Service Pack: 
[2023-11-13 16:35:41.595] [DISPLAY] [Main ] [sysinfo] OS Version: Major: 10 Minor: 0 Build: 22631 Service Pack: 
[2023-11-13 16:35:41.600] [DISPLAY] [Main ] [sysinfo] Drive C:\ has 855.72 GB free, 1.82 TB total
[2023-11-13 16:35:41.600] [DISPLAY] [Main ] [sysinfo] Drive D:\ has 99.88 GB free, 1.82 TB total
[2023-11-13 16:35:41.613] [DISPLAY] [Main ] [sysinfo] OS Version: Major: 10 Minor: 0 Build: 22631 Service Pack: 
[2023-11-13 16:57:57.501] [DISPLAY] [47736] [gamelaunch] Game exited with code 0x0 (0)
[2023-11-13 16:57:57.501] [DISPLAY] [47736] [crashdetection] Game left no exit file.
[2023-11-13 16:57:57.501] [DISPLAY] [47736] [crashdetection] Exit code 0x0 indicates a clean game shutdown
[2023-11-13 16:57:57.551] [DISPLAY] [Main ] [cloudsaveop] Cloud Save sync requested for title 'gta5'
[2023-11-13 16:57:57.567] [DISPLAY] [Main ] [cloudsaveop] Starting cloud save enabled check for title 'gta5'
[2023-11-13 16:57:57.568] [DISPLAY] [Main ] [cloudsaveop] Received cloud saves enabled state for title 'gta5' = enabled
[2023-11-13 16:57:57.568] [DISPLAY] [Main ] [cloudsaveop] Identifying potential cloud save conflicts for title 'gta5'
[2023-11-13 16:57:58.066] [DISPLAY] [Main ] [cloudsaveop] Received modification list of cloud save files for title 'gta5'
[2023-11-13 16:57:58.066] [DISPLAY] [Main ] [cloudsaveop] Retrieving conflict metadata for title 'gta5'
[2023-11-13 16:57:58.083] [DISPLAY] [Main ] [cloudsaveop] Downloaded conflict metadata for title 'gta5'
[2023-11-13 16:57:58.083] [DISPLAY] [Main ] [cloudsaveop] Posting updated files for title 'gta5'
[2023-11-13 16:57:58.100] [DISPLAY] [Main ] [cloudsaveop] File uploading completed for title 'gta5'
[2023-11-13 16:57:58.100] [DISPLAY] [Main ] [cloudsaveop] Getting update files for title 'gta5'
[2023-11-13 16:57:58.117] [DISPLAY] [Main ] [cloudsaveop] File downloading completed for title 'gta5'
[2023-11-13 16:57:58.117] [DISPLAY] [Main ] [cloudsaveop] Deleting updated files for title 'gta5'
[2023-11-13 16:57:58.133] [DISPLAY] [Main ] [cloudsaveop] Files deletion completed for title 'gta5'
[2023-11-13 16:57:58.133] [DISPLAY] [Main ] [cloudsaveop] Swapping updated files in place for title 'gta5'
[2023-11-13 16:57:58.150] [DISPLAY] [Main ] [cloudsaveop] Finished syncing cloud saves for title 'gta5'
[2023-11-13 16:57:58.914] [DISPLAY] [47736] [launcher] Shutdown requested! Forced: false
[2023-11-13 16:57:58.916] [DISPLAY] [Main ] [launcher] StartShutdown - Now in progress
[2023-11-13 16:57:59.781] [DISPLAY] [Main ] [app] Application quit requested (exit code: 0)
[2023-11-13 16:57:59.811] [DISPLAY] [Main ] [svc] Stopping the background service.
