[2023-11-12 16:58:18.251] [DISPLAY] [Main ] [sysinfo] OS Version: Major: 10 Minor: 0 Build: 22621 Service Pack: 
[2023-11-12 16:58:18.261] [DISPLAY] [Main ] [sysinfo] OS Version: Major: 10 Minor: 0 Build: 22621 Service Pack: 
[2023-11-12 16:58:18.291] [DISPLAY] [Main ] [main] Working directory: D:\Launcher
[2023-11-12 16:58:18.342] [DISPLAY] [Main ] [minmode] Running in Steam mode
[2023-11-12 16:58:18.342] [DISPLAY] [Main ] [minmode] Steam App Id: 271590
[2023-11-12 16:58:18.342] [DISPLAY] [Main ] [minmode] Title Id: gta5
[2023-11-12 16:58:18.342] [DISPLAY] [Main ] [minmode] Location: D:\SteamLibrary\steamapps\common\Grand Theft Auto V
[2023-11-12 16:58:18.342] [DISPLAY] [Main ] [launcher] Opening log file.
[2023-11-12 16:58:18.348] [DISPLAY] [Main ] [main] Command line: D:\Launcher\Launcher.exe -skipPatcherCheck -steamAppId=271590 -StraightIntoFreemode @args.txt
[2023-11-12 16:58:18.348] [DISPLAY] [Main ] [main] Build type: FMB
[2023-11-12 16:58:18.348] [DISPLAY] [Main ] [main] Version: 1.0.80.1666
[2023-11-12 16:58:18.348] [DISPLAY] [Main ] [main] Parameters:
[2023-11-12 16:58:18.348] [DISPLAY] [Main ] [main]     D:\Launcher\Launcher.exe
[2023-11-12 16:58:18.348] [DISPLAY] [Main ] [main]     -skipPatcherCheck
[2023-11-12 16:58:18.348] [DISPLAY] [Main ] [main]     -steamAppId=271590
[2023-11-12 16:58:18.348] [DISPLAY] [Main ] [main]     -StraightIntoFreemode
[2023-11-12 16:58:18.348] [DISPLAY] [Main ] [main]     @args.txt
[2023-11-12 16:58:18.381] [DISPLAY] [Main ] [titlemanager] Installed titles:
[2023-11-12 16:58:18.381] [DISPLAY] [Main ] [titlemanager]  Title                             Progress               Version              Location                                                    
[2023-11-12 16:58:18.391] [DISPLAY] [Main ] [svc] Service version: 1.0.80.1666 (1.0.80.1666)
[2023-11-12 16:58:18.503] [DISPLAY] [Main ] [fileutils] Version: 2.2.2.2 | 1.0.80.1666 | FFP
[2023-11-12 16:58:18.520] [DISPLAY] [Workr] [selfupdate] Up-to-date.
[2023-11-12 16:58:18.794] [DISPLAY] [Main ] [systemtray] System tray: enabled
[2023-11-12 16:58:18.953] [DISPLAY] [bgsvc] [svc] Received response from service.
[2023-11-12 16:58:18.986] [DISPLAY] [Workr] [idownloader] Starting download of 'https://gamedownloads-rockstargames-com.akamaized.net/public/launcher_online_config.xml'
[2023-11-12 16:58:19.110] [DISPLAY] [Workr] [idownloader] Completed download of 'https://gamedownloads-rockstargames-com.akamaized.net/public/launcher_online_config.xml' (status: 0/200)
[2023-11-12 16:58:19.110] [DISPLAY] [Workr] [titlemanager] Downloading title list...
[2023-11-12 16:58:19.121] [DISPLAY] [Workr] [idownloader] Starting download of 'https://gamedownloads-rockstargames-com.akamaized.net/public/title_metadata.json'
[2023-11-12 16:58:19.200] [DISPLAY] [Workr] [idownloader] Completed download of 'https://gamedownloads-rockstargames-com.akamaized.net/public/title_metadata.json' (status: 0/200)
[2023-11-12 16:58:19.319] [DISPLAY] [Workr] [titlemanager] Downloading default title list (SCS)...
[2023-11-12 16:58:19.319] [DISPLAY] [Workr] [idownloader] Starting download of 'https://rgl-prod.ros.rockstargames.com/launcher/11/LauncherServices/App.asmx/GetDefaultApps?accessToken='
[2023-11-12 16:58:19.873] [DISPLAY] [Workr] [idownloader] Completed download of 'https://rgl-prod.ros.rockstargames.com/launcher/11/LauncherServices/App.asmx/GetDefaultApps?accessToken=' (status: 0/200)
[2023-11-12 16:58:19.873] [DISPLAY] [Workr] [titlemanager] Title list updated.
[2023-11-12 16:58:19.873] [DISPLAY] [Workr] [launcher] Checking for self-update...
[2023-11-12 16:58:19.887] [DISPLAY] [Workr] [statuschecker] Title Rockstar Games Launcher: No update
[2023-11-12 16:58:19.888] [DISPLAY] [Workr] [launcher] No self-update, continuing.
[2023-11-12 16:58:19.888] [DISPLAY] [Workr] [launcher] Checking for prerequisite updates...
[2023-11-12 16:58:19.890] [DISPLAY] [Workr] [preqmanager] The Social Club version available matches that currently installed (both: 2.2.2.2)
[2023-11-12 16:58:19.890] [DISPLAY] [Workr] [titleupdater] No prerequisites to install.
[2023-11-12 16:58:22.435] [DISPLAY] [Main ] [launcher] Social Club UI has started.
[2023-11-12 16:58:22.436] [DISPLAY] [Main ] [external] Notifying Social Club UI about external launch...
[2023-11-12 16:58:22.436] [DISPLAY] [Admin] [external] Setting up Steam title...
[2023-11-12 16:58:22.436] [DISPLAY] [Admin] [titlemanager] Skipping title metadata download as it is available and less old (0 minutes) than the refresh delay (60 minutes).
[2023-11-12 16:58:22.436] [DISPLAY] [Admin] [external] Ready to attempt a launch.
[2023-11-12 16:58:25.132] [DISPLAY] [Main ] [launcher] Presence Event - Signed In
[2023-11-12 16:58:25.132] [DISPLAY] [Main ] [launcher] User 'Tikithegreat' is now signed in
[2023-11-12 16:58:25.184] [DISPLAY] [Main ] [launcher] Presence Event :: Went Online
[2023-11-12 16:58:25.184] [DISPLAY] [Main ] [external] Preparing to update/launch...
[2023-11-12 16:58:25.184] [DISPLAY] [Admin] [titlemanager] Downloading title list...
[2023-11-12 16:58:25.184] [DISPLAY] [Admin] [titlemanager] Skipping title metadata download as it is available and less old (0 minutes) than the refresh delay (60 minutes).
[2023-11-12 16:58:25.184] [DISPLAY] [Admin] [titlemanager] Downloading title list (SCS)...
[2023-11-12 16:58:25.184] [DISPLAY] [Main ] [launcher] Time to start up: 7080 ms
[2023-11-12 16:58:25.193] [DISPLAY] [Main ] [ui_mainwindow] Using DPI 96,96
[2023-11-12 16:58:25.193] [DISPLAY] [Main ] [ui_mainwindow] Using UI Scale: 1.00
[2023-11-12 16:58:25.194] [DISPLAY] [Main ] [ui_mainwindow] Using saved geometry: 320,216 (1280 x 600)
[2023-11-12 16:58:25.210] [DISPLAY] [Main ] [systemtray] System tray: enabled
[2023-11-12 16:58:25.221] [DISPLAY] [Main ] [scuicallbacks] Enabling Downloading
[2023-11-12 16:58:25.323] [DISPLAY] [Main ] [launcher] Friend Event - Friends are Available
[2023-11-12 16:58:25.703] [DISPLAY] [Main ] [scuicallbacks] Setting updated
[2023-11-12 16:58:25.703] [DISPLAY] [Main ] [scuicallbacks] Launch requested
[2023-11-12 16:58:25.703] [DISPLAY] [Main ] [scuicallbacks] Launch requested by user: gta5, 
[2023-11-12 16:58:25.703] [DISPLAY] [Main ] [external] Attempting external title launch...
[2023-11-12 16:58:25.866] [DISPLAY] [Admin] [titlemanager] Title list updated.
[2023-11-12 16:58:25.869] [DISPLAY] [Admin] [external] Ready to attempt a launch.
[2023-11-12 16:58:25.869] [DISPLAY] [Admin] [external] Attempting Steam launch. User is 'tiki_thegreat'
[2023-11-12 16:58:29.012] [DISPLAY] [22508] [gamelaunch] RGL is up to date (current: 1.0.80.1666, minimum: 1.0.33.319)
[2023-11-12 16:58:29.013] [DISPLAY] [22508] [gamelaunch] Grand Theft Auto V is up to date (current: 1.0.3028.0, minimum: 1.0.2060.0)
[2023-11-12 16:58:31.808] [DISPLAY] [Main ] [cloudsaveop] Cloud Save sync requested for title 'gta5'
[2023-11-12 16:58:31.825] [DISPLAY] [Main ] [cloudsaveop] Starting cloud save enabled check for title 'gta5'
[2023-11-12 16:58:31.827] [DISPLAY] [Main ] [cloudsaveop] Received cloud saves enabled state for title 'gta5' = enabled
[2023-11-12 16:58:31.827] [DISPLAY] [Main ] [cloudsaveop] Identifying potential cloud save conflicts for title 'gta5'
[2023-11-12 16:58:32.341] [DISPLAY] [Main ] [cloudsaveop] Received modification list of cloud save files for title 'gta5'
[2023-11-12 16:58:32.341] [DISPLAY] [Main ] [cloudsaveop] Retrieving conflict metadata for title 'gta5'
[2023-11-12 16:58:32.358] [DISPLAY] [Main ] [cloudsaveop] Downloaded conflict metadata for title 'gta5'
[2023-11-12 16:58:32.358] [DISPLAY] [Main ] [cloudsaveop] Posting updated files for title 'gta5'
[2023-11-12 16:58:32.375] [DISPLAY] [Main ] [cloudsaveop] File uploading completed for title 'gta5'
[2023-11-12 16:58:32.375] [DISPLAY] [Main ] [cloudsaveop] Getting update files for title 'gta5'
[2023-11-12 16:58:32.392] [DISPLAY] [Main ] [cloudsaveop] File downloading completed for title 'gta5'
[2023-11-12 16:58:32.392] [DISPLAY] [Main ] [cloudsaveop] Deleting updated files for title 'gta5'
[2023-11-12 16:58:32.408] [DISPLAY] [Main ] [cloudsaveop] Files deletion completed for title 'gta5'
[2023-11-12 16:58:32.408] [DISPLAY] [Main ] [cloudsaveop] Swapping updated files in place for title 'gta5'
[2023-11-12 16:58:32.426] [DISPLAY] [Main ] [cloudsaveop] Finished syncing cloud saves for title 'gta5'
[2023-11-12 16:58:32.462] [DISPLAY] [net2 ] [audio] Valid Audio Device: true
[2023-11-12 16:58:33.326] [DISPLAY] [22508] [gamelaunch] Launching game...
[2023-11-12 16:58:33.326] [DISPLAY] [22508] [gamelaunch]  Path: D:\SteamLibrary\steamapps\common\Grand Theft Auto V\GTA5.exe
[2023-11-12 16:58:33.326] [DISPLAY] [22508] [gamelaunch]  Command Line: "D:\SteamLibrary\steamapps\common\Grand Theft Auto V\GTA5.exe" -skipPatcherCheck -StraightIntoFreemode @args.txt @commandline.txt -enableCrashpad -useSteam -steamAppId=271590 -scCommerceProvider=4
[2023-11-12 16:58:33.326] [DISPLAY] [22508] [gamelaunch]  Working Directory: D:\SteamLibrary\steamapps\common\Grand Theft Auto V
[2023-11-12 17:06:47.728] [DISPLAY] [22508] [gamelaunch] Game exited with code 0xc0000005 (3221225477)
[2023-11-12 17:06:47.728] [DISPLAY] [22508] [crashdetection] Game left no exit file.
[2023-11-12 17:06:47.728] [ ERROR ] [22508] [crashdetection] Exit code 0xc0000005 indicates a fatal game exit (reason: STATUS_ACCESS_VIOLATION)
[2023-11-12 17:06:47.826] [DISPLAY] [Main ] [cloudsaveop] Cloud Save sync requested for title 'gta5'
[2023-11-12 17:06:47.843] [DISPLAY] [Main ] [cloudsaveop] Starting cloud save enabled check for title 'gta5'
[2023-11-12 17:06:47.844] [DISPLAY] [Main ] [cloudsaveop] Received cloud saves enabled state for title 'gta5' = enabled
[2023-11-12 17:06:47.844] [DISPLAY] [Main ] [cloudsaveop] Identifying potential cloud save conflicts for title 'gta5'
[2023-11-12 17:06:48.292] [DISPLAY] [Main ] [cloudsaveop] Received modification list of cloud save files for title 'gta5'
[2023-11-12 17:06:48.292] [DISPLAY] [Main ] [cloudsaveop] Retrieving conflict metadata for title 'gta5'
[2023-11-12 17:06:48.308] [DISPLAY] [Main ] [cloudsaveop] Downloaded conflict metadata for title 'gta5'
[2023-11-12 17:06:48.308] [DISPLAY] [Main ] [cloudsaveop] Posting updated files for title 'gta5'
[2023-11-12 17:06:48.325] [DISPLAY] [Main ] [cloudsaveop] File uploading completed for title 'gta5'
[2023-11-12 17:06:48.325] [DISPLAY] [Main ] [cloudsaveop] Getting update files for title 'gta5'
[2023-11-12 17:06:48.342] [DISPLAY] [Main ] [cloudsaveop] File downloading completed for title 'gta5'
[2023-11-12 17:06:48.342] [DISPLAY] [Main ] [cloudsaveop] Deleting updated files for title 'gta5'
[2023-11-12 17:06:48.358] [DISPLAY] [Main ] [cloudsaveop] Files deletion completed for title 'gta5'
[2023-11-12 17:06:48.358] [DISPLAY] [Main ] [cloudsaveop] Swapping updated files in place for title 'gta5'
[2023-11-12 17:06:48.376] [DISPLAY] [Main ] [cloudsaveop] Finished syncing cloud saves for title 'gta5'
[2023-11-12 17:06:48.989] [DISPLAY] [22508] [launcher] Shutdown requested! Forced: false
[2023-11-12 17:06:48.991] [DISPLAY] [Main ] [launcher] StartShutdown - Now in progress
[2023-11-12 17:06:49.653] [DISPLAY] [Main ] [app] Application quit requested (exit code: 0)
[2023-11-12 17:06:49.683] [DISPLAY] [Main ] [svc] Stopping the background service.
