[2023-11-12 17:17:15.534] [DISPLAY] [Main ] [sysinfo] OS Version: Major: 10 Minor: 0 Build: 22621 Service Pack: 
[2023-11-12 17:17:15.541] [DISPLAY] [Main ] [sysinfo] OS Version: Major: 10 Minor: 0 Build: 22621 Service Pack: 
[2023-11-12 17:17:15.567] [DISPLAY] [Main ] [main] Working directory: D:\Launcher
[2023-11-12 17:17:15.600] [DISPLAY] [Main ] [minmode] Running in Steam mode
[2023-11-12 17:17:15.600] [DISPLAY] [Main ] [minmode] Steam App Id: 271590
[2023-11-12 17:17:15.600] [DISPLAY] [Main ] [minmode] Title Id: gta5
[2023-11-12 17:17:15.600] [DISPLAY] [Main ] [minmode] Location: D:\SteamLibrary\steamapps\common\Grand Theft Auto V
[2023-11-12 17:17:15.600] [DISPLAY] [Main ] [launcher] Opening log file.
[2023-11-12 17:17:15.604] [DISPLAY] [Main ] [main] Command line: D:\Launcher\Launcher.exe -skipPatcherCheck -steamAppId=271590 -StraightIntoFreemode @args.txt
[2023-11-12 17:17:15.604] [DISPLAY] [Main ] [main] Build type: FMB
[2023-11-12 17:17:15.604] [DISPLAY] [Main ] [main] Version: 1.0.80.1666
[2023-11-12 17:17:15.604] [DISPLAY] [Main ] [main] Parameters:
[2023-11-12 17:17:15.604] [DISPLAY] [Main ] [main]     D:\Launcher\Launcher.exe
[2023-11-12 17:17:15.604] [DISPLAY] [Main ] [main]     -skipPatcherCheck
[2023-11-12 17:17:15.604] [DISPLAY] [Main ] [main]     -steamAppId=271590
[2023-11-12 17:17:15.604] [DISPLAY] [Main ] [main]     -StraightIntoFreemode
[2023-11-12 17:17:15.604] [DISPLAY] [Main ] [main]     @args.txt
[2023-11-12 17:17:15.630] [DISPLAY] [Main ] [titlemanager] Installed titles:
[2023-11-12 17:17:15.630] [DISPLAY] [Main ] [titlemanager]  Title                             Progress               Version              Location                                                    
[2023-11-12 17:17:15.639] [DISPLAY] [Main ] [svc] Service version: 1.0.80.1666 (1.0.80.1666)
[2023-11-12 17:17:15.736] [DISPLAY] [Main ] [fileutils] Version: 2.2.2.2 | 1.0.80.1666 | FFP
[2023-11-12 17:17:15.753] [DISPLAY] [Workr] [selfupdate] Up-to-date.
[2023-11-12 17:17:15.986] [DISPLAY] [Main ] [systemtray] System tray: enabled
[2023-11-12 17:17:16.161] [DISPLAY] [bgsvc] [svc] Received response from service.
[2023-11-12 17:17:16.213] [DISPLAY] [Workr] [idownloader] Starting download of 'https://gamedownloads-rockstargames-com.akamaized.net/public/launcher_online_config.xml'
[2023-11-12 17:17:16.339] [DISPLAY] [Workr] [idownloader] Completed download of 'https://gamedownloads-rockstargames-com.akamaized.net/public/launcher_online_config.xml' (status: 0/200)
[2023-11-12 17:17:16.339] [DISPLAY] [Workr] [titlemanager] Downloading title list...
[2023-11-12 17:17:16.339] [DISPLAY] [Workr] [titlemanager] Skipping title metadata download as it is available and less old (18 minutes) than the refresh delay (60 minutes).
[2023-11-12 17:17:16.339] [DISPLAY] [Workr] [titlemanager] Downloading default title list (SCS)...
[2023-11-12 17:17:16.339] [DISPLAY] [Workr] [idownloader] Starting download of 'https://rgl-prod.ros.rockstargames.com/launcher/11/LauncherServices/App.asmx/GetDefaultApps?accessToken='
[2023-11-12 17:17:16.916] [DISPLAY] [Workr] [idownloader] Completed download of 'https://rgl-prod.ros.rockstargames.com/launcher/11/LauncherServices/App.asmx/GetDefaultApps?accessToken=' (status: 0/200)
[2023-11-12 17:17:16.917] [DISPLAY] [Workr] [titlemanager] Title list updated.
[2023-11-12 17:17:16.917] [DISPLAY] [Workr] [launcher] Checking for self-update...
[2023-11-12 17:17:16.926] [DISPLAY] [Workr] [statuschecker] Title Rockstar Games Launcher: No update
[2023-11-12 17:17:16.927] [DISPLAY] [Workr] [launcher] No self-update, continuing.
[2023-11-12 17:17:16.927] [DISPLAY] [Workr] [launcher] Checking for prerequisite updates...
[2023-11-12 17:17:16.929] [DISPLAY] [Workr] [preqmanager] The Social Club version available matches that currently installed (both: 2.2.2.2)
[2023-11-12 17:17:16.929] [DISPLAY] [Workr] [titleupdater] No prerequisites to install.
[2023-11-12 17:17:18.579] [DISPLAY] [Main ] [launcher] Social Club UI has started.
[2023-11-12 17:17:18.580] [DISPLAY] [Main ] [external] Notifying Social Club UI about external launch...
[2023-11-12 17:17:18.580] [DISPLAY] [Admin] [external] Setting up Steam title...
[2023-11-12 17:17:18.580] [DISPLAY] [Admin] [titlemanager] Skipping title metadata download as it is available and less old (18 minutes) than the refresh delay (60 minutes).
[2023-11-12 17:17:18.580] [DISPLAY] [Admin] [external] Ready to attempt a launch.
[2023-11-12 17:17:20.844] [DISPLAY] [Main ] [launcher] Presence Event - Signed In
[2023-11-12 17:17:20.844] [DISPLAY] [Main ] [launcher] User 'Tikithegreat' is now signed in
[2023-11-12 17:17:20.894] [DISPLAY] [Main ] [launcher] Presence Event :: Went Online
[2023-11-12 17:17:20.894] [DISPLAY] [Main ] [external] Preparing to update/launch...
[2023-11-12 17:17:20.894] [DISPLAY] [Admin] [titlemanager] Downloading title list...
[2023-11-12 17:17:20.894] [DISPLAY] [Admin] [titlemanager] Skipping title metadata download as it is available and less old (19 minutes) than the refresh delay (60 minutes).
[2023-11-12 17:17:20.894] [DISPLAY] [Admin] [titlemanager] Downloading title list (SCS)...
[2023-11-12 17:17:20.895] [DISPLAY] [Main ] [launcher] Time to start up: 5476 ms
[2023-11-12 17:17:20.908] [DISPLAY] [Main ] [ui_mainwindow] Using DPI 96,96
[2023-11-12 17:17:20.908] [DISPLAY] [Main ] [ui_mainwindow] Using UI Scale: 1.00
[2023-11-12 17:17:20.909] [DISPLAY] [Main ] [ui_mainwindow] Using saved geometry: 320,216 (1280 x 600)
[2023-11-12 17:17:20.997] [DISPLAY] [Main ] [systemtray] System tray: enabled
[2023-11-12 17:17:21.023] [DISPLAY] [Main ] [scuicallbacks] Enabling Downloading
[2023-11-12 17:17:21.132] [DISPLAY] [Main ] [launcher] Friend Event - Friends are Available
[2023-11-12 17:17:21.415] [DISPLAY] [Main ] [scuicallbacks] Setting updated
[2023-11-12 17:17:21.415] [DISPLAY] [Main ] [scuicallbacks] Launch requested
[2023-11-12 17:17:21.415] [DISPLAY] [Main ] [scuicallbacks] Launch requested by user: gta5, 
[2023-11-12 17:17:21.415] [DISPLAY] [Main ] [external] Attempting external title launch...
[2023-11-12 17:17:21.738] [DISPLAY] [Admin] [titlemanager] Title list updated.
[2023-11-12 17:17:21.739] [DISPLAY] [Admin] [external] Ready to attempt a launch.
[2023-11-12 17:17:21.739] [DISPLAY] [Admin] [external] Attempting Steam launch. User is 'tiki_thegreat'
[2023-11-12 17:17:24.765] [DISPLAY] [ 7632] [gamelaunch] RGL is up to date (current: 1.0.80.1666, minimum: 1.0.33.319)
[2023-11-12 17:17:24.766] [DISPLAY] [ 7632] [gamelaunch] Grand Theft Auto V is up to date (current: 1.0.3028.0, minimum: 1.0.2060.0)
[2023-11-12 17:17:27.368] [DISPLAY] [Main ] [cloudsaveop] Cloud Save sync requested for title 'gta5'
[2023-11-12 17:17:27.384] [DISPLAY] [Main ] [cloudsaveop] Starting cloud save enabled check for title 'gta5'
[2023-11-12 17:17:27.388] [DISPLAY] [Main ] [cloudsaveop] Received cloud saves enabled state for title 'gta5' = enabled
[2023-11-12 17:17:27.388] [DISPLAY] [Main ] [cloudsaveop] Identifying potential cloud save conflicts for title 'gta5'
[2023-11-12 17:17:27.879] [DISPLAY] [Main ] [cloudsaveop] Received modification list of cloud save files for title 'gta5'
[2023-11-12 17:17:27.879] [DISPLAY] [Main ] [cloudsaveop] Retrieving conflict metadata for title 'gta5'
[2023-11-12 17:17:27.895] [DISPLAY] [Main ] [cloudsaveop] Downloaded conflict metadata for title 'gta5'
[2023-11-12 17:17:27.895] [DISPLAY] [Main ] [cloudsaveop] Posting updated files for title 'gta5'
[2023-11-12 17:17:27.912] [DISPLAY] [Main ] [cloudsaveop] File uploading completed for title 'gta5'
[2023-11-12 17:17:27.912] [DISPLAY] [Main ] [cloudsaveop] Getting update files for title 'gta5'
[2023-11-12 17:17:27.928] [DISPLAY] [Main ] [cloudsaveop] File downloading completed for title 'gta5'
[2023-11-12 17:17:27.928] [DISPLAY] [Main ] [cloudsaveop] Deleting updated files for title 'gta5'
[2023-11-12 17:17:27.945] [DISPLAY] [Main ] [cloudsaveop] Files deletion completed for title 'gta5'
[2023-11-12 17:17:27.945] [DISPLAY] [Main ] [cloudsaveop] Swapping updated files in place for title 'gta5'
[2023-11-12 17:17:27.962] [DISPLAY] [Main ] [cloudsaveop] Finished syncing cloud saves for title 'gta5'
[2023-11-12 17:17:27.996] [DISPLAY] [net1 ] [audio] Valid Audio Device: true
[2023-11-12 17:17:28.854] [DISPLAY] [ 7632] [gamelaunch] Launching game...
[2023-11-12 17:17:28.854] [DISPLAY] [ 7632] [gamelaunch]  Path: D:\SteamLibrary\steamapps\common\Grand Theft Auto V\GTA5.exe
[2023-11-12 17:17:28.854] [DISPLAY] [ 7632] [gamelaunch]  Command Line: "D:\SteamLibrary\steamapps\common\Grand Theft Auto V\GTA5.exe" -skipPatcherCheck -StraightIntoFreemode @args.txt @commandline.txt -enableCrashpad -useSteam -steamAppId=271590 -scCommerceProvider=4
[2023-11-12 17:17:28.854] [DISPLAY] [ 7632] [gamelaunch]  Working Directory: D:\SteamLibrary\steamapps\common\Grand Theft Auto V
[2023-11-12 17:20:27.314] [WARNING] [bgsvc] [svc_transactionqueue] Transaction 15 duration: 44547 ms (Queued 43823 ms, starting 724 ms, working 724 ms)
[2023-11-12 17:38:14.451] [DISPLAY] [ 7632] [gamelaunch] Game exited with code 0x0 (0)
[2023-11-12 17:38:14.451] [DISPLAY] [ 7632] [crashdetection] Game left no exit file.
[2023-11-12 17:38:14.451] [DISPLAY] [ 7632] [crashdetection] Exit code 0x0 indicates a clean game shutdown
[2023-11-12 17:38:14.551] [DISPLAY] [Main ] [cloudsaveop] Cloud Save sync requested for title 'gta5'
[2023-11-12 17:38:14.617] [DISPLAY] [Main ] [cloudsaveop] Starting cloud save enabled check for title 'gta5'
[2023-11-12 17:38:14.618] [DISPLAY] [Main ] [cloudsaveop] Received cloud saves enabled state for title 'gta5' = enabled
[2023-11-12 17:38:14.618] [DISPLAY] [Main ] [cloudsaveop] Identifying potential cloud save conflicts for title 'gta5'
[2023-11-12 17:38:15.098] [DISPLAY] [Main ] [cloudsaveop] Received modification list of cloud save files for title 'gta5'
[2023-11-12 17:38:15.098] [DISPLAY] [Main ] [cloudsaveop] Retrieving conflict metadata for title 'gta5'
[2023-11-12 17:38:15.115] [DISPLAY] [Main ] [cloudsaveop] Downloaded conflict metadata for title 'gta5'
[2023-11-12 17:38:15.115] [DISPLAY] [Main ] [cloudsaveop] Posting updated files for title 'gta5'
[2023-11-12 17:38:15.132] [DISPLAY] [Main ] [cloudsaveop] File uploading completed for title 'gta5'
[2023-11-12 17:38:15.132] [DISPLAY] [Main ] [cloudsaveop] Getting update files for title 'gta5'
[2023-11-12 17:38:15.148] [DISPLAY] [Main ] [cloudsaveop] File downloading completed for title 'gta5'
[2023-11-12 17:38:15.148] [DISPLAY] [Main ] [cloudsaveop] Deleting updated files for title 'gta5'
[2023-11-12 17:38:15.165] [DISPLAY] [Main ] [cloudsaveop] Files deletion completed for title 'gta5'
[2023-11-12 17:38:15.165] [DISPLAY] [Main ] [cloudsaveop] Swapping updated files in place for title 'gta5'
[2023-11-12 17:38:15.182] [DISPLAY] [Main ] [cloudsaveop] Finished syncing cloud saves for title 'gta5'
[2023-11-12 17:38:15.798] [DISPLAY] [ 7632] [launcher] Shutdown requested! Forced: false
[2023-11-12 17:38:15.800] [DISPLAY] [Main ] [launcher] StartShutdown - Now in progress
[2023-11-12 17:38:16.565] [DISPLAY] [Main ] [app] Application quit requested (exit code: 0)
[2023-11-12 17:38:16.684] [DISPLAY] [Main ] [svc] Stopping the background service.
