[2023-11-10 19:54:54.646] [DISPLAY] [Main ] [sysinfo] OS Version: Major: 10 Minor: 0 Build: 22621 Service Pack: 
[2023-11-10 19:54:54.652] [DISPLAY] [Main ] [sysinfo] OS Version: Major: 10 Minor: 0 Build: 22621 Service Pack: 
[2023-11-10 19:54:54.674] [DISPLAY] [Main ] [main] Working directory: D:\Launcher
[2023-11-10 19:54:54.814] [DISPLAY] [Main ] [minmode] Running in Steam mode
[2023-11-10 19:54:54.814] [DISPLAY] [Main ] [minmode] Steam App Id: 271590
[2023-11-10 19:54:54.814] [DISPLAY] [Main ] [minmode] Title Id: gta5
[2023-11-10 19:54:54.814] [DISPLAY] [Main ] [minmode] Location: D:\SteamLibrary\steamapps\common\Grand Theft Auto V
[2023-11-10 19:54:54.815] [DISPLAY] [Main ] [launcher] Opening log file.
[2023-11-10 19:54:54.817] [DISPLAY] [Main ] [main] Command line: D:\Launcher\Launcher.exe -skipPatcherCheck -steamAppId=271590 -StraightIntoFreemode @args.txt
[2023-11-10 19:54:54.817] [DISPLAY] [Main ] [main] Build type: FMB
[2023-11-10 19:54:54.817] [DISPLAY] [Main ] [main] Version: 1.0.80.1666
[2023-11-10 19:54:54.817] [DISPLAY] [Main ] [main] Parameters:
[2023-11-10 19:54:54.817] [DISPLAY] [Main ] [main]     D:\Launcher\Launcher.exe
[2023-11-10 19:54:54.817] [DISPLAY] [Main ] [main]     -skipPatcherCheck
[2023-11-10 19:54:54.817] [DISPLAY] [Main ] [main]     -steamAppId=271590
[2023-11-10 19:54:54.817] [DISPLAY] [Main ] [main]     -StraightIntoFreemode
[2023-11-10 19:54:54.817] [DISPLAY] [Main ] [main]     @args.txt
[2023-11-10 19:54:54.866] [DISPLAY] [Main ] [titlemanager] Installed titles:
[2023-11-10 19:54:54.866] [DISPLAY] [Main ] [titlemanager]  Title                             Progress               Version              Location                                                    
[2023-11-10 19:54:54.870] [DISPLAY] [Main ] [svc] Service version: 1.0.80.1666 (1.0.80.1666)
[2023-11-10 19:54:55.007] [DISPLAY] [Main ] [fileutils] Version: 2.2.2.2 | 1.0.80.1666 | FFP
[2023-11-10 19:54:55.019] [DISPLAY] [Workr] [selfupdate] Up-to-date.
[2023-11-10 19:54:55.197] [DISPLAY] [Main ] [systemtray] System tray: enabled
[2023-11-10 19:54:55.356] [DISPLAY] [bgsvc] [svc] Received response from service.
[2023-11-10 19:54:55.462] [DISPLAY] [Workr] [idownloader] Starting download of 'https://gamedownloads-rockstargames-com.akamaized.net/public/launcher_online_config.xml'
[2023-11-10 19:54:55.608] [DISPLAY] [Workr] [idownloader] Completed download of 'https://gamedownloads-rockstargames-com.akamaized.net/public/launcher_online_config.xml' (status: 0/200)
[2023-11-10 19:54:55.608] [DISPLAY] [Workr] [titlemanager] Downloading title list...
[2023-11-10 19:54:55.616] [DISPLAY] [Workr] [idownloader] Starting download of 'https://gamedownloads-rockstargames-com.akamaized.net/public/title_metadata.json'
[2023-11-10 19:54:55.701] [DISPLAY] [Workr] [idownloader] Completed download of 'https://gamedownloads-rockstargames-com.akamaized.net/public/title_metadata.json' (status: 0/200)
[2023-11-10 19:54:55.951] [DISPLAY] [Workr] [titlemanager] Downloading default title list (SCS)...
[2023-11-10 19:54:55.951] [DISPLAY] [Workr] [idownloader] Starting download of 'https://rgl-prod.ros.rockstargames.com/launcher/11/LauncherServices/App.asmx/GetDefaultApps?accessToken='
[2023-11-10 19:54:56.514] [DISPLAY] [Workr] [idownloader] Completed download of 'https://rgl-prod.ros.rockstargames.com/launcher/11/LauncherServices/App.asmx/GetDefaultApps?accessToken=' (status: 0/200)
[2023-11-10 19:54:56.514] [DISPLAY] [Workr] [titlemanager] Title list updated.
[2023-11-10 19:54:56.514] [DISPLAY] [Workr] [launcher] Checking for self-update...
[2023-11-10 19:54:56.554] [DISPLAY] [Workr] [statuschecker] Title Rockstar Games Launcher: No update
[2023-11-10 19:54:56.555] [DISPLAY] [Workr] [launcher] No self-update, continuing.
[2023-11-10 19:54:56.555] [DISPLAY] [Workr] [launcher] Checking for prerequisite updates...
[2023-11-10 19:54:56.557] [DISPLAY] [Workr] [preqmanager] The Social Club version available matches that currently installed (both: 2.2.2.2)
[2023-11-10 19:54:56.557] [DISPLAY] [Workr] [titleupdater] No prerequisites to install.
[2023-11-10 19:54:59.277] [DISPLAY] [Main ] [launcher] Social Club UI has started.
[2023-11-10 19:54:59.278] [DISPLAY] [Main ] [external] Notifying Social Club UI about external launch...
[2023-11-10 19:54:59.278] [DISPLAY] [Admin] [external] Setting up Steam title...
[2023-11-10 19:54:59.278] [DISPLAY] [Admin] [titlemanager] Skipping title metadata download as it is available and less old (0 minutes) than the refresh delay (60 minutes).
[2023-11-10 19:54:59.278] [DISPLAY] [Admin] [external] Ready to attempt a launch.
[2023-11-10 19:55:02.482] [DISPLAY] [Main ] [launcher] Presence Event - Signed In
[2023-11-10 19:55:02.482] [DISPLAY] [Main ] [launcher] User 'Tikithegreat' is now signed in
[2023-11-10 19:55:02.518] [DISPLAY] [Main ] [launcher] Presence Event :: Went Online
[2023-11-10 19:55:02.518] [DISPLAY] [Main ] [external] Preparing to update/launch...
[2023-11-10 19:55:02.518] [DISPLAY] [Admin] [titlemanager] Downloading title list...
[2023-11-10 19:55:02.518] [DISPLAY] [Admin] [titlemanager] Skipping title metadata download as it is available and less old (0 minutes) than the refresh delay (60 minutes).
[2023-11-10 19:55:02.518] [DISPLAY] [Admin] [titlemanager] Downloading title list (SCS)...
[2023-11-10 19:55:02.518] [DISPLAY] [Main ] [launcher] Time to start up: 7941 ms
[2023-11-10 19:55:02.521] [DISPLAY] [Main ] [ui_mainwindow] Using DPI 96,96
[2023-11-10 19:55:02.521] [DISPLAY] [Main ] [ui_mainwindow] Using UI Scale: 1.00
[2023-11-10 19:55:02.522] [DISPLAY] [Main ] [ui_mainwindow] Using saved geometry: 320,216 (1280 x 600)
[2023-11-10 19:55:02.534] [DISPLAY] [Main ] [systemtray] System tray: enabled
[2023-11-10 19:55:02.542] [DISPLAY] [Main ] [scuicallbacks] Enabling Downloading
[2023-11-10 19:55:02.688] [DISPLAY] [Main ] [launcher] Friend Event - Friends are Available
[2023-11-10 19:55:03.027] [DISPLAY] [Main ] [scuicallbacks] Setting updated
[2023-11-10 19:55:03.027] [DISPLAY] [Main ] [scuicallbacks] Launch requested
[2023-11-10 19:55:03.027] [DISPLAY] [Main ] [scuicallbacks] Launch requested by user: gta5, 
[2023-11-10 19:55:03.027] [DISPLAY] [Main ] [external] Attempting external title launch...
[2023-11-10 19:55:03.294] [DISPLAY] [Admin] [titlemanager] Title list updated.
[2023-11-10 19:55:03.295] [DISPLAY] [Admin] [external] Ready to attempt a launch.
[2023-11-10 19:55:03.295] [DISPLAY] [Admin] [external] Attempting Steam launch. User is 'tiki_thegreat'
[2023-11-10 19:55:07.648] [DISPLAY] [190400] [gamelaunch] RGL is up to date (current: 1.0.80.1666, minimum: 1.0.33.319)
[2023-11-10 19:55:07.649] [DISPLAY] [190400] [gamelaunch] Grand Theft Auto V is up to date (current: 1.0.3028.0, minimum: 1.0.2060.0)
[2023-11-10 19:55:11.534] [DISPLAY] [Main ] [cloudsaveop] Cloud Save sync requested for title 'gta5'
[2023-11-10 19:55:11.550] [DISPLAY] [Main ] [cloudsaveop] Starting cloud save enabled check for title 'gta5'
[2023-11-10 19:55:11.551] [DISPLAY] [Main ] [cloudsaveop] Received cloud saves enabled state for title 'gta5' = enabled
[2023-11-10 19:55:11.551] [DISPLAY] [Main ] [cloudsaveop] Identifying potential cloud save conflicts for title 'gta5'
[2023-11-10 19:55:12.050] [DISPLAY] [Main ] [cloudsaveop] Received modification list of cloud save files for title 'gta5'
[2023-11-10 19:55:12.050] [DISPLAY] [Main ] [cloudsaveop] Retrieving conflict metadata for title 'gta5'
[2023-11-10 19:55:12.067] [DISPLAY] [Main ] [cloudsaveop] Downloaded conflict metadata for title 'gta5'
[2023-11-10 19:55:12.067] [DISPLAY] [Main ] [cloudsaveop] Posting updated files for title 'gta5'
[2023-11-10 19:55:12.084] [DISPLAY] [Main ] [cloudsaveop] File uploading completed for title 'gta5'
[2023-11-10 19:55:12.084] [DISPLAY] [Main ] [cloudsaveop] Getting update files for title 'gta5'
[2023-11-10 19:55:12.100] [DISPLAY] [Main ] [cloudsaveop] File downloading completed for title 'gta5'
[2023-11-10 19:55:12.100] [DISPLAY] [Main ] [cloudsaveop] Deleting updated files for title 'gta5'
[2023-11-10 19:55:12.117] [DISPLAY] [Main ] [cloudsaveop] Files deletion completed for title 'gta5'
[2023-11-10 19:55:12.117] [DISPLAY] [Main ] [cloudsaveop] Swapping updated files in place for title 'gta5'
[2023-11-10 19:55:12.134] [DISPLAY] [Main ] [cloudsaveop] Finished syncing cloud saves for title 'gta5'
[2023-11-10 19:55:12.177] [DISPLAY] [net2 ] [audio] Valid Audio Device: true
[2023-11-10 19:55:13.046] [DISPLAY] [190400] [gamelaunch] Launching game...
[2023-11-10 19:55:13.046] [DISPLAY] [190400] [gamelaunch]  Path: D:\SteamLibrary\steamapps\common\Grand Theft Auto V\GTA5.exe
[2023-11-10 19:55:13.046] [DISPLAY] [190400] [gamelaunch]  Command Line: "D:\SteamLibrary\steamapps\common\Grand Theft Auto V\GTA5.exe" -skipPatcherCheck -StraightIntoFreemode @args.txt @commandline.txt -enableCrashpad -useSteam -steamAppId=271590 -scCommerceProvider=4
[2023-11-10 19:55:13.046] [DISPLAY] [190400] [gamelaunch]  Working Directory: D:\SteamLibrary\steamapps\common\Grand Theft Auto V
[2023-11-10 19:58:09.568] [DISPLAY] [Main ] [sysinfo] OS Version: Major: 10 Minor: 0 Build: 22621 Service Pack: 
[2023-11-10 19:58:09.572] [DISPLAY] [Main ] [sysinfo] Drive C:\ has 854.87 GB free, 1.82 TB total
[2023-11-10 19:58:09.572] [DISPLAY] [Main ] [sysinfo] Drive D:\ has 102.68 GB free, 1.82 TB total
[2023-11-10 19:58:09.600] [DISPLAY] [Main ] [sysinfo] OS Version: Major: 10 Minor: 0 Build: 22621 Service Pack: 
[2023-11-10 19:58:09.602] [DISPLAY] [Main ] [sysinfo] OS Version: Major: 10 Minor: 0 Build: 22621 Service Pack: 
[2023-11-10 19:58:09.607] [DISPLAY] [Main ] [sysinfo] Drive C:\ has 854.87 GB free, 1.82 TB total
[2023-11-10 19:58:09.607] [DISPLAY] [Main ] [sysinfo] Drive D:\ has 102.68 GB free, 1.82 TB total
[2023-11-10 19:58:09.619] [DISPLAY] [Main ] [sysinfo] OS Version: Major: 10 Minor: 0 Build: 22621 Service Pack: 
[2023-11-10 19:59:24.091] [DISPLAY] [190400] [gamelaunch] Game exited with code 0xc0000005 (3221225477)
[2023-11-10 19:59:24.091] [DISPLAY] [190400] [crashdetection] Game left no exit file.
[2023-11-10 19:59:24.091] [ ERROR ] [190400] [crashdetection] Exit code 0xc0000005 indicates a fatal game exit (reason: STATUS_ACCESS_VIOLATION)
[2023-11-10 19:59:24.141] [DISPLAY] [Main ] [cloudsaveop] Cloud Save sync requested for title 'gta5'
[2023-11-10 19:59:24.158] [DISPLAY] [Main ] [cloudsaveop] Starting cloud save enabled check for title 'gta5'
[2023-11-10 19:59:24.158] [DISPLAY] [Main ] [cloudsaveop] Received cloud saves enabled state for title 'gta5' = enabled
[2023-11-10 19:59:24.158] [DISPLAY] [Main ] [cloudsaveop] Identifying potential cloud save conflicts for title 'gta5'
[2023-11-10 19:59:24.620] [DISPLAY] [Main ] [cloudsaveop] Received modification list of cloud save files for title 'gta5'
[2023-11-10 19:59:24.620] [DISPLAY] [Main ] [cloudsaveop] Retrieving conflict metadata for title 'gta5'
[2023-11-10 19:59:24.636] [DISPLAY] [Main ] [cloudsaveop] Downloaded conflict metadata for title 'gta5'
[2023-11-10 19:59:24.636] [DISPLAY] [Main ] [cloudsaveop] Posting updated files for title 'gta5'
[2023-11-10 19:59:24.653] [DISPLAY] [Main ] [cloudsaveop] File uploading completed for title 'gta5'
[2023-11-10 19:59:24.653] [DISPLAY] [Main ] [cloudsaveop] Getting update files for title 'gta5'
[2023-11-10 19:59:24.670] [DISPLAY] [Main ] [cloudsaveop] File downloading completed for title 'gta5'
[2023-11-10 19:59:24.670] [DISPLAY] [Main ] [cloudsaveop] Deleting updated files for title 'gta5'
[2023-11-10 19:59:24.686] [DISPLAY] [Main ] [cloudsaveop] Files deletion completed for title 'gta5'
[2023-11-10 19:59:24.686] [DISPLAY] [Main ] [cloudsaveop] Swapping updated files in place for title 'gta5'
[2023-11-10 19:59:24.703] [DISPLAY] [Main ] [cloudsaveop] Finished syncing cloud saves for title 'gta5'
[2023-11-10 19:59:25.360] [DISPLAY] [190400] [launcher] Shutdown requested! Forced: false
[2023-11-10 19:59:25.361] [DISPLAY] [Main ] [launcher] StartShutdown - Now in progress
[2023-11-10 19:59:26.055] [DISPLAY] [Main ] [app] Application quit requested (exit code: 0)
[2023-11-10 19:59:26.084] [DISPLAY] [Main ] [svc] Stopping the background service.
