[2023-11-10 20:22:56.347] [DISPLAY] [Main ] [sysinfo] OS Version: Major: 10 Minor: 0 Build: 22621 Service Pack: 
[2023-11-10 20:22:56.360] [DISPLAY] [Main ] [sysinfo] OS Version: Major: 10 Minor: 0 Build: 22621 Service Pack: 
[2023-11-10 20:22:56.388] [DISPLAY] [Main ] [main] Working directory: D:\Launcher
[2023-11-10 20:22:56.422] [DISPLAY] [Main ] [minmode] Running in Steam mode
[2023-11-10 20:22:56.422] [DISPLAY] [Main ] [minmode] Steam App Id: 271590
[2023-11-10 20:22:56.422] [DISPLAY] [Main ] [minmode] Title Id: gta5
[2023-11-10 20:22:56.422] [DISPLAY] [Main ] [minmode] Location: D:\SteamLibrary\steamapps\common\Grand Theft Auto V
[2023-11-10 20:22:56.422] [DISPLAY] [Main ] [launcher] Opening log file.
[2023-11-10 20:22:56.427] [DISPLAY] [Main ] [main] Command line: D:\Launcher\Launcher.exe -skipPatcherCheck -steamAppId=271590 -StraightIntoFreemode @args.txt
[2023-11-10 20:22:56.427] [DISPLAY] [Main ] [main] Build type: FMB
[2023-11-10 20:22:56.427] [DISPLAY] [Main ] [main] Version: 1.0.80.1666
[2023-11-10 20:22:56.427] [DISPLAY] [Main ] [main] Parameters:
[2023-11-10 20:22:56.427] [DISPLAY] [Main ] [main]     D:\Launcher\Launcher.exe
[2023-11-10 20:22:56.427] [DISPLAY] [Main ] [main]     -skipPatcherCheck
[2023-11-10 20:22:56.427] [DISPLAY] [Main ] [main]     -steamAppId=271590
[2023-11-10 20:22:56.427] [DISPLAY] [Main ] [main]     -StraightIntoFreemode
[2023-11-10 20:22:56.427] [DISPLAY] [Main ] [main]     @args.txt
[2023-11-10 20:22:56.454] [DISPLAY] [Main ] [titlemanager] Installed titles:
[2023-11-10 20:22:56.454] [DISPLAY] [Main ] [titlemanager]  Title                             Progress               Version              Location                                                    
[2023-11-10 20:22:56.464] [DISPLAY] [Main ] [svc] Service version: 1.0.80.1666 (1.0.80.1666)
[2023-11-10 20:22:56.563] [DISPLAY] [Main ] [fileutils] Version: 2.2.2.2 | 1.0.80.1666 | FFP
[2023-11-10 20:22:56.580] [DISPLAY] [Workr] [selfupdate] Up-to-date.
[2023-11-10 20:22:56.803] [DISPLAY] [Main ] [systemtray] System tray: enabled
[2023-11-10 20:22:56.978] [DISPLAY] [bgsvc] [svc] Received response from service.
[2023-11-10 20:22:57.012] [DISPLAY] [Workr] [idownloader] Starting download of 'https://gamedownloads-rockstargames-com.akamaized.net/public/launcher_online_config.xml'
[2023-11-10 20:22:57.171] [DISPLAY] [Workr] [idownloader] Completed download of 'https://gamedownloads-rockstargames-com.akamaized.net/public/launcher_online_config.xml' (status: 0/200)
[2023-11-10 20:22:57.171] [DISPLAY] [Workr] [titlemanager] Downloading title list...
[2023-11-10 20:22:57.171] [DISPLAY] [Workr] [titlemanager] Skipping title metadata download as it is available and less old (28 minutes) than the refresh delay (60 minutes).
[2023-11-10 20:22:57.171] [DISPLAY] [Workr] [titlemanager] Downloading default title list (SCS)...
[2023-11-10 20:22:57.171] [DISPLAY] [Workr] [idownloader] Starting download of 'https://rgl-prod.ros.rockstargames.com/launcher/11/LauncherServices/App.asmx/GetDefaultApps?accessToken='
[2023-11-10 20:22:57.732] [DISPLAY] [Workr] [idownloader] Completed download of 'https://rgl-prod.ros.rockstargames.com/launcher/11/LauncherServices/App.asmx/GetDefaultApps?accessToken=' (status: 0/200)
[2023-11-10 20:22:57.732] [DISPLAY] [Workr] [titlemanager] Title list updated.
[2023-11-10 20:22:57.732] [DISPLAY] [Workr] [launcher] Checking for self-update...
[2023-11-10 20:22:57.740] [DISPLAY] [Workr] [statuschecker] Title Rockstar Games Launcher: No update
[2023-11-10 20:22:57.741] [DISPLAY] [Workr] [launcher] No self-update, continuing.
[2023-11-10 20:22:57.741] [DISPLAY] [Workr] [launcher] Checking for prerequisite updates...
[2023-11-10 20:22:57.745] [DISPLAY] [Workr] [preqmanager] The Social Club version available matches that currently installed (both: 2.2.2.2)
[2023-11-10 20:22:57.745] [DISPLAY] [Workr] [titleupdater] No prerequisites to install.
[2023-11-10 20:22:59.325] [DISPLAY] [Main ] [launcher] Social Club UI has started.
[2023-11-10 20:22:59.326] [DISPLAY] [Main ] [external] Notifying Social Club UI about external launch...
[2023-11-10 20:22:59.326] [DISPLAY] [Admin] [external] Setting up Steam title...
[2023-11-10 20:22:59.326] [DISPLAY] [Admin] [titlemanager] Skipping title metadata download as it is available and less old (28 minutes) than the refresh delay (60 minutes).
[2023-11-10 20:22:59.326] [DISPLAY] [Admin] [external] Ready to attempt a launch.
[2023-11-10 20:23:01.366] [DISPLAY] [Main ] [launcher] Presence Event - Signed In
[2023-11-10 20:23:01.366] [DISPLAY] [Main ] [launcher] User 'Tikithegreat' is now signed in
[2023-11-10 20:23:01.413] [DISPLAY] [Main ] [launcher] Presence Event :: Went Online
[2023-11-10 20:23:01.413] [DISPLAY] [Main ] [external] Preparing to update/launch...
[2023-11-10 20:23:01.413] [DISPLAY] [Admin] [titlemanager] Downloading title list...
[2023-11-10 20:23:01.413] [DISPLAY] [Admin] [titlemanager] Skipping title metadata download as it is available and less old (28 minutes) than the refresh delay (60 minutes).
[2023-11-10 20:23:01.413] [DISPLAY] [Admin] [titlemanager] Downloading title list (SCS)...
[2023-11-10 20:23:01.413] [DISPLAY] [Main ] [launcher] Time to start up: 5219 ms
[2023-11-10 20:23:01.421] [DISPLAY] [Main ] [ui_mainwindow] Using DPI 96,96
[2023-11-10 20:23:01.421] [DISPLAY] [Main ] [ui_mainwindow] Using UI Scale: 1.00
[2023-11-10 20:23:01.422] [DISPLAY] [Main ] [ui_mainwindow] Using saved geometry: 320,216 (1280 x 600)
[2023-11-10 20:23:01.464] [DISPLAY] [Main ] [systemtray] System tray: enabled
[2023-11-10 20:23:01.476] [DISPLAY] [Main ] [scuicallbacks] Enabling Downloading
[2023-11-10 20:23:01.577] [DISPLAY] [Main ] [launcher] Friend Event - Friends are Available
[2023-11-10 20:23:01.926] [DISPLAY] [Main ] [scuicallbacks] Setting updated
[2023-11-10 20:23:01.926] [DISPLAY] [Main ] [scuicallbacks] Launch requested
[2023-11-10 20:23:01.926] [DISPLAY] [Main ] [scuicallbacks] Launch requested by user: gta5, 
[2023-11-10 20:23:01.926] [DISPLAY] [Main ] [external] Attempting external title launch...
[2023-11-10 20:23:02.161] [DISPLAY] [Admin] [titlemanager] Title list updated.
[2023-11-10 20:23:02.164] [DISPLAY] [Admin] [external] Ready to attempt a launch.
[2023-11-10 20:23:02.164] [DISPLAY] [Admin] [external] Attempting Steam launch. User is 'tiki_thegreat'
[2023-11-10 20:23:05.180] [DISPLAY] [10060] [gamelaunch] RGL is up to date (current: 1.0.80.1666, minimum: 1.0.33.319)
[2023-11-10 20:23:05.181] [DISPLAY] [10060] [gamelaunch] Grand Theft Auto V is up to date (current: 1.0.3028.0, minimum: 1.0.2060.0)
[2023-11-10 20:23:07.773] [DISPLAY] [Main ] [cloudsaveop] Cloud Save sync requested for title 'gta5'
[2023-11-10 20:23:07.790] [DISPLAY] [Main ] [cloudsaveop] Starting cloud save enabled check for title 'gta5'
[2023-11-10 20:23:07.793] [DISPLAY] [Main ] [cloudsaveop] Received cloud saves enabled state for title 'gta5' = enabled
[2023-11-10 20:23:07.793] [DISPLAY] [Main ] [cloudsaveop] Identifying potential cloud save conflicts for title 'gta5'
[2023-11-10 20:23:08.301] [DISPLAY] [Main ] [cloudsaveop] Received modification list of cloud save files for title 'gta5'
[2023-11-10 20:23:08.301] [DISPLAY] [Main ] [cloudsaveop] Retrieving conflict metadata for title 'gta5'
[2023-11-10 20:23:08.318] [DISPLAY] [Main ] [cloudsaveop] Downloaded conflict metadata for title 'gta5'
[2023-11-10 20:23:08.318] [DISPLAY] [Main ] [cloudsaveop] Posting updated files for title 'gta5'
[2023-11-10 20:23:08.334] [DISPLAY] [Main ] [cloudsaveop] File uploading completed for title 'gta5'
[2023-11-10 20:23:08.334] [DISPLAY] [Main ] [cloudsaveop] Getting update files for title 'gta5'
[2023-11-10 20:23:08.351] [DISPLAY] [Main ] [cloudsaveop] File downloading completed for title 'gta5'
[2023-11-10 20:23:08.351] [DISPLAY] [Main ] [cloudsaveop] Deleting updated files for title 'gta5'
[2023-11-10 20:23:08.367] [DISPLAY] [Main ] [cloudsaveop] Files deletion completed for title 'gta5'
[2023-11-10 20:23:08.367] [DISPLAY] [Main ] [cloudsaveop] Swapping updated files in place for title 'gta5'
[2023-11-10 20:23:08.385] [DISPLAY] [Main ] [cloudsaveop] Finished syncing cloud saves for title 'gta5'
[2023-11-10 20:23:08.429] [DISPLAY] [net3 ] [audio] Valid Audio Device: true
[2023-11-10 20:23:09.295] [DISPLAY] [10060] [gamelaunch] Launching game...
[2023-11-10 20:23:09.295] [DISPLAY] [10060] [gamelaunch]  Path: D:\SteamLibrary\steamapps\common\Grand Theft Auto V\GTA5.exe
[2023-11-10 20:23:09.295] [DISPLAY] [10060] [gamelaunch]  Command Line: "D:\SteamLibrary\steamapps\common\Grand Theft Auto V\GTA5.exe" -skipPatcherCheck -StraightIntoFreemode @args.txt @commandline.txt -enableCrashpad -useSteam -steamAppId=271590 -scCommerceProvider=4
[2023-11-10 20:23:09.295] [DISPLAY] [10060] [gamelaunch]  Working Directory: D:\SteamLibrary\steamapps\common\Grand Theft Auto V
[2023-11-10 21:22:57.303] [DISPLAY] [Admin] [idownloader] Starting download of 'https://gamedownloads-rockstargames-com.akamaized.net/public/launcher_online_config.xml'
[2023-11-10 21:22:57.891] [DISPLAY] [Admin] [idownloader] Completed download of 'https://gamedownloads-rockstargames-com.akamaized.net/public/launcher_online_config.xml' (status: 0/200)
[2023-11-10 22:22:57.961] [DISPLAY] [Admin] [idownloader] Starting download of 'https://gamedownloads-rockstargames-com.akamaized.net/public/launcher_online_config.xml'
[2023-11-10 22:22:58.533] [DISPLAY] [Admin] [idownloader] Completed download of 'https://gamedownloads-rockstargames-com.akamaized.net/public/launcher_online_config.xml' (status: 0/200)
[2023-11-10 23:22:58.630] [DISPLAY] [Admin] [idownloader] Starting download of 'https://gamedownloads-rockstargames-com.akamaized.net/public/launcher_online_config.xml'
[2023-11-10 23:22:59.413] [DISPLAY] [Admin] [idownloader] Completed download of 'https://gamedownloads-rockstargames-com.akamaized.net/public/launcher_online_config.xml' (status: 0/200)
[2023-11-10 23:46:18.109] [DISPLAY] [10060] [gamelaunch] Game exited with code 0x0 (0)
[2023-11-10 23:46:18.109] [DISPLAY] [10060] [crashdetection] Game left no exit file.
[2023-11-10 23:46:18.109] [DISPLAY] [10060] [crashdetection] Exit code 0x0 indicates a clean game shutdown
[2023-11-10 23:46:18.145] [DISPLAY] [Main ] [cloudsaveop] Cloud Save sync requested for title 'gta5'
[2023-11-10 23:46:18.184] [DISPLAY] [Main ] [cloudsaveop] Starting cloud save enabled check for title 'gta5'
[2023-11-10 23:46:18.187] [DISPLAY] [Main ] [cloudsaveop] Received cloud saves enabled state for title 'gta5' = enabled
[2023-11-10 23:46:18.187] [DISPLAY] [Main ] [cloudsaveop] Title access token was missing or expired, refreshing access for title 'gta5'
[2023-11-10 23:46:18.188] [DISPLAY] [Main ] [cloudsaveop] Retrieving access token for title 'gta5' (11)
[2023-11-10 23:46:18.833] [DISPLAY] [Main ] [cloudsaveop] Identifying potential cloud save conflicts for title 'gta5'
[2023-11-10 23:46:19.330] [DISPLAY] [Main ] [cloudsaveop] Received modification list of cloud save files for title 'gta5'
[2023-11-10 23:46:19.330] [DISPLAY] [Main ] [cloudsaveop] Retrieving conflict metadata for title 'gta5'
[2023-11-10 23:46:19.346] [DISPLAY] [Main ] [cloudsaveop] Downloaded conflict metadata for title 'gta5'
[2023-11-10 23:46:19.346] [DISPLAY] [Main ] [cloudsaveop] Posting updated files for title 'gta5'
[2023-11-10 23:46:19.363] [DISPLAY] [Main ] [cloudsaveop] File uploading completed for title 'gta5'
[2023-11-10 23:46:19.363] [DISPLAY] [Main ] [cloudsaveop] Getting update files for title 'gta5'
[2023-11-10 23:46:19.379] [DISPLAY] [Main ] [cloudsaveop] File downloading completed for title 'gta5'
[2023-11-10 23:46:19.379] [DISPLAY] [Main ] [cloudsaveop] Deleting updated files for title 'gta5'
[2023-11-10 23:46:19.396] [DISPLAY] [Main ] [cloudsaveop] Files deletion completed for title 'gta5'
[2023-11-10 23:46:19.396] [DISPLAY] [Main ] [cloudsaveop] Swapping updated files in place for title 'gta5'
[2023-11-10 23:46:19.413] [DISPLAY] [Main ] [cloudsaveop] Finished syncing cloud saves for title 'gta5'
[2023-11-10 23:46:20.058] [DISPLAY] [10060] [launcher] Shutdown requested! Forced: false
[2023-11-10 23:46:20.061] [DISPLAY] [Main ] [launcher] StartShutdown - Now in progress
[2023-11-10 23:46:20.823] [DISPLAY] [Main ] [app] Application quit requested (exit code: 0)
[2023-11-10 23:46:20.959] [DISPLAY] [Main ] [svc] Stopping the background service.
