[2023-11-12 15:51:43.790] [DISPLAY] [Main ] [sysinfo] OS Version: Major: 10 Minor: 0 Build: 22621 Service Pack: 
[2023-11-12 15:51:43.802] [DISPLAY] [Main ] [sysinfo] OS Version: Major: 10 Minor: 0 Build: 22621 Service Pack: 
[2023-11-12 15:51:43.828] [DISPLAY] [Main ] [main] Working directory: D:\Launcher
[2023-11-12 15:51:43.867] [DISPLAY] [Main ] [minmode] Running in Steam mode
[2023-11-12 15:51:43.867] [DISPLAY] [Main ] [minmode] Steam App Id: 271590
[2023-11-12 15:51:43.867] [DISPLAY] [Main ] [minmode] Title Id: gta5
[2023-11-12 15:51:43.867] [DISPLAY] [Main ] [minmode] Location: D:\SteamLibrary\steamapps\common\Grand Theft Auto V
[2023-11-12 15:51:43.868] [DISPLAY] [Main ] [launcher] Opening log file.
[2023-11-12 15:51:43.873] [DISPLAY] [Main ] [main] Command line: D:\Launcher\Launcher.exe -skipPatcherCheck -steamAppId=271590 -StraightIntoFreemode @args.txt
[2023-11-12 15:51:43.873] [DISPLAY] [Main ] [main] Build type: FMB
[2023-11-12 15:51:43.873] [DISPLAY] [Main ] [main] Version: 1.0.80.1666
[2023-11-12 15:51:43.873] [DISPLAY] [Main ] [main] Parameters:
[2023-11-12 15:51:43.873] [DISPLAY] [Main ] [main]     D:\Launcher\Launcher.exe
[2023-11-12 15:51:43.873] [DISPLAY] [Main ] [main]     -skipPatcherCheck
[2023-11-12 15:51:43.873] [DISPLAY] [Main ] [main]     -steamAppId=271590
[2023-11-12 15:51:43.873] [DISPLAY] [Main ] [main]     -StraightIntoFreemode
[2023-11-12 15:51:43.873] [DISPLAY] [Main ] [main]     @args.txt
[2023-11-12 15:51:43.900] [DISPLAY] [Main ] [titlemanager] Installed titles:
[2023-11-12 15:51:43.900] [DISPLAY] [Main ] [titlemanager]  Title                             Progress               Version              Location                                                    
[2023-11-12 15:51:43.913] [DISPLAY] [Main ] [svc] Service version: 1.0.80.1666 (1.0.80.1666)
[2023-11-12 15:51:44.023] [DISPLAY] [Main ] [fileutils] Version: 2.2.2.2 | 1.0.80.1666 | FFP
[2023-11-12 15:51:44.065] [DISPLAY] [Workr] [selfupdate] Up-to-date.
[2023-11-12 15:51:44.281] [DISPLAY] [Main ] [systemtray] System tray: enabled
[2023-11-12 15:51:44.863] [WARNING] [Main ] [svc] Handshake with service timed out. Setting message protocol to version 0.
[2023-11-12 15:51:45.301] [DISPLAY] [bgsvc] [svc] Received response from service.
[2023-11-12 15:51:45.313] [DISPLAY] [Workr] [idownloader] Starting download of 'https://gamedownloads-rockstargames-com.akamaized.net/public/launcher_online_config.xml'
[2023-11-12 15:51:45.451] [DISPLAY] [Workr] [idownloader] Completed download of 'https://gamedownloads-rockstargames-com.akamaized.net/public/launcher_online_config.xml' (status: 0/200)
[2023-11-12 15:51:45.451] [DISPLAY] [Workr] [titlemanager] Downloading title list...
[2023-11-12 15:51:45.462] [DISPLAY] [Workr] [idownloader] Starting download of 'https://gamedownloads-rockstargames-com.akamaized.net/public/title_metadata.json'
[2023-11-12 15:51:45.562] [DISPLAY] [Workr] [idownloader] Completed download of 'https://gamedownloads-rockstargames-com.akamaized.net/public/title_metadata.json' (status: 0/200)
[2023-11-12 15:51:45.678] [DISPLAY] [Workr] [titlemanager] Downloading default title list (SCS)...
[2023-11-12 15:51:45.678] [DISPLAY] [Workr] [idownloader] Starting download of 'https://rgl-prod.ros.rockstargames.com/launcher/11/LauncherServices/App.asmx/GetDefaultApps?accessToken='
[2023-11-12 15:51:46.235] [DISPLAY] [Workr] [idownloader] Completed download of 'https://rgl-prod.ros.rockstargames.com/launcher/11/LauncherServices/App.asmx/GetDefaultApps?accessToken=' (status: 0/200)
[2023-11-12 15:51:46.235] [DISPLAY] [Workr] [titlemanager] Title list updated.
[2023-11-12 15:51:46.235] [DISPLAY] [Workr] [launcher] Checking for self-update...
[2023-11-12 15:51:46.244] [DISPLAY] [Workr] [statuschecker] Title Rockstar Games Launcher: No update
[2023-11-12 15:51:46.245] [DISPLAY] [Workr] [launcher] No self-update, continuing.
[2023-11-12 15:51:46.245] [DISPLAY] [Workr] [launcher] Checking for prerequisite updates...
[2023-11-12 15:51:46.249] [DISPLAY] [Workr] [preqmanager] The Social Club version available matches that currently installed (both: 2.2.2.2)
[2023-11-12 15:51:46.249] [DISPLAY] [Workr] [titleupdater] No prerequisites to install.
[2023-11-12 15:51:48.324] [DISPLAY] [Main ] [launcher] Social Club UI has started.
[2023-11-12 15:51:48.325] [DISPLAY] [Main ] [external] Notifying Social Club UI about external launch...
[2023-11-12 15:51:48.325] [DISPLAY] [Admin] [external] Setting up Steam title...
[2023-11-12 15:51:48.325] [DISPLAY] [Admin] [titlemanager] Skipping title metadata download as it is available and less old (0 minutes) than the refresh delay (60 minutes).
[2023-11-12 15:51:48.325] [DISPLAY] [Admin] [external] Ready to attempt a launch.
[2023-11-12 15:51:50.967] [DISPLAY] [Main ] [launcher] Presence Event - Signed In
[2023-11-12 15:51:50.967] [DISPLAY] [Main ] [launcher] User 'Tikithegreat' is now signed in
[2023-11-12 15:51:51.011] [DISPLAY] [Main ] [launcher] Presence Event :: Went Online
[2023-11-12 15:51:51.011] [DISPLAY] [Main ] [external] Preparing to update/launch...
[2023-11-12 15:51:51.011] [DISPLAY] [Admin] [titlemanager] Downloading title list...
[2023-11-12 15:51:51.012] [DISPLAY] [Admin] [titlemanager] Skipping title metadata download as it is available and less old (0 minutes) than the refresh delay (60 minutes).
[2023-11-12 15:51:51.012] [DISPLAY] [Admin] [titlemanager] Downloading title list (SCS)...
[2023-11-12 15:51:51.012] [DISPLAY] [Main ] [launcher] Time to start up: 7453 ms
[2023-11-12 15:51:51.021] [DISPLAY] [Main ] [ui_mainwindow] Using DPI 96,96
[2023-11-12 15:51:51.021] [DISPLAY] [Main ] [ui_mainwindow] Using UI Scale: 1.00
[2023-11-12 15:51:51.022] [DISPLAY] [Main ] [ui_mainwindow] Using saved geometry: 320,216 (1280 x 600)
[2023-11-12 15:51:51.037] [DISPLAY] [Main ] [systemtray] System tray: enabled
[2023-11-12 15:51:51.048] [DISPLAY] [Main ] [scuicallbacks] Enabling Downloading
[2023-11-12 15:51:51.148] [DISPLAY] [Main ] [launcher] Friend Event - Friends are Available
[2023-11-12 15:51:51.529] [DISPLAY] [Main ] [scuicallbacks] Setting updated
[2023-11-12 15:51:51.529] [DISPLAY] [Main ] [scuicallbacks] Launch requested
[2023-11-12 15:51:51.529] [DISPLAY] [Main ] [scuicallbacks] Launch requested by user: gta5, 
[2023-11-12 15:51:51.529] [DISPLAY] [Main ] [external] Attempting external title launch...
[2023-11-12 15:51:51.757] [DISPLAY] [Admin] [titlemanager] Title list updated.
[2023-11-12 15:51:51.758] [DISPLAY] [Admin] [external] Ready to attempt a launch.
[2023-11-12 15:51:51.758] [DISPLAY] [Admin] [external] Attempting Steam launch. User is 'tiki_thegreat'
[2023-11-12 15:51:54.894] [DISPLAY] [51636] [gamelaunch] RGL is up to date (current: 1.0.80.1666, minimum: 1.0.33.319)
[2023-11-12 15:51:54.895] [DISPLAY] [51636] [gamelaunch] Grand Theft Auto V is up to date (current: 1.0.3028.0, minimum: 1.0.2060.0)
[2023-11-12 15:51:58.763] [DISPLAY] [Main ] [cloudsaveop] Cloud Save sync requested for title 'gta5'
[2023-11-12 15:51:58.779] [DISPLAY] [Main ] [cloudsaveop] Starting cloud save enabled check for title 'gta5'
[2023-11-12 15:51:58.787] [DISPLAY] [Main ] [cloudsaveop] Received cloud saves enabled state for title 'gta5' = enabled
[2023-11-12 15:51:58.787] [DISPLAY] [Main ] [cloudsaveop] Identifying potential cloud save conflicts for title 'gta5'
[2023-11-12 15:51:59.308] [DISPLAY] [Main ] [cloudsaveop] Received modification list of cloud save files for title 'gta5'
[2023-11-12 15:51:59.308] [DISPLAY] [Main ] [cloudsaveop] Retrieving conflict metadata for title 'gta5'
[2023-11-12 15:51:59.325] [DISPLAY] [Main ] [cloudsaveop] Downloaded conflict metadata for title 'gta5'
[2023-11-12 15:51:59.325] [DISPLAY] [Main ] [cloudsaveop] Posting updated files for title 'gta5'
[2023-11-12 15:51:59.341] [DISPLAY] [Main ] [cloudsaveop] File uploading completed for title 'gta5'
[2023-11-12 15:51:59.341] [DISPLAY] [Main ] [cloudsaveop] Getting update files for title 'gta5'
[2023-11-12 15:51:59.358] [DISPLAY] [Main ] [cloudsaveop] File downloading completed for title 'gta5'
[2023-11-12 15:51:59.358] [DISPLAY] [Main ] [cloudsaveop] Deleting updated files for title 'gta5'
[2023-11-12 15:51:59.374] [DISPLAY] [Main ] [cloudsaveop] Files deletion completed for title 'gta5'
[2023-11-12 15:51:59.374] [DISPLAY] [Main ] [cloudsaveop] Swapping updated files in place for title 'gta5'
[2023-11-12 15:51:59.392] [DISPLAY] [Main ] [cloudsaveop] Finished syncing cloud saves for title 'gta5'
[2023-11-12 15:51:59.434] [DISPLAY] [net2 ] [audio] Valid Audio Device: true
[2023-11-12 15:52:00.303] [DISPLAY] [51636] [gamelaunch] Launching game...
[2023-11-12 15:52:00.303] [DISPLAY] [51636] [gamelaunch]  Path: D:\SteamLibrary\steamapps\common\Grand Theft Auto V\GTA5.exe
[2023-11-12 15:52:00.303] [DISPLAY] [51636] [gamelaunch]  Command Line: "D:\SteamLibrary\steamapps\common\Grand Theft Auto V\GTA5.exe" -skipPatcherCheck -StraightIntoFreemode @args.txt @commandline.txt -enableCrashpad -useSteam -steamAppId=271590 -scCommerceProvider=4
[2023-11-12 15:52:00.303] [DISPLAY] [51636] [gamelaunch]  Working Directory: D:\SteamLibrary\steamapps\common\Grand Theft Auto V
[2023-11-12 15:55:51.153] [DISPLAY] [Main ] [sysinfo] OS Version: Major: 10 Minor: 0 Build: 22621 Service Pack: 
[2023-11-12 15:55:51.158] [DISPLAY] [Main ] [sysinfo] Drive C:\ has 854.20 GB free, 1.82 TB total
[2023-11-12 15:55:51.158] [DISPLAY] [Main ] [sysinfo] Drive D:\ has 102.68 GB free, 1.82 TB total
[2023-11-12 15:55:51.229] [DISPLAY] [Main ] [sysinfo] OS Version: Major: 10 Minor: 0 Build: 22621 Service Pack: 
[2023-11-12 15:55:51.233] [DISPLAY] [Main ] [sysinfo] OS Version: Major: 10 Minor: 0 Build: 22621 Service Pack: 
[2023-11-12 15:55:51.239] [DISPLAY] [Main ] [sysinfo] Drive C:\ has 854.20 GB free, 1.82 TB total
[2023-11-12 15:55:51.239] [DISPLAY] [Main ] [sysinfo] Drive D:\ has 102.68 GB free, 1.82 TB total
[2023-11-12 15:55:51.255] [DISPLAY] [Main ] [sysinfo] OS Version: Major: 10 Minor: 0 Build: 22621 Service Pack: 
[2023-11-12 16:51:45.507] [DISPLAY] [Admin] [idownloader] Starting download of 'https://gamedownloads-rockstargames-com.akamaized.net/public/launcher_online_config.xml'
[2023-11-12 16:51:46.220] [DISPLAY] [Admin] [idownloader] Completed download of 'https://gamedownloads-rockstargames-com.akamaized.net/public/launcher_online_config.xml' (status: 0/200)
[2023-11-12 16:57:36.755] [DISPLAY] [51636] [gamelaunch] Game exited with code 0x0 (0)
[2023-11-12 16:57:36.755] [DISPLAY] [51636] [crashdetection] Game left no exit file.
[2023-11-12 16:57:36.755] [DISPLAY] [51636] [crashdetection] Exit code 0x0 indicates a clean game shutdown
[2023-11-12 16:57:36.757] [DISPLAY] [Main ] [cloudsaveop] Cloud Save sync requested for title 'gta5'
[2023-11-12 16:57:36.774] [DISPLAY] [Main ] [cloudsaveop] Starting cloud save enabled check for title 'gta5'
[2023-11-12 16:57:36.775] [DISPLAY] [Main ] [cloudsaveop] Received cloud saves enabled state for title 'gta5' = enabled
[2023-11-12 16:57:36.775] [DISPLAY] [Main ] [cloudsaveop] Title access token was missing or expired, refreshing access for title 'gta5'
[2023-11-12 16:57:36.775] [DISPLAY] [Main ] [cloudsaveop] Retrieving access token for title 'gta5' (11)
[2023-11-12 16:57:37.406] [DISPLAY] [Main ] [cloudsaveop] Identifying potential cloud save conflicts for title 'gta5'
[2023-11-12 16:57:37.906] [DISPLAY] [Main ] [cloudsaveop] Received modification list of cloud save files for title 'gta5'
[2023-11-12 16:57:37.906] [DISPLAY] [Main ] [cloudsaveop] Retrieving conflict metadata for title 'gta5'
[2023-11-12 16:57:37.922] [DISPLAY] [Main ] [cloudsaveop] Downloaded conflict metadata for title 'gta5'
[2023-11-12 16:57:37.922] [DISPLAY] [Main ] [cloudsaveop] Posting updated files for title 'gta5'
[2023-11-12 16:57:37.939] [DISPLAY] [Main ] [cloudsaveop] File uploading completed for title 'gta5'
[2023-11-12 16:57:37.939] [DISPLAY] [Main ] [cloudsaveop] Getting update files for title 'gta5'
[2023-11-12 16:57:37.955] [DISPLAY] [Main ] [cloudsaveop] File downloading completed for title 'gta5'
[2023-11-12 16:57:37.955] [DISPLAY] [Main ] [cloudsaveop] Deleting updated files for title 'gta5'
[2023-11-12 16:57:37.972] [DISPLAY] [Main ] [cloudsaveop] Files deletion completed for title 'gta5'
[2023-11-12 16:57:37.972] [DISPLAY] [Main ] [cloudsaveop] Swapping updated files in place for title 'gta5'
[2023-11-12 16:57:37.989] [DISPLAY] [Main ] [cloudsaveop] Finished syncing cloud saves for title 'gta5'
[2023-11-12 16:57:38.605] [DISPLAY] [51636] [launcher] Shutdown requested! Forced: false
[2023-11-12 16:57:38.609] [DISPLAY] [Main ] [launcher] StartShutdown - Now in progress
[2023-11-12 16:57:39.549] [DISPLAY] [Main ] [app] Application quit requested (exit code: 0)
[2023-11-12 16:57:39.582] [DISPLAY] [Main ] [svc] Stopping the background service.
