[2023-11-10 20:14:07.081] [DISPLAY] [Main ] [sysinfo] OS Version: Major: 10 Minor: 0 Build: 22621 Service Pack: 
[2023-11-10 20:14:07.089] [DISPLAY] [Main ] [sysinfo] OS Version: Major: 10 Minor: 0 Build: 22621 Service Pack: 
[2023-11-10 20:14:07.114] [DISPLAY] [Main ] [main] Working directory: D:\Launcher
[2023-11-10 20:14:07.148] [DISPLAY] [Main ] [minmode] Running in Steam mode
[2023-11-10 20:14:07.148] [DISPLAY] [Main ] [minmode] Steam App Id: 271590
[2023-11-10 20:14:07.148] [DISPLAY] [Main ] [minmode] Title Id: gta5
[2023-11-10 20:14:07.148] [DISPLAY] [Main ] [minmode] Location: D:\SteamLibrary\steamapps\common\Grand Theft Auto V
[2023-11-10 20:14:07.149] [DISPLAY] [Main ] [launcher] Opening log file.
[2023-11-10 20:14:07.155] [DISPLAY] [Main ] [main] Command line: D:\Launcher\Launcher.exe -skipPatcherCheck -steamAppId=271590 -StraightIntoFreemode @args.txt
[2023-11-10 20:14:07.155] [DISPLAY] [Main ] [main] Build type: FMB
[2023-11-10 20:14:07.155] [DISPLAY] [Main ] [main] Version: 1.0.80.1666
[2023-11-10 20:14:07.155] [DISPLAY] [Main ] [main] Parameters:
[2023-11-10 20:14:07.155] [DISPLAY] [Main ] [main]     D:\Launcher\Launcher.exe
[2023-11-10 20:14:07.155] [DISPLAY] [Main ] [main]     -skipPatcherCheck
[2023-11-10 20:14:07.155] [DISPLAY] [Main ] [main]     -steamAppId=271590
[2023-11-10 20:14:07.155] [DISPLAY] [Main ] [main]     -StraightIntoFreemode
[2023-11-10 20:14:07.155] [DISPLAY] [Main ] [main]     @args.txt
[2023-11-10 20:14:07.178] [DISPLAY] [Main ] [titlemanager] Installed titles:
[2023-11-10 20:14:07.178] [DISPLAY] [Main ] [titlemanager]  Title                             Progress               Version              Location                                                    
[2023-11-10 20:14:07.184] [DISPLAY] [Main ] [svc] Service version: 1.0.80.1666 (1.0.80.1666)
[2023-11-10 20:14:07.340] [DISPLAY] [Main ] [fileutils] Version: 2.2.2.2 | 1.0.80.1666 | FFP
[2023-11-10 20:14:07.406] [DISPLAY] [Workr] [selfupdate] Up-to-date.
[2023-11-10 20:14:07.647] [DISPLAY] [Main ] [systemtray] System tray: enabled
[2023-11-10 20:14:07.906] [WARNING] [Main ] [svc] Handshake with service timed out. Setting message protocol to version 0.
[2023-11-10 20:14:07.907] [DISPLAY] [bgsvc] [svc] Received response from service.
[2023-11-10 20:14:07.956] [DISPLAY] [Workr] [idownloader] Starting download of 'https://gamedownloads-rockstargames-com.akamaized.net/public/launcher_online_config.xml'
[2023-11-10 20:14:08.102] [DISPLAY] [Workr] [idownloader] Completed download of 'https://gamedownloads-rockstargames-com.akamaized.net/public/launcher_online_config.xml' (status: 0/200)
[2023-11-10 20:14:08.102] [DISPLAY] [Workr] [titlemanager] Downloading title list...
[2023-11-10 20:14:08.102] [DISPLAY] [Workr] [titlemanager] Skipping title metadata download as it is available and less old (19 minutes) than the refresh delay (60 minutes).
[2023-11-10 20:14:08.102] [DISPLAY] [Workr] [titlemanager] Downloading default title list (SCS)...
[2023-11-10 20:14:08.102] [DISPLAY] [Workr] [idownloader] Starting download of 'https://rgl-prod.ros.rockstargames.com/launcher/11/LauncherServices/App.asmx/GetDefaultApps?accessToken='
[2023-11-10 20:14:08.665] [DISPLAY] [Workr] [idownloader] Completed download of 'https://rgl-prod.ros.rockstargames.com/launcher/11/LauncherServices/App.asmx/GetDefaultApps?accessToken=' (status: 0/200)
[2023-11-10 20:14:08.665] [DISPLAY] [Workr] [titlemanager] Title list updated.
[2023-11-10 20:14:08.665] [DISPLAY] [Workr] [launcher] Checking for self-update...
[2023-11-10 20:14:08.673] [DISPLAY] [Workr] [statuschecker] Title Rockstar Games Launcher: No update
[2023-11-10 20:14:08.674] [DISPLAY] [Workr] [launcher] No self-update, continuing.
[2023-11-10 20:14:08.674] [DISPLAY] [Workr] [launcher] Checking for prerequisite updates...
[2023-11-10 20:14:08.676] [DISPLAY] [Workr] [preqmanager] The Social Club version available matches that currently installed (both: 2.2.2.2)
[2023-11-10 20:14:08.676] [DISPLAY] [Workr] [titleupdater] No prerequisites to install.
[2023-11-10 20:14:10.127] [DISPLAY] [Main ] [launcher] Social Club UI has started.
[2023-11-10 20:14:10.128] [DISPLAY] [Main ] [external] Notifying Social Club UI about external launch...
[2023-11-10 20:14:10.128] [DISPLAY] [Admin] [external] Setting up Steam title...
[2023-11-10 20:14:10.128] [DISPLAY] [Admin] [titlemanager] Skipping title metadata download as it is available and less old (19 minutes) than the refresh delay (60 minutes).
[2023-11-10 20:14:10.128] [DISPLAY] [Admin] [external] Ready to attempt a launch.
[2023-11-10 20:14:12.500] [DISPLAY] [Main ] [launcher] Presence Event - Signed In
[2023-11-10 20:14:12.500] [DISPLAY] [Main ] [launcher] User 'Tikithegreat' is now signed in
[2023-11-10 20:14:12.546] [DISPLAY] [Main ] [launcher] Presence Event :: Went Online
[2023-11-10 20:14:12.546] [DISPLAY] [Main ] [external] Preparing to update/launch...
[2023-11-10 20:14:12.546] [DISPLAY] [Admin] [titlemanager] Downloading title list...
[2023-11-10 20:14:12.546] [DISPLAY] [Admin] [titlemanager] Skipping title metadata download as it is available and less old (19 minutes) than the refresh delay (60 minutes).
[2023-11-10 20:14:12.546] [DISPLAY] [Admin] [titlemanager] Downloading title list (SCS)...
[2023-11-10 20:14:12.546] [DISPLAY] [Main ] [launcher] Time to start up: 5659 ms
[2023-11-10 20:14:12.550] [DISPLAY] [Main ] [ui_mainwindow] Using DPI 96,96
[2023-11-10 20:14:12.550] [DISPLAY] [Main ] [ui_mainwindow] Using UI Scale: 1.00
[2023-11-10 20:14:12.551] [DISPLAY] [Main ] [ui_mainwindow] Using saved geometry: 320,216 (1280 x 600)
[2023-11-10 20:14:12.566] [DISPLAY] [Main ] [systemtray] System tray: enabled
[2023-11-10 20:14:12.578] [DISPLAY] [Main ] [scuicallbacks] Enabling Downloading
[2023-11-10 20:14:12.680] [DISPLAY] [Main ] [launcher] Friend Event - Friends are Available
[2023-11-10 20:14:13.059] [DISPLAY] [Main ] [scuicallbacks] Setting updated
[2023-11-10 20:14:13.059] [DISPLAY] [Main ] [scuicallbacks] Launch requested
[2023-11-10 20:14:13.059] [DISPLAY] [Main ] [scuicallbacks] Launch requested by user: gta5, 
[2023-11-10 20:14:13.059] [DISPLAY] [Main ] [external] Attempting external title launch...
[2023-11-10 20:14:13.246] [DISPLAY] [Admin] [titlemanager] Title list updated.
[2023-11-10 20:14:13.247] [DISPLAY] [Admin] [external] Ready to attempt a launch.
[2023-11-10 20:14:13.247] [DISPLAY] [Admin] [external] Attempting Steam launch. User is 'tiki_thegreat'
[2023-11-10 20:14:16.272] [DISPLAY] [39664] [gamelaunch] RGL is up to date (current: 1.0.80.1666, minimum: 1.0.33.319)
[2023-11-10 20:14:16.273] [DISPLAY] [39664] [gamelaunch] Grand Theft Auto V is up to date (current: 1.0.3028.0, minimum: 1.0.2060.0)
[2023-11-10 20:14:19.876] [DISPLAY] [Main ] [cloudsaveop] Cloud Save sync requested for title 'gta5'
[2023-11-10 20:14:19.893] [DISPLAY] [Main ] [cloudsaveop] Starting cloud save enabled check for title 'gta5'
[2023-11-10 20:14:19.894] [DISPLAY] [Main ] [cloudsaveop] Received cloud saves enabled state for title 'gta5' = enabled
[2023-11-10 20:14:19.894] [DISPLAY] [Main ] [cloudsaveop] Identifying potential cloud save conflicts for title 'gta5'
[2023-11-10 20:14:20.408] [DISPLAY] [Main ] [cloudsaveop] Received modification list of cloud save files for title 'gta5'
[2023-11-10 20:14:20.408] [DISPLAY] [Main ] [cloudsaveop] Retrieving conflict metadata for title 'gta5'
[2023-11-10 20:14:20.424] [DISPLAY] [Main ] [cloudsaveop] Downloaded conflict metadata for title 'gta5'
[2023-11-10 20:14:20.424] [DISPLAY] [Main ] [cloudsaveop] Posting updated files for title 'gta5'
[2023-11-10 20:14:20.441] [DISPLAY] [Main ] [cloudsaveop] File uploading completed for title 'gta5'
[2023-11-10 20:14:20.441] [DISPLAY] [Main ] [cloudsaveop] Getting update files for title 'gta5'
[2023-11-10 20:14:20.457] [DISPLAY] [Main ] [cloudsaveop] File downloading completed for title 'gta5'
[2023-11-10 20:14:20.457] [DISPLAY] [Main ] [cloudsaveop] Deleting updated files for title 'gta5'
[2023-11-10 20:14:20.474] [DISPLAY] [Main ] [cloudsaveop] Files deletion completed for title 'gta5'
[2023-11-10 20:14:20.474] [DISPLAY] [Main ] [cloudsaveop] Swapping updated files in place for title 'gta5'
[2023-11-10 20:14:20.491] [DISPLAY] [Main ] [cloudsaveop] Finished syncing cloud saves for title 'gta5'
[2023-11-10 20:14:20.540] [DISPLAY] [net2 ] [audio] Valid Audio Device: true
[2023-11-10 20:14:21.415] [DISPLAY] [39664] [gamelaunch] Launching game...
[2023-11-10 20:14:21.415] [DISPLAY] [39664] [gamelaunch]  Path: D:\SteamLibrary\steamapps\common\Grand Theft Auto V\GTA5.exe
[2023-11-10 20:14:21.415] [DISPLAY] [39664] [gamelaunch]  Command Line: "D:\SteamLibrary\steamapps\common\Grand Theft Auto V\GTA5.exe" -skipPatcherCheck -StraightIntoFreemode @args.txt @commandline.txt -enableCrashpad -useSteam -steamAppId=271590 -scCommerceProvider=4
[2023-11-10 20:14:21.415] [DISPLAY] [39664] [gamelaunch]  Working Directory: D:\SteamLibrary\steamapps\common\Grand Theft Auto V
[2023-11-10 20:22:32.618] [DISPLAY] [39664] [gamelaunch] Game exited with code 0xc0000005 (3221225477)
[2023-11-10 20:22:32.618] [DISPLAY] [39664] [crashdetection] Game left no exit file.
[2023-11-10 20:22:32.618] [ ERROR ] [39664] [crashdetection] Exit code 0xc0000005 indicates a fatal game exit (reason: STATUS_ACCESS_VIOLATION)
[2023-11-10 20:22:32.713] [DISPLAY] [Main ] [cloudsaveop] Cloud Save sync requested for title 'gta5'
[2023-11-10 20:22:32.731] [DISPLAY] [Main ] [cloudsaveop] Starting cloud save enabled check for title 'gta5'
[2023-11-10 20:22:32.732] [DISPLAY] [Main ] [cloudsaveop] Received cloud saves enabled state for title 'gta5' = enabled
[2023-11-10 20:22:32.732] [DISPLAY] [Main ] [cloudsaveop] Identifying potential cloud save conflicts for title 'gta5'
[2023-11-10 20:22:33.196] [DISPLAY] [Main ] [cloudsaveop] Received modification list of cloud save files for title 'gta5'
[2023-11-10 20:22:33.196] [DISPLAY] [Main ] [cloudsaveop] Retrieving conflict metadata for title 'gta5'
[2023-11-10 20:22:33.212] [DISPLAY] [Main ] [cloudsaveop] Downloaded conflict metadata for title 'gta5'
[2023-11-10 20:22:33.212] [DISPLAY] [Main ] [cloudsaveop] Posting updated files for title 'gta5'
[2023-11-10 20:22:33.229] [DISPLAY] [Main ] [cloudsaveop] File uploading completed for title 'gta5'
[2023-11-10 20:22:33.229] [DISPLAY] [Main ] [cloudsaveop] Getting update files for title 'gta5'
[2023-11-10 20:22:33.246] [DISPLAY] [Main ] [cloudsaveop] File downloading completed for title 'gta5'
[2023-11-10 20:22:33.246] [DISPLAY] [Main ] [cloudsaveop] Deleting updated files for title 'gta5'
[2023-11-10 20:22:33.262] [DISPLAY] [Main ] [cloudsaveop] Files deletion completed for title 'gta5'
[2023-11-10 20:22:33.262] [DISPLAY] [Main ] [cloudsaveop] Swapping updated files in place for title 'gta5'
[2023-11-10 20:22:33.280] [DISPLAY] [Main ] [cloudsaveop] Finished syncing cloud saves for title 'gta5'
[2023-11-10 20:22:33.907] [DISPLAY] [39664] [launcher] Shutdown requested! Forced: false
[2023-11-10 20:22:33.908] [DISPLAY] [Main ] [launcher] StartShutdown - Now in progress
[2023-11-10 20:22:34.586] [DISPLAY] [Main ] [app] Application quit requested (exit code: 0)
[2023-11-10 20:22:34.638] [DISPLAY] [Main ] [svc] Stopping the background service.
